ARM GAS  C:\Users\ZHANGM~1\AppData\Local\Temp\cceS5h9W.s 			page 1


   1              		.cpu cortex-m0
   2              		.fpu softvfp
   3              		.eabi_attribute 20, 1
   4              		.eabi_attribute 21, 1
   5              		.eabi_attribute 23, 3
   6              		.eabi_attribute 24, 1
   7              		.eabi_attribute 25, 1
   8              		.eabi_attribute 26, 1
   9              		.eabi_attribute 30, 4
  10              		.eabi_attribute 34, 0
  11              		.eabi_attribute 18, 4
  12              		.code	16
  13              		.file	"cyfitter_cfg.c"
  14              		.text
  15              	.Ltext0:
  16              		.cfi_sections	.debug_frame
  17              		.section	.psocinit,"ax",%progbits
  18              		.align	1
  19              		.global	cyfitter_cfg
  20              		.code	16
  21              		.thumb_func
  22              		.type	cyfitter_cfg, %function
  23              	cyfitter_cfg:
  24              	.LFB6:
  25              		.file 1 ".\\Generated_Source\\PSoC4\\cyfitter_cfg.c"
   1:.\Generated_Source\PSoC4/cyfitter_cfg.c **** /*******************************************************************************
   2:.\Generated_Source\PSoC4/cyfitter_cfg.c **** * FILENAME: cyfitter_cfg.c
   3:.\Generated_Source\PSoC4/cyfitter_cfg.c **** * PSoC Creator 3.0 SP2
   4:.\Generated_Source\PSoC4/cyfitter_cfg.c **** *
   5:.\Generated_Source\PSoC4/cyfitter_cfg.c **** * Description:
   6:.\Generated_Source\PSoC4/cyfitter_cfg.c **** * This file is automatically generated by PSoC Creator with device 
   7:.\Generated_Source\PSoC4/cyfitter_cfg.c **** * initialization code.  Except for the user defined sections in
   8:.\Generated_Source\PSoC4/cyfitter_cfg.c **** * CyClockStartupError(), this file should not be modified.
   9:.\Generated_Source\PSoC4/cyfitter_cfg.c **** *
  10:.\Generated_Source\PSoC4/cyfitter_cfg.c **** ********************************************************************************
  11:.\Generated_Source\PSoC4/cyfitter_cfg.c **** * Copyright 2013, Cypress Semiconductor Corporation.  All rights reserved.
  12:.\Generated_Source\PSoC4/cyfitter_cfg.c **** * You may use this file only in accordance with the license, terms, conditions, 
  13:.\Generated_Source\PSoC4/cyfitter_cfg.c **** * disclaimers, and limitations in the end user license agreement accompanying 
  14:.\Generated_Source\PSoC4/cyfitter_cfg.c **** * the software package with which this file was provided.
  15:.\Generated_Source\PSoC4/cyfitter_cfg.c **** ********************************************************************************/
  16:.\Generated_Source\PSoC4/cyfitter_cfg.c **** 
  17:.\Generated_Source\PSoC4/cyfitter_cfg.c **** #include <string.h>
  18:.\Generated_Source\PSoC4/cyfitter_cfg.c **** #include <cytypes.h>
  19:.\Generated_Source\PSoC4/cyfitter_cfg.c **** #include <cydevice_trm.h>
  20:.\Generated_Source\PSoC4/cyfitter_cfg.c **** #include <cyfitter.h>
  21:.\Generated_Source\PSoC4/cyfitter_cfg.c **** #include <CyLib.h>
  22:.\Generated_Source\PSoC4/cyfitter_cfg.c **** #include <cyfitter_cfg.h>
  23:.\Generated_Source\PSoC4/cyfitter_cfg.c **** 
  24:.\Generated_Source\PSoC4/cyfitter_cfg.c **** 
  25:.\Generated_Source\PSoC4/cyfitter_cfg.c **** #if defined(__GNUC__) || defined(__ARMCC_VERSION)
  26:.\Generated_Source\PSoC4/cyfitter_cfg.c ****     #define CYPACKED 
  27:.\Generated_Source\PSoC4/cyfitter_cfg.c ****     #define CYPACKED_ATTR __attribute__ ((packed))
  28:.\Generated_Source\PSoC4/cyfitter_cfg.c ****     #define CYALIGNED __attribute__ ((aligned))
  29:.\Generated_Source\PSoC4/cyfitter_cfg.c ****     #define CY_CFG_UNUSED __attribute__ ((unused))
  30:.\Generated_Source\PSoC4/cyfitter_cfg.c ****     #define CY_CFG_SECTION __attribute__ ((section(".psocinit")))
  31:.\Generated_Source\PSoC4/cyfitter_cfg.c ****     
  32:.\Generated_Source\PSoC4/cyfitter_cfg.c ****     #if defined(__ARMCC_VERSION)
ARM GAS  C:\Users\ZHANGM~1\AppData\Local\Temp\cceS5h9W.s 			page 2


  33:.\Generated_Source\PSoC4/cyfitter_cfg.c ****         #define CY_CFG_MEMORY_BARRIER() __memory_changed()
  34:.\Generated_Source\PSoC4/cyfitter_cfg.c ****     #else
  35:.\Generated_Source\PSoC4/cyfitter_cfg.c ****         #define CY_CFG_MEMORY_BARRIER() __sync_synchronize()
  36:.\Generated_Source\PSoC4/cyfitter_cfg.c ****     #endif
  37:.\Generated_Source\PSoC4/cyfitter_cfg.c ****     
  38:.\Generated_Source\PSoC4/cyfitter_cfg.c **** #elif defined(__ICCARM__)
  39:.\Generated_Source\PSoC4/cyfitter_cfg.c ****     #include <intrinsics.h>
  40:.\Generated_Source\PSoC4/cyfitter_cfg.c **** 
  41:.\Generated_Source\PSoC4/cyfitter_cfg.c ****     #define CYPACKED __packed
  42:.\Generated_Source\PSoC4/cyfitter_cfg.c ****     #define CYPACKED_ATTR 
  43:.\Generated_Source\PSoC4/cyfitter_cfg.c ****     #define CYALIGNED _Pragma("data_alignment=4")
  44:.\Generated_Source\PSoC4/cyfitter_cfg.c ****     #define CY_CFG_UNUSED _Pragma("diag_suppress=Pe177")
  45:.\Generated_Source\PSoC4/cyfitter_cfg.c ****     #define CY_CFG_SECTION _Pragma("location=\".psocinit\"")
  46:.\Generated_Source\PSoC4/cyfitter_cfg.c ****     
  47:.\Generated_Source\PSoC4/cyfitter_cfg.c ****     #define CY_CFG_MEMORY_BARRIER() __DMB()
  48:.\Generated_Source\PSoC4/cyfitter_cfg.c ****     
  49:.\Generated_Source\PSoC4/cyfitter_cfg.c **** #else
  50:.\Generated_Source\PSoC4/cyfitter_cfg.c ****     #error Unsupported toolchain
  51:.\Generated_Source\PSoC4/cyfitter_cfg.c **** #endif
  52:.\Generated_Source\PSoC4/cyfitter_cfg.c **** 
  53:.\Generated_Source\PSoC4/cyfitter_cfg.c **** 
  54:.\Generated_Source\PSoC4/cyfitter_cfg.c **** CY_CFG_UNUSED
  55:.\Generated_Source\PSoC4/cyfitter_cfg.c **** static void CYMEMZERO(void *s, size_t n);
  56:.\Generated_Source\PSoC4/cyfitter_cfg.c **** CY_CFG_UNUSED
  57:.\Generated_Source\PSoC4/cyfitter_cfg.c **** static void CYMEMZERO(void *s, size_t n)
  58:.\Generated_Source\PSoC4/cyfitter_cfg.c **** {
  59:.\Generated_Source\PSoC4/cyfitter_cfg.c **** 	(void)memset(s, 0, n);
  60:.\Generated_Source\PSoC4/cyfitter_cfg.c **** }
  61:.\Generated_Source\PSoC4/cyfitter_cfg.c **** CY_CFG_UNUSED
  62:.\Generated_Source\PSoC4/cyfitter_cfg.c **** static void CYCONFIGCPY(void *dest, const void *src, size_t n);
  63:.\Generated_Source\PSoC4/cyfitter_cfg.c **** CY_CFG_UNUSED
  64:.\Generated_Source\PSoC4/cyfitter_cfg.c **** static void CYCONFIGCPY(void *dest, const void *src, size_t n)
  65:.\Generated_Source\PSoC4/cyfitter_cfg.c **** {
  66:.\Generated_Source\PSoC4/cyfitter_cfg.c **** 	(void)memcpy(dest, src, n);
  67:.\Generated_Source\PSoC4/cyfitter_cfg.c **** }
  68:.\Generated_Source\PSoC4/cyfitter_cfg.c **** CY_CFG_UNUSED
  69:.\Generated_Source\PSoC4/cyfitter_cfg.c **** static void CYCONFIGCPYCODE(void *dest, const void *src, size_t n);
  70:.\Generated_Source\PSoC4/cyfitter_cfg.c **** CY_CFG_UNUSED
  71:.\Generated_Source\PSoC4/cyfitter_cfg.c **** static void CYCONFIGCPYCODE(void *dest, const void *src, size_t n)
  72:.\Generated_Source\PSoC4/cyfitter_cfg.c **** {
  73:.\Generated_Source\PSoC4/cyfitter_cfg.c **** 	(void)memcpy(dest, src, n);
  74:.\Generated_Source\PSoC4/cyfitter_cfg.c **** }
  75:.\Generated_Source\PSoC4/cyfitter_cfg.c **** 
  76:.\Generated_Source\PSoC4/cyfitter_cfg.c **** 
  77:.\Generated_Source\PSoC4/cyfitter_cfg.c **** 
  78:.\Generated_Source\PSoC4/cyfitter_cfg.c **** /* Clock startup error codes                                                   */
  79:.\Generated_Source\PSoC4/cyfitter_cfg.c **** #define CYCLOCKSTART_NO_ERROR    0u
  80:.\Generated_Source\PSoC4/cyfitter_cfg.c **** #define CYCLOCKSTART_XTAL_ERROR  1u
  81:.\Generated_Source\PSoC4/cyfitter_cfg.c **** #define CYCLOCKSTART_32KHZ_ERROR 2u
  82:.\Generated_Source\PSoC4/cyfitter_cfg.c **** #define CYCLOCKSTART_PLL_ERROR   3u
  83:.\Generated_Source\PSoC4/cyfitter_cfg.c **** 
  84:.\Generated_Source\PSoC4/cyfitter_cfg.c **** #ifdef CY_NEED_CYCLOCKSTARTUPERROR
  85:.\Generated_Source\PSoC4/cyfitter_cfg.c **** /*******************************************************************************
  86:.\Generated_Source\PSoC4/cyfitter_cfg.c **** * Function Name: CyClockStartupError
  87:.\Generated_Source\PSoC4/cyfitter_cfg.c **** ********************************************************************************
  88:.\Generated_Source\PSoC4/cyfitter_cfg.c **** * Summary:
  89:.\Generated_Source\PSoC4/cyfitter_cfg.c **** *  If an error is encountered during clock configuration (crystal startup error,
ARM GAS  C:\Users\ZHANGM~1\AppData\Local\Temp\cceS5h9W.s 			page 3


  90:.\Generated_Source\PSoC4/cyfitter_cfg.c **** *  PLL lock error, etc.), the system will end up here.  Unless reimplemented by
  91:.\Generated_Source\PSoC4/cyfitter_cfg.c **** *  the customer, this function will stop in an infinite loop.
  92:.\Generated_Source\PSoC4/cyfitter_cfg.c **** *
  93:.\Generated_Source\PSoC4/cyfitter_cfg.c **** * Parameters:
  94:.\Generated_Source\PSoC4/cyfitter_cfg.c **** *   void
  95:.\Generated_Source\PSoC4/cyfitter_cfg.c **** *
  96:.\Generated_Source\PSoC4/cyfitter_cfg.c **** * Return:
  97:.\Generated_Source\PSoC4/cyfitter_cfg.c **** *   void
  98:.\Generated_Source\PSoC4/cyfitter_cfg.c **** *
  99:.\Generated_Source\PSoC4/cyfitter_cfg.c **** *******************************************************************************/
 100:.\Generated_Source\PSoC4/cyfitter_cfg.c **** CY_CFG_UNUSED
 101:.\Generated_Source\PSoC4/cyfitter_cfg.c **** static void CyClockStartupError(uint8 errorCode);
 102:.\Generated_Source\PSoC4/cyfitter_cfg.c **** CY_CFG_UNUSED
 103:.\Generated_Source\PSoC4/cyfitter_cfg.c **** static void CyClockStartupError(uint8 errorCode)
 104:.\Generated_Source\PSoC4/cyfitter_cfg.c **** {
 105:.\Generated_Source\PSoC4/cyfitter_cfg.c ****     /* To remove the compiler warning if errorCode not used.                */
 106:.\Generated_Source\PSoC4/cyfitter_cfg.c ****     errorCode = errorCode;
 107:.\Generated_Source\PSoC4/cyfitter_cfg.c **** 
 108:.\Generated_Source\PSoC4/cyfitter_cfg.c ****     /* `#START CyClockStartupError` */
 109:.\Generated_Source\PSoC4/cyfitter_cfg.c **** 
 110:.\Generated_Source\PSoC4/cyfitter_cfg.c ****     /* If we have a clock startup error (bad MHz crystal, PLL lock, etc.),  */
 111:.\Generated_Source\PSoC4/cyfitter_cfg.c ****     /* we will end up here to allow the customer to implement something to  */
 112:.\Generated_Source\PSoC4/cyfitter_cfg.c ****     /* deal with the clock condition.                                       */
 113:.\Generated_Source\PSoC4/cyfitter_cfg.c **** 
 114:.\Generated_Source\PSoC4/cyfitter_cfg.c ****     /* `#END` */
 115:.\Generated_Source\PSoC4/cyfitter_cfg.c **** 
 116:.\Generated_Source\PSoC4/cyfitter_cfg.c ****     /* If nothing else, stop here since the clocks have not started         */
 117:.\Generated_Source\PSoC4/cyfitter_cfg.c ****     /* correctly.                                                           */
 118:.\Generated_Source\PSoC4/cyfitter_cfg.c ****     while(1) {}
 119:.\Generated_Source\PSoC4/cyfitter_cfg.c **** }
 120:.\Generated_Source\PSoC4/cyfitter_cfg.c **** #endif
 121:.\Generated_Source\PSoC4/cyfitter_cfg.c **** 
 122:.\Generated_Source\PSoC4/cyfitter_cfg.c **** 
 123:.\Generated_Source\PSoC4/cyfitter_cfg.c **** /*******************************************************************************
 124:.\Generated_Source\PSoC4/cyfitter_cfg.c **** * Function Name: SetIMOBGTrims
 125:.\Generated_Source\PSoC4/cyfitter_cfg.c **** ********************************************************************************
 126:.\Generated_Source\PSoC4/cyfitter_cfg.c **** *
 127:.\Generated_Source\PSoC4/cyfitter_cfg.c **** * Summary:
 128:.\Generated_Source\PSoC4/cyfitter_cfg.c **** *   Performs the configuration of the bandgap trim for the IMO based on the given
 129:.\Generated_Source\PSoC4/cyfitter_cfg.c **** *   expected frequency of the IMO. 
 130:.\Generated_Source\PSoC4/cyfitter_cfg.c **** *
 131:.\Generated_Source\PSoC4/cyfitter_cfg.c **** * Parameters:
 132:.\Generated_Source\PSoC4/cyfitter_cfg.c **** *   imoFreq: Frequency for operation of the IMO.
 133:.\Generated_Source\PSoC4/cyfitter_cfg.c **** *
 134:.\Generated_Source\PSoC4/cyfitter_cfg.c **** * Return:
 135:.\Generated_Source\PSoC4/cyfitter_cfg.c **** *   void
 136:.\Generated_Source\PSoC4/cyfitter_cfg.c **** *
 137:.\Generated_Source\PSoC4/cyfitter_cfg.c **** *******************************************************************************/
 138:.\Generated_Source\PSoC4/cyfitter_cfg.c **** static void SetIMOBGTrims(uint8 imoFreq);
 139:.\Generated_Source\PSoC4/cyfitter_cfg.c **** CY_CFG_SECTION
 140:.\Generated_Source\PSoC4/cyfitter_cfg.c **** static void SetIMOBGTrims(uint8 imoFreq)
 141:.\Generated_Source\PSoC4/cyfitter_cfg.c **** {
 142:.\Generated_Source\PSoC4/cyfitter_cfg.c **** 	CYPACKED typedef struct {
 143:.\Generated_Source\PSoC4/cyfitter_cfg.c **** 		uint8 freq;
 144:.\Generated_Source\PSoC4/cyfitter_cfg.c **** 		uint8 absolute;
 145:.\Generated_Source\PSoC4/cyfitter_cfg.c **** 		uint8 tmpco;
 146:.\Generated_Source\PSoC4/cyfitter_cfg.c **** 	} CYPACKED_ATTR imo_trim_entry_t;
ARM GAS  C:\Users\ZHANGM~1\AppData\Local\Temp\cceS5h9W.s 			page 4


 147:.\Generated_Source\PSoC4/cyfitter_cfg.c **** 
 148:.\Generated_Source\PSoC4/cyfitter_cfg.c **** 	CYPACKED typedef struct {
 149:.\Generated_Source\PSoC4/cyfitter_cfg.c **** 		imo_trim_entry_t entries[4];
 150:.\Generated_Source\PSoC4/cyfitter_cfg.c **** 	} CYPACKED_ATTR imo_trim_table_t;
 151:.\Generated_Source\PSoC4/cyfitter_cfg.c **** 
 152:.\Generated_Source\PSoC4/cyfitter_cfg.c **** 	static const imo_trim_table_t *imo_trim_table = (const imo_trim_table_t *)CYREG_SFLASH_IMO_MAXF0;
 153:.\Generated_Source\PSoC4/cyfitter_cfg.c **** 	static const uint32 IMO_TRIM_FREQ_TABLE_ENTRIES = sizeof(imo_trim_table->entries)/sizeof(imo_trim_
 154:.\Generated_Source\PSoC4/cyfitter_cfg.c **** 
 155:.\Generated_Source\PSoC4/cyfitter_cfg.c **** 	int32 imoTrimIndex;
 156:.\Generated_Source\PSoC4/cyfitter_cfg.c **** 	uint8 setAbs;
 157:.\Generated_Source\PSoC4/cyfitter_cfg.c **** 	uint8 setTmpCo;
 158:.\Generated_Source\PSoC4/cyfitter_cfg.c **** 
 159:.\Generated_Source\PSoC4/cyfitter_cfg.c **** 	/* Traverse the SFLASH IMO frequency-dependent bandgap trim table to
 160:.\Generated_Source\PSoC4/cyfitter_cfg.c **** 	 * locate the appropriate value to trim the IMO bandgap based on freq. */
 161:.\Generated_Source\PSoC4/cyfitter_cfg.c **** 	setAbs = CY_GET_REG8((const void *)CYREG_SFLASH_IMO_ABS4);
 162:.\Generated_Source\PSoC4/cyfitter_cfg.c **** 	setTmpCo = CY_GET_REG8((const void *)CYREG_SFLASH_IMO_TMPCO4);
 163:.\Generated_Source\PSoC4/cyfitter_cfg.c **** 	for (imoTrimIndex = ((int32)IMO_TRIM_FREQ_TABLE_ENTRIES)-1;
 164:.\Generated_Source\PSoC4/cyfitter_cfg.c **** 	     (imoTrimIndex >= 0) && (imoFreq <= imo_trim_table->entries[imoTrimIndex].freq);
 165:.\Generated_Source\PSoC4/cyfitter_cfg.c **** 	     imoTrimIndex--)
 166:.\Generated_Source\PSoC4/cyfitter_cfg.c **** 	{
 167:.\Generated_Source\PSoC4/cyfitter_cfg.c **** 		setAbs = imo_trim_table->entries[imoTrimIndex].absolute;
 168:.\Generated_Source\PSoC4/cyfitter_cfg.c **** 		setTmpCo = imo_trim_table->entries[imoTrimIndex].tmpco;
 169:.\Generated_Source\PSoC4/cyfitter_cfg.c **** 	}
 170:.\Generated_Source\PSoC4/cyfitter_cfg.c **** 
 171:.\Generated_Source\PSoC4/cyfitter_cfg.c **** 	CY_SET_REG32((void *)CYREG_PWR_BG_TRIM4, setAbs);
 172:.\Generated_Source\PSoC4/cyfitter_cfg.c **** 	CY_SET_REG32((void *)CYREG_PWR_BG_TRIM5, setTmpCo);
 173:.\Generated_Source\PSoC4/cyfitter_cfg.c **** }
 174:.\Generated_Source\PSoC4/cyfitter_cfg.c **** 
 175:.\Generated_Source\PSoC4/cyfitter_cfg.c **** 
 176:.\Generated_Source\PSoC4/cyfitter_cfg.c **** 
 177:.\Generated_Source\PSoC4/cyfitter_cfg.c **** /*******************************************************************************
 178:.\Generated_Source\PSoC4/cyfitter_cfg.c **** * Function Name: ClockSetup
 179:.\Generated_Source\PSoC4/cyfitter_cfg.c **** ********************************************************************************
 180:.\Generated_Source\PSoC4/cyfitter_cfg.c **** *
 181:.\Generated_Source\PSoC4/cyfitter_cfg.c **** * Summary:
 182:.\Generated_Source\PSoC4/cyfitter_cfg.c **** *   Performs the initialization of all of the clocks in the device based on the
 183:.\Generated_Source\PSoC4/cyfitter_cfg.c **** *   settings in the Clock tab of the DWR.  This includes enabling the requested
 184:.\Generated_Source\PSoC4/cyfitter_cfg.c **** *   clocks and setting the necessary dividers to produce the desired frequency. 
 185:.\Generated_Source\PSoC4/cyfitter_cfg.c **** *
 186:.\Generated_Source\PSoC4/cyfitter_cfg.c **** * Parameters:
 187:.\Generated_Source\PSoC4/cyfitter_cfg.c **** *   void
 188:.\Generated_Source\PSoC4/cyfitter_cfg.c **** *
 189:.\Generated_Source\PSoC4/cyfitter_cfg.c **** * Return:
 190:.\Generated_Source\PSoC4/cyfitter_cfg.c **** *   void
 191:.\Generated_Source\PSoC4/cyfitter_cfg.c **** *
 192:.\Generated_Source\PSoC4/cyfitter_cfg.c **** *******************************************************************************/
 193:.\Generated_Source\PSoC4/cyfitter_cfg.c **** static void ClockSetup(void);
 194:.\Generated_Source\PSoC4/cyfitter_cfg.c **** CY_CFG_SECTION
 195:.\Generated_Source\PSoC4/cyfitter_cfg.c **** static void ClockSetup(void)
 196:.\Generated_Source\PSoC4/cyfitter_cfg.c **** {
 197:.\Generated_Source\PSoC4/cyfitter_cfg.c **** 	/* Enable HALF_EN before trimming for the flash accelerator. */
 198:.\Generated_Source\PSoC4/cyfitter_cfg.c **** 	CY_SET_REG32((void CYXDATA *)(CYREG_CLK_SELECT), (CY_GET_REG32((void *)CYREG_CLK_SELECT) | 0x00040
 199:.\Generated_Source\PSoC4/cyfitter_cfg.c **** 
 200:.\Generated_Source\PSoC4/cyfitter_cfg.c **** 	/* Trim IMO BG based on desired frequency. */
 201:.\Generated_Source\PSoC4/cyfitter_cfg.c **** 	SetIMOBGTrims(24u);
 202:.\Generated_Source\PSoC4/cyfitter_cfg.c **** 
 203:.\Generated_Source\PSoC4/cyfitter_cfg.c **** 	/* Going less than or equal to 24MHz, so update the clock speed then adjust trim value. */
ARM GAS  C:\Users\ZHANGM~1\AppData\Local\Temp\cceS5h9W.s 			page 5


 204:.\Generated_Source\PSoC4/cyfitter_cfg.c **** 	CY_SET_REG32((void CYXDATA *)(CYREG_CLK_IMO_TRIM2), (25u));
 205:.\Generated_Source\PSoC4/cyfitter_cfg.c **** 	CyDelayCycles(5u);
 206:.\Generated_Source\PSoC4/cyfitter_cfg.c **** 	CY_SET_REG32((void CYXDATA *)(CYREG_CLK_IMO_TRIM1), (CY_GET_REG8((void *)CYREG_SFLASH_IMO_TRIM21))
 207:.\Generated_Source\PSoC4/cyfitter_cfg.c **** 	CyDelayUs(5u);
 208:.\Generated_Source\PSoC4/cyfitter_cfg.c **** 
 209:.\Generated_Source\PSoC4/cyfitter_cfg.c **** 	/* Disable HALF_EN since it is not required at this IMO frequency. */
 210:.\Generated_Source\PSoC4/cyfitter_cfg.c **** 	CY_SET_REG32((void CYXDATA *)(CYREG_CLK_SELECT), (CY_GET_REG32((void *)CYREG_CLK_SELECT) & 0xFFFBF
 211:.\Generated_Source\PSoC4/cyfitter_cfg.c **** 
 212:.\Generated_Source\PSoC4/cyfitter_cfg.c **** 	/* CYDEV_CLK_SELECT00 Starting address: CYDEV_CLK_SELECT00 */
 213:.\Generated_Source\PSoC4/cyfitter_cfg.c **** 	CY_SET_XTND_REG32((void CYFAR *)(CYREG_CLK_SELECT02), 0x00000010u);
 214:.\Generated_Source\PSoC4/cyfitter_cfg.c **** 
 215:.\Generated_Source\PSoC4/cyfitter_cfg.c **** 	/* CYDEV_CLK_IMO_CONFIG Starting address: CYDEV_CLK_IMO_CONFIG */
 216:.\Generated_Source\PSoC4/cyfitter_cfg.c **** 	CY_SET_XTND_REG32((void CYFAR *)(CYREG_CLK_IMO_CONFIG), 0x80000000u);
 217:.\Generated_Source\PSoC4/cyfitter_cfg.c **** 
 218:.\Generated_Source\PSoC4/cyfitter_cfg.c **** 	/* CYDEV_CLK_ILO_CONFIG Starting address: CYDEV_CLK_ILO_CONFIG */
 219:.\Generated_Source\PSoC4/cyfitter_cfg.c **** 	CY_SET_XTND_REG32((void CYFAR *)(CYREG_CLK_ILO_CONFIG), 0x80000000u);
 220:.\Generated_Source\PSoC4/cyfitter_cfg.c **** 
 221:.\Generated_Source\PSoC4/cyfitter_cfg.c **** 	/* CYDEV_CLK_DIVIDER_A00 Starting address: CYDEV_CLK_DIVIDER_A00 */
 222:.\Generated_Source\PSoC4/cyfitter_cfg.c **** 	CY_SET_XTND_REG32((void CYFAR *)(CYREG_CLK_DIVIDER_A00), 0x800000CFu);
 223:.\Generated_Source\PSoC4/cyfitter_cfg.c **** 
 224:.\Generated_Source\PSoC4/cyfitter_cfg.c **** }
 225:.\Generated_Source\PSoC4/cyfitter_cfg.c **** 
 226:.\Generated_Source\PSoC4/cyfitter_cfg.c **** 
 227:.\Generated_Source\PSoC4/cyfitter_cfg.c **** /* Analog API Functions */
 228:.\Generated_Source\PSoC4/cyfitter_cfg.c **** 
 229:.\Generated_Source\PSoC4/cyfitter_cfg.c **** 
 230:.\Generated_Source\PSoC4/cyfitter_cfg.c **** /*******************************************************************************
 231:.\Generated_Source\PSoC4/cyfitter_cfg.c **** * Function Name: AnalogSetDefault
 232:.\Generated_Source\PSoC4/cyfitter_cfg.c **** ********************************************************************************
 233:.\Generated_Source\PSoC4/cyfitter_cfg.c **** *
 234:.\Generated_Source\PSoC4/cyfitter_cfg.c **** * Summary:
 235:.\Generated_Source\PSoC4/cyfitter_cfg.c **** *  Sets up the analog portions of the chip to default values based on chip
 236:.\Generated_Source\PSoC4/cyfitter_cfg.c **** *  configuration options from the project.
 237:.\Generated_Source\PSoC4/cyfitter_cfg.c **** *
 238:.\Generated_Source\PSoC4/cyfitter_cfg.c **** * Parameters:
 239:.\Generated_Source\PSoC4/cyfitter_cfg.c **** *  void
 240:.\Generated_Source\PSoC4/cyfitter_cfg.c **** *
 241:.\Generated_Source\PSoC4/cyfitter_cfg.c **** * Return:
 242:.\Generated_Source\PSoC4/cyfitter_cfg.c **** *  void
 243:.\Generated_Source\PSoC4/cyfitter_cfg.c **** *
 244:.\Generated_Source\PSoC4/cyfitter_cfg.c **** *******************************************************************************/
 245:.\Generated_Source\PSoC4/cyfitter_cfg.c **** static void AnalogSetDefault(void);
 246:.\Generated_Source\PSoC4/cyfitter_cfg.c **** static void AnalogSetDefault(void)
 247:.\Generated_Source\PSoC4/cyfitter_cfg.c **** {
 248:.\Generated_Source\PSoC4/cyfitter_cfg.c **** }
 249:.\Generated_Source\PSoC4/cyfitter_cfg.c **** 
 250:.\Generated_Source\PSoC4/cyfitter_cfg.c **** #define CY_AMUX_UNUSED CYREG_CM0_ROM_DWT
 251:.\Generated_Source\PSoC4/cyfitter_cfg.c **** 
 252:.\Generated_Source\PSoC4/cyfitter_cfg.c **** 
 253:.\Generated_Source\PSoC4/cyfitter_cfg.c **** /*******************************************************************************
 254:.\Generated_Source\PSoC4/cyfitter_cfg.c **** * Function Name: cyfitter_cfg
 255:.\Generated_Source\PSoC4/cyfitter_cfg.c **** ********************************************************************************
 256:.\Generated_Source\PSoC4/cyfitter_cfg.c **** * Summary:
 257:.\Generated_Source\PSoC4/cyfitter_cfg.c **** *  This function is called by the start-up code for the selected device. It
 258:.\Generated_Source\PSoC4/cyfitter_cfg.c **** *  performs all of the necessary device configuration based on the design
 259:.\Generated_Source\PSoC4/cyfitter_cfg.c **** *  settings.  This includes settings from the Design Wide Resources (DWR) such
 260:.\Generated_Source\PSoC4/cyfitter_cfg.c **** *  as Clocks and Pins as well as any component configuration that is necessary.
ARM GAS  C:\Users\ZHANGM~1\AppData\Local\Temp\cceS5h9W.s 			page 6


 261:.\Generated_Source\PSoC4/cyfitter_cfg.c **** *
 262:.\Generated_Source\PSoC4/cyfitter_cfg.c **** * Parameters:  
 263:.\Generated_Source\PSoC4/cyfitter_cfg.c **** *   void
 264:.\Generated_Source\PSoC4/cyfitter_cfg.c **** *
 265:.\Generated_Source\PSoC4/cyfitter_cfg.c **** * Return:
 266:.\Generated_Source\PSoC4/cyfitter_cfg.c **** *   void
 267:.\Generated_Source\PSoC4/cyfitter_cfg.c **** *
 268:.\Generated_Source\PSoC4/cyfitter_cfg.c **** *******************************************************************************/
 269:.\Generated_Source\PSoC4/cyfitter_cfg.c **** CY_CFG_SECTION
 270:.\Generated_Source\PSoC4/cyfitter_cfg.c **** void cyfitter_cfg(void)
 271:.\Generated_Source\PSoC4/cyfitter_cfg.c **** {
  26              		.loc 1 271 0
  27              		.cfi_startproc
  28 0000 10B5     		push	{r4, lr}
  29              	.LCFI0:
  30              		.cfi_def_cfa_offset 8
  31              		.cfi_offset 4, -8
  32              		.cfi_offset 14, -4
 272:.\Generated_Source\PSoC4/cyfitter_cfg.c **** 	/* Disable interrupts by default. Let user enable if/when they want. */
 273:.\Generated_Source\PSoC4/cyfitter_cfg.c **** 	CyGlobalIntDisable;
  33              		.loc 1 273 0
  34              	@ 273 ".\Generated_Source\PSoC4\cyfitter_cfg.c" 1
  35 0002 72B6     		CPSID   i
  36              	@ 0 "" 2
  37              	.LVL0:
  38              		.code	16
  39              	.LBB14:
  40              	.LBB15:
  41              	.LBB16:
  42              	.LBB17:
  59:.\Generated_Source\PSoC4/cyfitter_cfg.c **** 	(void)memset(s, 0, n);
  43              		.loc 1 59 0
  44 0004 8022     		mov	r2, #128
  45 0006 0021     		mov	r1, #0
  46 0008 D200     		lsl	r2, r2, #3
  47 000a 2F48     		ldr	r0, .L6
  48 000c FFF7FEFF 		bl	memset
  49              	.LVL1:
  50 0010 8023     		mov	r3, #128
  51 0012 DA00     		lsl	r2, r3, #3
  52 0014 0021     		mov	r1, #0
  53 0016 2D48     		ldr	r0, .L6+4
  54 0018 FFF7FEFF 		bl	memset
  55              	.LVL2:
  56              	.LBE17:
  57              	.LBE16:
  58              	.LBE15:
 274:.\Generated_Source\PSoC4/cyfitter_cfg.c **** 
 275:.\Generated_Source\PSoC4/cyfitter_cfg.c **** 	{
 276:.\Generated_Source\PSoC4/cyfitter_cfg.c **** 
 277:.\Generated_Source\PSoC4/cyfitter_cfg.c **** 		CYPACKED typedef struct {
 278:.\Generated_Source\PSoC4/cyfitter_cfg.c **** 			void CYFAR *address;
 279:.\Generated_Source\PSoC4/cyfitter_cfg.c **** 			uint16 size;
 280:.\Generated_Source\PSoC4/cyfitter_cfg.c **** 		} CYPACKED_ATTR cfg_memset_t;
 281:.\Generated_Source\PSoC4/cyfitter_cfg.c **** 
 282:.\Generated_Source\PSoC4/cyfitter_cfg.c **** 		static const cfg_memset_t CYCODE cfg_memset_list [] = {
 283:.\Generated_Source\PSoC4/cyfitter_cfg.c **** 			/* address, size */
ARM GAS  C:\Users\ZHANGM~1\AppData\Local\Temp\cceS5h9W.s 			page 7


 284:.\Generated_Source\PSoC4/cyfitter_cfg.c **** 			{(void CYFAR *)(CYDEV_UDB_P0_U0_BASE), 1024u},
 285:.\Generated_Source\PSoC4/cyfitter_cfg.c **** 			{(void CYFAR *)(CYDEV_UDB_DSI0_BASE), 1024u},
 286:.\Generated_Source\PSoC4/cyfitter_cfg.c **** 		};
 287:.\Generated_Source\PSoC4/cyfitter_cfg.c **** 
 288:.\Generated_Source\PSoC4/cyfitter_cfg.c **** 		uint8 CYDATA i;
 289:.\Generated_Source\PSoC4/cyfitter_cfg.c **** 
 290:.\Generated_Source\PSoC4/cyfitter_cfg.c **** 		/* Zero out critical memory blocks before beginning configuration */
 291:.\Generated_Source\PSoC4/cyfitter_cfg.c **** 		for (i = 0u; i < (sizeof(cfg_memset_list)/sizeof(cfg_memset_list[0])); i++)
 292:.\Generated_Source\PSoC4/cyfitter_cfg.c **** 		{
 293:.\Generated_Source\PSoC4/cyfitter_cfg.c **** 			const cfg_memset_t CYCODE * CYDATA ms = &cfg_memset_list[i];
 294:.\Generated_Source\PSoC4/cyfitter_cfg.c **** 			CYMEMZERO(ms->address, (uint32)(ms->size));
 295:.\Generated_Source\PSoC4/cyfitter_cfg.c **** 		}
 296:.\Generated_Source\PSoC4/cyfitter_cfg.c **** 
 297:.\Generated_Source\PSoC4/cyfitter_cfg.c **** 		/* HSIOM Starting address: CYDEV_HSIOM_BASE */
 298:.\Generated_Source\PSoC4/cyfitter_cfg.c **** 		CY_SET_XTND_REG32((void CYFAR *)(CYREG_HSIOM_PORT_SEL3), 0x0000EE00u);
  59              		.loc 1 298 0
  60 001c 2C4C     		ldr	r4, .L6+8
  61 001e EE20     		mov	r0, #238
  62 0020 0102     		lsl	r1, r0, #8
  63 0022 2160     		str	r1, [r4]
 299:.\Generated_Source\PSoC4/cyfitter_cfg.c **** 		CY_SET_XTND_REG32((void CYFAR *)(CYREG_HSIOM_PORT_SEL4), 0x00000099u);
  64              		.loc 1 299 0
  65 0024 2B4B     		ldr	r3, .L6+12
 300:.\Generated_Source\PSoC4/cyfitter_cfg.c **** 
 301:.\Generated_Source\PSoC4/cyfitter_cfg.c **** 		/* IOPINS0_3 Starting address: CYDEV_PRT3_DR */
 302:.\Generated_Source\PSoC4/cyfitter_cfg.c **** 		CY_SET_XTND_REG32((void CYFAR *)(CYREG_PRT3_PC), 0x00000D80u);
  66              		.loc 1 302 0
  67 0026 D820     		mov	r0, #216
  68 0028 2B4C     		ldr	r4, .L6+16
  69 002a 0101     		lsl	r1, r0, #4
 299:.\Generated_Source\PSoC4/cyfitter_cfg.c **** 		CY_SET_XTND_REG32((void CYFAR *)(CYREG_HSIOM_PORT_SEL4), 0x00000099u);
  70              		.loc 1 299 0
  71 002c 9922     		mov	r2, #153
  72 002e 1A60     		str	r2, [r3]
  73              		.loc 1 302 0
  74 0030 2160     		str	r1, [r4]
 303:.\Generated_Source\PSoC4/cyfitter_cfg.c **** 
 304:.\Generated_Source\PSoC4/cyfitter_cfg.c **** 		/* IOPINS0_4 Starting address: CYDEV_PRT4_DR */
 305:.\Generated_Source\PSoC4/cyfitter_cfg.c **** 		CY_SET_XTND_REG32((void CYFAR *)(CYREG_PRT4_DR), 0x00000002u);
  75              		.loc 1 305 0
  76 0032 2A4B     		ldr	r3, .L6+20
 306:.\Generated_Source\PSoC4/cyfitter_cfg.c **** 		CY_SET_XTND_REG32((void CYFAR *)(CYREG_PRT4_PC), 0x00000031u);
  77              		.loc 1 306 0
  78 0034 2A49     		ldr	r1, .L6+24
 305:.\Generated_Source\PSoC4/cyfitter_cfg.c **** 		CY_SET_XTND_REG32((void CYFAR *)(CYREG_PRT4_DR), 0x00000002u);
  79              		.loc 1 305 0
  80 0036 0222     		mov	r2, #2
  81              		.loc 1 306 0
  82 0038 3120     		mov	r0, #49
 307:.\Generated_Source\PSoC4/cyfitter_cfg.c **** 		CY_SET_XTND_REG32((void CYFAR *)(CYREG_PRT4_PC2), 0x00000002u);
  83              		.loc 1 307 0
  84 003a 2A4C     		ldr	r4, .L6+28
 305:.\Generated_Source\PSoC4/cyfitter_cfg.c **** 		CY_SET_XTND_REG32((void CYFAR *)(CYREG_PRT4_DR), 0x00000002u);
  85              		.loc 1 305 0
  86 003c 1A60     		str	r2, [r3]
 306:.\Generated_Source\PSoC4/cyfitter_cfg.c **** 		CY_SET_XTND_REG32((void CYFAR *)(CYREG_PRT4_PC), 0x00000031u);
  87              		.loc 1 306 0
ARM GAS  C:\Users\ZHANGM~1\AppData\Local\Temp\cceS5h9W.s 			page 8


  88 003e 0860     		str	r0, [r1]
 308:.\Generated_Source\PSoC4/cyfitter_cfg.c **** 
 309:.\Generated_Source\PSoC4/cyfitter_cfg.c **** 		/* UDB_PA_3 Starting address: CYDEV_UDB_PA3_BASE */
 310:.\Generated_Source\PSoC4/cyfitter_cfg.c **** 		CY_SET_XTND_REG32((void CYFAR *)(CYDEV_UDB_PA3_BASE), 0x00990000u);
  89              		.loc 1 310 0
  90 0040 9923     		mov	r3, #153
  91 0042 2949     		ldr	r1, .L6+32
 307:.\Generated_Source\PSoC4/cyfitter_cfg.c **** 		CY_SET_XTND_REG32((void CYFAR *)(CYREG_PRT4_PC2), 0x00000002u);
  92              		.loc 1 307 0
  93 0044 2260     		str	r2, [r4]
  94              		.loc 1 310 0
  95 0046 1804     		lsl	r0, r3, #16
 311:.\Generated_Source\PSoC4/cyfitter_cfg.c **** 
 312:.\Generated_Source\PSoC4/cyfitter_cfg.c **** 		/* Enable digital routing */
 313:.\Generated_Source\PSoC4/cyfitter_cfg.c **** 		CY_SET_XTND_REG8((void *)CYREG_UDB_UDBIF_BANK_CTL, CY_GET_XTND_REG8((void *)CYREG_UDB_UDBIF_BANK_
  96              		.loc 1 313 0
  97 0048 284C     		ldr	r4, .L6+36
 310:.\Generated_Source\PSoC4/cyfitter_cfg.c **** 		CY_SET_XTND_REG32((void CYFAR *)(CYDEV_UDB_PA3_BASE), 0x00990000u);
  98              		.loc 1 310 0
  99 004a 0860     		str	r0, [r1]
 100              		.loc 1 313 0
 101 004c 2378     		ldrb	r3, [r4]
 314:.\Generated_Source\PSoC4/cyfitter_cfg.c **** 
 315:.\Generated_Source\PSoC4/cyfitter_cfg.c **** 		/* Enable UDB array */
 316:.\Generated_Source\PSoC4/cyfitter_cfg.c **** 		CY_SET_XTND_REG8((void *)CYREG_UDB_UDBIF_BANK_CTL, CY_GET_XTND_REG8((void *)CYREG_UDB_UDBIF_BANK_
 102              		.loc 1 316 0
 103 004e 0620     		mov	r0, #6
 313:.\Generated_Source\PSoC4/cyfitter_cfg.c **** 		CY_SET_XTND_REG8((void *)CYREG_UDB_UDBIF_BANK_CTL, CY_GET_XTND_REG8((void *)CYREG_UDB_UDBIF_BANK_
 104              		.loc 1 313 0
 105 0050 1A43     		orr	r2, r3
 106 0052 2270     		strb	r2, [r4]
 107              		.loc 1 316 0
 108 0054 2278     		ldrb	r2, [r4]
 109              	.LBE14:
 110              	.LBB18:
 111              	.LBB19:
 198:.\Generated_Source\PSoC4/cyfitter_cfg.c **** 	CY_SET_REG32((void CYXDATA *)(CYREG_CLK_SELECT), (CY_GET_REG32((void *)CYREG_CLK_SELECT) | 0x00040
 112              		.loc 1 198 0
 113 0056 8023     		mov	r3, #128
 114              	.LBE19:
 115              	.LBE18:
 116              	.LBB32:
 117              		.loc 1 316 0
 118 0058 0243     		orr	r2, r0
 119 005a 2270     		strb	r2, [r4]
 120              	.LBE32:
 121              	.LBB33:
 122              	.LBB30:
 198:.\Generated_Source\PSoC4/cyfitter_cfg.c **** 	CY_SET_REG32((void CYXDATA *)(CYREG_CLK_SELECT), (CY_GET_REG32((void *)CYREG_CLK_SELECT) | 0x00040
 123              		.loc 1 198 0
 124 005c 244C     		ldr	r4, .L6+40
 125 005e DA02     		lsl	r2, r3, #11
 126 0060 2168     		ldr	r1, [r4]
 127              	.LBB20:
 128              	.LBB21:
 161:.\Generated_Source\PSoC4/cyfitter_cfg.c **** 	setAbs = CY_GET_REG8((const void *)CYREG_SFLASH_IMO_ABS4);
 129              		.loc 1 161 0
ARM GAS  C:\Users\ZHANGM~1\AppData\Local\Temp\cceS5h9W.s 			page 9


 130 0062 2448     		ldr	r0, .L6+44
 131              	.LBE21:
 132              	.LBE20:
 198:.\Generated_Source\PSoC4/cyfitter_cfg.c **** 	CY_SET_REG32((void CYXDATA *)(CYREG_CLK_SELECT), (CY_GET_REG32((void *)CYREG_CLK_SELECT) | 0x00040
 133              		.loc 1 198 0
 134 0064 0A43     		orr	r2, r1
 135              	.LBB26:
 136              	.LBB22:
 162:.\Generated_Source\PSoC4/cyfitter_cfg.c **** 	setTmpCo = CY_GET_REG8((const void *)CYREG_SFLASH_IMO_TMPCO4);
 137              		.loc 1 162 0
 138 0066 2449     		ldr	r1, .L6+48
 139              	.LBE22:
 140              	.LBE26:
 198:.\Generated_Source\PSoC4/cyfitter_cfg.c **** 	CY_SET_REG32((void CYXDATA *)(CYREG_CLK_SELECT), (CY_GET_REG32((void *)CYREG_CLK_SELECT) | 0x00040
 141              		.loc 1 198 0
 142 0068 2260     		str	r2, [r4]
 143              	.LVL3:
 144              	.LBB27:
 145              	.LBB23:
 161:.\Generated_Source\PSoC4/cyfitter_cfg.c **** 	setAbs = CY_GET_REG8((const void *)CYREG_SFLASH_IMO_ABS4);
 146              		.loc 1 161 0
 147 006a 0078     		ldrb	r0, [r0]
 148              	.LVL4:
 149 006c 234B     		ldr	r3, .L6+52
 162:.\Generated_Source\PSoC4/cyfitter_cfg.c **** 	setTmpCo = CY_GET_REG8((const void *)CYREG_SFLASH_IMO_TMPCO4);
 150              		.loc 1 162 0
 151 006e 0978     		ldrb	r1, [r1]
 152              	.LVL5:
 153              	.L2:
 164:.\Generated_Source\PSoC4/cyfitter_cfg.c **** 	     (imoTrimIndex >= 0) && (imoFreq <= imo_trim_table->entries[imoTrimIndex].freq);
 154              		.loc 1 164 0
 155 0070 1A78     		ldrb	r2, [r3]
 156 0072 172A     		cmp	r2, #23
 157 0074 05D9     		bls	.L3
 158              	.L4:
 163:.\Generated_Source\PSoC4/cyfitter_cfg.c **** 	for (imoTrimIndex = ((int32)IMO_TRIM_FREQ_TABLE_ENTRIES)-1;
 159              		.loc 1 163 0
 160 0076 224A     		ldr	r2, .L6+56
 167:.\Generated_Source\PSoC4/cyfitter_cfg.c **** 		setAbs = imo_trim_table->entries[imoTrimIndex].absolute;
 161              		.loc 1 167 0
 162 0078 5878     		ldrb	r0, [r3, #1]
 168:.\Generated_Source\PSoC4/cyfitter_cfg.c **** 		setTmpCo = imo_trim_table->entries[imoTrimIndex].tmpco;
 163              		.loc 1 168 0
 164 007a 9978     		ldrb	r1, [r3, #2]
 165 007c 033B     		sub	r3, r3, #3
 163:.\Generated_Source\PSoC4/cyfitter_cfg.c **** 	for (imoTrimIndex = ((int32)IMO_TRIM_FREQ_TABLE_ENTRIES)-1;
 166              		.loc 1 163 0
 167 007e 9342     		cmp	r3, r2
 168 0080 F6D1     		bne	.L2
 169              	.L3:
 171:.\Generated_Source\PSoC4/cyfitter_cfg.c **** 	CY_SET_REG32((void *)CYREG_PWR_BG_TRIM4, setAbs);
 170              		.loc 1 171 0
 171 0082 204B     		ldr	r3, .L6+60
 172              	.LBE23:
 173              	.LBE27:
 204:.\Generated_Source\PSoC4/cyfitter_cfg.c **** 	CY_SET_REG32((void CYXDATA *)(CYREG_CLK_IMO_TRIM2), (25u));
 174              		.loc 1 204 0
ARM GAS  C:\Users\ZHANGM~1\AppData\Local\Temp\cceS5h9W.s 			page 10


 175 0084 204A     		ldr	r2, .L6+64
 176              	.LBB28:
 177              	.LBB24:
 171:.\Generated_Source\PSoC4/cyfitter_cfg.c **** 	CY_SET_REG32((void *)CYREG_PWR_BG_TRIM4, setAbs);
 178              		.loc 1 171 0
 179 0086 1860     		str	r0, [r3]
 172:.\Generated_Source\PSoC4/cyfitter_cfg.c **** 	CY_SET_REG32((void *)CYREG_PWR_BG_TRIM5, setTmpCo);
 180              		.loc 1 172 0
 181 0088 2048     		ldr	r0, .L6+68
 182              	.LBE24:
 183              	.LBE28:
 184              	.LBE30:
 185              	.LBE33:
 317:.\Generated_Source\PSoC4/cyfitter_cfg.c **** 	}
 318:.\Generated_Source\PSoC4/cyfitter_cfg.c **** 
 319:.\Generated_Source\PSoC4/cyfitter_cfg.c **** 	/* Setup clocks based on selections from Clock DWR */
 320:.\Generated_Source\PSoC4/cyfitter_cfg.c **** 	ClockSetup();
 321:.\Generated_Source\PSoC4/cyfitter_cfg.c **** 
 322:.\Generated_Source\PSoC4/cyfitter_cfg.c **** 	/* Perform basic analog initialization to defaults */
 323:.\Generated_Source\PSoC4/cyfitter_cfg.c **** 	AnalogSetDefault();
 324:.\Generated_Source\PSoC4/cyfitter_cfg.c **** 
 325:.\Generated_Source\PSoC4/cyfitter_cfg.c **** }
 186              		.loc 1 325 0
 187              		@ sp needed for prologue
 188              	.LBB34:
 189              	.LBB31:
 190              	.LBB29:
 191              	.LBB25:
 172:.\Generated_Source\PSoC4/cyfitter_cfg.c **** 	CY_SET_REG32((void *)CYREG_PWR_BG_TRIM5, setTmpCo);
 192              		.loc 1 172 0
 193 008a 0160     		str	r1, [r0]
 194              	.LBE25:
 195              	.LBE29:
 204:.\Generated_Source\PSoC4/cyfitter_cfg.c **** 	CY_SET_REG32((void CYXDATA *)(CYREG_CLK_IMO_TRIM2), (25u));
 196              		.loc 1 204 0
 197 008c 1921     		mov	r1, #25
 198 008e 1160     		str	r1, [r2]
 205:.\Generated_Source\PSoC4/cyfitter_cfg.c **** 	CyDelayCycles(5u);
 199              		.loc 1 205 0
 200 0090 0520     		mov	r0, #5
 201 0092 FFF7FEFF 		bl	CyDelayCycles
 202              	.LVL6:
 206:.\Generated_Source\PSoC4/cyfitter_cfg.c **** 	CY_SET_REG32((void CYXDATA *)(CYREG_CLK_IMO_TRIM1), (CY_GET_REG8((void *)CYREG_SFLASH_IMO_TRIM21))
 203              		.loc 1 206 0
 204 0096 1E4B     		ldr	r3, .L6+72
 205 0098 1E49     		ldr	r1, .L6+76
 206 009a 1878     		ldrb	r0, [r3]
 207 009c 0860     		str	r0, [r1]
 207:.\Generated_Source\PSoC4/cyfitter_cfg.c **** 	CyDelayUs(5u);
 208              		.loc 1 207 0
 209 009e 0520     		mov	r0, #5
 210 00a0 FFF7FEFF 		bl	CyDelayUs
 211              	.LVL7:
 210:.\Generated_Source\PSoC4/cyfitter_cfg.c **** 	CY_SET_REG32((void CYXDATA *)(CYREG_CLK_SELECT), (CY_GET_REG32((void *)CYREG_CLK_SELECT) & 0xFFFBF
 212              		.loc 1 210 0
 213 00a4 2268     		ldr	r2, [r4]
 214 00a6 1C4B     		ldr	r3, .L6+80
ARM GAS  C:\Users\ZHANGM~1\AppData\Local\Temp\cceS5h9W.s 			page 11


 213:.\Generated_Source\PSoC4/cyfitter_cfg.c **** 	CY_SET_XTND_REG32((void CYFAR *)(CYREG_CLK_SELECT02), 0x00000010u);
 215              		.loc 1 213 0
 216 00a8 1C48     		ldr	r0, .L6+84
 210:.\Generated_Source\PSoC4/cyfitter_cfg.c **** 	CY_SET_REG32((void CYXDATA *)(CYREG_CLK_SELECT), (CY_GET_REG32((void *)CYREG_CLK_SELECT) & 0xFFFBF
 217              		.loc 1 210 0
 218 00aa 1340     		and	r3, r2
 219 00ac 2360     		str	r3, [r4]
 216:.\Generated_Source\PSoC4/cyfitter_cfg.c **** 	CY_SET_XTND_REG32((void CYFAR *)(CYREG_CLK_IMO_CONFIG), 0x80000000u);
 220              		.loc 1 216 0
 221 00ae 8021     		mov	r1, #128
 213:.\Generated_Source\PSoC4/cyfitter_cfg.c **** 	CY_SET_XTND_REG32((void CYFAR *)(CYREG_CLK_SELECT02), 0x00000010u);
 222              		.loc 1 213 0
 223 00b0 1024     		mov	r4, #16
 224 00b2 0460     		str	r4, [r0]
 216:.\Generated_Source\PSoC4/cyfitter_cfg.c **** 	CY_SET_XTND_REG32((void CYFAR *)(CYREG_CLK_IMO_CONFIG), 0x80000000u);
 225              		.loc 1 216 0
 226 00b4 0B06     		lsl	r3, r1, #24
 227 00b6 1A4A     		ldr	r2, .L6+88
 219:.\Generated_Source\PSoC4/cyfitter_cfg.c **** 	CY_SET_XTND_REG32((void CYFAR *)(CYREG_CLK_ILO_CONFIG), 0x80000000u);
 228              		.loc 1 219 0
 229 00b8 1A4C     		ldr	r4, .L6+92
 222:.\Generated_Source\PSoC4/cyfitter_cfg.c **** 	CY_SET_XTND_REG32((void CYFAR *)(CYREG_CLK_DIVIDER_A00), 0x800000CFu);
 230              		.loc 1 222 0
 231 00ba 1B48     		ldr	r0, .L6+96
 232 00bc 1B49     		ldr	r1, .L6+100
 216:.\Generated_Source\PSoC4/cyfitter_cfg.c **** 	CY_SET_XTND_REG32((void CYFAR *)(CYREG_CLK_IMO_CONFIG), 0x80000000u);
 233              		.loc 1 216 0
 234 00be 1360     		str	r3, [r2]
 219:.\Generated_Source\PSoC4/cyfitter_cfg.c **** 	CY_SET_XTND_REG32((void CYFAR *)(CYREG_CLK_ILO_CONFIG), 0x80000000u);
 235              		.loc 1 219 0
 236 00c0 2360     		str	r3, [r4]
 222:.\Generated_Source\PSoC4/cyfitter_cfg.c **** 	CY_SET_XTND_REG32((void CYFAR *)(CYREG_CLK_DIVIDER_A00), 0x800000CFu);
 237              		.loc 1 222 0
 238 00c2 0860     		str	r0, [r1]
 239              	.LBE31:
 240              	.LBE34:
 241              		.loc 1 325 0
 242 00c4 10BD     		pop	{r4, pc}
 243              	.L7:
 244 00c6 C046     		.align	2
 245              	.L6:
 246 00c8 00300F40 		.word	1074737152
 247 00cc 00400F40 		.word	1074741248
 248 00d0 0C000140 		.word	1073807372
 249 00d4 10000140 		.word	1073807376
 250 00d8 08030440 		.word	1074004744
 251 00dc 00040440 		.word	1074004992
 252 00e0 08040440 		.word	1074005000
 253 00e4 18040440 		.word	1074005016
 254 00e8 30500F40 		.word	1074745392
 255 00ec 00700F40 		.word	1074753536
 256 00f0 00010B40 		.word	1074462976
 257 00f4 CCF1FF0F 		.word	268431820
 258 00f8 CDF1FF0F 		.word	268431821
 259 00fc C9F1FF0F 		.word	268431817
 260 0100 BDF1FF0F 		.word	268431805
 261 0104 1CFF0B40 		.word	1074528028
ARM GAS  C:\Users\ZHANGM~1\AppData\Local\Temp\cceS5h9W.s 			page 12


 262 0108 2CFF0B40 		.word	1074528044
 263 010c 20FF0B40 		.word	1074528032
 264 0110 E5F1FF0F 		.word	268431845
 265 0114 28FF0B40 		.word	1074528040
 266 0118 FFFFFBFF 		.word	-262145
 267 011c 08020240 		.word	1073873416
 268 0120 08010B40 		.word	1074462984
 269 0124 04010B40 		.word	1074462980
 270 0128 CF000080 		.word	-2147483441
 271 012c 00000240 		.word	1073872896
 272              		.cfi_endproc
 273              	.LFE6:
 274              		.size	cyfitter_cfg, .-cyfitter_cfg
 275              		.text
 276              	.Letext0:
 277              		.file 2 "c:\\program files\\cypress\\psoc creator\\3.0\\psoc creator\\import\\gnu_cs\\arm\\4.7.3\\
 278              		.file 3 "./Generated_Source/PSoC4/cytypes.h"
 279              		.file 4 "./Generated_Source/PSoC4/CyLib.h"
 280              		.section	.debug_info,"",%progbits
 281              	.Ldebug_info0:
 282 0000 B3030000 		.4byte	0x3b3
 283 0004 0200     		.2byte	0x2
 284 0006 00000000 		.4byte	.Ldebug_abbrev0
 285 000a 04       		.byte	0x4
 286 000b 01       		.uleb128 0x1
 287 000c 1E020000 		.4byte	.LASF42
 288 0010 01       		.byte	0x1
 289 0011 B3010000 		.4byte	.LASF43
 290 0015 5E000000 		.4byte	.LASF44
 291 0019 98000000 		.4byte	.Ldebug_ranges0+0x98
 292 001d 00000000 		.4byte	0
 293 0021 00000000 		.4byte	0
 294 0025 00000000 		.4byte	.Ldebug_line0
 295 0029 02       		.uleb128 0x2
 296 002a 01       		.byte	0x1
 297 002b 06       		.byte	0x6
 298 002c 8E020000 		.4byte	.LASF0
 299 0030 02       		.uleb128 0x2
 300 0031 01       		.byte	0x1
 301 0032 08       		.byte	0x8
 302 0033 0E010000 		.4byte	.LASF1
 303 0037 02       		.uleb128 0x2
 304 0038 02       		.byte	0x2
 305 0039 05       		.byte	0x5
 306 003a B7000000 		.4byte	.LASF2
 307 003e 02       		.uleb128 0x2
 308 003f 02       		.byte	0x2
 309 0040 07       		.byte	0x7
 310 0041 A4000000 		.4byte	.LASF3
 311 0045 03       		.uleb128 0x3
 312 0046 04       		.byte	0x4
 313 0047 05       		.byte	0x5
 314 0048 696E7400 		.ascii	"int\000"
 315 004c 02       		.uleb128 0x2
 316 004d 04       		.byte	0x4
 317 004e 07       		.byte	0x7
 318 004f 5C010000 		.4byte	.LASF4
ARM GAS  C:\Users\ZHANGM~1\AppData\Local\Temp\cceS5h9W.s 			page 13


 319 0053 02       		.uleb128 0x2
 320 0054 08       		.byte	0x8
 321 0055 05       		.byte	0x5
 322 0056 ED010000 		.4byte	.LASF5
 323 005a 02       		.uleb128 0x2
 324 005b 08       		.byte	0x8
 325 005c 07       		.byte	0x7
 326 005d 7E010000 		.4byte	.LASF6
 327 0061 02       		.uleb128 0x2
 328 0062 04       		.byte	0x4
 329 0063 05       		.byte	0x5
 330 0064 76020000 		.4byte	.LASF7
 331 0068 02       		.uleb128 0x2
 332 0069 04       		.byte	0x4
 333 006a 07       		.byte	0x7
 334 006b DB010000 		.4byte	.LASF8
 335 006f 04       		.uleb128 0x4
 336 0070 04       		.byte	0x4
 337 0071 02       		.uleb128 0x2
 338 0072 04       		.byte	0x4
 339 0073 07       		.byte	0x7
 340 0074 EC000000 		.4byte	.LASF9
 341 0078 02       		.uleb128 0x2
 342 0079 01       		.byte	0x1
 343 007a 08       		.byte	0x8
 344 007b 05020000 		.4byte	.LASF10
 345 007f 05       		.uleb128 0x5
 346 0080 14000000 		.4byte	.LASF11
 347 0084 02       		.byte	0x2
 348 0085 D5       		.byte	0xd5
 349 0086 4C000000 		.4byte	0x4c
 350 008a 05       		.uleb128 0x5
 351 008b 18020000 		.4byte	.LASF12
 352 008f 03       		.byte	0x3
 353 0090 5B       		.byte	0x5b
 354 0091 30000000 		.4byte	0x30
 355 0095 05       		.uleb128 0x5
 356 0096 4E010000 		.4byte	.LASF13
 357 009a 03       		.byte	0x3
 358 009b 5C       		.byte	0x5c
 359 009c 3E000000 		.4byte	0x3e
 360 00a0 05       		.uleb128 0x5
 361 00a1 55010000 		.4byte	.LASF14
 362 00a5 03       		.byte	0x3
 363 00a6 5D       		.byte	0x5d
 364 00a7 71000000 		.4byte	0x71
 365 00ab 05       		.uleb128 0x5
 366 00ac FE000000 		.4byte	.LASF15
 367 00b0 03       		.byte	0x3
 368 00b1 60       		.byte	0x60
 369 00b2 61000000 		.4byte	0x61
 370 00b6 02       		.uleb128 0x2
 371 00b7 04       		.byte	0x4
 372 00b8 04       		.byte	0x4
 373 00b9 CF000000 		.4byte	.LASF16
 374 00bd 02       		.uleb128 0x2
 375 00be 08       		.byte	0x8
ARM GAS  C:\Users\ZHANGM~1\AppData\Local\Temp\cceS5h9W.s 			page 14


 376 00bf 04       		.byte	0x4
 377 00c0 23010000 		.4byte	.LASF17
 378 00c4 05       		.uleb128 0x5
 379 00c5 E7000000 		.4byte	.LASF18
 380 00c9 03       		.byte	0x3
 381 00ca F0       		.byte	0xf0
 382 00cb CF000000 		.4byte	0xcf
 383 00cf 06       		.uleb128 0x6
 384 00d0 8A000000 		.4byte	0x8a
 385 00d4 05       		.uleb128 0x5
 386 00d5 0E000000 		.4byte	.LASF19
 387 00d9 03       		.byte	0x3
 388 00da F2       		.byte	0xf2
 389 00db DF000000 		.4byte	0xdf
 390 00df 06       		.uleb128 0x6
 391 00e0 A0000000 		.4byte	0xa0
 392 00e4 07       		.uleb128 0x7
 393 00e5 1B000000 		.4byte	.LASF34
 394 00e9 01       		.byte	0x1
 395 00ea F6       		.byte	0xf6
 396 00eb 01       		.byte	0x1
 397 00ec 01       		.byte	0x1
 398 00ed 08       		.uleb128 0x8
 399 00ee C1000000 		.4byte	.LASF31
 400 00f2 01       		.byte	0x1
 401 00f3 8C       		.byte	0x8c
 402 00f4 01       		.byte	0x1
 403 00f5 01       		.byte	0x1
 404 00f6 C2010000 		.4byte	0x1c2
 405 00fa 09       		.uleb128 0x9
 406 00fb 2A010000 		.4byte	.LASF33
 407 00ff 01       		.byte	0x1
 408 0100 8C       		.byte	0x8c
 409 0101 8A000000 		.4byte	0x8a
 410 0105 0A       		.uleb128 0xa
 411 0106 03       		.byte	0x3
 412 0107 01       		.byte	0x1
 413 0108 8E       		.byte	0x8e
 414 0109 38010000 		.4byte	0x138
 415 010d 0B       		.uleb128 0xb
 416 010e 13020000 		.4byte	.LASF20
 417 0112 01       		.byte	0x1
 418 0113 8F       		.byte	0x8f
 419 0114 8A000000 		.4byte	0x8a
 420 0118 02       		.byte	0x2
 421 0119 23       		.byte	0x23
 422 011a 00       		.uleb128 0
 423 011b 0B       		.uleb128 0xb
 424 011c 0A020000 		.4byte	.LASF21
 425 0120 01       		.byte	0x1
 426 0121 90       		.byte	0x90
 427 0122 8A000000 		.4byte	0x8a
 428 0126 02       		.byte	0x2
 429 0127 23       		.byte	0x23
 430 0128 01       		.uleb128 0x1
 431 0129 0B       		.uleb128 0xb
 432 012a 58000000 		.4byte	.LASF22
ARM GAS  C:\Users\ZHANGM~1\AppData\Local\Temp\cceS5h9W.s 			page 15


 433 012e 01       		.byte	0x1
 434 012f 91       		.byte	0x91
 435 0130 8A000000 		.4byte	0x8a
 436 0134 02       		.byte	0x2
 437 0135 23       		.byte	0x23
 438 0136 02       		.uleb128 0x2
 439 0137 00       		.byte	0
 440 0138 05       		.uleb128 0x5
 441 0139 2C000000 		.4byte	.LASF23
 442 013d 01       		.byte	0x1
 443 013e 92       		.byte	0x92
 444 013f 05010000 		.4byte	0x105
 445 0143 0A       		.uleb128 0xa
 446 0144 0C       		.byte	0xc
 447 0145 01       		.byte	0x1
 448 0146 94       		.byte	0x94
 449 0147 6A010000 		.4byte	0x16a
 450 014b 0C       		.uleb128 0xc
 451 014c 38010000 		.4byte	0x138
 452 0150 5B010000 		.4byte	0x15b
 453 0154 0D       		.uleb128 0xd
 454 0155 68000000 		.4byte	0x68
 455 0159 03       		.byte	0x3
 456 015a 00       		.byte	0
 457 015b 0B       		.uleb128 0xb
 458 015c 7F020000 		.4byte	.LASF24
 459 0160 01       		.byte	0x1
 460 0161 95       		.byte	0x95
 461 0162 4B010000 		.4byte	0x14b
 462 0166 02       		.byte	0x2
 463 0167 23       		.byte	0x23
 464 0168 00       		.uleb128 0
 465 0169 00       		.byte	0
 466 016a 05       		.uleb128 0x5
 467 016b 95010000 		.4byte	.LASF25
 468 016f 01       		.byte	0x1
 469 0170 96       		.byte	0x96
 470 0171 43010000 		.4byte	0x143
 471 0175 0E       		.uleb128 0xe
 472 0176 67020000 		.4byte	.LASF26
 473 017a 01       		.byte	0x1
 474 017b 98       		.byte	0x98
 475 017c 84010000 		.4byte	0x184
 476 0180 C0F1FF0F 		.4byte	0xffff1c0
 477 0184 0F       		.uleb128 0xf
 478 0185 89010000 		.4byte	0x189
 479 0189 10       		.uleb128 0x10
 480 018a 04       		.byte	0x4
 481 018b 8F010000 		.4byte	0x18f
 482 018f 0F       		.uleb128 0xf
 483 0190 6A010000 		.4byte	0x16a
 484 0194 11       		.uleb128 0x11
 485 0195 32010000 		.4byte	.LASF27
 486 0199 01       		.byte	0x1
 487 019a 99       		.byte	0x99
 488 019b C2010000 		.4byte	0x1c2
 489 019f 04       		.byte	0x4
ARM GAS  C:\Users\ZHANGM~1\AppData\Local\Temp\cceS5h9W.s 			page 16


 490 01a0 12       		.uleb128 0x12
 491 01a1 D5000000 		.4byte	.LASF28
 492 01a5 01       		.byte	0x1
 493 01a6 9B       		.byte	0x9b
 494 01a7 AB000000 		.4byte	0xab
 495 01ab 12       		.uleb128 0x12
 496 01ac 87020000 		.4byte	.LASF29
 497 01b0 01       		.byte	0x1
 498 01b1 9C       		.byte	0x9c
 499 01b2 8A000000 		.4byte	0x8a
 500 01b6 12       		.uleb128 0x12
 501 01b7 E4010000 		.4byte	.LASF30
 502 01bb 01       		.byte	0x1
 503 01bc 9D       		.byte	0x9d
 504 01bd 8A000000 		.4byte	0x8a
 505 01c1 00       		.byte	0
 506 01c2 0F       		.uleb128 0xf
 507 01c3 A0000000 		.4byte	0xa0
 508 01c7 08       		.uleb128 0x8
 509 01c8 04010000 		.4byte	.LASF32
 510 01cc 01       		.byte	0x1
 511 01cd 39       		.byte	0x39
 512 01ce 01       		.byte	0x1
 513 01cf 01       		.byte	0x1
 514 01d0 E7010000 		.4byte	0x1e7
 515 01d4 13       		.uleb128 0x13
 516 01d5 7300     		.ascii	"s\000"
 517 01d7 01       		.byte	0x1
 518 01d8 39       		.byte	0x39
 519 01d9 6F000000 		.4byte	0x6f
 520 01dd 13       		.uleb128 0x13
 521 01de 6E00     		.ascii	"n\000"
 522 01e0 01       		.byte	0x1
 523 01e1 39       		.byte	0x39
 524 01e2 7F000000 		.4byte	0x7f
 525 01e6 00       		.byte	0
 526 01e7 07       		.uleb128 0x7
 527 01e8 4D000000 		.4byte	.LASF35
 528 01ec 01       		.byte	0x1
 529 01ed C3       		.byte	0xc3
 530 01ee 01       		.byte	0x1
 531 01ef 01       		.byte	0x1
 532 01f0 14       		.uleb128 0x14
 533 01f1 01       		.byte	0x1
 534 01f2 69010000 		.4byte	.LASF45
 535 01f6 01       		.byte	0x1
 536 01f7 0E01     		.2byte	0x10e
 537 01f9 01       		.byte	0x1
 538 01fa 00000000 		.4byte	.LFB6
 539 01fe 30010000 		.4byte	.LFE6
 540 0202 00000000 		.4byte	.LLST0
 541 0206 01       		.byte	0x1
 542 0207 71030000 		.4byte	0x371
 543 020b 15       		.uleb128 0x15
 544 020c 00000000 		.4byte	.Ldebug_ranges0+0
 545 0210 FB020000 		.4byte	0x2fb
 546 0214 16       		.uleb128 0x16
ARM GAS  C:\Users\ZHANGM~1\AppData\Local\Temp\cceS5h9W.s 			page 17


 547 0215 06       		.byte	0x6
 548 0216 01       		.byte	0x1
 549 0217 1501     		.2byte	0x115
 550 0219 3C020000 		.4byte	0x23c
 551 021d 17       		.uleb128 0x17
 552 021e 76010000 		.4byte	.LASF36
 553 0222 01       		.byte	0x1
 554 0223 1601     		.2byte	0x116
 555 0225 6F000000 		.4byte	0x6f
 556 0229 02       		.byte	0x2
 557 022a 23       		.byte	0x23
 558 022b 00       		.uleb128 0
 559 022c 17       		.uleb128 0x17
 560 022d E2000000 		.4byte	.LASF37
 561 0231 01       		.byte	0x1
 562 0232 1701     		.2byte	0x117
 563 0234 95000000 		.4byte	0x95
 564 0238 02       		.byte	0x2
 565 0239 23       		.byte	0x23
 566 023a 04       		.uleb128 0x4
 567 023b 00       		.byte	0
 568 023c 18       		.uleb128 0x18
 569 023d A6010000 		.4byte	.LASF38
 570 0241 01       		.byte	0x1
 571 0242 1801     		.2byte	0x118
 572 0244 14020000 		.4byte	0x214
 573 0248 0C       		.uleb128 0xc
 574 0249 3C020000 		.4byte	0x23c
 575 024d 58020000 		.4byte	0x258
 576 0251 0D       		.uleb128 0xd
 577 0252 68000000 		.4byte	0x68
 578 0256 01       		.byte	0x1
 579 0257 00       		.byte	0
 580 0258 19       		.uleb128 0x19
 581 0259 3D000000 		.4byte	.LASF39
 582 025d 01       		.byte	0x1
 583 025e 1A01     		.2byte	0x11a
 584 0260 64020000 		.4byte	0x264
 585 0264 0F       		.uleb128 0xf
 586 0265 48020000 		.4byte	0x248
 587 0269 1A       		.uleb128 0x1a
 588 026a 6900     		.ascii	"i\000"
 589 026c 01       		.byte	0x1
 590 026d 2001     		.2byte	0x120
 591 026f 8A000000 		.4byte	0x8a
 592 0273 20000000 		.4byte	.LLST1
 593 0277 1B       		.uleb128 0x1b
 594 0278 04000000 		.4byte	.LBB15
 595 027c 1C000000 		.4byte	.LBE15
 596 0280 1C       		.uleb128 0x1c
 597 0281 6D7300   		.ascii	"ms\000"
 598 0284 01       		.byte	0x1
 599 0285 2501     		.2byte	0x125
 600 0287 8B020000 		.4byte	0x28b
 601 028b 10       		.uleb128 0x10
 602 028c 04       		.byte	0x4
 603 028d 91020000 		.4byte	0x291
ARM GAS  C:\Users\ZHANGM~1\AppData\Local\Temp\cceS5h9W.s 			page 18


 604 0291 0F       		.uleb128 0xf
 605 0292 3C020000 		.4byte	0x23c
 606 0296 1D       		.uleb128 0x1d
 607 0297 C7010000 		.4byte	0x1c7
 608 029b 04000000 		.4byte	.LBB16
 609 029f 1C000000 		.4byte	.LBE16
 610 02a3 01       		.byte	0x1
 611 02a4 2601     		.2byte	0x126
 612 02a6 1E       		.uleb128 0x1e
 613 02a7 DD010000 		.4byte	0x1dd
 614 02ab 0004     		.2byte	0x400
 615 02ad 1F       		.uleb128 0x1f
 616 02ae D4010000 		.4byte	0x1d4
 617 02b2 4C000000 		.4byte	.LLST3
 618 02b6 20       		.uleb128 0x20
 619 02b7 10000000 		.4byte	.LVL1
 620 02bb 71030000 		.4byte	0x371
 621 02bf D9020000 		.4byte	0x2d9
 622 02c3 21       		.uleb128 0x21
 623 02c4 01       		.byte	0x1
 624 02c5 52       		.byte	0x52
 625 02c6 03       		.byte	0x3
 626 02c7 0A       		.byte	0xa
 627 02c8 0004     		.2byte	0x400
 628 02ca 21       		.uleb128 0x21
 629 02cb 01       		.byte	0x1
 630 02cc 51       		.byte	0x51
 631 02cd 01       		.byte	0x1
 632 02ce 30       		.byte	0x30
 633 02cf 21       		.uleb128 0x21
 634 02d0 01       		.byte	0x1
 635 02d1 50       		.byte	0x50
 636 02d2 05       		.byte	0x5
 637 02d3 0C       		.byte	0xc
 638 02d4 00300F40 		.4byte	0x400f3000
 639 02d8 00       		.byte	0
 640 02d9 22       		.uleb128 0x22
 641 02da 1C000000 		.4byte	.LVL2
 642 02de 71030000 		.4byte	0x371
 643 02e2 21       		.uleb128 0x21
 644 02e3 01       		.byte	0x1
 645 02e4 52       		.byte	0x52
 646 02e5 03       		.byte	0x3
 647 02e6 0A       		.byte	0xa
 648 02e7 0004     		.2byte	0x400
 649 02e9 21       		.uleb128 0x21
 650 02ea 01       		.byte	0x1
 651 02eb 51       		.byte	0x51
 652 02ec 01       		.byte	0x1
 653 02ed 30       		.byte	0x30
 654 02ee 21       		.uleb128 0x21
 655 02ef 01       		.byte	0x1
 656 02f0 50       		.byte	0x50
 657 02f1 05       		.byte	0x5
 658 02f2 0C       		.byte	0xc
 659 02f3 00400F40 		.4byte	0x400f4000
 660 02f7 00       		.byte	0
ARM GAS  C:\Users\ZHANGM~1\AppData\Local\Temp\cceS5h9W.s 			page 19


 661 02f8 00       		.byte	0
 662 02f9 00       		.byte	0
 663 02fa 00       		.byte	0
 664 02fb 23       		.uleb128 0x23
 665 02fc E7010000 		.4byte	0x1e7
 666 0300 56000000 		.4byte	.LBB18
 667 0304 18000000 		.4byte	.Ldebug_ranges0+0x18
 668 0308 01       		.byte	0x1
 669 0309 4001     		.2byte	0x140
 670 030b 24       		.uleb128 0x24
 671 030c ED000000 		.4byte	0xed
 672 0310 62000000 		.4byte	.LBB20
 673 0314 38000000 		.4byte	.Ldebug_ranges0+0x38
 674 0318 01       		.byte	0x1
 675 0319 C9       		.byte	0xc9
 676 031a 4D030000 		.4byte	0x34d
 677 031e 25       		.uleb128 0x25
 678 031f 68000000 		.4byte	.Ldebug_ranges0+0x68
 679 0323 26       		.uleb128 0x26
 680 0324 A0010000 		.4byte	0x1a0
 681 0328 27       		.uleb128 0x27
 682 0329 AB010000 		.4byte	0x1ab
 683 032d 74000000 		.4byte	.LLST4
 684 0331 26       		.uleb128 0x26
 685 0332 B6010000 		.4byte	0x1b6
 686 0336 28       		.uleb128 0x28
 687 0337 FA000000 		.4byte	0xfa
 688 033b 18       		.byte	0x18
 689 033c 29       		.uleb128 0x29
 690 033d 75010000 		.4byte	0x175
 691 0341 C0F1FF0F 		.4byte	0xffff1c0
 692 0345 2A       		.uleb128 0x2a
 693 0346 94010000 		.4byte	0x194
 694 034a 04       		.byte	0x4
 695 034b 00       		.byte	0
 696 034c 00       		.byte	0
 697 034d 20       		.uleb128 0x20
 698 034e 96000000 		.4byte	.LVL6
 699 0352 92030000 		.4byte	0x392
 700 0356 60030000 		.4byte	0x360
 701 035a 21       		.uleb128 0x21
 702 035b 01       		.byte	0x1
 703 035c 50       		.byte	0x50
 704 035d 01       		.byte	0x1
 705 035e 35       		.byte	0x35
 706 035f 00       		.byte	0
 707 0360 22       		.uleb128 0x22
 708 0361 A4000000 		.4byte	.LVL7
 709 0365 A6030000 		.4byte	0x3a6
 710 0369 21       		.uleb128 0x21
 711 036a 01       		.byte	0x1
 712 036b 50       		.byte	0x50
 713 036c 01       		.byte	0x1
 714 036d 35       		.byte	0x35
 715 036e 00       		.byte	0
 716 036f 00       		.byte	0
 717 0370 00       		.byte	0
ARM GAS  C:\Users\ZHANGM~1\AppData\Local\Temp\cceS5h9W.s 			page 20


 718 0371 2B       		.uleb128 0x2b
 719 0372 01       		.byte	0x1
 720 0373 1C010000 		.4byte	.LASF40
 721 0377 01       		.byte	0x1
 722 0378 6F000000 		.4byte	0x6f
 723 037c 01       		.byte	0x1
 724 037d 01       		.byte	0x1
 725 037e 92030000 		.4byte	0x392
 726 0382 2C       		.uleb128 0x2c
 727 0383 6F000000 		.4byte	0x6f
 728 0387 2C       		.uleb128 0x2c
 729 0388 45000000 		.4byte	0x45
 730 038c 2C       		.uleb128 0x2c
 731 038d 68000000 		.4byte	0x68
 732 0391 00       		.byte	0
 733 0392 2D       		.uleb128 0x2d
 734 0393 01       		.byte	0x1
 735 0394 00000000 		.4byte	.LASF41
 736 0398 04       		.byte	0x4
 737 0399 6F       		.byte	0x6f
 738 039a 01       		.byte	0x1
 739 039b 01       		.byte	0x1
 740 039c A6030000 		.4byte	0x3a6
 741 03a0 2C       		.uleb128 0x2c
 742 03a1 A0000000 		.4byte	0xa0
 743 03a5 00       		.byte	0
 744 03a6 2E       		.uleb128 0x2e
 745 03a7 01       		.byte	0x1
 746 03a8 FB010000 		.4byte	.LASF46
 747 03ac 04       		.byte	0x4
 748 03ad 6D       		.byte	0x6d
 749 03ae 01       		.byte	0x1
 750 03af 01       		.byte	0x1
 751 03b0 2C       		.uleb128 0x2c
 752 03b1 95000000 		.4byte	0x95
 753 03b5 00       		.byte	0
 754 03b6 00       		.byte	0
 755              		.section	.debug_abbrev,"",%progbits
 756              	.Ldebug_abbrev0:
 757 0000 01       		.uleb128 0x1
 758 0001 11       		.uleb128 0x11
 759 0002 01       		.byte	0x1
 760 0003 25       		.uleb128 0x25
 761 0004 0E       		.uleb128 0xe
 762 0005 13       		.uleb128 0x13
 763 0006 0B       		.uleb128 0xb
 764 0007 03       		.uleb128 0x3
 765 0008 0E       		.uleb128 0xe
 766 0009 1B       		.uleb128 0x1b
 767 000a 0E       		.uleb128 0xe
 768 000b 55       		.uleb128 0x55
 769 000c 06       		.uleb128 0x6
 770 000d 11       		.uleb128 0x11
 771 000e 01       		.uleb128 0x1
 772 000f 52       		.uleb128 0x52
 773 0010 01       		.uleb128 0x1
 774 0011 10       		.uleb128 0x10
ARM GAS  C:\Users\ZHANGM~1\AppData\Local\Temp\cceS5h9W.s 			page 21


 775 0012 06       		.uleb128 0x6
 776 0013 00       		.byte	0
 777 0014 00       		.byte	0
 778 0015 02       		.uleb128 0x2
 779 0016 24       		.uleb128 0x24
 780 0017 00       		.byte	0
 781 0018 0B       		.uleb128 0xb
 782 0019 0B       		.uleb128 0xb
 783 001a 3E       		.uleb128 0x3e
 784 001b 0B       		.uleb128 0xb
 785 001c 03       		.uleb128 0x3
 786 001d 0E       		.uleb128 0xe
 787 001e 00       		.byte	0
 788 001f 00       		.byte	0
 789 0020 03       		.uleb128 0x3
 790 0021 24       		.uleb128 0x24
 791 0022 00       		.byte	0
 792 0023 0B       		.uleb128 0xb
 793 0024 0B       		.uleb128 0xb
 794 0025 3E       		.uleb128 0x3e
 795 0026 0B       		.uleb128 0xb
 796 0027 03       		.uleb128 0x3
 797 0028 08       		.uleb128 0x8
 798 0029 00       		.byte	0
 799 002a 00       		.byte	0
 800 002b 04       		.uleb128 0x4
 801 002c 0F       		.uleb128 0xf
 802 002d 00       		.byte	0
 803 002e 0B       		.uleb128 0xb
 804 002f 0B       		.uleb128 0xb
 805 0030 00       		.byte	0
 806 0031 00       		.byte	0
 807 0032 05       		.uleb128 0x5
 808 0033 16       		.uleb128 0x16
 809 0034 00       		.byte	0
 810 0035 03       		.uleb128 0x3
 811 0036 0E       		.uleb128 0xe
 812 0037 3A       		.uleb128 0x3a
 813 0038 0B       		.uleb128 0xb
 814 0039 3B       		.uleb128 0x3b
 815 003a 0B       		.uleb128 0xb
 816 003b 49       		.uleb128 0x49
 817 003c 13       		.uleb128 0x13
 818 003d 00       		.byte	0
 819 003e 00       		.byte	0
 820 003f 06       		.uleb128 0x6
 821 0040 35       		.uleb128 0x35
 822 0041 00       		.byte	0
 823 0042 49       		.uleb128 0x49
 824 0043 13       		.uleb128 0x13
 825 0044 00       		.byte	0
 826 0045 00       		.byte	0
 827 0046 07       		.uleb128 0x7
 828 0047 2E       		.uleb128 0x2e
 829 0048 00       		.byte	0
 830 0049 03       		.uleb128 0x3
 831 004a 0E       		.uleb128 0xe
ARM GAS  C:\Users\ZHANGM~1\AppData\Local\Temp\cceS5h9W.s 			page 22


 832 004b 3A       		.uleb128 0x3a
 833 004c 0B       		.uleb128 0xb
 834 004d 3B       		.uleb128 0x3b
 835 004e 0B       		.uleb128 0xb
 836 004f 27       		.uleb128 0x27
 837 0050 0C       		.uleb128 0xc
 838 0051 20       		.uleb128 0x20
 839 0052 0B       		.uleb128 0xb
 840 0053 00       		.byte	0
 841 0054 00       		.byte	0
 842 0055 08       		.uleb128 0x8
 843 0056 2E       		.uleb128 0x2e
 844 0057 01       		.byte	0x1
 845 0058 03       		.uleb128 0x3
 846 0059 0E       		.uleb128 0xe
 847 005a 3A       		.uleb128 0x3a
 848 005b 0B       		.uleb128 0xb
 849 005c 3B       		.uleb128 0x3b
 850 005d 0B       		.uleb128 0xb
 851 005e 27       		.uleb128 0x27
 852 005f 0C       		.uleb128 0xc
 853 0060 20       		.uleb128 0x20
 854 0061 0B       		.uleb128 0xb
 855 0062 01       		.uleb128 0x1
 856 0063 13       		.uleb128 0x13
 857 0064 00       		.byte	0
 858 0065 00       		.byte	0
 859 0066 09       		.uleb128 0x9
 860 0067 05       		.uleb128 0x5
 861 0068 00       		.byte	0
 862 0069 03       		.uleb128 0x3
 863 006a 0E       		.uleb128 0xe
 864 006b 3A       		.uleb128 0x3a
 865 006c 0B       		.uleb128 0xb
 866 006d 3B       		.uleb128 0x3b
 867 006e 0B       		.uleb128 0xb
 868 006f 49       		.uleb128 0x49
 869 0070 13       		.uleb128 0x13
 870 0071 00       		.byte	0
 871 0072 00       		.byte	0
 872 0073 0A       		.uleb128 0xa
 873 0074 13       		.uleb128 0x13
 874 0075 01       		.byte	0x1
 875 0076 0B       		.uleb128 0xb
 876 0077 0B       		.uleb128 0xb
 877 0078 3A       		.uleb128 0x3a
 878 0079 0B       		.uleb128 0xb
 879 007a 3B       		.uleb128 0x3b
 880 007b 0B       		.uleb128 0xb
 881 007c 01       		.uleb128 0x1
 882 007d 13       		.uleb128 0x13
 883 007e 00       		.byte	0
 884 007f 00       		.byte	0
 885 0080 0B       		.uleb128 0xb
 886 0081 0D       		.uleb128 0xd
 887 0082 00       		.byte	0
 888 0083 03       		.uleb128 0x3
ARM GAS  C:\Users\ZHANGM~1\AppData\Local\Temp\cceS5h9W.s 			page 23


 889 0084 0E       		.uleb128 0xe
 890 0085 3A       		.uleb128 0x3a
 891 0086 0B       		.uleb128 0xb
 892 0087 3B       		.uleb128 0x3b
 893 0088 0B       		.uleb128 0xb
 894 0089 49       		.uleb128 0x49
 895 008a 13       		.uleb128 0x13
 896 008b 38       		.uleb128 0x38
 897 008c 0A       		.uleb128 0xa
 898 008d 00       		.byte	0
 899 008e 00       		.byte	0
 900 008f 0C       		.uleb128 0xc
 901 0090 01       		.uleb128 0x1
 902 0091 01       		.byte	0x1
 903 0092 49       		.uleb128 0x49
 904 0093 13       		.uleb128 0x13
 905 0094 01       		.uleb128 0x1
 906 0095 13       		.uleb128 0x13
 907 0096 00       		.byte	0
 908 0097 00       		.byte	0
 909 0098 0D       		.uleb128 0xd
 910 0099 21       		.uleb128 0x21
 911 009a 00       		.byte	0
 912 009b 49       		.uleb128 0x49
 913 009c 13       		.uleb128 0x13
 914 009d 2F       		.uleb128 0x2f
 915 009e 0B       		.uleb128 0xb
 916 009f 00       		.byte	0
 917 00a0 00       		.byte	0
 918 00a1 0E       		.uleb128 0xe
 919 00a2 34       		.uleb128 0x34
 920 00a3 00       		.byte	0
 921 00a4 03       		.uleb128 0x3
 922 00a5 0E       		.uleb128 0xe
 923 00a6 3A       		.uleb128 0x3a
 924 00a7 0B       		.uleb128 0xb
 925 00a8 3B       		.uleb128 0x3b
 926 00a9 0B       		.uleb128 0xb
 927 00aa 49       		.uleb128 0x49
 928 00ab 13       		.uleb128 0x13
 929 00ac 1C       		.uleb128 0x1c
 930 00ad 06       		.uleb128 0x6
 931 00ae 00       		.byte	0
 932 00af 00       		.byte	0
 933 00b0 0F       		.uleb128 0xf
 934 00b1 26       		.uleb128 0x26
 935 00b2 00       		.byte	0
 936 00b3 49       		.uleb128 0x49
 937 00b4 13       		.uleb128 0x13
 938 00b5 00       		.byte	0
 939 00b6 00       		.byte	0
 940 00b7 10       		.uleb128 0x10
 941 00b8 0F       		.uleb128 0xf
 942 00b9 00       		.byte	0
 943 00ba 0B       		.uleb128 0xb
 944 00bb 0B       		.uleb128 0xb
 945 00bc 49       		.uleb128 0x49
ARM GAS  C:\Users\ZHANGM~1\AppData\Local\Temp\cceS5h9W.s 			page 24


 946 00bd 13       		.uleb128 0x13
 947 00be 00       		.byte	0
 948 00bf 00       		.byte	0
 949 00c0 11       		.uleb128 0x11
 950 00c1 34       		.uleb128 0x34
 951 00c2 00       		.byte	0
 952 00c3 03       		.uleb128 0x3
 953 00c4 0E       		.uleb128 0xe
 954 00c5 3A       		.uleb128 0x3a
 955 00c6 0B       		.uleb128 0xb
 956 00c7 3B       		.uleb128 0x3b
 957 00c8 0B       		.uleb128 0xb
 958 00c9 49       		.uleb128 0x49
 959 00ca 13       		.uleb128 0x13
 960 00cb 1C       		.uleb128 0x1c
 961 00cc 0B       		.uleb128 0xb
 962 00cd 00       		.byte	0
 963 00ce 00       		.byte	0
 964 00cf 12       		.uleb128 0x12
 965 00d0 34       		.uleb128 0x34
 966 00d1 00       		.byte	0
 967 00d2 03       		.uleb128 0x3
 968 00d3 0E       		.uleb128 0xe
 969 00d4 3A       		.uleb128 0x3a
 970 00d5 0B       		.uleb128 0xb
 971 00d6 3B       		.uleb128 0x3b
 972 00d7 0B       		.uleb128 0xb
 973 00d8 49       		.uleb128 0x49
 974 00d9 13       		.uleb128 0x13
 975 00da 00       		.byte	0
 976 00db 00       		.byte	0
 977 00dc 13       		.uleb128 0x13
 978 00dd 05       		.uleb128 0x5
 979 00de 00       		.byte	0
 980 00df 03       		.uleb128 0x3
 981 00e0 08       		.uleb128 0x8
 982 00e1 3A       		.uleb128 0x3a
 983 00e2 0B       		.uleb128 0xb
 984 00e3 3B       		.uleb128 0x3b
 985 00e4 0B       		.uleb128 0xb
 986 00e5 49       		.uleb128 0x49
 987 00e6 13       		.uleb128 0x13
 988 00e7 00       		.byte	0
 989 00e8 00       		.byte	0
 990 00e9 14       		.uleb128 0x14
 991 00ea 2E       		.uleb128 0x2e
 992 00eb 01       		.byte	0x1
 993 00ec 3F       		.uleb128 0x3f
 994 00ed 0C       		.uleb128 0xc
 995 00ee 03       		.uleb128 0x3
 996 00ef 0E       		.uleb128 0xe
 997 00f0 3A       		.uleb128 0x3a
 998 00f1 0B       		.uleb128 0xb
 999 00f2 3B       		.uleb128 0x3b
 1000 00f3 05       		.uleb128 0x5
 1001 00f4 27       		.uleb128 0x27
 1002 00f5 0C       		.uleb128 0xc
ARM GAS  C:\Users\ZHANGM~1\AppData\Local\Temp\cceS5h9W.s 			page 25


 1003 00f6 11       		.uleb128 0x11
 1004 00f7 01       		.uleb128 0x1
 1005 00f8 12       		.uleb128 0x12
 1006 00f9 01       		.uleb128 0x1
 1007 00fa 40       		.uleb128 0x40
 1008 00fb 06       		.uleb128 0x6
 1009 00fc 9742     		.uleb128 0x2117
 1010 00fe 0C       		.uleb128 0xc
 1011 00ff 01       		.uleb128 0x1
 1012 0100 13       		.uleb128 0x13
 1013 0101 00       		.byte	0
 1014 0102 00       		.byte	0
 1015 0103 15       		.uleb128 0x15
 1016 0104 0B       		.uleb128 0xb
 1017 0105 01       		.byte	0x1
 1018 0106 55       		.uleb128 0x55
 1019 0107 06       		.uleb128 0x6
 1020 0108 01       		.uleb128 0x1
 1021 0109 13       		.uleb128 0x13
 1022 010a 00       		.byte	0
 1023 010b 00       		.byte	0
 1024 010c 16       		.uleb128 0x16
 1025 010d 13       		.uleb128 0x13
 1026 010e 01       		.byte	0x1
 1027 010f 0B       		.uleb128 0xb
 1028 0110 0B       		.uleb128 0xb
 1029 0111 3A       		.uleb128 0x3a
 1030 0112 0B       		.uleb128 0xb
 1031 0113 3B       		.uleb128 0x3b
 1032 0114 05       		.uleb128 0x5
 1033 0115 01       		.uleb128 0x1
 1034 0116 13       		.uleb128 0x13
 1035 0117 00       		.byte	0
 1036 0118 00       		.byte	0
 1037 0119 17       		.uleb128 0x17
 1038 011a 0D       		.uleb128 0xd
 1039 011b 00       		.byte	0
 1040 011c 03       		.uleb128 0x3
 1041 011d 0E       		.uleb128 0xe
 1042 011e 3A       		.uleb128 0x3a
 1043 011f 0B       		.uleb128 0xb
 1044 0120 3B       		.uleb128 0x3b
 1045 0121 05       		.uleb128 0x5
 1046 0122 49       		.uleb128 0x49
 1047 0123 13       		.uleb128 0x13
 1048 0124 38       		.uleb128 0x38
 1049 0125 0A       		.uleb128 0xa
 1050 0126 00       		.byte	0
 1051 0127 00       		.byte	0
 1052 0128 18       		.uleb128 0x18
 1053 0129 16       		.uleb128 0x16
 1054 012a 00       		.byte	0
 1055 012b 03       		.uleb128 0x3
 1056 012c 0E       		.uleb128 0xe
 1057 012d 3A       		.uleb128 0x3a
 1058 012e 0B       		.uleb128 0xb
 1059 012f 3B       		.uleb128 0x3b
ARM GAS  C:\Users\ZHANGM~1\AppData\Local\Temp\cceS5h9W.s 			page 26


 1060 0130 05       		.uleb128 0x5
 1061 0131 49       		.uleb128 0x49
 1062 0132 13       		.uleb128 0x13
 1063 0133 00       		.byte	0
 1064 0134 00       		.byte	0
 1065 0135 19       		.uleb128 0x19
 1066 0136 34       		.uleb128 0x34
 1067 0137 00       		.byte	0
 1068 0138 03       		.uleb128 0x3
 1069 0139 0E       		.uleb128 0xe
 1070 013a 3A       		.uleb128 0x3a
 1071 013b 0B       		.uleb128 0xb
 1072 013c 3B       		.uleb128 0x3b
 1073 013d 05       		.uleb128 0x5
 1074 013e 49       		.uleb128 0x49
 1075 013f 13       		.uleb128 0x13
 1076 0140 00       		.byte	0
 1077 0141 00       		.byte	0
 1078 0142 1A       		.uleb128 0x1a
 1079 0143 34       		.uleb128 0x34
 1080 0144 00       		.byte	0
 1081 0145 03       		.uleb128 0x3
 1082 0146 08       		.uleb128 0x8
 1083 0147 3A       		.uleb128 0x3a
 1084 0148 0B       		.uleb128 0xb
 1085 0149 3B       		.uleb128 0x3b
 1086 014a 05       		.uleb128 0x5
 1087 014b 49       		.uleb128 0x49
 1088 014c 13       		.uleb128 0x13
 1089 014d 02       		.uleb128 0x2
 1090 014e 06       		.uleb128 0x6
 1091 014f 00       		.byte	0
 1092 0150 00       		.byte	0
 1093 0151 1B       		.uleb128 0x1b
 1094 0152 0B       		.uleb128 0xb
 1095 0153 01       		.byte	0x1
 1096 0154 11       		.uleb128 0x11
 1097 0155 01       		.uleb128 0x1
 1098 0156 12       		.uleb128 0x12
 1099 0157 01       		.uleb128 0x1
 1100 0158 00       		.byte	0
 1101 0159 00       		.byte	0
 1102 015a 1C       		.uleb128 0x1c
 1103 015b 34       		.uleb128 0x34
 1104 015c 00       		.byte	0
 1105 015d 03       		.uleb128 0x3
 1106 015e 08       		.uleb128 0x8
 1107 015f 3A       		.uleb128 0x3a
 1108 0160 0B       		.uleb128 0xb
 1109 0161 3B       		.uleb128 0x3b
 1110 0162 05       		.uleb128 0x5
 1111 0163 49       		.uleb128 0x49
 1112 0164 13       		.uleb128 0x13
 1113 0165 00       		.byte	0
 1114 0166 00       		.byte	0
 1115 0167 1D       		.uleb128 0x1d
 1116 0168 1D       		.uleb128 0x1d
ARM GAS  C:\Users\ZHANGM~1\AppData\Local\Temp\cceS5h9W.s 			page 27


 1117 0169 01       		.byte	0x1
 1118 016a 31       		.uleb128 0x31
 1119 016b 13       		.uleb128 0x13
 1120 016c 11       		.uleb128 0x11
 1121 016d 01       		.uleb128 0x1
 1122 016e 12       		.uleb128 0x12
 1123 016f 01       		.uleb128 0x1
 1124 0170 58       		.uleb128 0x58
 1125 0171 0B       		.uleb128 0xb
 1126 0172 59       		.uleb128 0x59
 1127 0173 05       		.uleb128 0x5
 1128 0174 00       		.byte	0
 1129 0175 00       		.byte	0
 1130 0176 1E       		.uleb128 0x1e
 1131 0177 05       		.uleb128 0x5
 1132 0178 00       		.byte	0
 1133 0179 31       		.uleb128 0x31
 1134 017a 13       		.uleb128 0x13
 1135 017b 1C       		.uleb128 0x1c
 1136 017c 05       		.uleb128 0x5
 1137 017d 00       		.byte	0
 1138 017e 00       		.byte	0
 1139 017f 1F       		.uleb128 0x1f
 1140 0180 05       		.uleb128 0x5
 1141 0181 00       		.byte	0
 1142 0182 31       		.uleb128 0x31
 1143 0183 13       		.uleb128 0x13
 1144 0184 02       		.uleb128 0x2
 1145 0185 06       		.uleb128 0x6
 1146 0186 00       		.byte	0
 1147 0187 00       		.byte	0
 1148 0188 20       		.uleb128 0x20
 1149 0189 898201   		.uleb128 0x4109
 1150 018c 01       		.byte	0x1
 1151 018d 11       		.uleb128 0x11
 1152 018e 01       		.uleb128 0x1
 1153 018f 31       		.uleb128 0x31
 1154 0190 13       		.uleb128 0x13
 1155 0191 01       		.uleb128 0x1
 1156 0192 13       		.uleb128 0x13
 1157 0193 00       		.byte	0
 1158 0194 00       		.byte	0
 1159 0195 21       		.uleb128 0x21
 1160 0196 8A8201   		.uleb128 0x410a
 1161 0199 00       		.byte	0
 1162 019a 02       		.uleb128 0x2
 1163 019b 0A       		.uleb128 0xa
 1164 019c 9142     		.uleb128 0x2111
 1165 019e 0A       		.uleb128 0xa
 1166 019f 00       		.byte	0
 1167 01a0 00       		.byte	0
 1168 01a1 22       		.uleb128 0x22
 1169 01a2 898201   		.uleb128 0x4109
 1170 01a5 01       		.byte	0x1
 1171 01a6 11       		.uleb128 0x11
 1172 01a7 01       		.uleb128 0x1
 1173 01a8 31       		.uleb128 0x31
ARM GAS  C:\Users\ZHANGM~1\AppData\Local\Temp\cceS5h9W.s 			page 28


 1174 01a9 13       		.uleb128 0x13
 1175 01aa 00       		.byte	0
 1176 01ab 00       		.byte	0
 1177 01ac 23       		.uleb128 0x23
 1178 01ad 1D       		.uleb128 0x1d
 1179 01ae 01       		.byte	0x1
 1180 01af 31       		.uleb128 0x31
 1181 01b0 13       		.uleb128 0x13
 1182 01b1 52       		.uleb128 0x52
 1183 01b2 01       		.uleb128 0x1
 1184 01b3 55       		.uleb128 0x55
 1185 01b4 06       		.uleb128 0x6
 1186 01b5 58       		.uleb128 0x58
 1187 01b6 0B       		.uleb128 0xb
 1188 01b7 59       		.uleb128 0x59
 1189 01b8 05       		.uleb128 0x5
 1190 01b9 00       		.byte	0
 1191 01ba 00       		.byte	0
 1192 01bb 24       		.uleb128 0x24
 1193 01bc 1D       		.uleb128 0x1d
 1194 01bd 01       		.byte	0x1
 1195 01be 31       		.uleb128 0x31
 1196 01bf 13       		.uleb128 0x13
 1197 01c0 52       		.uleb128 0x52
 1198 01c1 01       		.uleb128 0x1
 1199 01c2 55       		.uleb128 0x55
 1200 01c3 06       		.uleb128 0x6
 1201 01c4 58       		.uleb128 0x58
 1202 01c5 0B       		.uleb128 0xb
 1203 01c6 59       		.uleb128 0x59
 1204 01c7 0B       		.uleb128 0xb
 1205 01c8 01       		.uleb128 0x1
 1206 01c9 13       		.uleb128 0x13
 1207 01ca 00       		.byte	0
 1208 01cb 00       		.byte	0
 1209 01cc 25       		.uleb128 0x25
 1210 01cd 0B       		.uleb128 0xb
 1211 01ce 01       		.byte	0x1
 1212 01cf 55       		.uleb128 0x55
 1213 01d0 06       		.uleb128 0x6
 1214 01d1 00       		.byte	0
 1215 01d2 00       		.byte	0
 1216 01d3 26       		.uleb128 0x26
 1217 01d4 34       		.uleb128 0x34
 1218 01d5 00       		.byte	0
 1219 01d6 31       		.uleb128 0x31
 1220 01d7 13       		.uleb128 0x13
 1221 01d8 00       		.byte	0
 1222 01d9 00       		.byte	0
 1223 01da 27       		.uleb128 0x27
 1224 01db 34       		.uleb128 0x34
 1225 01dc 00       		.byte	0
 1226 01dd 31       		.uleb128 0x31
 1227 01de 13       		.uleb128 0x13
 1228 01df 02       		.uleb128 0x2
 1229 01e0 06       		.uleb128 0x6
 1230 01e1 00       		.byte	0
ARM GAS  C:\Users\ZHANGM~1\AppData\Local\Temp\cceS5h9W.s 			page 29


 1231 01e2 00       		.byte	0
 1232 01e3 28       		.uleb128 0x28
 1233 01e4 05       		.uleb128 0x5
 1234 01e5 00       		.byte	0
 1235 01e6 31       		.uleb128 0x31
 1236 01e7 13       		.uleb128 0x13
 1237 01e8 1C       		.uleb128 0x1c
 1238 01e9 0B       		.uleb128 0xb
 1239 01ea 00       		.byte	0
 1240 01eb 00       		.byte	0
 1241 01ec 29       		.uleb128 0x29
 1242 01ed 34       		.uleb128 0x34
 1243 01ee 00       		.byte	0
 1244 01ef 31       		.uleb128 0x31
 1245 01f0 13       		.uleb128 0x13
 1246 01f1 1C       		.uleb128 0x1c
 1247 01f2 06       		.uleb128 0x6
 1248 01f3 00       		.byte	0
 1249 01f4 00       		.byte	0
 1250 01f5 2A       		.uleb128 0x2a
 1251 01f6 34       		.uleb128 0x34
 1252 01f7 00       		.byte	0
 1253 01f8 31       		.uleb128 0x31
 1254 01f9 13       		.uleb128 0x13
 1255 01fa 1C       		.uleb128 0x1c
 1256 01fb 0B       		.uleb128 0xb
 1257 01fc 00       		.byte	0
 1258 01fd 00       		.byte	0
 1259 01fe 2B       		.uleb128 0x2b
 1260 01ff 2E       		.uleb128 0x2e
 1261 0200 01       		.byte	0x1
 1262 0201 3F       		.uleb128 0x3f
 1263 0202 0C       		.uleb128 0xc
 1264 0203 03       		.uleb128 0x3
 1265 0204 0E       		.uleb128 0xe
 1266 0205 27       		.uleb128 0x27
 1267 0206 0C       		.uleb128 0xc
 1268 0207 49       		.uleb128 0x49
 1269 0208 13       		.uleb128 0x13
 1270 0209 34       		.uleb128 0x34
 1271 020a 0C       		.uleb128 0xc
 1272 020b 3C       		.uleb128 0x3c
 1273 020c 0C       		.uleb128 0xc
 1274 020d 01       		.uleb128 0x1
 1275 020e 13       		.uleb128 0x13
 1276 020f 00       		.byte	0
 1277 0210 00       		.byte	0
 1278 0211 2C       		.uleb128 0x2c
 1279 0212 05       		.uleb128 0x5
 1280 0213 00       		.byte	0
 1281 0214 49       		.uleb128 0x49
 1282 0215 13       		.uleb128 0x13
 1283 0216 00       		.byte	0
 1284 0217 00       		.byte	0
 1285 0218 2D       		.uleb128 0x2d
 1286 0219 2E       		.uleb128 0x2e
 1287 021a 01       		.byte	0x1
ARM GAS  C:\Users\ZHANGM~1\AppData\Local\Temp\cceS5h9W.s 			page 30


 1288 021b 3F       		.uleb128 0x3f
 1289 021c 0C       		.uleb128 0xc
 1290 021d 03       		.uleb128 0x3
 1291 021e 0E       		.uleb128 0xe
 1292 021f 3A       		.uleb128 0x3a
 1293 0220 0B       		.uleb128 0xb
 1294 0221 3B       		.uleb128 0x3b
 1295 0222 0B       		.uleb128 0xb
 1296 0223 27       		.uleb128 0x27
 1297 0224 0C       		.uleb128 0xc
 1298 0225 3C       		.uleb128 0x3c
 1299 0226 0C       		.uleb128 0xc
 1300 0227 01       		.uleb128 0x1
 1301 0228 13       		.uleb128 0x13
 1302 0229 00       		.byte	0
 1303 022a 00       		.byte	0
 1304 022b 2E       		.uleb128 0x2e
 1305 022c 2E       		.uleb128 0x2e
 1306 022d 01       		.byte	0x1
 1307 022e 3F       		.uleb128 0x3f
 1308 022f 0C       		.uleb128 0xc
 1309 0230 03       		.uleb128 0x3
 1310 0231 0E       		.uleb128 0xe
 1311 0232 3A       		.uleb128 0x3a
 1312 0233 0B       		.uleb128 0xb
 1313 0234 3B       		.uleb128 0x3b
 1314 0235 0B       		.uleb128 0xb
 1315 0236 27       		.uleb128 0x27
 1316 0237 0C       		.uleb128 0xc
 1317 0238 3C       		.uleb128 0x3c
 1318 0239 0C       		.uleb128 0xc
 1319 023a 00       		.byte	0
 1320 023b 00       		.byte	0
 1321 023c 00       		.byte	0
 1322              		.section	.debug_loc,"",%progbits
 1323              	.Ldebug_loc0:
 1324              	.LLST0:
 1325 0000 00000000 		.4byte	.LFB6
 1326 0004 02000000 		.4byte	.LCFI0
 1327 0008 0200     		.2byte	0x2
 1328 000a 7D       		.byte	0x7d
 1329 000b 00       		.sleb128 0
 1330 000c 02000000 		.4byte	.LCFI0
 1331 0010 30010000 		.4byte	.LFE6
 1332 0014 0200     		.2byte	0x2
 1333 0016 7D       		.byte	0x7d
 1334 0017 08       		.sleb128 8
 1335 0018 00000000 		.4byte	0
 1336 001c 00000000 		.4byte	0
 1337              	.LLST1:
 1338 0020 04000000 		.4byte	.LVL0
 1339 0024 10000000 		.4byte	.LVL1
 1340 0028 0200     		.2byte	0x2
 1341 002a 30       		.byte	0x30
 1342 002b 9F       		.byte	0x9f
 1343 002c 10000000 		.4byte	.LVL1
 1344 0030 1C000000 		.4byte	.LVL2
ARM GAS  C:\Users\ZHANGM~1\AppData\Local\Temp\cceS5h9W.s 			page 31


 1345 0034 0200     		.2byte	0x2
 1346 0036 31       		.byte	0x31
 1347 0037 9F       		.byte	0x9f
 1348 0038 1C000000 		.4byte	.LVL2
 1349 003c 30010000 		.4byte	.LFE6
 1350 0040 0200     		.2byte	0x2
 1351 0042 32       		.byte	0x32
 1352 0043 9F       		.byte	0x9f
 1353 0044 00000000 		.4byte	0
 1354 0048 00000000 		.4byte	0
 1355              	.LLST3:
 1356 004c 04000000 		.4byte	.LVL0
 1357 0050 10000000 		.4byte	.LVL1
 1358 0054 0600     		.2byte	0x6
 1359 0056 0C       		.byte	0xc
 1360 0057 00300F40 		.4byte	0x400f3000
 1361 005b 9F       		.byte	0x9f
 1362 005c 10000000 		.4byte	.LVL1
 1363 0060 30010000 		.4byte	.LFE6
 1364 0064 0600     		.2byte	0x6
 1365 0066 0C       		.byte	0xc
 1366 0067 00400F40 		.4byte	0x400f4000
 1367 006b 9F       		.byte	0x9f
 1368 006c 00000000 		.4byte	0
 1369 0070 00000000 		.4byte	0
 1370              	.LLST4:
 1371 0074 6C000000 		.4byte	.LVL4
 1372 0078 70000000 		.4byte	.LVL5
 1373 007c 0100     		.2byte	0x1
 1374 007e 50       		.byte	0x50
 1375 007f 00000000 		.4byte	0
 1376 0083 00000000 		.4byte	0
 1377              		.section	.debug_aranges,"",%progbits
 1378 0000 1C000000 		.4byte	0x1c
 1379 0004 0200     		.2byte	0x2
 1380 0006 00000000 		.4byte	.Ldebug_info0
 1381 000a 04       		.byte	0x4
 1382 000b 00       		.byte	0
 1383 000c 0000     		.2byte	0
 1384 000e 0000     		.2byte	0
 1385 0010 00000000 		.4byte	.LFB6
 1386 0014 30010000 		.4byte	.LFE6-.LFB6
 1387 0018 00000000 		.4byte	0
 1388 001c 00000000 		.4byte	0
 1389              		.section	.debug_ranges,"",%progbits
 1390              	.Ldebug_ranges0:
 1391 0000 04000000 		.4byte	.LBB14
 1392 0004 56000000 		.4byte	.LBE14
 1393 0008 58000000 		.4byte	.LBB32
 1394 000c 5C000000 		.4byte	.LBE32
 1395 0010 00000000 		.4byte	0
 1396 0014 00000000 		.4byte	0
 1397 0018 56000000 		.4byte	.LBB18
 1398 001c 58000000 		.4byte	.LBE18
 1399 0020 5C000000 		.4byte	.LBB33
 1400 0024 8A000000 		.4byte	.LBE33
 1401 0028 8A000000 		.4byte	.LBB34
ARM GAS  C:\Users\ZHANGM~1\AppData\Local\Temp\cceS5h9W.s 			page 32


 1402 002c C4000000 		.4byte	.LBE34
 1403 0030 00000000 		.4byte	0
 1404 0034 00000000 		.4byte	0
 1405 0038 62000000 		.4byte	.LBB20
 1406 003c 64000000 		.4byte	.LBE20
 1407 0040 66000000 		.4byte	.LBB26
 1408 0044 68000000 		.4byte	.LBE26
 1409 0048 6A000000 		.4byte	.LBB27
 1410 004c 84000000 		.4byte	.LBE27
 1411 0050 86000000 		.4byte	.LBB28
 1412 0054 8A000000 		.4byte	.LBE28
 1413 0058 8A000000 		.4byte	.LBB29
 1414 005c 8C000000 		.4byte	.LBE29
 1415 0060 00000000 		.4byte	0
 1416 0064 00000000 		.4byte	0
 1417 0068 62000000 		.4byte	.LBB21
 1418 006c 64000000 		.4byte	.LBE21
 1419 0070 66000000 		.4byte	.LBB22
 1420 0074 68000000 		.4byte	.LBE22
 1421 0078 6A000000 		.4byte	.LBB23
 1422 007c 84000000 		.4byte	.LBE23
 1423 0080 86000000 		.4byte	.LBB24
 1424 0084 8A000000 		.4byte	.LBE24
 1425 0088 8A000000 		.4byte	.LBB25
 1426 008c 8C000000 		.4byte	.LBE25
 1427 0090 00000000 		.4byte	0
 1428 0094 00000000 		.4byte	0
 1429 0098 00000000 		.4byte	.LFB6
 1430 009c 30010000 		.4byte	.LFE6
 1431 00a0 00000000 		.4byte	0
 1432 00a4 00000000 		.4byte	0
 1433              		.section	.debug_line,"",%progbits
 1434              	.Ldebug_line0:
 1435 0000 57010000 		.section	.debug_str,"MS",%progbits,1
 1435      0200DC00 
 1435      00000201 
 1435      FB0E0D00 
 1435      01010101 
 1436              	.LASF41:
 1437 0000 43794465 		.ascii	"CyDelayCycles\000"
 1437      6C617943 
 1437      79636C65 
 1437      7300
 1438              	.LASF19:
 1439 000e 72656733 		.ascii	"reg32\000"
 1439      3200
 1440              	.LASF11:
 1441 0014 73697A65 		.ascii	"size_t\000"
 1441      5F7400
 1442              	.LASF34:
 1443 001b 416E616C 		.ascii	"AnalogSetDefault\000"
 1443      6F675365 
 1443      74446566 
 1443      61756C74 
 1443      00
 1444              	.LASF23:
 1445 002c 696D6F5F 		.ascii	"imo_trim_entry_t\000"
ARM GAS  C:\Users\ZHANGM~1\AppData\Local\Temp\cceS5h9W.s 			page 33


 1445      7472696D 
 1445      5F656E74 
 1445      72795F74 
 1445      00
 1446              	.LASF39:
 1447 003d 6366675F 		.ascii	"cfg_memset_list\000"
 1447      6D656D73 
 1447      65745F6C 
 1447      69737400 
 1448              	.LASF35:
 1449 004d 436C6F63 		.ascii	"ClockSetup\000"
 1449      6B536574 
 1449      757000
 1450              	.LASF22:
 1451 0058 746D7063 		.ascii	"tmpco\000"
 1451      6F00
 1452              	.LASF44:
 1453 005e 453A5C63 		.ascii	"E:\\code\\wifi\\1.6\\UartBootloader\\UART_Bootloade"
 1453      6F64655C 
 1453      77696669 
 1453      5C312E36 
 1453      5C556172 
 1454 008c 725C5541 		.ascii	"r\\UART_Bootloader.cydsn\000"
 1454      52545F42 
 1454      6F6F746C 
 1454      6F616465 
 1454      722E6379 
 1455              	.LASF3:
 1456 00a4 73686F72 		.ascii	"short unsigned int\000"
 1456      7420756E 
 1456      7369676E 
 1456      65642069 
 1456      6E7400
 1457              	.LASF2:
 1458 00b7 73686F72 		.ascii	"short int\000"
 1458      7420696E 
 1458      7400
 1459              	.LASF31:
 1460 00c1 53657449 		.ascii	"SetIMOBGTrims\000"
 1460      4D4F4247 
 1460      5472696D 
 1460      7300
 1461              	.LASF16:
 1462 00cf 666C6F61 		.ascii	"float\000"
 1462      7400
 1463              	.LASF28:
 1464 00d5 696D6F54 		.ascii	"imoTrimIndex\000"
 1464      72696D49 
 1464      6E646578 
 1464      00
 1465              	.LASF37:
 1466 00e2 73697A65 		.ascii	"size\000"
 1466      00
 1467              	.LASF18:
 1468 00e7 72656738 		.ascii	"reg8\000"
 1468      00
 1469              	.LASF9:
ARM GAS  C:\Users\ZHANGM~1\AppData\Local\Temp\cceS5h9W.s 			page 34


 1470 00ec 6C6F6E67 		.ascii	"long unsigned int\000"
 1470      20756E73 
 1470      69676E65 
 1470      6420696E 
 1470      7400
 1471              	.LASF15:
 1472 00fe 696E7433 		.ascii	"int32\000"
 1472      3200
 1473              	.LASF32:
 1474 0104 43594D45 		.ascii	"CYMEMZERO\000"
 1474      4D5A4552 
 1474      4F00
 1475              	.LASF1:
 1476 010e 756E7369 		.ascii	"unsigned char\000"
 1476      676E6564 
 1476      20636861 
 1476      7200
 1477              	.LASF40:
 1478 011c 6D656D73 		.ascii	"memset\000"
 1478      657400
 1479              	.LASF17:
 1480 0123 646F7562 		.ascii	"double\000"
 1480      6C6500
 1481              	.LASF33:
 1482 012a 696D6F46 		.ascii	"imoFreq\000"
 1482      72657100 
 1483              	.LASF27:
 1484 0132 494D4F5F 		.ascii	"IMO_TRIM_FREQ_TABLE_ENTRIES\000"
 1484      5452494D 
 1484      5F465245 
 1484      515F5441 
 1484      424C455F 
 1485              	.LASF13:
 1486 014e 75696E74 		.ascii	"uint16\000"
 1486      313600
 1487              	.LASF14:
 1488 0155 75696E74 		.ascii	"uint32\000"
 1488      333200
 1489              	.LASF4:
 1490 015c 756E7369 		.ascii	"unsigned int\000"
 1490      676E6564 
 1490      20696E74 
 1490      00
 1491              	.LASF45:
 1492 0169 63796669 		.ascii	"cyfitter_cfg\000"
 1492      74746572 
 1492      5F636667 
 1492      00
 1493              	.LASF36:
 1494 0176 61646472 		.ascii	"address\000"
 1494      65737300 
 1495              	.LASF6:
 1496 017e 6C6F6E67 		.ascii	"long long unsigned int\000"
 1496      206C6F6E 
 1496      6720756E 
 1496      7369676E 
 1496      65642069 
ARM GAS  C:\Users\ZHANGM~1\AppData\Local\Temp\cceS5h9W.s 			page 35


 1497              	.LASF25:
 1498 0195 696D6F5F 		.ascii	"imo_trim_table_t\000"
 1498      7472696D 
 1498      5F746162 
 1498      6C655F74 
 1498      00
 1499              	.LASF38:
 1500 01a6 6366675F 		.ascii	"cfg_memset_t\000"
 1500      6D656D73 
 1500      65745F74 
 1500      00
 1501              	.LASF43:
 1502 01b3 2E5C4765 		.ascii	".\\Generated_Source\\PSoC4\\cyfitter_cfg.c\000"
 1502      6E657261 
 1502      7465645F 
 1502      536F7572 
 1502      63655C50 
 1503              	.LASF8:
 1504 01db 73697A65 		.ascii	"sizetype\000"
 1504      74797065 
 1504      00
 1505              	.LASF30:
 1506 01e4 73657454 		.ascii	"setTmpCo\000"
 1506      6D70436F 
 1506      00
 1507              	.LASF5:
 1508 01ed 6C6F6E67 		.ascii	"long long int\000"
 1508      206C6F6E 
 1508      6720696E 
 1508      7400
 1509              	.LASF46:
 1510 01fb 43794465 		.ascii	"CyDelayUs\000"
 1510      6C617955 
 1510      7300
 1511              	.LASF10:
 1512 0205 63686172 		.ascii	"char\000"
 1512      00
 1513              	.LASF21:
 1514 020a 6162736F 		.ascii	"absolute\000"
 1514      6C757465 
 1514      00
 1515              	.LASF20:
 1516 0213 66726571 		.ascii	"freq\000"
 1516      00
 1517              	.LASF12:
 1518 0218 75696E74 		.ascii	"uint8\000"
 1518      3800
 1519              	.LASF42:
 1520 021e 474E5520 		.ascii	"GNU C 4.7.3 20130312 (release) [ARM/embedded-4_7-br"
 1520      4320342E 
 1520      372E3320 
 1520      32303133 
 1520      30333132 
 1521 0251 616E6368 		.ascii	"anch revision 196615]\000"
 1521      20726576 
 1521      6973696F 
 1521      6E203139 
ARM GAS  C:\Users\ZHANGM~1\AppData\Local\Temp\cceS5h9W.s 			page 36


 1521      36363135 
 1522              	.LASF26:
 1523 0267 696D6F5F 		.ascii	"imo_trim_table\000"
 1523      7472696D 
 1523      5F746162 
 1523      6C6500
 1524              	.LASF7:
 1525 0276 6C6F6E67 		.ascii	"long int\000"
 1525      20696E74 
 1525      00
 1526              	.LASF24:
 1527 027f 656E7472 		.ascii	"entries\000"
 1527      69657300 
 1528              	.LASF29:
 1529 0287 73657441 		.ascii	"setAbs\000"
 1529      627300
 1530              	.LASF0:
 1531 028e 7369676E 		.ascii	"signed char\000"
 1531      65642063 
 1531      68617200 
 1532              		.ident	"GCC: (GNU Tools for ARM Embedded Processors) 4.7.3 20130312 (release) [ARM/embedded-4_7-br
