ARM GAS  C:\Users\ZHANGM~1\AppData\Local\Temp\ccta0aUu.s 			page 1


   1              		.cpu cortex-m0
   2              		.fpu softvfp
   3              		.eabi_attribute 20, 1
   4              		.eabi_attribute 21, 1
   5              		.eabi_attribute 23, 3
   6              		.eabi_attribute 24, 1
   7              		.eabi_attribute 25, 1
   8              		.eabi_attribute 26, 1
   9              		.eabi_attribute 30, 4
  10              		.eabi_attribute 34, 0
  11              		.eabi_attribute 18, 4
  12              		.code	16
  13              		.file	"main.c"
  14              		.text
  15              	.Ltext0:
  16              		.cfi_sections	.debug_frame
  17              		.section	.text.startup.main,"ax",%progbits
  18              		.align	1
  19              		.global	main
  20              		.code	16
  21              		.thumb_func
  22              		.type	main, %function
  23              	main:
  24              	.LFB33:
  25              		.file 1 ".\\main.c"
   1:.\main.c      **** /* ========================================
   2:.\main.c      ****  *
   3:.\main.c      ****  * Copyright YOUR COMPANY, THE YEAR
   4:.\main.c      ****  * All Rights Reserved
   5:.\main.c      ****  * UNPUBLISHED, LICENSED SOFTWARE.
   6:.\main.c      ****  *
   7:.\main.c      ****  * CONFIDENTIAL AND PROPRIETARY INFORMATION
   8:.\main.c      ****  * WHICH IS THE PROPERTY OF your company.
   9:.\main.c      ****  *
  10:.\main.c      ****  * ========================================
  11:.\main.c      **** */
  12:.\main.c      **** #include <project.h>
  13:.\main.c      **** 
  14:.\main.c      **** void main()
  15:.\main.c      **** {
  26              		.loc 1 15 0
  27              		.cfi_startproc
  28 0000 08B5     		push	{r3, lr}
  29              	.LCFI0:
  30              		.cfi_def_cfa_offset 8
  31              		.cfi_offset 3, -8
  32              		.cfi_offset 14, -4
  16:.\main.c      ****     /* Place your initialization/startup code here (e.g. MyInst_Start()) */
  17:.\main.c      ****     CyBtldr_Start();
  33              		.loc 1 17 0
  34 0002 FFF7FEFF 		bl	Bootloader_Start
  35              	.LVL0:
  36              	.L2:
  37 0006 FEE7     		b	.L2
  38              		.cfi_endproc
  39              	.LFE33:
  40              		.size	main, .-main
ARM GAS  C:\Users\ZHANGM~1\AppData\Local\Temp\ccta0aUu.s 			page 2


  41              		.text
  42              	.Letext0:
  43              		.file 2 "./Generated_Source/PSoC4/Bootloader.h"
  44              		.section	.debug_info,"",%progbits
  45              	.Ldebug_info0:
  46 0000 B5000000 		.4byte	0xb5
  47 0004 0200     		.2byte	0x2
  48 0006 00000000 		.4byte	.Ldebug_abbrev0
  49 000a 04       		.byte	0x4
  50 000b 01       		.uleb128 0x1
  51 000c 20000000 		.4byte	.LASF13
  52 0010 01       		.byte	0x1
  53 0011 3B010000 		.4byte	.LASF14
  54 0015 D0000000 		.4byte	.LASF15
  55 0019 00000000 		.4byte	.Ldebug_ranges0+0
  56 001d 00000000 		.4byte	0
  57 0021 00000000 		.4byte	0
  58 0025 00000000 		.4byte	.Ldebug_line0
  59 0029 02       		.uleb128 0x2
  60 002a 01       		.byte	0x1
  61 002b 06       		.byte	0x6
  62 002c 29010000 		.4byte	.LASF0
  63 0030 02       		.uleb128 0x2
  64 0031 01       		.byte	0x1
  65 0032 08       		.byte	0x8
  66 0033 92000000 		.4byte	.LASF1
  67 0037 02       		.uleb128 0x2
  68 0038 02       		.byte	0x2
  69 0039 05       		.byte	0x5
  70 003a AE000000 		.4byte	.LASF2
  71 003e 02       		.uleb128 0x2
  72 003f 02       		.byte	0x2
  73 0040 07       		.byte	0x7
  74 0041 16010000 		.4byte	.LASF3
  75 0045 02       		.uleb128 0x2
  76 0046 04       		.byte	0x4
  77 0047 05       		.byte	0x5
  78 0048 A5000000 		.4byte	.LASF4
  79 004c 02       		.uleb128 0x2
  80 004d 04       		.byte	0x4
  81 004e 07       		.byte	0x7
  82 004f 69000000 		.4byte	.LASF5
  83 0053 02       		.uleb128 0x2
  84 0054 08       		.byte	0x8
  85 0055 05       		.byte	0x5
  86 0056 00000000 		.4byte	.LASF6
  87 005a 02       		.uleb128 0x2
  88 005b 08       		.byte	0x8
  89 005c 07       		.byte	0x7
  90 005d 7B000000 		.4byte	.LASF7
  91 0061 03       		.uleb128 0x3
  92 0062 04       		.byte	0x4
  93 0063 05       		.byte	0x5
  94 0064 696E7400 		.ascii	"int\000"
  95 0068 02       		.uleb128 0x2
  96 0069 04       		.byte	0x4
  97 006a 07       		.byte	0x7
ARM GAS  C:\Users\ZHANGM~1\AppData\Local\Temp\ccta0aUu.s 			page 3


  98 006b 0E000000 		.4byte	.LASF8
  99 006f 02       		.uleb128 0x2
 100 0070 04       		.byte	0x4
 101 0071 04       		.byte	0x4
 102 0072 35010000 		.4byte	.LASF9
 103 0076 02       		.uleb128 0x2
 104 0077 08       		.byte	0x8
 105 0078 04       		.byte	0x4
 106 0079 C9000000 		.4byte	.LASF10
 107 007d 02       		.uleb128 0x2
 108 007e 01       		.byte	0x1
 109 007f 08       		.byte	0x8
 110 0080 A0000000 		.4byte	.LASF11
 111 0084 02       		.uleb128 0x2
 112 0085 04       		.byte	0x4
 113 0086 07       		.byte	0x7
 114 0087 44010000 		.4byte	.LASF12
 115 008b 04       		.uleb128 0x4
 116 008c 01       		.byte	0x1
 117 008d 1B000000 		.4byte	.LASF16
 118 0091 01       		.byte	0x1
 119 0092 0E       		.byte	0xe
 120 0093 00000000 		.4byte	.LFB33
 121 0097 08000000 		.4byte	.LFE33
 122 009b 00000000 		.4byte	.LLST0
 123 009f 01       		.byte	0x1
 124 00a0 AE000000 		.4byte	0xae
 125 00a4 05       		.uleb128 0x5
 126 00a5 06000000 		.4byte	.LVL0
 127 00a9 AE000000 		.4byte	0xae
 128 00ad 00       		.byte	0
 129 00ae 06       		.uleb128 0x6
 130 00af 01       		.byte	0x1
 131 00b0 B8000000 		.4byte	.LASF17
 132 00b4 02       		.byte	0x2
 133 00b5 93       		.byte	0x93
 134 00b6 01       		.byte	0x1
 135 00b7 01       		.byte	0x1
 136 00b8 00       		.byte	0
 137              		.section	.debug_abbrev,"",%progbits
 138              	.Ldebug_abbrev0:
 139 0000 01       		.uleb128 0x1
 140 0001 11       		.uleb128 0x11
 141 0002 01       		.byte	0x1
 142 0003 25       		.uleb128 0x25
 143 0004 0E       		.uleb128 0xe
 144 0005 13       		.uleb128 0x13
 145 0006 0B       		.uleb128 0xb
 146 0007 03       		.uleb128 0x3
 147 0008 0E       		.uleb128 0xe
 148 0009 1B       		.uleb128 0x1b
 149 000a 0E       		.uleb128 0xe
 150 000b 55       		.uleb128 0x55
 151 000c 06       		.uleb128 0x6
 152 000d 11       		.uleb128 0x11
 153 000e 01       		.uleb128 0x1
 154 000f 52       		.uleb128 0x52
ARM GAS  C:\Users\ZHANGM~1\AppData\Local\Temp\ccta0aUu.s 			page 4


 155 0010 01       		.uleb128 0x1
 156 0011 10       		.uleb128 0x10
 157 0012 06       		.uleb128 0x6
 158 0013 00       		.byte	0
 159 0014 00       		.byte	0
 160 0015 02       		.uleb128 0x2
 161 0016 24       		.uleb128 0x24
 162 0017 00       		.byte	0
 163 0018 0B       		.uleb128 0xb
 164 0019 0B       		.uleb128 0xb
 165 001a 3E       		.uleb128 0x3e
 166 001b 0B       		.uleb128 0xb
 167 001c 03       		.uleb128 0x3
 168 001d 0E       		.uleb128 0xe
 169 001e 00       		.byte	0
 170 001f 00       		.byte	0
 171 0020 03       		.uleb128 0x3
 172 0021 24       		.uleb128 0x24
 173 0022 00       		.byte	0
 174 0023 0B       		.uleb128 0xb
 175 0024 0B       		.uleb128 0xb
 176 0025 3E       		.uleb128 0x3e
 177 0026 0B       		.uleb128 0xb
 178 0027 03       		.uleb128 0x3
 179 0028 08       		.uleb128 0x8
 180 0029 00       		.byte	0
 181 002a 00       		.byte	0
 182 002b 04       		.uleb128 0x4
 183 002c 2E       		.uleb128 0x2e
 184 002d 01       		.byte	0x1
 185 002e 3F       		.uleb128 0x3f
 186 002f 0C       		.uleb128 0xc
 187 0030 03       		.uleb128 0x3
 188 0031 0E       		.uleb128 0xe
 189 0032 3A       		.uleb128 0x3a
 190 0033 0B       		.uleb128 0xb
 191 0034 3B       		.uleb128 0x3b
 192 0035 0B       		.uleb128 0xb
 193 0036 11       		.uleb128 0x11
 194 0037 01       		.uleb128 0x1
 195 0038 12       		.uleb128 0x12
 196 0039 01       		.uleb128 0x1
 197 003a 40       		.uleb128 0x40
 198 003b 06       		.uleb128 0x6
 199 003c 9742     		.uleb128 0x2117
 200 003e 0C       		.uleb128 0xc
 201 003f 01       		.uleb128 0x1
 202 0040 13       		.uleb128 0x13
 203 0041 00       		.byte	0
 204 0042 00       		.byte	0
 205 0043 05       		.uleb128 0x5
 206 0044 898201   		.uleb128 0x4109
 207 0047 00       		.byte	0
 208 0048 11       		.uleb128 0x11
 209 0049 01       		.uleb128 0x1
 210 004a 31       		.uleb128 0x31
 211 004b 13       		.uleb128 0x13
ARM GAS  C:\Users\ZHANGM~1\AppData\Local\Temp\ccta0aUu.s 			page 5


 212 004c 00       		.byte	0
 213 004d 00       		.byte	0
 214 004e 06       		.uleb128 0x6
 215 004f 2E       		.uleb128 0x2e
 216 0050 00       		.byte	0
 217 0051 3F       		.uleb128 0x3f
 218 0052 0C       		.uleb128 0xc
 219 0053 03       		.uleb128 0x3
 220 0054 0E       		.uleb128 0xe
 221 0055 3A       		.uleb128 0x3a
 222 0056 0B       		.uleb128 0xb
 223 0057 3B       		.uleb128 0x3b
 224 0058 0B       		.uleb128 0xb
 225 0059 27       		.uleb128 0x27
 226 005a 0C       		.uleb128 0xc
 227 005b 3C       		.uleb128 0x3c
 228 005c 0C       		.uleb128 0xc
 229 005d 00       		.byte	0
 230 005e 00       		.byte	0
 231 005f 00       		.byte	0
 232              		.section	.debug_loc,"",%progbits
 233              	.Ldebug_loc0:
 234              	.LLST0:
 235 0000 00000000 		.4byte	.LFB33
 236 0004 02000000 		.4byte	.LCFI0
 237 0008 0200     		.2byte	0x2
 238 000a 7D       		.byte	0x7d
 239 000b 00       		.sleb128 0
 240 000c 02000000 		.4byte	.LCFI0
 241 0010 08000000 		.4byte	.LFE33
 242 0014 0200     		.2byte	0x2
 243 0016 7D       		.byte	0x7d
 244 0017 08       		.sleb128 8
 245 0018 00000000 		.4byte	0
 246 001c 00000000 		.4byte	0
 247              		.section	.debug_aranges,"",%progbits
 248 0000 1C000000 		.4byte	0x1c
 249 0004 0200     		.2byte	0x2
 250 0006 00000000 		.4byte	.Ldebug_info0
 251 000a 04       		.byte	0x4
 252 000b 00       		.byte	0
 253 000c 0000     		.2byte	0
 254 000e 0000     		.2byte	0
 255 0010 00000000 		.4byte	.LFB33
 256 0014 08000000 		.4byte	.LFE33-.LFB33
 257 0018 00000000 		.4byte	0
 258 001c 00000000 		.4byte	0
 259              		.section	.debug_ranges,"",%progbits
 260              	.Ldebug_ranges0:
 261 0000 00000000 		.4byte	.LFB33
 262 0004 08000000 		.4byte	.LFE33
 263 0008 00000000 		.4byte	0
 264 000c 00000000 		.4byte	0
 265              		.section	.debug_line,"",%progbits
 266              	.Ldebug_line0:
 267 0000 5E000000 		.section	.debug_str,"MS",%progbits,1
 267      02004800 
ARM GAS  C:\Users\ZHANGM~1\AppData\Local\Temp\ccta0aUu.s 			page 6


 267      00000201 
 267      FB0E0D00 
 267      01010101 
 268              	.LASF6:
 269 0000 6C6F6E67 		.ascii	"long long int\000"
 269      206C6F6E 
 269      6720696E 
 269      7400
 270              	.LASF8:
 271 000e 756E7369 		.ascii	"unsigned int\000"
 271      676E6564 
 271      20696E74 
 271      00
 272              	.LASF16:
 273 001b 6D61696E 		.ascii	"main\000"
 273      00
 274              	.LASF13:
 275 0020 474E5520 		.ascii	"GNU C 4.7.3 20130312 (release) [ARM/embedded-4_7-br"
 275      4320342E 
 275      372E3320 
 275      32303133 
 275      30333132 
 276 0053 616E6368 		.ascii	"anch revision 196615]\000"
 276      20726576 
 276      6973696F 
 276      6E203139 
 276      36363135 
 277              	.LASF5:
 278 0069 6C6F6E67 		.ascii	"long unsigned int\000"
 278      20756E73 
 278      69676E65 
 278      6420696E 
 278      7400
 279              	.LASF7:
 280 007b 6C6F6E67 		.ascii	"long long unsigned int\000"
 280      206C6F6E 
 280      6720756E 
 280      7369676E 
 280      65642069 
 281              	.LASF1:
 282 0092 756E7369 		.ascii	"unsigned char\000"
 282      676E6564 
 282      20636861 
 282      7200
 283              	.LASF11:
 284 00a0 63686172 		.ascii	"char\000"
 284      00
 285              	.LASF4:
 286 00a5 6C6F6E67 		.ascii	"long int\000"
 286      20696E74 
 286      00
 287              	.LASF2:
 288 00ae 73686F72 		.ascii	"short int\000"
 288      7420696E 
 288      7400
 289              	.LASF17:
 290 00b8 426F6F74 		.ascii	"Bootloader_Start\000"
ARM GAS  C:\Users\ZHANGM~1\AppData\Local\Temp\ccta0aUu.s 			page 7


 290      6C6F6164 
 290      65725F53 
 290      74617274 
 290      00
 291              	.LASF10:
 292 00c9 646F7562 		.ascii	"double\000"
 292      6C6500
 293              	.LASF15:
 294 00d0 453A5C63 		.ascii	"E:\\code\\wifi\\1.6\\UartBootloader\\UART_Bootloade"
 294      6F64655C 
 294      77696669 
 294      5C312E36 
 294      5C556172 
 295 00fe 725C5541 		.ascii	"r\\UART_Bootloader.cydsn\000"
 295      52545F42 
 295      6F6F746C 
 295      6F616465 
 295      722E6379 
 296              	.LASF3:
 297 0116 73686F72 		.ascii	"short unsigned int\000"
 297      7420756E 
 297      7369676E 
 297      65642069 
 297      6E7400
 298              	.LASF0:
 299 0129 7369676E 		.ascii	"signed char\000"
 299      65642063 
 299      68617200 
 300              	.LASF9:
 301 0135 666C6F61 		.ascii	"float\000"
 301      7400
 302              	.LASF14:
 303 013b 2E5C6D61 		.ascii	".\\main.c\000"
 303      696E2E63 
 303      00
 304              	.LASF12:
 305 0144 73697A65 		.ascii	"sizetype\000"
 305      74797065 
 305      00
 306              		.ident	"GCC: (GNU Tools for ARM Embedded Processors) 4.7.3 20130312 (release) [ARM/embedded-4_7-br
