ARM GAS  C:\Users\ZHANGM~1\AppData\Local\Temp\ccVrtFkU.s 			page 1


   1              		.cpu cortex-m0
   2              		.fpu softvfp
   3              		.eabi_attribute 20, 1
   4              		.eabi_attribute 21, 1
   5              		.eabi_attribute 23, 3
   6              		.eabi_attribute 24, 1
   7              		.eabi_attribute 25, 1
   8              		.eabi_attribute 26, 1
   9              		.eabi_attribute 30, 4
  10              		.eabi_attribute 34, 0
  11              		.eabi_attribute 18, 4
  12              		.code	16
  13              		.file	"CapSense_INT.c"
  14              		.text
  15              	.Ltext0:
  16              		.cfi_sections	.debug_frame
  17              		.section	.text.CapSense_ISR,"ax",%progbits
  18              		.align	1
  19              		.global	CapSense_ISR
  20              		.code	16
  21              		.thumb_func
  22              		.type	CapSense_ISR, %function
  23              	CapSense_ISR:
  24              	.LFB33:
  25              		.file 1 ".\\Generated_Source\\PSoC4\\CapSense_INT.c"
   1:.\Generated_Source\PSoC4/CapSense_INT.c **** /*******************************************************************************
   2:.\Generated_Source\PSoC4/CapSense_INT.c **** * File Name: CapSense_INT.c
   3:.\Generated_Source\PSoC4/CapSense_INT.c **** * Version 2.0
   4:.\Generated_Source\PSoC4/CapSense_INT.c **** *
   5:.\Generated_Source\PSoC4/CapSense_INT.c **** * Description:
   6:.\Generated_Source\PSoC4/CapSense_INT.c **** *  This file provides the source code of the  Interrupt Service Routine (ISR)
   7:.\Generated_Source\PSoC4/CapSense_INT.c **** *  for the CapSense CSD component.
   8:.\Generated_Source\PSoC4/CapSense_INT.c **** *
   9:.\Generated_Source\PSoC4/CapSense_INT.c **** * Note:
  10:.\Generated_Source\PSoC4/CapSense_INT.c **** *
  11:.\Generated_Source\PSoC4/CapSense_INT.c **** ********************************************************************************
  12:.\Generated_Source\PSoC4/CapSense_INT.c **** * Copyright 2014, Cypress Semiconductor Corporation.  All rights reserved.
  13:.\Generated_Source\PSoC4/CapSense_INT.c **** * You may use this file only in accordance with the license, terms, conditions,
  14:.\Generated_Source\PSoC4/CapSense_INT.c **** * disclaimers, and limitations in the end user license agreement accompanying
  15:.\Generated_Source\PSoC4/CapSense_INT.c **** * the software package with which this file was provided.
  16:.\Generated_Source\PSoC4/CapSense_INT.c **** *******************************************************************************/
  17:.\Generated_Source\PSoC4/CapSense_INT.c **** 
  18:.\Generated_Source\PSoC4/CapSense_INT.c **** #include "CapSense.h"
  19:.\Generated_Source\PSoC4/CapSense_INT.c **** 
  20:.\Generated_Source\PSoC4/CapSense_INT.c **** /*******************************************************************************
  21:.\Generated_Source\PSoC4/CapSense_INT.c **** *  Place your includes, defines and code here 
  22:.\Generated_Source\PSoC4/CapSense_INT.c **** ********************************************************************************/
  23:.\Generated_Source\PSoC4/CapSense_INT.c **** /* `#START CapSense_ISR_INTC` */
  24:.\Generated_Source\PSoC4/CapSense_INT.c **** 
  25:.\Generated_Source\PSoC4/CapSense_INT.c **** /* `#END` */
  26:.\Generated_Source\PSoC4/CapSense_INT.c **** 
  27:.\Generated_Source\PSoC4/CapSense_INT.c **** /* Extern functions declarations, Start and Compete scan */
  28:.\Generated_Source\PSoC4/CapSense_INT.c **** extern void CapSense_PreScan(uint32 sensor);
  29:.\Generated_Source\PSoC4/CapSense_INT.c **** extern void CapSense_PostScan(uint32 sensor);
  30:.\Generated_Source\PSoC4/CapSense_INT.c **** 
  31:.\Generated_Source\PSoC4/CapSense_INT.c **** extern uint8 CapSense_FindNextSensor(uint8 snsIndex);
  32:.\Generated_Source\PSoC4/CapSense_INT.c ****  
ARM GAS  C:\Users\ZHANGM~1\AppData\Local\Temp\ccVrtFkU.s 			page 2


  33:.\Generated_Source\PSoC4/CapSense_INT.c **** /* Global variables and arrays */
  34:.\Generated_Source\PSoC4/CapSense_INT.c **** extern volatile uint8 CapSense_csdStatusVar;
  35:.\Generated_Source\PSoC4/CapSense_INT.c **** extern volatile uint8 CapSense_sensorIndex;
  36:.\Generated_Source\PSoC4/CapSense_INT.c **** 
  37:.\Generated_Source\PSoC4/CapSense_INT.c **** static uint8 CapSense_snsIndexTmp;
  38:.\Generated_Source\PSoC4/CapSense_INT.c **** 
  39:.\Generated_Source\PSoC4/CapSense_INT.c **** extern volatile uint8 CapSense_sensorEnableMask[];
  40:.\Generated_Source\PSoC4/CapSense_INT.c **** extern uint8 CapSense_sensorEnableMaskBackup[];
  41:.\Generated_Source\PSoC4/CapSense_INT.c **** 
  42:.\Generated_Source\PSoC4/CapSense_INT.c **** /*******************************************************************************
  43:.\Generated_Source\PSoC4/CapSense_INT.c **** * Function Name: CapSense_ISR
  44:.\Generated_Source\PSoC4/CapSense_INT.c **** ********************************************************************************
  45:.\Generated_Source\PSoC4/CapSense_INT.c **** *
  46:.\Generated_Source\PSoC4/CapSense_INT.c **** * Summary:
  47:.\Generated_Source\PSoC4/CapSense_INT.c **** *  This ISR is executed when the measure window is closed. The measure window 
  48:.\Generated_Source\PSoC4/CapSense_INT.c **** *  depends on the sensor scan resolution parameter. 
  49:.\Generated_Source\PSoC4/CapSense_INT.c **** *  The ISR has two modes: 
  50:.\Generated_Source\PSoC4/CapSense_INT.c **** *   1. Scans a single sensor and stores the measure result.
  51:.\Generated_Source\PSoC4/CapSense_INT.c **** *   2. Stores the result of the current measure and starts the next scan till all 
  52:.\Generated_Source\PSoC4/CapSense_INT.c **** *      the enabled sensors are scanned.
  53:.\Generated_Source\PSoC4/CapSense_INT.c **** *  This interrupt handler is only used in one channel designs.
  54:.\Generated_Source\PSoC4/CapSense_INT.c **** *
  55:.\Generated_Source\PSoC4/CapSense_INT.c **** * Parameters:
  56:.\Generated_Source\PSoC4/CapSense_INT.c **** *  None
  57:.\Generated_Source\PSoC4/CapSense_INT.c **** *
  58:.\Generated_Source\PSoC4/CapSense_INT.c **** * Return:
  59:.\Generated_Source\PSoC4/CapSense_INT.c **** *  None
  60:.\Generated_Source\PSoC4/CapSense_INT.c **** *
  61:.\Generated_Source\PSoC4/CapSense_INT.c **** * Global Variables:
  62:.\Generated_Source\PSoC4/CapSense_INT.c **** *  CapSense_csv - used to provide the status and mode of the scanning process.
  63:.\Generated_Source\PSoC4/CapSense_INT.c **** *   Mode - a single scan or scan of all the enabled sensors.
  64:.\Generated_Source\PSoC4/CapSense_INT.c **** *   Status - scan is in progress or ready for new scan.
  65:.\Generated_Source\PSoC4/CapSense_INT.c **** *  CapSense_sensorIndex - used to store a sensor scanning sensor number.
  66:.\Generated_Source\PSoC4/CapSense_INT.c **** *
  67:.\Generated_Source\PSoC4/CapSense_INT.c **** * Reentrant:
  68:.\Generated_Source\PSoC4/CapSense_INT.c **** *  No
  69:.\Generated_Source\PSoC4/CapSense_INT.c **** *
  70:.\Generated_Source\PSoC4/CapSense_INT.c **** *******************************************************************************/
  71:.\Generated_Source\PSoC4/CapSense_INT.c **** CY_ISR(CapSense_ISR)
  72:.\Generated_Source\PSoC4/CapSense_INT.c **** {	
  26              		.loc 1 72 0
  27              		.cfi_startproc
  28 0000 70B5     		push	{r4, r5, r6, lr}
  29              	.LCFI0:
  30              		.cfi_def_cfa_offset 16
  31              		.cfi_offset 4, -16
  32              		.cfi_offset 5, -12
  33              		.cfi_offset 6, -8
  34              		.cfi_offset 14, -4
  73:.\Generated_Source\PSoC4/CapSense_INT.c **** 	/*  Place your Interrupt code here. */
  74:.\Generated_Source\PSoC4/CapSense_INT.c ****     /* `#START CapSense_ISR_ENTER` */
  75:.\Generated_Source\PSoC4/CapSense_INT.c **** 
  76:.\Generated_Source\PSoC4/CapSense_INT.c ****     /* `#END` */
  77:.\Generated_Source\PSoC4/CapSense_INT.c **** 
  78:.\Generated_Source\PSoC4/CapSense_INT.c **** 	CyIntDisable(CapSense_ISR_NUMBER);
  35              		.loc 1 78 0
  36 0002 0F20     		mov	r0, #15
ARM GAS  C:\Users\ZHANGM~1\AppData\Local\Temp\ccVrtFkU.s 			page 3


  37 0004 FFF7FEFF 		bl	CyIntDisable
  38              	.LVL0:
  79:.\Generated_Source\PSoC4/CapSense_INT.c ****     
  80:.\Generated_Source\PSoC4/CapSense_INT.c ****     CapSense_CSD_INTR_REG = 1u;
  39              		.loc 1 80 0
  40 0008 154B     		ldr	r3, .L8
  81:.\Generated_Source\PSoC4/CapSense_INT.c **** 
  82:.\Generated_Source\PSoC4/CapSense_INT.c ****     CapSense_PostScan((uint32)CapSense_sensorIndex);
  41              		.loc 1 82 0
  42 000a 164D     		ldr	r5, .L8+4
  80:.\Generated_Source\PSoC4/CapSense_INT.c ****     CapSense_CSD_INTR_REG = 1u;
  43              		.loc 1 80 0
  44 000c 0126     		mov	r6, #1
  45 000e 1E60     		str	r6, [r3]
  46              		.loc 1 82 0
  47 0010 2878     		ldrb	r0, [r5]
  48 0012 FFF7FEFF 		bl	CapSense_PostScan
  49              	.LVL1:
  83:.\Generated_Source\PSoC4/CapSense_INT.c ****             
  84:.\Generated_Source\PSoC4/CapSense_INT.c ****     if ((CapSense_csdStatusVar & CapSense_SW_CTRL_SINGLE_SCAN) != 0u)
  50              		.loc 1 84 0
  51 0016 144C     		ldr	r4, .L8+8
  52 0018 2078     		ldrb	r0, [r4]
  53 001a 41B2     		sxtb	r1, r0
  54 001c 0029     		cmp	r1, #0
  55 001e 03DA     		bge	.L2
  85:.\Generated_Source\PSoC4/CapSense_INT.c ****     {
  86:.\Generated_Source\PSoC4/CapSense_INT.c ****         CapSense_csdStatusVar &= (uint8)~CapSense_SW_STS_BUSY;
  56              		.loc 1 86 0
  57 0020 2378     		ldrb	r3, [r4]
  58 0022 B343     		bic	r3, r6
  59              	.LVL2:
  60 0024 2370     		strb	r3, [r4]
  61 0026 16E0     		b	.L3
  62              	.LVL3:
  63              	.L2:
  87:.\Generated_Source\PSoC4/CapSense_INT.c ****     }
  88:.\Generated_Source\PSoC4/CapSense_INT.c ****     else
  89:.\Generated_Source\PSoC4/CapSense_INT.c ****     {
  90:.\Generated_Source\PSoC4/CapSense_INT.c ****         /* Proceed scanning */
  91:.\Generated_Source\PSoC4/CapSense_INT.c ****         CapSense_sensorIndex = CapSense_FindNextSensor(CapSense_sensorIndex);
  64              		.loc 1 91 0
  65 0028 2878     		ldrb	r0, [r5]
  66 002a FFF7FEFF 		bl	CapSense_FindNextSensor
  67              	.LVL4:
  68 002e 2870     		strb	r0, [r5]
  92:.\Generated_Source\PSoC4/CapSense_INT.c ****         
  93:.\Generated_Source\PSoC4/CapSense_INT.c ****         /* Check end of scan */
  94:.\Generated_Source\PSoC4/CapSense_INT.c ****         if(CapSense_sensorIndex < CapSense_TOTAL_SENSOR_COUNT)
  69              		.loc 1 94 0
  70 0030 2A78     		ldrb	r2, [r5]
  71 0032 032A     		cmp	r2, #3
  72 0034 03D8     		bhi	.L4
  95:.\Generated_Source\PSoC4/CapSense_INT.c ****         {
  96:.\Generated_Source\PSoC4/CapSense_INT.c ****             CapSense_PreScan((uint32)CapSense_sensorIndex);
  73              		.loc 1 96 0
  74 0036 2878     		ldrb	r0, [r5]
ARM GAS  C:\Users\ZHANGM~1\AppData\Local\Temp\ccVrtFkU.s 			page 4


  75 0038 FFF7FEFF 		bl	CapSense_PreScan
  76              	.LVL5:
  77 003c 0BE0     		b	.L3
  78              	.L4:
  97:.\Generated_Source\PSoC4/CapSense_INT.c ****         }
  98:.\Generated_Source\PSoC4/CapSense_INT.c ****         else
  99:.\Generated_Source\PSoC4/CapSense_INT.c ****         {
 100:.\Generated_Source\PSoC4/CapSense_INT.c ****             CapSense_csdStatusVar &= (uint8)~CapSense_SW_STS_BUSY;
  79              		.loc 1 100 0
  80 003e 2378     		ldrb	r3, [r4]
  81 0040 B343     		bic	r3, r6
  82              	.LVL6:
  83 0042 2370     		strb	r3, [r4]
 101:.\Generated_Source\PSoC4/CapSense_INT.c **** 
 102:.\Generated_Source\PSoC4/CapSense_INT.c **** 			 /* Check if widget has been scanned */
 103:.\Generated_Source\PSoC4/CapSense_INT.c **** 			if((CapSense_csdStatusVar & CapSense_SW_CTRL_WIDGET_SCAN) != 0u)
  84              		.loc 1 103 0
  85 0044 2578     		ldrb	r5, [r4]
  86              	.LVL7:
  87 0046 6A06     		lsl	r2, r5, #25
  88 0048 05D5     		bpl	.L3
 104:.\Generated_Source\PSoC4/CapSense_INT.c **** 			{
 105:.\Generated_Source\PSoC4/CapSense_INT.c **** 			    /* Restore sensorEnableMask array */
 106:.\Generated_Source\PSoC4/CapSense_INT.c **** 				for(CapSense_snsIndexTmp = 0u; 
 107:.\Generated_Source\PSoC4/CapSense_INT.c **** 				    CapSense_snsIndexTmp < CapSense_TOTAL_SENSOR_MASK; 
 108:.\Generated_Source\PSoC4/CapSense_INT.c **** 					CapSense_snsIndexTmp++)
 109:.\Generated_Source\PSoC4/CapSense_INT.c **** 				{
 110:.\Generated_Source\PSoC4/CapSense_INT.c **** 					/* Backup sensorEnableMask array */
 111:.\Generated_Source\PSoC4/CapSense_INT.c **** 					CapSense_sensorEnableMask[CapSense_snsIndexTmp] = CapSense_sensorEnableMaskBackup[CapSense_sns
  89              		.loc 1 111 0
  90 004a 084C     		ldr	r4, .L8+12
  91 004c 0849     		ldr	r1, .L8+16
  92 004e 2078     		ldrb	r0, [r4]
  93 0050 084A     		ldr	r2, .L8+20
  94 0052 0870     		strb	r0, [r1]
  95 0054 1670     		strb	r6, [r2]
  96              	.LVL8:
  97              	.L3:
 112:.\Generated_Source\PSoC4/CapSense_INT.c **** 				}
 113:.\Generated_Source\PSoC4/CapSense_INT.c **** 			}
 114:.\Generated_Source\PSoC4/CapSense_INT.c ****         } 
 115:.\Generated_Source\PSoC4/CapSense_INT.c ****     }
 116:.\Generated_Source\PSoC4/CapSense_INT.c ****     CyIntEnable(CapSense_ISR_NUMBER);
  98              		.loc 1 116 0
  99 0056 0F20     		mov	r0, #15
 100 0058 FFF7FEFF 		bl	CyIntEnable
 101              	.LVL9:
 117:.\Generated_Source\PSoC4/CapSense_INT.c **** 	
 118:.\Generated_Source\PSoC4/CapSense_INT.c **** 	/*  Place your Interrupt code here. */
 119:.\Generated_Source\PSoC4/CapSense_INT.c ****     /* `#START CapSense_ISR_EXIT` */
 120:.\Generated_Source\PSoC4/CapSense_INT.c **** 
 121:.\Generated_Source\PSoC4/CapSense_INT.c ****     /* `#END` */
 122:.\Generated_Source\PSoC4/CapSense_INT.c **** }
 102              		.loc 1 122 0
 103              		@ sp needed for prologue
 104 005c 70BD     		pop	{r4, r5, r6, pc}
 105              	.L9:
ARM GAS  C:\Users\ZHANGM~1\AppData\Local\Temp\ccVrtFkU.s 			page 5


 106 005e C046     		.align	2
 107              	.L8:
 108 0060 14000840 		.word	1074266132
 109 0064 00000000 		.word	CapSense_sensorIndex
 110 0068 00000000 		.word	CapSense_csdStatusVar
 111 006c 00000000 		.word	CapSense_sensorEnableMaskBackup
 112 0070 00000000 		.word	CapSense_sensorEnableMask
 113 0074 00000000 		.word	.LANCHOR0
 114              		.cfi_endproc
 115              	.LFE33:
 116              		.size	CapSense_ISR, .-CapSense_ISR
 117              		.bss
 118              		.set	.LANCHOR0,. + 0
 119              		.type	CapSense_snsIndexTmp, %object
 120              		.size	CapSense_snsIndexTmp, 1
 121              	CapSense_snsIndexTmp:
 122 0000 00       		.space	1
 123              		.text
 124              	.Letext0:
 125              		.file 2 ".\\Generated_Source\\PSoC4\\cytypes.h"
 126              		.file 3 ".\\Generated_Source\\PSoC4\\CyLib.h"
 127              		.section	.debug_info,"",%progbits
 128              	.Ldebug_info0:
 129 0000 C4010000 		.4byte	0x1c4
 130 0004 0200     		.2byte	0x2
 131 0006 00000000 		.4byte	.Ldebug_abbrev0
 132 000a 04       		.byte	0x4
 133 000b 01       		.uleb128 0x1
 134 000c 86010000 		.4byte	.LASF23
 135 0010 01       		.byte	0x1
 136 0011 9D000000 		.4byte	.LASF24
 137 0015 FE010000 		.4byte	.LASF25
 138 0019 00000000 		.4byte	.Ldebug_ranges0+0
 139 001d 00000000 		.4byte	0
 140 0021 00000000 		.4byte	0
 141 0025 00000000 		.4byte	.Ldebug_line0
 142 0029 02       		.uleb128 0x2
 143 002a 01       		.byte	0x1
 144 002b 06       		.byte	0x6
 145 002c D8010000 		.4byte	.LASF0
 146 0030 02       		.uleb128 0x2
 147 0031 01       		.byte	0x1
 148 0032 08       		.byte	0x8
 149 0033 65000000 		.4byte	.LASF1
 150 0037 02       		.uleb128 0x2
 151 0038 02       		.byte	0x2
 152 0039 05       		.byte	0x5
 153 003a 76010000 		.4byte	.LASF2
 154 003e 02       		.uleb128 0x2
 155 003f 02       		.byte	0x2
 156 0040 07       		.byte	0x7
 157 0041 25000000 		.4byte	.LASF3
 158 0045 02       		.uleb128 0x2
 159 0046 04       		.byte	0x4
 160 0047 05       		.byte	0x5
 161 0048 CF010000 		.4byte	.LASF4
 162 004c 02       		.uleb128 0x2
ARM GAS  C:\Users\ZHANGM~1\AppData\Local\Temp\ccVrtFkU.s 			page 6


 163 004d 04       		.byte	0x4
 164 004e 07       		.byte	0x7
 165 004f 8B000000 		.4byte	.LASF5
 166 0053 02       		.uleb128 0x2
 167 0054 08       		.byte	0x8
 168 0055 05       		.byte	0x5
 169 0056 56010000 		.4byte	.LASF6
 170 005a 02       		.uleb128 0x2
 171 005b 08       		.byte	0x8
 172 005c 07       		.byte	0x7
 173 005d 21010000 		.4byte	.LASF7
 174 0061 03       		.uleb128 0x3
 175 0062 04       		.byte	0x4
 176 0063 05       		.byte	0x5
 177 0064 696E7400 		.ascii	"int\000"
 178 0068 02       		.uleb128 0x2
 179 0069 04       		.byte	0x4
 180 006a 07       		.byte	0x7
 181 006b 14010000 		.4byte	.LASF8
 182 006f 04       		.uleb128 0x4
 183 0070 80010000 		.4byte	.LASF9
 184 0074 02       		.byte	0x2
 185 0075 5B       		.byte	0x5b
 186 0076 30000000 		.4byte	0x30
 187 007a 04       		.uleb128 0x4
 188 007b 0D010000 		.4byte	.LASF10
 189 007f 02       		.byte	0x2
 190 0080 5D       		.byte	0x5d
 191 0081 4C000000 		.4byte	0x4c
 192 0085 02       		.uleb128 0x2
 193 0086 04       		.byte	0x4
 194 0087 04       		.byte	0x4
 195 0088 5F000000 		.4byte	.LASF11
 196 008c 02       		.uleb128 0x2
 197 008d 08       		.byte	0x8
 198 008e 04       		.byte	0x4
 199 008f FA000000 		.4byte	.LASF12
 200 0093 02       		.uleb128 0x2
 201 0094 01       		.byte	0x1
 202 0095 08       		.byte	0x8
 203 0096 64010000 		.4byte	.LASF13
 204 009a 05       		.uleb128 0x5
 205 009b 6F000000 		.4byte	0x6f
 206 009f 04       		.uleb128 0x4
 207 00a0 00000000 		.4byte	.LASF14
 208 00a4 02       		.byte	0x2
 209 00a5 F2       		.byte	0xf2
 210 00a6 AA000000 		.4byte	0xaa
 211 00aa 05       		.uleb128 0x5
 212 00ab 7A000000 		.4byte	0x7a
 213 00af 02       		.uleb128 0x2
 214 00b0 04       		.byte	0x4
 215 00b1 07       		.byte	0x7
 216 00b2 4D010000 		.4byte	.LASF15
 217 00b6 06       		.uleb128 0x6
 218 00b7 01       		.byte	0x1
 219 00b8 18000000 		.4byte	.LASF26
ARM GAS  C:\Users\ZHANGM~1\AppData\Local\Temp\ccVrtFkU.s 			page 7


 220 00bc 01       		.byte	0x1
 221 00bd 47       		.byte	0x47
 222 00be 01       		.byte	0x1
 223 00bf 00000000 		.4byte	.LFB33
 224 00c3 78000000 		.4byte	.LFE33
 225 00c7 00000000 		.4byte	.LLST0
 226 00cb 01       		.byte	0x1
 227 00cc 0E010000 		.4byte	0x10e
 228 00d0 07       		.uleb128 0x7
 229 00d1 08000000 		.4byte	.LVL0
 230 00d5 63010000 		.4byte	0x163
 231 00d9 E3000000 		.4byte	0xe3
 232 00dd 08       		.uleb128 0x8
 233 00de 01       		.byte	0x1
 234 00df 50       		.byte	0x50
 235 00e0 01       		.byte	0x1
 236 00e1 3F       		.byte	0x3f
 237 00e2 00       		.byte	0
 238 00e3 09       		.uleb128 0x9
 239 00e4 16000000 		.4byte	.LVL1
 240 00e8 77010000 		.4byte	0x177
 241 00ec 09       		.uleb128 0x9
 242 00ed 2E000000 		.4byte	.LVL4
 243 00f1 8B010000 		.4byte	0x18b
 244 00f5 09       		.uleb128 0x9
 245 00f6 3C000000 		.4byte	.LVL5
 246 00fa A3010000 		.4byte	0x1a3
 247 00fe 0A       		.uleb128 0xa
 248 00ff 5C000000 		.4byte	.LVL9
 249 0103 B7010000 		.4byte	0x1b7
 250 0107 08       		.uleb128 0x8
 251 0108 01       		.byte	0x1
 252 0109 50       		.byte	0x50
 253 010a 01       		.byte	0x1
 254 010b 3F       		.byte	0x3f
 255 010c 00       		.byte	0
 256 010d 00       		.byte	0
 257 010e 0B       		.uleb128 0xb
 258 010f E5000000 		.4byte	.LASF27
 259 0113 01       		.byte	0x1
 260 0114 25       		.byte	0x25
 261 0115 6F000000 		.4byte	0x6f
 262 0119 05       		.byte	0x5
 263 011a 03       		.byte	0x3
 264 011b 00000000 		.4byte	CapSense_snsIndexTmp
 265 011f 0C       		.uleb128 0xc
 266 0120 38000000 		.4byte	.LASF16
 267 0124 01       		.byte	0x1
 268 0125 22       		.byte	0x22
 269 0126 9A000000 		.4byte	0x9a
 270 012a 01       		.byte	0x1
 271 012b 01       		.byte	0x1
 272 012c 0C       		.uleb128 0xc
 273 012d 38010000 		.4byte	.LASF17
 274 0131 01       		.byte	0x1
 275 0132 23       		.byte	0x23
 276 0133 9A000000 		.4byte	0x9a
ARM GAS  C:\Users\ZHANGM~1\AppData\Local\Temp\ccVrtFkU.s 			page 8


 277 0137 01       		.byte	0x1
 278 0138 01       		.byte	0x1
 279 0139 0D       		.uleb128 0xd
 280 013a 6F000000 		.4byte	0x6f
 281 013e 44010000 		.4byte	0x144
 282 0142 0E       		.uleb128 0xe
 283 0143 00       		.byte	0
 284 0144 0C       		.uleb128 0xc
 285 0145 E4010000 		.4byte	.LASF18
 286 0149 01       		.byte	0x1
 287 014a 27       		.byte	0x27
 288 014b 51010000 		.4byte	0x151
 289 014f 01       		.byte	0x1
 290 0150 01       		.byte	0x1
 291 0151 05       		.uleb128 0x5
 292 0152 39010000 		.4byte	0x139
 293 0156 0C       		.uleb128 0xc
 294 0157 C5000000 		.4byte	.LASF19
 295 015b 01       		.byte	0x1
 296 015c 28       		.byte	0x28
 297 015d 39010000 		.4byte	0x139
 298 0161 01       		.byte	0x1
 299 0162 01       		.byte	0x1
 300 0163 0F       		.uleb128 0xf
 301 0164 01       		.byte	0x1
 302 0165 69010000 		.4byte	.LASF20
 303 0169 03       		.byte	0x3
 304 016a 63       		.byte	0x63
 305 016b 01       		.byte	0x1
 306 016c 01       		.byte	0x1
 307 016d 77010000 		.4byte	0x177
 308 0171 10       		.uleb128 0x10
 309 0172 6F000000 		.4byte	0x6f
 310 0176 00       		.byte	0
 311 0177 0F       		.uleb128 0xf
 312 0178 01       		.byte	0x1
 313 0179 06000000 		.4byte	.LASF21
 314 017d 01       		.byte	0x1
 315 017e 1D       		.byte	0x1d
 316 017f 01       		.byte	0x1
 317 0180 01       		.byte	0x1
 318 0181 8B010000 		.4byte	0x18b
 319 0185 10       		.uleb128 0x10
 320 0186 7A000000 		.4byte	0x7a
 321 018a 00       		.byte	0
 322 018b 11       		.uleb128 0x11
 323 018c 01       		.byte	0x1
 324 018d 73000000 		.4byte	.LASF28
 325 0191 01       		.byte	0x1
 326 0192 1F       		.byte	0x1f
 327 0193 01       		.byte	0x1
 328 0194 6F000000 		.4byte	0x6f
 329 0198 01       		.byte	0x1
 330 0199 A3010000 		.4byte	0x1a3
 331 019d 10       		.uleb128 0x10
 332 019e 6F000000 		.4byte	0x6f
 333 01a2 00       		.byte	0
ARM GAS  C:\Users\ZHANGM~1\AppData\Local\Temp\ccVrtFkU.s 			page 9


 334 01a3 0F       		.uleb128 0xf
 335 01a4 01       		.byte	0x1
 336 01a5 4E000000 		.4byte	.LASF22
 337 01a9 01       		.byte	0x1
 338 01aa 1C       		.byte	0x1c
 339 01ab 01       		.byte	0x1
 340 01ac 01       		.byte	0x1
 341 01ad B7010000 		.4byte	0x1b7
 342 01b1 10       		.uleb128 0x10
 343 01b2 7A000000 		.4byte	0x7a
 344 01b6 00       		.byte	0
 345 01b7 12       		.uleb128 0x12
 346 01b8 01       		.byte	0x1
 347 01b9 01010000 		.4byte	.LASF29
 348 01bd 03       		.byte	0x3
 349 01be 61       		.byte	0x61
 350 01bf 01       		.byte	0x1
 351 01c0 01       		.byte	0x1
 352 01c1 10       		.uleb128 0x10
 353 01c2 6F000000 		.4byte	0x6f
 354 01c6 00       		.byte	0
 355 01c7 00       		.byte	0
 356              		.section	.debug_abbrev,"",%progbits
 357              	.Ldebug_abbrev0:
 358 0000 01       		.uleb128 0x1
 359 0001 11       		.uleb128 0x11
 360 0002 01       		.byte	0x1
 361 0003 25       		.uleb128 0x25
 362 0004 0E       		.uleb128 0xe
 363 0005 13       		.uleb128 0x13
 364 0006 0B       		.uleb128 0xb
 365 0007 03       		.uleb128 0x3
 366 0008 0E       		.uleb128 0xe
 367 0009 1B       		.uleb128 0x1b
 368 000a 0E       		.uleb128 0xe
 369 000b 55       		.uleb128 0x55
 370 000c 06       		.uleb128 0x6
 371 000d 11       		.uleb128 0x11
 372 000e 01       		.uleb128 0x1
 373 000f 52       		.uleb128 0x52
 374 0010 01       		.uleb128 0x1
 375 0011 10       		.uleb128 0x10
 376 0012 06       		.uleb128 0x6
 377 0013 00       		.byte	0
 378 0014 00       		.byte	0
 379 0015 02       		.uleb128 0x2
 380 0016 24       		.uleb128 0x24
 381 0017 00       		.byte	0
 382 0018 0B       		.uleb128 0xb
 383 0019 0B       		.uleb128 0xb
 384 001a 3E       		.uleb128 0x3e
 385 001b 0B       		.uleb128 0xb
 386 001c 03       		.uleb128 0x3
 387 001d 0E       		.uleb128 0xe
 388 001e 00       		.byte	0
 389 001f 00       		.byte	0
 390 0020 03       		.uleb128 0x3
ARM GAS  C:\Users\ZHANGM~1\AppData\Local\Temp\ccVrtFkU.s 			page 10


 391 0021 24       		.uleb128 0x24
 392 0022 00       		.byte	0
 393 0023 0B       		.uleb128 0xb
 394 0024 0B       		.uleb128 0xb
 395 0025 3E       		.uleb128 0x3e
 396 0026 0B       		.uleb128 0xb
 397 0027 03       		.uleb128 0x3
 398 0028 08       		.uleb128 0x8
 399 0029 00       		.byte	0
 400 002a 00       		.byte	0
 401 002b 04       		.uleb128 0x4
 402 002c 16       		.uleb128 0x16
 403 002d 00       		.byte	0
 404 002e 03       		.uleb128 0x3
 405 002f 0E       		.uleb128 0xe
 406 0030 3A       		.uleb128 0x3a
 407 0031 0B       		.uleb128 0xb
 408 0032 3B       		.uleb128 0x3b
 409 0033 0B       		.uleb128 0xb
 410 0034 49       		.uleb128 0x49
 411 0035 13       		.uleb128 0x13
 412 0036 00       		.byte	0
 413 0037 00       		.byte	0
 414 0038 05       		.uleb128 0x5
 415 0039 35       		.uleb128 0x35
 416 003a 00       		.byte	0
 417 003b 49       		.uleb128 0x49
 418 003c 13       		.uleb128 0x13
 419 003d 00       		.byte	0
 420 003e 00       		.byte	0
 421 003f 06       		.uleb128 0x6
 422 0040 2E       		.uleb128 0x2e
 423 0041 01       		.byte	0x1
 424 0042 3F       		.uleb128 0x3f
 425 0043 0C       		.uleb128 0xc
 426 0044 03       		.uleb128 0x3
 427 0045 0E       		.uleb128 0xe
 428 0046 3A       		.uleb128 0x3a
 429 0047 0B       		.uleb128 0xb
 430 0048 3B       		.uleb128 0x3b
 431 0049 0B       		.uleb128 0xb
 432 004a 27       		.uleb128 0x27
 433 004b 0C       		.uleb128 0xc
 434 004c 11       		.uleb128 0x11
 435 004d 01       		.uleb128 0x1
 436 004e 12       		.uleb128 0x12
 437 004f 01       		.uleb128 0x1
 438 0050 40       		.uleb128 0x40
 439 0051 06       		.uleb128 0x6
 440 0052 9742     		.uleb128 0x2117
 441 0054 0C       		.uleb128 0xc
 442 0055 01       		.uleb128 0x1
 443 0056 13       		.uleb128 0x13
 444 0057 00       		.byte	0
 445 0058 00       		.byte	0
 446 0059 07       		.uleb128 0x7
 447 005a 898201   		.uleb128 0x4109
ARM GAS  C:\Users\ZHANGM~1\AppData\Local\Temp\ccVrtFkU.s 			page 11


 448 005d 01       		.byte	0x1
 449 005e 11       		.uleb128 0x11
 450 005f 01       		.uleb128 0x1
 451 0060 31       		.uleb128 0x31
 452 0061 13       		.uleb128 0x13
 453 0062 01       		.uleb128 0x1
 454 0063 13       		.uleb128 0x13
 455 0064 00       		.byte	0
 456 0065 00       		.byte	0
 457 0066 08       		.uleb128 0x8
 458 0067 8A8201   		.uleb128 0x410a
 459 006a 00       		.byte	0
 460 006b 02       		.uleb128 0x2
 461 006c 0A       		.uleb128 0xa
 462 006d 9142     		.uleb128 0x2111
 463 006f 0A       		.uleb128 0xa
 464 0070 00       		.byte	0
 465 0071 00       		.byte	0
 466 0072 09       		.uleb128 0x9
 467 0073 898201   		.uleb128 0x4109
 468 0076 00       		.byte	0
 469 0077 11       		.uleb128 0x11
 470 0078 01       		.uleb128 0x1
 471 0079 31       		.uleb128 0x31
 472 007a 13       		.uleb128 0x13
 473 007b 00       		.byte	0
 474 007c 00       		.byte	0
 475 007d 0A       		.uleb128 0xa
 476 007e 898201   		.uleb128 0x4109
 477 0081 01       		.byte	0x1
 478 0082 11       		.uleb128 0x11
 479 0083 01       		.uleb128 0x1
 480 0084 31       		.uleb128 0x31
 481 0085 13       		.uleb128 0x13
 482 0086 00       		.byte	0
 483 0087 00       		.byte	0
 484 0088 0B       		.uleb128 0xb
 485 0089 34       		.uleb128 0x34
 486 008a 00       		.byte	0
 487 008b 03       		.uleb128 0x3
 488 008c 0E       		.uleb128 0xe
 489 008d 3A       		.uleb128 0x3a
 490 008e 0B       		.uleb128 0xb
 491 008f 3B       		.uleb128 0x3b
 492 0090 0B       		.uleb128 0xb
 493 0091 49       		.uleb128 0x49
 494 0092 13       		.uleb128 0x13
 495 0093 02       		.uleb128 0x2
 496 0094 0A       		.uleb128 0xa
 497 0095 00       		.byte	0
 498 0096 00       		.byte	0
 499 0097 0C       		.uleb128 0xc
 500 0098 34       		.uleb128 0x34
 501 0099 00       		.byte	0
 502 009a 03       		.uleb128 0x3
 503 009b 0E       		.uleb128 0xe
 504 009c 3A       		.uleb128 0x3a
ARM GAS  C:\Users\ZHANGM~1\AppData\Local\Temp\ccVrtFkU.s 			page 12


 505 009d 0B       		.uleb128 0xb
 506 009e 3B       		.uleb128 0x3b
 507 009f 0B       		.uleb128 0xb
 508 00a0 49       		.uleb128 0x49
 509 00a1 13       		.uleb128 0x13
 510 00a2 3F       		.uleb128 0x3f
 511 00a3 0C       		.uleb128 0xc
 512 00a4 3C       		.uleb128 0x3c
 513 00a5 0C       		.uleb128 0xc
 514 00a6 00       		.byte	0
 515 00a7 00       		.byte	0
 516 00a8 0D       		.uleb128 0xd
 517 00a9 01       		.uleb128 0x1
 518 00aa 01       		.byte	0x1
 519 00ab 49       		.uleb128 0x49
 520 00ac 13       		.uleb128 0x13
 521 00ad 01       		.uleb128 0x1
 522 00ae 13       		.uleb128 0x13
 523 00af 00       		.byte	0
 524 00b0 00       		.byte	0
 525 00b1 0E       		.uleb128 0xe
 526 00b2 21       		.uleb128 0x21
 527 00b3 00       		.byte	0
 528 00b4 00       		.byte	0
 529 00b5 00       		.byte	0
 530 00b6 0F       		.uleb128 0xf
 531 00b7 2E       		.uleb128 0x2e
 532 00b8 01       		.byte	0x1
 533 00b9 3F       		.uleb128 0x3f
 534 00ba 0C       		.uleb128 0xc
 535 00bb 03       		.uleb128 0x3
 536 00bc 0E       		.uleb128 0xe
 537 00bd 3A       		.uleb128 0x3a
 538 00be 0B       		.uleb128 0xb
 539 00bf 3B       		.uleb128 0x3b
 540 00c0 0B       		.uleb128 0xb
 541 00c1 27       		.uleb128 0x27
 542 00c2 0C       		.uleb128 0xc
 543 00c3 3C       		.uleb128 0x3c
 544 00c4 0C       		.uleb128 0xc
 545 00c5 01       		.uleb128 0x1
 546 00c6 13       		.uleb128 0x13
 547 00c7 00       		.byte	0
 548 00c8 00       		.byte	0
 549 00c9 10       		.uleb128 0x10
 550 00ca 05       		.uleb128 0x5
 551 00cb 00       		.byte	0
 552 00cc 49       		.uleb128 0x49
 553 00cd 13       		.uleb128 0x13
 554 00ce 00       		.byte	0
 555 00cf 00       		.byte	0
 556 00d0 11       		.uleb128 0x11
 557 00d1 2E       		.uleb128 0x2e
 558 00d2 01       		.byte	0x1
 559 00d3 3F       		.uleb128 0x3f
 560 00d4 0C       		.uleb128 0xc
 561 00d5 03       		.uleb128 0x3
ARM GAS  C:\Users\ZHANGM~1\AppData\Local\Temp\ccVrtFkU.s 			page 13


 562 00d6 0E       		.uleb128 0xe
 563 00d7 3A       		.uleb128 0x3a
 564 00d8 0B       		.uleb128 0xb
 565 00d9 3B       		.uleb128 0x3b
 566 00da 0B       		.uleb128 0xb
 567 00db 27       		.uleb128 0x27
 568 00dc 0C       		.uleb128 0xc
 569 00dd 49       		.uleb128 0x49
 570 00de 13       		.uleb128 0x13
 571 00df 3C       		.uleb128 0x3c
 572 00e0 0C       		.uleb128 0xc
 573 00e1 01       		.uleb128 0x1
 574 00e2 13       		.uleb128 0x13
 575 00e3 00       		.byte	0
 576 00e4 00       		.byte	0
 577 00e5 12       		.uleb128 0x12
 578 00e6 2E       		.uleb128 0x2e
 579 00e7 01       		.byte	0x1
 580 00e8 3F       		.uleb128 0x3f
 581 00e9 0C       		.uleb128 0xc
 582 00ea 03       		.uleb128 0x3
 583 00eb 0E       		.uleb128 0xe
 584 00ec 3A       		.uleb128 0x3a
 585 00ed 0B       		.uleb128 0xb
 586 00ee 3B       		.uleb128 0x3b
 587 00ef 0B       		.uleb128 0xb
 588 00f0 27       		.uleb128 0x27
 589 00f1 0C       		.uleb128 0xc
 590 00f2 3C       		.uleb128 0x3c
 591 00f3 0C       		.uleb128 0xc
 592 00f4 00       		.byte	0
 593 00f5 00       		.byte	0
 594 00f6 00       		.byte	0
 595              		.section	.debug_loc,"",%progbits
 596              	.Ldebug_loc0:
 597              	.LLST0:
 598 0000 00000000 		.4byte	.LFB33
 599 0004 02000000 		.4byte	.LCFI0
 600 0008 0200     		.2byte	0x2
 601 000a 7D       		.byte	0x7d
 602 000b 00       		.sleb128 0
 603 000c 02000000 		.4byte	.LCFI0
 604 0010 78000000 		.4byte	.LFE33
 605 0014 0200     		.2byte	0x2
 606 0016 7D       		.byte	0x7d
 607 0017 10       		.sleb128 16
 608 0018 00000000 		.4byte	0
 609 001c 00000000 		.4byte	0
 610              		.section	.debug_aranges,"",%progbits
 611 0000 1C000000 		.4byte	0x1c
 612 0004 0200     		.2byte	0x2
 613 0006 00000000 		.4byte	.Ldebug_info0
 614 000a 04       		.byte	0x4
 615 000b 00       		.byte	0
 616 000c 0000     		.2byte	0
 617 000e 0000     		.2byte	0
 618 0010 00000000 		.4byte	.LFB33
ARM GAS  C:\Users\ZHANGM~1\AppData\Local\Temp\ccVrtFkU.s 			page 14


 619 0014 78000000 		.4byte	.LFE33-.LFB33
 620 0018 00000000 		.4byte	0
 621 001c 00000000 		.4byte	0
 622              		.section	.debug_ranges,"",%progbits
 623              	.Ldebug_ranges0:
 624 0000 00000000 		.4byte	.LFB33
 625 0004 78000000 		.4byte	.LFE33
 626 0008 00000000 		.4byte	0
 627 000c 00000000 		.4byte	0
 628              		.section	.debug_line,"",%progbits
 629              	.Ldebug_line0:
 630 0000 7B000000 		.section	.debug_str,"MS",%progbits,1
 630      02005600 
 630      00000201 
 630      FB0E0D00 
 630      01010101 
 631              	.LASF14:
 632 0000 72656733 		.ascii	"reg32\000"
 632      3200
 633              	.LASF21:
 634 0006 43617053 		.ascii	"CapSense_PostScan\000"
 634      656E7365 
 634      5F506F73 
 634      74536361 
 634      6E00
 635              	.LASF26:
 636 0018 43617053 		.ascii	"CapSense_ISR\000"
 636      656E7365 
 636      5F495352 
 636      00
 637              	.LASF3:
 638 0025 73686F72 		.ascii	"short unsigned int\000"
 638      7420756E 
 638      7369676E 
 638      65642069 
 638      6E7400
 639              	.LASF16:
 640 0038 43617053 		.ascii	"CapSense_csdStatusVar\000"
 640      656E7365 
 640      5F637364 
 640      53746174 
 640      75735661 
 641              	.LASF22:
 642 004e 43617053 		.ascii	"CapSense_PreScan\000"
 642      656E7365 
 642      5F507265 
 642      5363616E 
 642      00
 643              	.LASF11:
 644 005f 666C6F61 		.ascii	"float\000"
 644      7400
 645              	.LASF1:
 646 0065 756E7369 		.ascii	"unsigned char\000"
 646      676E6564 
 646      20636861 
 646      7200
 647              	.LASF28:
ARM GAS  C:\Users\ZHANGM~1\AppData\Local\Temp\ccVrtFkU.s 			page 15


 648 0073 43617053 		.ascii	"CapSense_FindNextSensor\000"
 648      656E7365 
 648      5F46696E 
 648      644E6578 
 648      7453656E 
 649              	.LASF5:
 650 008b 6C6F6E67 		.ascii	"long unsigned int\000"
 650      20756E73 
 650      69676E65 
 650      6420696E 
 650      7400
 651              	.LASF24:
 652 009d 2E5C4765 		.ascii	".\\Generated_Source\\PSoC4\\CapSense_INT.c\000"
 652      6E657261 
 652      7465645F 
 652      536F7572 
 652      63655C50 
 653              	.LASF19:
 654 00c5 43617053 		.ascii	"CapSense_sensorEnableMaskBackup\000"
 654      656E7365 
 654      5F73656E 
 654      736F7245 
 654      6E61626C 
 655              	.LASF27:
 656 00e5 43617053 		.ascii	"CapSense_snsIndexTmp\000"
 656      656E7365 
 656      5F736E73 
 656      496E6465 
 656      78546D70 
 657              	.LASF12:
 658 00fa 646F7562 		.ascii	"double\000"
 658      6C6500
 659              	.LASF29:
 660 0101 4379496E 		.ascii	"CyIntEnable\000"
 660      74456E61 
 660      626C6500 
 661              	.LASF10:
 662 010d 75696E74 		.ascii	"uint32\000"
 662      333200
 663              	.LASF8:
 664 0114 756E7369 		.ascii	"unsigned int\000"
 664      676E6564 
 664      20696E74 
 664      00
 665              	.LASF7:
 666 0121 6C6F6E67 		.ascii	"long long unsigned int\000"
 666      206C6F6E 
 666      6720756E 
 666      7369676E 
 666      65642069 
 667              	.LASF17:
 668 0138 43617053 		.ascii	"CapSense_sensorIndex\000"
 668      656E7365 
 668      5F73656E 
 668      736F7249 
 668      6E646578 
 669              	.LASF15:
ARM GAS  C:\Users\ZHANGM~1\AppData\Local\Temp\ccVrtFkU.s 			page 16


 670 014d 73697A65 		.ascii	"sizetype\000"
 670      74797065 
 670      00
 671              	.LASF6:
 672 0156 6C6F6E67 		.ascii	"long long int\000"
 672      206C6F6E 
 672      6720696E 
 672      7400
 673              	.LASF13:
 674 0164 63686172 		.ascii	"char\000"
 674      00
 675              	.LASF20:
 676 0169 4379496E 		.ascii	"CyIntDisable\000"
 676      74446973 
 676      61626C65 
 676      00
 677              	.LASF2:
 678 0176 73686F72 		.ascii	"short int\000"
 678      7420696E 
 678      7400
 679              	.LASF9:
 680 0180 75696E74 		.ascii	"uint8\000"
 680      3800
 681              	.LASF23:
 682 0186 474E5520 		.ascii	"GNU C 4.7.3 20130312 (release) [ARM/embedded-4_7-br"
 682      4320342E 
 682      372E3320 
 682      32303133 
 682      30333132 
 683 01b9 616E6368 		.ascii	"anch revision 196615]\000"
 683      20726576 
 683      6973696F 
 683      6E203139 
 683      36363135 
 684              	.LASF4:
 685 01cf 6C6F6E67 		.ascii	"long int\000"
 685      20696E74 
 685      00
 686              	.LASF0:
 687 01d8 7369676E 		.ascii	"signed char\000"
 687      65642063 
 687      68617200 
 688              	.LASF18:
 689 01e4 43617053 		.ascii	"CapSense_sensorEnableMask\000"
 689      656E7365 
 689      5F73656E 
 689      736F7245 
 689      6E61626C 
 690              	.LASF25:
 691 01fe 453A5C63 		.ascii	"E:\\code\\wifi\\1.6\\UartBootloader\\UART_Bootloade"
 691      6F64655C 
 691      77696669 
 691      5C312E36 
 691      5C556172 
 692 022c 725C5541 		.ascii	"r\\UART_Bootloadable.cydsn\000"
 692      52545F42 
 692      6F6F746C 
ARM GAS  C:\Users\ZHANGM~1\AppData\Local\Temp\ccVrtFkU.s 			page 17


 692      6F616461 
 692      626C652E 
 693              		.ident	"GCC: (GNU Tools for ARM Embedded Processors) 4.7.3 20130312 (release) [ARM/embedded-4_7-br
