ARM GAS  C:\Users\kevin\AppData\Local\Temp\ccTkXmFc.s 			page 1


   1              		.cpu cortex-m0
   2              		.fpu softvfp
   3              		.eabi_attribute 20, 1
   4              		.eabi_attribute 21, 1
   5              		.eabi_attribute 23, 3
   6              		.eabi_attribute 24, 1
   7              		.eabi_attribute 25, 1
   8              		.eabi_attribute 26, 1
   9              		.eabi_attribute 30, 6
  10              		.eabi_attribute 34, 0
  11              		.eabi_attribute 18, 4
  12              		.code	16
  13              		.file	"UART_UART.c"
  14              		.text
  15              	.Ltext0:
  16              		.cfi_sections	.debug_frame
  17              		.section	.text.UART_UartInit,"ax",%progbits
  18              		.align	2
  19              		.global	UART_UartInit
  20              		.code	16
  21              		.thumb_func
  22              		.type	UART_UartInit, %function
  23              	UART_UartInit:
  24              	.LFB0:
  25              		.file 1 ".\\Generated_Source\\PSoC4\\UART_UART.c"
   1:.\Generated_Source\PSoC4/UART_UART.c **** /*******************************************************************************
   2:.\Generated_Source\PSoC4/UART_UART.c **** * File Name: UART_UART.c
   3:.\Generated_Source\PSoC4/UART_UART.c **** * Version 1.20
   4:.\Generated_Source\PSoC4/UART_UART.c **** *
   5:.\Generated_Source\PSoC4/UART_UART.c **** * Description:
   6:.\Generated_Source\PSoC4/UART_UART.c **** *  This file provides the source code to the API for the SCB Component in
   7:.\Generated_Source\PSoC4/UART_UART.c **** *  UART mode.
   8:.\Generated_Source\PSoC4/UART_UART.c **** *
   9:.\Generated_Source\PSoC4/UART_UART.c **** * Note:
  10:.\Generated_Source\PSoC4/UART_UART.c **** *
  11:.\Generated_Source\PSoC4/UART_UART.c **** *******************************************************************************
  12:.\Generated_Source\PSoC4/UART_UART.c **** * Copyright 2013-2014, Cypress Semiconductor Corporation.  All rights reserved.
  13:.\Generated_Source\PSoC4/UART_UART.c **** * You may use this file only in accordance with the license, terms, conditions,
  14:.\Generated_Source\PSoC4/UART_UART.c **** * disclaimers, and limitations in the end user license agreement accompanying
  15:.\Generated_Source\PSoC4/UART_UART.c **** * the software package with which this file was provided.
  16:.\Generated_Source\PSoC4/UART_UART.c **** *******************************************************************************/
  17:.\Generated_Source\PSoC4/UART_UART.c **** 
  18:.\Generated_Source\PSoC4/UART_UART.c **** #include "UART_PVT.h"
  19:.\Generated_Source\PSoC4/UART_UART.c **** #include "UART_SPI_UART_PVT.h"
  20:.\Generated_Source\PSoC4/UART_UART.c **** 
  21:.\Generated_Source\PSoC4/UART_UART.c **** 
  22:.\Generated_Source\PSoC4/UART_UART.c **** #if(UART_SCB_MODE_UNCONFIG_CONST_CFG)
  23:.\Generated_Source\PSoC4/UART_UART.c **** 
  24:.\Generated_Source\PSoC4/UART_UART.c ****     /***************************************
  25:.\Generated_Source\PSoC4/UART_UART.c ****     *  Config Structure Initialization
  26:.\Generated_Source\PSoC4/UART_UART.c ****     ***************************************/
  27:.\Generated_Source\PSoC4/UART_UART.c **** 
  28:.\Generated_Source\PSoC4/UART_UART.c ****     const UART_UART_INIT_STRUCT UART_configUart =
  29:.\Generated_Source\PSoC4/UART_UART.c ****     {
  30:.\Generated_Source\PSoC4/UART_UART.c ****         UART_UART_SUB_MODE,
  31:.\Generated_Source\PSoC4/UART_UART.c ****         UART_UART_DIRECTION,
  32:.\Generated_Source\PSoC4/UART_UART.c ****         UART_UART_DATA_BITS_NUM,
ARM GAS  C:\Users\kevin\AppData\Local\Temp\ccTkXmFc.s 			page 2


  33:.\Generated_Source\PSoC4/UART_UART.c ****         UART_UART_PARITY_TYPE,
  34:.\Generated_Source\PSoC4/UART_UART.c ****         UART_UART_STOP_BITS_NUM,
  35:.\Generated_Source\PSoC4/UART_UART.c ****         UART_UART_OVS_FACTOR,
  36:.\Generated_Source\PSoC4/UART_UART.c ****         UART_UART_IRDA_LOW_POWER,
  37:.\Generated_Source\PSoC4/UART_UART.c ****         UART_UART_MEDIAN_FILTER_ENABLE,
  38:.\Generated_Source\PSoC4/UART_UART.c ****         UART_UART_RETRY_ON_NACK,
  39:.\Generated_Source\PSoC4/UART_UART.c ****         UART_UART_IRDA_POLARITY,
  40:.\Generated_Source\PSoC4/UART_UART.c ****         UART_UART_DROP_ON_PARITY_ERR,
  41:.\Generated_Source\PSoC4/UART_UART.c ****         UART_UART_DROP_ON_FRAME_ERR,
  42:.\Generated_Source\PSoC4/UART_UART.c ****         UART_UART_WAKE_ENABLE,
  43:.\Generated_Source\PSoC4/UART_UART.c ****         0u,
  44:.\Generated_Source\PSoC4/UART_UART.c ****         NULL,
  45:.\Generated_Source\PSoC4/UART_UART.c ****         0u,
  46:.\Generated_Source\PSoC4/UART_UART.c ****         NULL,
  47:.\Generated_Source\PSoC4/UART_UART.c ****         UART_UART_MP_MODE_ENABLE,
  48:.\Generated_Source\PSoC4/UART_UART.c ****         UART_UART_MP_ACCEPT_ADDRESS,
  49:.\Generated_Source\PSoC4/UART_UART.c ****         UART_UART_MP_RX_ADDRESS,
  50:.\Generated_Source\PSoC4/UART_UART.c ****         UART_UART_MP_RX_ADDRESS_MASK,
  51:.\Generated_Source\PSoC4/UART_UART.c ****         (uint32) UART_SCB_IRQ_INTERNAL,
  52:.\Generated_Source\PSoC4/UART_UART.c ****         UART_UART_INTR_RX_MASK,
  53:.\Generated_Source\PSoC4/UART_UART.c ****         UART_UART_RX_TRIGGER_LEVEL,
  54:.\Generated_Source\PSoC4/UART_UART.c ****         UART_UART_INTR_TX_MASK,
  55:.\Generated_Source\PSoC4/UART_UART.c ****         UART_UART_TX_TRIGGER_LEVEL
  56:.\Generated_Source\PSoC4/UART_UART.c ****     };
  57:.\Generated_Source\PSoC4/UART_UART.c **** 
  58:.\Generated_Source\PSoC4/UART_UART.c **** 
  59:.\Generated_Source\PSoC4/UART_UART.c ****     /*******************************************************************************
  60:.\Generated_Source\PSoC4/UART_UART.c ****     * Function Name: UART_UartInit
  61:.\Generated_Source\PSoC4/UART_UART.c ****     ********************************************************************************
  62:.\Generated_Source\PSoC4/UART_UART.c ****     *
  63:.\Generated_Source\PSoC4/UART_UART.c ****     * Summary:
  64:.\Generated_Source\PSoC4/UART_UART.c ****     *  Configures the SCB for the UART operation.
  65:.\Generated_Source\PSoC4/UART_UART.c ****     *
  66:.\Generated_Source\PSoC4/UART_UART.c ****     * Parameters:
  67:.\Generated_Source\PSoC4/UART_UART.c ****     *  config:  Pointer to a structure that contains the following ordered list of
  68:.\Generated_Source\PSoC4/UART_UART.c ****     *           fields. These fields match the selections available in the
  69:.\Generated_Source\PSoC4/UART_UART.c ****     *           customizer.
  70:.\Generated_Source\PSoC4/UART_UART.c ****     *
  71:.\Generated_Source\PSoC4/UART_UART.c ****     * Return:
  72:.\Generated_Source\PSoC4/UART_UART.c ****     *  None
  73:.\Generated_Source\PSoC4/UART_UART.c ****     *
  74:.\Generated_Source\PSoC4/UART_UART.c ****     *******************************************************************************/
  75:.\Generated_Source\PSoC4/UART_UART.c ****     void UART_UartInit(const UART_UART_INIT_STRUCT *config)
  76:.\Generated_Source\PSoC4/UART_UART.c ****     {
  77:.\Generated_Source\PSoC4/UART_UART.c ****         if(NULL == config)
  78:.\Generated_Source\PSoC4/UART_UART.c ****         {
  79:.\Generated_Source\PSoC4/UART_UART.c ****             CYASSERT(0u != 0u); /* Halt execution due bad function parameter */
  80:.\Generated_Source\PSoC4/UART_UART.c ****         }
  81:.\Generated_Source\PSoC4/UART_UART.c ****         else
  82:.\Generated_Source\PSoC4/UART_UART.c ****         {
  83:.\Generated_Source\PSoC4/UART_UART.c ****             /* Configure pins */
  84:.\Generated_Source\PSoC4/UART_UART.c ****             UART_SetPins(UART_SCB_MODE_UART, config->mode, config->direction);
  85:.\Generated_Source\PSoC4/UART_UART.c **** 
  86:.\Generated_Source\PSoC4/UART_UART.c ****             /* Store internal configuration */
  87:.\Generated_Source\PSoC4/UART_UART.c ****             UART_scbMode       = (uint8) UART_SCB_MODE_UART;
  88:.\Generated_Source\PSoC4/UART_UART.c ****             UART_scbEnableWake = (uint8) config->enableWake;
  89:.\Generated_Source\PSoC4/UART_UART.c ****             UART_scbEnableIntr = (uint8) config->enableInterrupt;
ARM GAS  C:\Users\kevin\AppData\Local\Temp\ccTkXmFc.s 			page 3


  90:.\Generated_Source\PSoC4/UART_UART.c **** 
  91:.\Generated_Source\PSoC4/UART_UART.c ****             /* Set RX direction internal variables */
  92:.\Generated_Source\PSoC4/UART_UART.c ****             UART_rxBuffer      =         config->rxBuffer;
  93:.\Generated_Source\PSoC4/UART_UART.c ****             UART_rxDataBits    = (uint8) config->dataBits;
  94:.\Generated_Source\PSoC4/UART_UART.c ****             UART_rxBufferSize  = (uint8) config->rxBufferSize;
  95:.\Generated_Source\PSoC4/UART_UART.c **** 
  96:.\Generated_Source\PSoC4/UART_UART.c ****             /* Set TX direction internal variables */
  97:.\Generated_Source\PSoC4/UART_UART.c ****             UART_txBuffer      =         config->txBuffer;
  98:.\Generated_Source\PSoC4/UART_UART.c ****             UART_txDataBits    = (uint8) config->dataBits;
  99:.\Generated_Source\PSoC4/UART_UART.c ****             UART_txBufferSize  = (uint8) config->txBufferSize;
 100:.\Generated_Source\PSoC4/UART_UART.c **** 
 101:.\Generated_Source\PSoC4/UART_UART.c ****             /* Configure UART interface */
 102:.\Generated_Source\PSoC4/UART_UART.c ****             if(UART_UART_MODE_IRDA == config->mode)
 103:.\Generated_Source\PSoC4/UART_UART.c ****             {
 104:.\Generated_Source\PSoC4/UART_UART.c ****                 /* OVS settings: IrDA */
 105:.\Generated_Source\PSoC4/UART_UART.c ****                 UART_CTRL_REG  = ((0u != config->enableIrdaLowPower) ?
 106:.\Generated_Source\PSoC4/UART_UART.c ****                                                 (UART_UART_GET_CTRL_OVS_IRDA_LP(config->oversample)
 107:.\Generated_Source\PSoC4/UART_UART.c ****                                                 (UART_CTRL_OVS_IRDA_OVS16));
 108:.\Generated_Source\PSoC4/UART_UART.c ****             }
 109:.\Generated_Source\PSoC4/UART_UART.c ****             else
 110:.\Generated_Source\PSoC4/UART_UART.c ****             {
 111:.\Generated_Source\PSoC4/UART_UART.c ****                 /* OVS settings: UART and SmartCard */
 112:.\Generated_Source\PSoC4/UART_UART.c ****                 UART_CTRL_REG  = UART_GET_CTRL_OVS(config->oversample);
 113:.\Generated_Source\PSoC4/UART_UART.c ****             }
 114:.\Generated_Source\PSoC4/UART_UART.c **** 
 115:.\Generated_Source\PSoC4/UART_UART.c ****             UART_CTRL_REG     |= UART_GET_CTRL_ADDR_ACCEPT(config->multiprocAcceptAddr) |
 116:.\Generated_Source\PSoC4/UART_UART.c ****                                              UART_CTRL_UART;
 117:.\Generated_Source\PSoC4/UART_UART.c **** 
 118:.\Generated_Source\PSoC4/UART_UART.c ****             /* Configure sub-mode: UART, SmartCard or IrDA */
 119:.\Generated_Source\PSoC4/UART_UART.c ****             UART_UART_CTRL_REG = UART_GET_UART_CTRL_MODE(config->mode);
 120:.\Generated_Source\PSoC4/UART_UART.c **** 
 121:.\Generated_Source\PSoC4/UART_UART.c ****             /* Configure RX direction */
 122:.\Generated_Source\PSoC4/UART_UART.c ****             UART_UART_RX_CTRL_REG = UART_GET_UART_RX_CTRL_MODE(config->stopBits)              |
 123:.\Generated_Source\PSoC4/UART_UART.c ****                                         UART_GET_UART_RX_CTRL_POLARITY(config->enableInvertedRx)   
 124:.\Generated_Source\PSoC4/UART_UART.c ****                                         UART_GET_UART_RX_CTRL_MP_MODE(config->enableMultiproc)     
 125:.\Generated_Source\PSoC4/UART_UART.c ****                                         UART_GET_UART_RX_CTRL_DROP_ON_PARITY_ERR(config->dropOnPari
 126:.\Generated_Source\PSoC4/UART_UART.c ****                                         UART_GET_UART_RX_CTRL_DROP_ON_FRAME_ERR(config->dropOnFrame
 127:.\Generated_Source\PSoC4/UART_UART.c **** 
 128:.\Generated_Source\PSoC4/UART_UART.c ****             if(UART_UART_PARITY_NONE != config->parity)
 129:.\Generated_Source\PSoC4/UART_UART.c ****             {
 130:.\Generated_Source\PSoC4/UART_UART.c ****                UART_UART_RX_CTRL_REG |= UART_GET_UART_RX_CTRL_PARITY(config->parity) |
 131:.\Generated_Source\PSoC4/UART_UART.c ****                                                     UART_UART_RX_CTRL_PARITY_ENABLED;
 132:.\Generated_Source\PSoC4/UART_UART.c ****             }
 133:.\Generated_Source\PSoC4/UART_UART.c **** 
 134:.\Generated_Source\PSoC4/UART_UART.c ****             UART_RX_CTRL_REG      = UART_GET_RX_CTRL_DATA_WIDTH(config->dataBits)       |
 135:.\Generated_Source\PSoC4/UART_UART.c ****                                                 UART_GET_RX_CTRL_MEDIAN(config->enableMedianFilter)
 136:.\Generated_Source\PSoC4/UART_UART.c ****                                                 UART_GET_UART_RX_CTRL_ENABLED(config->direction);
 137:.\Generated_Source\PSoC4/UART_UART.c **** 
 138:.\Generated_Source\PSoC4/UART_UART.c ****             UART_RX_FIFO_CTRL_REG = UART_GET_RX_FIFO_CTRL_TRIGGER_LEVEL(config->rxTriggerLevel);
 139:.\Generated_Source\PSoC4/UART_UART.c **** 
 140:.\Generated_Source\PSoC4/UART_UART.c ****             /* Configure MP address */
 141:.\Generated_Source\PSoC4/UART_UART.c ****             UART_RX_MATCH_REG     = UART_GET_RX_MATCH_ADDR(config->multiprocAddr) |
 142:.\Generated_Source\PSoC4/UART_UART.c ****                                                 UART_GET_RX_MATCH_MASK(config->multiprocAddrMask);
 143:.\Generated_Source\PSoC4/UART_UART.c **** 
 144:.\Generated_Source\PSoC4/UART_UART.c ****             /* Configure RX direction */
 145:.\Generated_Source\PSoC4/UART_UART.c ****             UART_UART_TX_CTRL_REG = UART_GET_UART_TX_CTRL_MODE(config->stopBits) |
 146:.\Generated_Source\PSoC4/UART_UART.c ****                                                 UART_GET_UART_TX_CTRL_RETRY_NACK(config->enableRetr
ARM GAS  C:\Users\kevin\AppData\Local\Temp\ccTkXmFc.s 			page 4


 147:.\Generated_Source\PSoC4/UART_UART.c **** 
 148:.\Generated_Source\PSoC4/UART_UART.c ****             if(UART_UART_PARITY_NONE != config->parity)
 149:.\Generated_Source\PSoC4/UART_UART.c ****             {
 150:.\Generated_Source\PSoC4/UART_UART.c ****                UART_UART_TX_CTRL_REG |= UART_GET_UART_TX_CTRL_PARITY(config->parity) |
 151:.\Generated_Source\PSoC4/UART_UART.c ****                                                     UART_UART_TX_CTRL_PARITY_ENABLED;
 152:.\Generated_Source\PSoC4/UART_UART.c ****             }
 153:.\Generated_Source\PSoC4/UART_UART.c **** 
 154:.\Generated_Source\PSoC4/UART_UART.c ****             UART_TX_CTRL_REG      = UART_GET_TX_CTRL_DATA_WIDTH(config->dataBits)    |
 155:.\Generated_Source\PSoC4/UART_UART.c ****                                                 UART_GET_UART_TX_CTRL_ENABLED(config->direction);
 156:.\Generated_Source\PSoC4/UART_UART.c **** 
 157:.\Generated_Source\PSoC4/UART_UART.c ****             UART_TX_FIFO_CTRL_REG = UART_GET_TX_FIFO_CTRL_TRIGGER_LEVEL(config->txTriggerLevel);
 158:.\Generated_Source\PSoC4/UART_UART.c **** 
 159:.\Generated_Source\PSoC4/UART_UART.c **** 
 160:.\Generated_Source\PSoC4/UART_UART.c **** 
 161:.\Generated_Source\PSoC4/UART_UART.c ****             /* Configure interrupt with UART handler but do not enable it */
 162:.\Generated_Source\PSoC4/UART_UART.c ****             CyIntDisable    (UART_ISR_NUMBER);
 163:.\Generated_Source\PSoC4/UART_UART.c ****             CyIntSetPriority(UART_ISR_NUMBER, UART_ISR_PRIORITY);
 164:.\Generated_Source\PSoC4/UART_UART.c ****             (void) CyIntSetVector(UART_ISR_NUMBER, &UART_SPI_UART_ISR);
 165:.\Generated_Source\PSoC4/UART_UART.c **** 
 166:.\Generated_Source\PSoC4/UART_UART.c ****             /* Configure WAKE interrupt */
 167:.\Generated_Source\PSoC4/UART_UART.c ****         #if(UART_UART_RX_WAKEUP_IRQ)
 168:.\Generated_Source\PSoC4/UART_UART.c ****             CyIntDisable    (UART_RX_WAKE_ISR_NUMBER);
 169:.\Generated_Source\PSoC4/UART_UART.c ****             CyIntSetPriority(UART_RX_WAKE_ISR_NUMBER, UART_RX_WAKE_ISR_PRIORITY);
 170:.\Generated_Source\PSoC4/UART_UART.c ****             (void) CyIntSetVector(UART_RX_WAKE_ISR_NUMBER, &UART_UART_WAKEUP_ISR);
 171:.\Generated_Source\PSoC4/UART_UART.c ****         #endif /* (UART_UART_RX_WAKEUP_IRQ) */
 172:.\Generated_Source\PSoC4/UART_UART.c **** 
 173:.\Generated_Source\PSoC4/UART_UART.c ****             /* Configure interrupt sources */
 174:.\Generated_Source\PSoC4/UART_UART.c ****             UART_INTR_I2C_EC_MASK_REG = UART_NO_INTR_SOURCES;
 175:.\Generated_Source\PSoC4/UART_UART.c ****             UART_INTR_SPI_EC_MASK_REG = UART_NO_INTR_SOURCES;
 176:.\Generated_Source\PSoC4/UART_UART.c ****             UART_INTR_SLAVE_MASK_REG  = UART_NO_INTR_SOURCES;
 177:.\Generated_Source\PSoC4/UART_UART.c ****             UART_INTR_MASTER_MASK_REG = UART_NO_INTR_SOURCES;
 178:.\Generated_Source\PSoC4/UART_UART.c ****             UART_INTR_RX_MASK_REG     = config->rxInterruptMask;
 179:.\Generated_Source\PSoC4/UART_UART.c ****             UART_INTR_TX_MASK_REG     = config->txInterruptMask;
 180:.\Generated_Source\PSoC4/UART_UART.c **** 
 181:.\Generated_Source\PSoC4/UART_UART.c ****             /* Clear RX buffer indexes */
 182:.\Generated_Source\PSoC4/UART_UART.c ****             UART_rxBufferHead     = 0u;
 183:.\Generated_Source\PSoC4/UART_UART.c ****             UART_rxBufferTail     = 0u;
 184:.\Generated_Source\PSoC4/UART_UART.c ****             UART_rxBufferOverflow = 0u;
 185:.\Generated_Source\PSoC4/UART_UART.c **** 
 186:.\Generated_Source\PSoC4/UART_UART.c ****             /* Clrea TX buffer indexes */
 187:.\Generated_Source\PSoC4/UART_UART.c ****             UART_txBufferHead = 0u;
 188:.\Generated_Source\PSoC4/UART_UART.c ****             UART_txBufferTail = 0u;
 189:.\Generated_Source\PSoC4/UART_UART.c ****         }
 190:.\Generated_Source\PSoC4/UART_UART.c ****     }
 191:.\Generated_Source\PSoC4/UART_UART.c **** 
 192:.\Generated_Source\PSoC4/UART_UART.c **** #else
 193:.\Generated_Source\PSoC4/UART_UART.c **** 
 194:.\Generated_Source\PSoC4/UART_UART.c ****     /*******************************************************************************
 195:.\Generated_Source\PSoC4/UART_UART.c ****     * Function Name: UART_UartInit
 196:.\Generated_Source\PSoC4/UART_UART.c ****     ********************************************************************************
 197:.\Generated_Source\PSoC4/UART_UART.c ****     *
 198:.\Generated_Source\PSoC4/UART_UART.c ****     * Summary:
 199:.\Generated_Source\PSoC4/UART_UART.c ****     *  Configures the SCB for the UART operation.
 200:.\Generated_Source\PSoC4/UART_UART.c ****     *
 201:.\Generated_Source\PSoC4/UART_UART.c ****     * Parameters:
 202:.\Generated_Source\PSoC4/UART_UART.c ****     *  None
 203:.\Generated_Source\PSoC4/UART_UART.c ****     *
ARM GAS  C:\Users\kevin\AppData\Local\Temp\ccTkXmFc.s 			page 5


 204:.\Generated_Source\PSoC4/UART_UART.c ****     * Return:
 205:.\Generated_Source\PSoC4/UART_UART.c ****     *  None
 206:.\Generated_Source\PSoC4/UART_UART.c ****     *
 207:.\Generated_Source\PSoC4/UART_UART.c ****     *******************************************************************************/
 208:.\Generated_Source\PSoC4/UART_UART.c ****     void UART_UartInit(void)
 209:.\Generated_Source\PSoC4/UART_UART.c ****     {
  26              		.loc 1 209 0
  27              		.cfi_startproc
  28 0000 80B5     		push	{r7, lr}
  29              	.LCFI0:
  30              		.cfi_def_cfa_offset 8
  31              		.cfi_offset 7, -8
  32              		.cfi_offset 14, -4
  33 0002 00AF     		add	r7, sp, #0
  34              	.LCFI1:
  35              		.cfi_def_cfa_register 7
 210:.\Generated_Source\PSoC4/UART_UART.c ****         /* Configure UART interface */
 211:.\Generated_Source\PSoC4/UART_UART.c ****         UART_CTRL_REG = UART_UART_DEFAULT_CTRL;
  36              		.loc 1 211 0
  37 0004 1D4B     		ldr	r3, .L2
  38 0006 1E4A     		ldr	r2, .L2+4
  39 0008 1A60     		str	r2, [r3]
 212:.\Generated_Source\PSoC4/UART_UART.c **** 
 213:.\Generated_Source\PSoC4/UART_UART.c ****         /* Configure sub-mode: UART, SmartCard or IrDA */
 214:.\Generated_Source\PSoC4/UART_UART.c ****         UART_UART_CTRL_REG = UART_UART_DEFAULT_UART_CTRL;
  40              		.loc 1 214 0
  41 000a 1E4B     		ldr	r3, .L2+8
  42 000c 0022     		mov	r2, #0
  43 000e 1A60     		str	r2, [r3]
 215:.\Generated_Source\PSoC4/UART_UART.c **** 
 216:.\Generated_Source\PSoC4/UART_UART.c ****         /* Configure RX direction */
 217:.\Generated_Source\PSoC4/UART_UART.c ****         UART_UART_RX_CTRL_REG = UART_UART_DEFAULT_UART_RX_CTRL;
  44              		.loc 1 217 0
  45 0010 1D4B     		ldr	r3, .L2+12
  46 0012 0122     		mov	r2, #1
  47 0014 1A60     		str	r2, [r3]
 218:.\Generated_Source\PSoC4/UART_UART.c ****         UART_RX_CTRL_REG      = UART_UART_DEFAULT_RX_CTRL;
  48              		.loc 1 218 0
  49 0016 1D4B     		ldr	r3, .L2+16
  50 0018 1D4A     		ldr	r2, .L2+20
  51 001a 1A60     		str	r2, [r3]
 219:.\Generated_Source\PSoC4/UART_UART.c ****         UART_RX_FIFO_CTRL_REG = UART_UART_DEFAULT_RX_FIFO_CTRL;
  52              		.loc 1 219 0
  53 001c 1D4B     		ldr	r3, .L2+24
  54 001e 0722     		mov	r2, #7
  55 0020 1A60     		str	r2, [r3]
 220:.\Generated_Source\PSoC4/UART_UART.c ****         UART_RX_MATCH_REG     = UART_UART_DEFAULT_RX_MATCH_REG;
  56              		.loc 1 220 0
  57 0022 1D4B     		ldr	r3, .L2+28
  58 0024 0022     		mov	r2, #0
  59 0026 1A60     		str	r2, [r3]
 221:.\Generated_Source\PSoC4/UART_UART.c **** 
 222:.\Generated_Source\PSoC4/UART_UART.c ****         /* Configure TX direction */
 223:.\Generated_Source\PSoC4/UART_UART.c ****         UART_UART_TX_CTRL_REG = UART_UART_DEFAULT_UART_TX_CTRL;
  60              		.loc 1 223 0
  61 0028 1C4B     		ldr	r3, .L2+32
  62 002a 0122     		mov	r2, #1
ARM GAS  C:\Users\kevin\AppData\Local\Temp\ccTkXmFc.s 			page 6


  63 002c 1A60     		str	r2, [r3]
 224:.\Generated_Source\PSoC4/UART_UART.c ****         UART_TX_CTRL_REG      = UART_UART_DEFAULT_TX_CTRL;
  64              		.loc 1 224 0
  65 002e 1C4B     		ldr	r3, .L2+36
  66 0030 174A     		ldr	r2, .L2+20
  67 0032 1A60     		str	r2, [r3]
 225:.\Generated_Source\PSoC4/UART_UART.c ****         UART_TX_FIFO_CTRL_REG = UART_UART_DEFAULT_TX_FIFO_CTRL;
  68              		.loc 1 225 0
  69 0034 1B4B     		ldr	r3, .L2+40
  70 0036 0022     		mov	r2, #0
  71 0038 1A60     		str	r2, [r3]
 226:.\Generated_Source\PSoC4/UART_UART.c **** 
 227:.\Generated_Source\PSoC4/UART_UART.c ****         /* Configure interrupt with UART handler but do not enable it */
 228:.\Generated_Source\PSoC4/UART_UART.c ****     #if(UART_SCB_IRQ_INTERNAL)
 229:.\Generated_Source\PSoC4/UART_UART.c ****         CyIntDisable    (UART_ISR_NUMBER);
  72              		.loc 1 229 0
  73 003a 0B20     		mov	r0, #11
  74 003c FFF7FEFF 		bl	CyIntDisable
 230:.\Generated_Source\PSoC4/UART_UART.c ****         CyIntSetPriority(UART_ISR_NUMBER, UART_ISR_PRIORITY);
  75              		.loc 1 230 0
  76 0040 0B20     		mov	r0, #11
  77 0042 0321     		mov	r1, #3
  78 0044 FFF7FEFF 		bl	CyIntSetPriority
 231:.\Generated_Source\PSoC4/UART_UART.c ****         (void) CyIntSetVector(UART_ISR_NUMBER, &UART_SPI_UART_ISR);
  79              		.loc 1 231 0
  80 0048 174B     		ldr	r3, .L2+44
  81 004a 0B20     		mov	r0, #11
  82 004c 191C     		mov	r1, r3
  83 004e FFF7FEFF 		bl	CyIntSetVector
 232:.\Generated_Source\PSoC4/UART_UART.c ****     #endif /* (UART_SCB_IRQ_INTERNAL) */
 233:.\Generated_Source\PSoC4/UART_UART.c **** 
 234:.\Generated_Source\PSoC4/UART_UART.c ****         /* Configure WAKE interrupt */
 235:.\Generated_Source\PSoC4/UART_UART.c ****     #if(UART_UART_RX_WAKEUP_IRQ)
 236:.\Generated_Source\PSoC4/UART_UART.c ****         CyIntDisable    (UART_RX_WAKE_ISR_NUMBER);
 237:.\Generated_Source\PSoC4/UART_UART.c ****         CyIntSetPriority(UART_RX_WAKE_ISR_NUMBER, UART_RX_WAKE_ISR_PRIORITY);
 238:.\Generated_Source\PSoC4/UART_UART.c ****         (void) CyIntSetVector(UART_RX_WAKE_ISR_NUMBER, &UART_UART_WAKEUP_ISR);
 239:.\Generated_Source\PSoC4/UART_UART.c ****     #endif /* (UART_UART_RX_WAKEUP_IRQ) */
 240:.\Generated_Source\PSoC4/UART_UART.c **** 
 241:.\Generated_Source\PSoC4/UART_UART.c ****         /* Configure interrupt sources */
 242:.\Generated_Source\PSoC4/UART_UART.c ****         UART_INTR_I2C_EC_MASK_REG = UART_UART_DEFAULT_INTR_I2C_EC_MASK;
  84              		.loc 1 242 0
  85 0052 164B     		ldr	r3, .L2+48
  86 0054 0022     		mov	r2, #0
  87 0056 1A60     		str	r2, [r3]
 243:.\Generated_Source\PSoC4/UART_UART.c ****         UART_INTR_SPI_EC_MASK_REG = UART_UART_DEFAULT_INTR_SPI_EC_MASK;
  88              		.loc 1 243 0
  89 0058 154B     		ldr	r3, .L2+52
  90 005a 0022     		mov	r2, #0
  91 005c 1A60     		str	r2, [r3]
 244:.\Generated_Source\PSoC4/UART_UART.c ****         UART_INTR_SLAVE_MASK_REG  = UART_UART_DEFAULT_INTR_SLAVE_MASK;
  92              		.loc 1 244 0
  93 005e 154B     		ldr	r3, .L2+56
  94 0060 0022     		mov	r2, #0
  95 0062 1A60     		str	r2, [r3]
 245:.\Generated_Source\PSoC4/UART_UART.c ****         UART_INTR_MASTER_MASK_REG = UART_UART_DEFAULT_INTR_MASTER_MASK;
  96              		.loc 1 245 0
  97 0064 144B     		ldr	r3, .L2+60
ARM GAS  C:\Users\kevin\AppData\Local\Temp\ccTkXmFc.s 			page 7


  98 0066 0022     		mov	r2, #0
  99 0068 1A60     		str	r2, [r3]
 246:.\Generated_Source\PSoC4/UART_UART.c ****         UART_INTR_RX_MASK_REG     = UART_UART_DEFAULT_INTR_RX_MASK;
 100              		.loc 1 246 0
 101 006a 144B     		ldr	r3, .L2+64
 102 006c 0022     		mov	r2, #0
 103 006e 1A60     		str	r2, [r3]
 247:.\Generated_Source\PSoC4/UART_UART.c ****         UART_INTR_TX_MASK_REG     = UART_UART_DEFAULT_INTR_TX_MASK;
 104              		.loc 1 247 0
 105 0070 134B     		ldr	r3, .L2+68
 106 0072 0022     		mov	r2, #0
 107 0074 1A60     		str	r2, [r3]
 248:.\Generated_Source\PSoC4/UART_UART.c **** 
 249:.\Generated_Source\PSoC4/UART_UART.c ****     #if(UART_INTERNAL_RX_SW_BUFFER_CONST)
 250:.\Generated_Source\PSoC4/UART_UART.c ****         UART_rxBufferHead     = 0u;
 251:.\Generated_Source\PSoC4/UART_UART.c ****         UART_rxBufferTail     = 0u;
 252:.\Generated_Source\PSoC4/UART_UART.c ****         UART_rxBufferOverflow = 0u;
 253:.\Generated_Source\PSoC4/UART_UART.c ****     #endif /* (UART_INTERNAL_RX_SW_BUFFER_CONST) */
 254:.\Generated_Source\PSoC4/UART_UART.c **** 
 255:.\Generated_Source\PSoC4/UART_UART.c ****     #if(UART_INTERNAL_TX_SW_BUFFER_CONST)
 256:.\Generated_Source\PSoC4/UART_UART.c ****         UART_txBufferHead = 0u;
 257:.\Generated_Source\PSoC4/UART_UART.c ****         UART_txBufferTail = 0u;
 258:.\Generated_Source\PSoC4/UART_UART.c ****     #endif /* (UART_INTERNAL_TX_SW_BUFFER_CONST) */
 259:.\Generated_Source\PSoC4/UART_UART.c ****     }
 108              		.loc 1 259 0
 109 0076 BD46     		mov	sp, r7
 110              		@ sp needed for prologue
 111 0078 80BD     		pop	{r7, pc}
 112              	.L3:
 113 007a C046     		.align	2
 114              	.L2:
 115 007c 00000740 		.word	1074200576
 116 0080 0B000002 		.word	33554443
 117 0084 40000740 		.word	1074200640
 118 0088 48000740 		.word	1074200648
 119 008c 00030740 		.word	1074201344
 120 0090 07000080 		.word	-2147483641
 121 0094 04030740 		.word	1074201348
 122 0098 10030740 		.word	1074201360
 123 009c 44000740 		.word	1074200644
 124 00a0 00020740 		.word	1074201088
 125 00a4 04020740 		.word	1074201092
 126 00a8 00000000 		.word	UART_SPI_UART_ISR
 127 00ac 880E0740 		.word	1074204296
 128 00b0 C80E0740 		.word	1074204360
 129 00b4 480F0740 		.word	1074204488
 130 00b8 080F0740 		.word	1074204424
 131 00bc C80F0740 		.word	1074204616
 132 00c0 880F0740 		.word	1074204552
 133              		.cfi_endproc
 134              	.LFE0:
 135              		.size	UART_UartInit, .-UART_UartInit
 136              		.section	.text.UART_UartSetRxAddress,"ax",%progbits
 137              		.align	2
 138              		.global	UART_UartSetRxAddress
 139              		.code	16
 140              		.thumb_func
ARM GAS  C:\Users\kevin\AppData\Local\Temp\ccTkXmFc.s 			page 8


 141              		.type	UART_UartSetRxAddress, %function
 142              	UART_UartSetRxAddress:
 143              	.LFB1:
 260:.\Generated_Source\PSoC4/UART_UART.c **** #endif /* (UART_SCB_MODE_UNCONFIG_CONST_CFG) */
 261:.\Generated_Source\PSoC4/UART_UART.c **** 
 262:.\Generated_Source\PSoC4/UART_UART.c **** 
 263:.\Generated_Source\PSoC4/UART_UART.c **** /*******************************************************************************
 264:.\Generated_Source\PSoC4/UART_UART.c **** * Function Name: UART_UartSetRxAddress
 265:.\Generated_Source\PSoC4/UART_UART.c **** ********************************************************************************
 266:.\Generated_Source\PSoC4/UART_UART.c **** *
 267:.\Generated_Source\PSoC4/UART_UART.c **** * Summary:
 268:.\Generated_Source\PSoC4/UART_UART.c **** *  Sets the hardware detectable receiver address for the UART in the Multiprocessor
 269:.\Generated_Source\PSoC4/UART_UART.c **** *  mode.
 270:.\Generated_Source\PSoC4/UART_UART.c **** *
 271:.\Generated_Source\PSoC4/UART_UART.c **** * Parameters:
 272:.\Generated_Source\PSoC4/UART_UART.c **** *  address: Address for hardware address detection.
 273:.\Generated_Source\PSoC4/UART_UART.c **** *
 274:.\Generated_Source\PSoC4/UART_UART.c **** * Return:
 275:.\Generated_Source\PSoC4/UART_UART.c **** *  None
 276:.\Generated_Source\PSoC4/UART_UART.c **** *
 277:.\Generated_Source\PSoC4/UART_UART.c **** *******************************************************************************/
 278:.\Generated_Source\PSoC4/UART_UART.c **** void UART_UartSetRxAddress(uint32 address)
 279:.\Generated_Source\PSoC4/UART_UART.c **** {
 144              		.loc 1 279 0
 145              		.cfi_startproc
 146 0000 80B5     		push	{r7, lr}
 147              	.LCFI2:
 148              		.cfi_def_cfa_offset 8
 149              		.cfi_offset 7, -8
 150              		.cfi_offset 14, -4
 151 0002 84B0     		sub	sp, sp, #16
 152              	.LCFI3:
 153              		.cfi_def_cfa_offset 24
 154 0004 00AF     		add	r7, sp, #0
 155              	.LCFI4:
 156              		.cfi_def_cfa_register 7
 157 0006 7860     		str	r0, [r7, #4]
 280:.\Generated_Source\PSoC4/UART_UART.c ****      uint32 matchReg;
 281:.\Generated_Source\PSoC4/UART_UART.c **** 
 282:.\Generated_Source\PSoC4/UART_UART.c ****     matchReg = UART_RX_MATCH_REG;
 158              		.loc 1 282 0
 159 0008 094B     		ldr	r3, .L5
 160 000a 1B68     		ldr	r3, [r3]
 161 000c FB60     		str	r3, [r7, #12]
 283:.\Generated_Source\PSoC4/UART_UART.c **** 
 284:.\Generated_Source\PSoC4/UART_UART.c ****     matchReg &= ((uint32) ~UART_RX_MATCH_ADDR_MASK); /* Clear address bits */
 162              		.loc 1 284 0
 163 000e FB68     		ldr	r3, [r7, #12]
 164 0010 FF22     		mov	r2, #255
 165 0012 9343     		bic	r3, r2
 166 0014 FB60     		str	r3, [r7, #12]
 285:.\Generated_Source\PSoC4/UART_UART.c ****     matchReg |= ((uint32)  (address & UART_RX_MATCH_ADDR_MASK)); /* Set address  */
 167              		.loc 1 285 0
 168 0016 7A68     		ldr	r2, [r7, #4]
 169 0018 FF23     		mov	r3, #255
 170 001a 1340     		and	r3, r2
 171 001c FA68     		ldr	r2, [r7, #12]
ARM GAS  C:\Users\kevin\AppData\Local\Temp\ccTkXmFc.s 			page 9


 172 001e 1343     		orr	r3, r2
 173 0020 FB60     		str	r3, [r7, #12]
 286:.\Generated_Source\PSoC4/UART_UART.c **** 
 287:.\Generated_Source\PSoC4/UART_UART.c ****     UART_RX_MATCH_REG = matchReg;
 174              		.loc 1 287 0
 175 0022 034B     		ldr	r3, .L5
 176 0024 FA68     		ldr	r2, [r7, #12]
 177 0026 1A60     		str	r2, [r3]
 288:.\Generated_Source\PSoC4/UART_UART.c **** }
 178              		.loc 1 288 0
 179 0028 BD46     		mov	sp, r7
 180 002a 04B0     		add	sp, sp, #16
 181              		@ sp needed for prologue
 182 002c 80BD     		pop	{r7, pc}
 183              	.L6:
 184 002e C046     		.align	2
 185              	.L5:
 186 0030 10030740 		.word	1074201360
 187              		.cfi_endproc
 188              	.LFE1:
 189              		.size	UART_UartSetRxAddress, .-UART_UartSetRxAddress
 190              		.section	.text.UART_UartSetRxAddressMask,"ax",%progbits
 191              		.align	2
 192              		.global	UART_UartSetRxAddressMask
 193              		.code	16
 194              		.thumb_func
 195              		.type	UART_UartSetRxAddressMask, %function
 196              	UART_UartSetRxAddressMask:
 197              	.LFB2:
 289:.\Generated_Source\PSoC4/UART_UART.c **** 
 290:.\Generated_Source\PSoC4/UART_UART.c **** 
 291:.\Generated_Source\PSoC4/UART_UART.c **** /*******************************************************************************
 292:.\Generated_Source\PSoC4/UART_UART.c **** * Function Name: UART_UartSetRxAddressMask
 293:.\Generated_Source\PSoC4/UART_UART.c **** ********************************************************************************
 294:.\Generated_Source\PSoC4/UART_UART.c **** *
 295:.\Generated_Source\PSoC4/UART_UART.c **** * Summary:
 296:.\Generated_Source\PSoC4/UART_UART.c **** *  Sets the hardware address mask for the UART in the Multiprocessor mode.
 297:.\Generated_Source\PSoC4/UART_UART.c **** *
 298:.\Generated_Source\PSoC4/UART_UART.c **** * Parameters:
 299:.\Generated_Source\PSoC4/UART_UART.c **** *  addressMask: Address mask.
 300:.\Generated_Source\PSoC4/UART_UART.c **** *   0 - address bit does not care while comparison.
 301:.\Generated_Source\PSoC4/UART_UART.c **** *   1 - address bit is significant while comparison.
 302:.\Generated_Source\PSoC4/UART_UART.c **** *
 303:.\Generated_Source\PSoC4/UART_UART.c **** * Return:
 304:.\Generated_Source\PSoC4/UART_UART.c **** *  None
 305:.\Generated_Source\PSoC4/UART_UART.c **** *
 306:.\Generated_Source\PSoC4/UART_UART.c **** *******************************************************************************/
 307:.\Generated_Source\PSoC4/UART_UART.c **** void UART_UartSetRxAddressMask(uint32 addressMask)
 308:.\Generated_Source\PSoC4/UART_UART.c **** {
 198              		.loc 1 308 0
 199              		.cfi_startproc
 200 0000 80B5     		push	{r7, lr}
 201              	.LCFI5:
 202              		.cfi_def_cfa_offset 8
 203              		.cfi_offset 7, -8
 204              		.cfi_offset 14, -4
 205 0002 84B0     		sub	sp, sp, #16
ARM GAS  C:\Users\kevin\AppData\Local\Temp\ccTkXmFc.s 			page 10


 206              	.LCFI6:
 207              		.cfi_def_cfa_offset 24
 208 0004 00AF     		add	r7, sp, #0
 209              	.LCFI7:
 210              		.cfi_def_cfa_register 7
 211 0006 7860     		str	r0, [r7, #4]
 309:.\Generated_Source\PSoC4/UART_UART.c ****     uint32 matchReg;
 310:.\Generated_Source\PSoC4/UART_UART.c **** 
 311:.\Generated_Source\PSoC4/UART_UART.c ****     matchReg = UART_RX_MATCH_REG;
 212              		.loc 1 311 0
 213 0008 084B     		ldr	r3, .L8
 214 000a 1B68     		ldr	r3, [r3]
 215 000c FB60     		str	r3, [r7, #12]
 312:.\Generated_Source\PSoC4/UART_UART.c **** 
 313:.\Generated_Source\PSoC4/UART_UART.c ****     matchReg &= ((uint32) ~UART_RX_MATCH_MASK_MASK); /* Clear address mask bits */
 216              		.loc 1 313 0
 217 000e FA68     		ldr	r2, [r7, #12]
 218 0010 074B     		ldr	r3, .L8+4
 219 0012 1340     		and	r3, r2
 220 0014 FB60     		str	r3, [r7, #12]
 314:.\Generated_Source\PSoC4/UART_UART.c ****     matchReg |= ((uint32) (addressMask << UART_RX_MATCH_MASK_POS));
 221              		.loc 1 314 0
 222 0016 7B68     		ldr	r3, [r7, #4]
 223 0018 1B04     		lsl	r3, r3, #16
 224 001a FA68     		ldr	r2, [r7, #12]
 225 001c 1343     		orr	r3, r2
 226 001e FB60     		str	r3, [r7, #12]
 315:.\Generated_Source\PSoC4/UART_UART.c **** 
 316:.\Generated_Source\PSoC4/UART_UART.c ****     UART_RX_MATCH_REG = matchReg;
 227              		.loc 1 316 0
 228 0020 024B     		ldr	r3, .L8
 229 0022 FA68     		ldr	r2, [r7, #12]
 230 0024 1A60     		str	r2, [r3]
 317:.\Generated_Source\PSoC4/UART_UART.c **** }
 231              		.loc 1 317 0
 232 0026 BD46     		mov	sp, r7
 233 0028 04B0     		add	sp, sp, #16
 234              		@ sp needed for prologue
 235 002a 80BD     		pop	{r7, pc}
 236              	.L9:
 237              		.align	2
 238              	.L8:
 239 002c 10030740 		.word	1074201360
 240 0030 FFFF00FF 		.word	-16711681
 241              		.cfi_endproc
 242              	.LFE2:
 243              		.size	UART_UartSetRxAddressMask, .-UART_UartSetRxAddressMask
 244              		.section	.text.UART_UartGetChar,"ax",%progbits
 245              		.align	2
 246              		.global	UART_UartGetChar
 247              		.code	16
 248              		.thumb_func
 249              		.type	UART_UartGetChar, %function
 250              	UART_UartGetChar:
 251              	.LFB3:
 318:.\Generated_Source\PSoC4/UART_UART.c **** 
 319:.\Generated_Source\PSoC4/UART_UART.c **** 
ARM GAS  C:\Users\kevin\AppData\Local\Temp\ccTkXmFc.s 			page 11


 320:.\Generated_Source\PSoC4/UART_UART.c **** #if(UART_UART_RX_DIRECTION)
 321:.\Generated_Source\PSoC4/UART_UART.c ****     /*******************************************************************************
 322:.\Generated_Source\PSoC4/UART_UART.c ****     * Function Name: UART_UartGetChar
 323:.\Generated_Source\PSoC4/UART_UART.c ****     ********************************************************************************
 324:.\Generated_Source\PSoC4/UART_UART.c ****     *
 325:.\Generated_Source\PSoC4/UART_UART.c ****     * Summary:
 326:.\Generated_Source\PSoC4/UART_UART.c ****     *  Retrieves the next data element from the receive buffer.
 327:.\Generated_Source\PSoC4/UART_UART.c ****     *  This function is designed for ASCII characters and returns a char
 328:.\Generated_Source\PSoC4/UART_UART.c ****     *  where 1 to 255 are valid characters and 0 indicates an error occurred or
 329:.\Generated_Source\PSoC4/UART_UART.c ****     *  no data present.
 330:.\Generated_Source\PSoC4/UART_UART.c ****     *  - The RX software buffer is disabled: returns the data element retrieved from the RX FIFO.
 331:.\Generated_Source\PSoC4/UART_UART.c ****     *    Undefined data will be returned if the RX FIFO is empty.
 332:.\Generated_Source\PSoC4/UART_UART.c ****     *  - The RX software buffer is enabled: returns the data element from the software receive
 333:.\Generated_Source\PSoC4/UART_UART.c ****     *    buffer.
 334:.\Generated_Source\PSoC4/UART_UART.c ****     *
 335:.\Generated_Source\PSoC4/UART_UART.c ****     * Parameters:
 336:.\Generated_Source\PSoC4/UART_UART.c ****     *  None
 337:.\Generated_Source\PSoC4/UART_UART.c ****     *
 338:.\Generated_Source\PSoC4/UART_UART.c ****     * Return:
 339:.\Generated_Source\PSoC4/UART_UART.c ****     *  The next data element from the receive buffer.
 340:.\Generated_Source\PSoC4/UART_UART.c ****     *  ASCII character values from 1 to 255 are valid.
 341:.\Generated_Source\PSoC4/UART_UART.c ****     *  A returned zero signifies an error condition or no data available.
 342:.\Generated_Source\PSoC4/UART_UART.c ****     *
 343:.\Generated_Source\PSoC4/UART_UART.c ****     *******************************************************************************/
 344:.\Generated_Source\PSoC4/UART_UART.c ****     uint32 UART_UartGetChar(void)
 345:.\Generated_Source\PSoC4/UART_UART.c ****     {
 252              		.loc 1 345 0
 253              		.cfi_startproc
 254 0000 80B5     		push	{r7, lr}
 255              	.LCFI8:
 256              		.cfi_def_cfa_offset 8
 257              		.cfi_offset 7, -8
 258              		.cfi_offset 14, -4
 259 0002 82B0     		sub	sp, sp, #8
 260              	.LCFI9:
 261              		.cfi_def_cfa_offset 16
 262 0004 00AF     		add	r7, sp, #0
 263              	.LCFI10:
 264              		.cfi_def_cfa_register 7
 346:.\Generated_Source\PSoC4/UART_UART.c ****         uint32 rxData = 0u;
 265              		.loc 1 346 0
 266 0006 0023     		mov	r3, #0
 267 0008 7B60     		str	r3, [r7, #4]
 347:.\Generated_Source\PSoC4/UART_UART.c **** 
 348:.\Generated_Source\PSoC4/UART_UART.c ****         /* Read data only if there is data to read */
 349:.\Generated_Source\PSoC4/UART_UART.c ****         if(0u != UART_SpiUartGetRxBufferSize())
 268              		.loc 1 349 0
 269 000a FFF7FEFF 		bl	UART_SpiUartGetRxBufferSize
 270 000e 031C     		mov	r3, r0
 271 0010 002B     		cmp	r3, #0
 272 0012 03D0     		beq	.L11
 350:.\Generated_Source\PSoC4/UART_UART.c ****         {
 351:.\Generated_Source\PSoC4/UART_UART.c ****             rxData = UART_SpiUartReadRxData();
 273              		.loc 1 351 0
 274 0014 FFF7FEFF 		bl	UART_SpiUartReadRxData
 275 0018 031C     		mov	r3, r0
 276 001a 7B60     		str	r3, [r7, #4]
ARM GAS  C:\Users\kevin\AppData\Local\Temp\ccTkXmFc.s 			page 12


 277              	.L11:
 352:.\Generated_Source\PSoC4/UART_UART.c ****         }
 353:.\Generated_Source\PSoC4/UART_UART.c **** 
 354:.\Generated_Source\PSoC4/UART_UART.c ****         if(UART_CHECK_INTR_RX(UART_INTR_RX_ERR))
 278              		.loc 1 354 0
 279 001c 084B     		ldr	r3, .L14
 280 001e 1A68     		ldr	r2, [r3]
 281 0020 D823     		mov	r3, #216
 282 0022 9B00     		lsl	r3, r3, #2
 283 0024 1340     		and	r3, r2
 284 0026 05D0     		beq	.L12
 355:.\Generated_Source\PSoC4/UART_UART.c ****         {
 356:.\Generated_Source\PSoC4/UART_UART.c ****             rxData = 0u; /* Error occurred: return zero */
 285              		.loc 1 356 0
 286 0028 0023     		mov	r3, #0
 287 002a 7B60     		str	r3, [r7, #4]
 357:.\Generated_Source\PSoC4/UART_UART.c ****             UART_ClearRxInterruptSource(UART_INTR_RX_ERR);
 288              		.loc 1 357 0
 289 002c 044B     		ldr	r3, .L14
 290 002e D822     		mov	r2, #216
 291 0030 9200     		lsl	r2, r2, #2
 292 0032 1A60     		str	r2, [r3]
 293              	.L12:
 358:.\Generated_Source\PSoC4/UART_UART.c ****         }
 359:.\Generated_Source\PSoC4/UART_UART.c **** 
 360:.\Generated_Source\PSoC4/UART_UART.c ****         return(rxData);
 294              		.loc 1 360 0
 295 0034 7B68     		ldr	r3, [r7, #4]
 361:.\Generated_Source\PSoC4/UART_UART.c ****     }
 296              		.loc 1 361 0
 297 0036 181C     		mov	r0, r3
 298 0038 BD46     		mov	sp, r7
 299 003a 02B0     		add	sp, sp, #8
 300              		@ sp needed for prologue
 301 003c 80BD     		pop	{r7, pc}
 302              	.L15:
 303 003e C046     		.align	2
 304              	.L14:
 305 0040 C00F0740 		.word	1074204608
 306              		.cfi_endproc
 307              	.LFE3:
 308              		.size	UART_UartGetChar, .-UART_UartGetChar
 309              		.section	.text.UART_UartGetByte,"ax",%progbits
 310              		.align	2
 311              		.global	UART_UartGetByte
 312              		.code	16
 313              		.thumb_func
 314              		.type	UART_UartGetByte, %function
 315              	UART_UartGetByte:
 316              	.LFB4:
 362:.\Generated_Source\PSoC4/UART_UART.c **** 
 363:.\Generated_Source\PSoC4/UART_UART.c **** 
 364:.\Generated_Source\PSoC4/UART_UART.c ****     /*******************************************************************************
 365:.\Generated_Source\PSoC4/UART_UART.c ****     * Function Name: UART_UartGetByte
 366:.\Generated_Source\PSoC4/UART_UART.c ****     ********************************************************************************
 367:.\Generated_Source\PSoC4/UART_UART.c ****     *
 368:.\Generated_Source\PSoC4/UART_UART.c ****     * Summary:
ARM GAS  C:\Users\kevin\AppData\Local\Temp\ccTkXmFc.s 			page 13


 369:.\Generated_Source\PSoC4/UART_UART.c ****     *  Retrieves the next data element from the receive buffer, returns the received byte
 370:.\Generated_Source\PSoC4/UART_UART.c ****     *  and error condition.
 371:.\Generated_Source\PSoC4/UART_UART.c ****     *   - The RX software buffer is disabled: returns the data element retrieved from the RX FIFO.
 372:.\Generated_Source\PSoC4/UART_UART.c ****     *     Undefined data will be returned if the RX FIFO is empty.
 373:.\Generated_Source\PSoC4/UART_UART.c ****     *   - The RX software buffer is enabled: returns data element from the software receive
 374:.\Generated_Source\PSoC4/UART_UART.c ****     *     buffer.
 375:.\Generated_Source\PSoC4/UART_UART.c ****     *
 376:.\Generated_Source\PSoC4/UART_UART.c ****     * Parameters:
 377:.\Generated_Source\PSoC4/UART_UART.c ****     *  None
 378:.\Generated_Source\PSoC4/UART_UART.c ****     *
 379:.\Generated_Source\PSoC4/UART_UART.c ****     * Return:
 380:.\Generated_Source\PSoC4/UART_UART.c ****     *  Bits 15-8 contains status and bits 7-0 contains the next data element from
 381:.\Generated_Source\PSoC4/UART_UART.c ****     *  receive buffer. If the bits 15-8 are non-zero, an error has occurred.
 382:.\Generated_Source\PSoC4/UART_UART.c ****     *
 383:.\Generated_Source\PSoC4/UART_UART.c ****     *******************************************************************************/
 384:.\Generated_Source\PSoC4/UART_UART.c ****     uint32 UART_UartGetByte(void)
 385:.\Generated_Source\PSoC4/UART_UART.c ****     {
 317              		.loc 1 385 0
 318              		.cfi_startproc
 319 0000 80B5     		push	{r7, lr}
 320              	.LCFI11:
 321              		.cfi_def_cfa_offset 8
 322              		.cfi_offset 7, -8
 323              		.cfi_offset 14, -4
 324 0002 84B0     		sub	sp, sp, #16
 325              	.LCFI12:
 326              		.cfi_def_cfa_offset 24
 327 0004 00AF     		add	r7, sp, #0
 328              	.LCFI13:
 329              		.cfi_def_cfa_register 7
 386:.\Generated_Source\PSoC4/UART_UART.c ****         uint32 rxData;
 387:.\Generated_Source\PSoC4/UART_UART.c ****         uint32 tmpStatus;
 388:.\Generated_Source\PSoC4/UART_UART.c ****         uint32 intSourceMask;
 389:.\Generated_Source\PSoC4/UART_UART.c **** 
 390:.\Generated_Source\PSoC4/UART_UART.c ****         intSourceMask = UART_SpiUartDisableIntRx();
 330              		.loc 1 390 0
 331 0006 FFF7FEFF 		bl	UART_SpiUartDisableIntRx
 332 000a 031C     		mov	r3, r0
 333 000c BB60     		str	r3, [r7, #8]
 391:.\Generated_Source\PSoC4/UART_UART.c **** 
 392:.\Generated_Source\PSoC4/UART_UART.c ****         if(0u != UART_SpiUartGetRxBufferSize())
 334              		.loc 1 392 0
 335 000e FFF7FEFF 		bl	UART_SpiUartGetRxBufferSize
 336 0012 031C     		mov	r3, r0
 337 0014 002B     		cmp	r3, #0
 338 0016 07D0     		beq	.L17
 393:.\Generated_Source\PSoC4/UART_UART.c ****         {
 394:.\Generated_Source\PSoC4/UART_UART.c ****              /*
 395:.\Generated_Source\PSoC4/UART_UART.c ****              * Enable interrupt to receive more bytes: at least one byte is in
 396:.\Generated_Source\PSoC4/UART_UART.c ****              * buffer.
 397:.\Generated_Source\PSoC4/UART_UART.c ****              */
 398:.\Generated_Source\PSoC4/UART_UART.c ****             UART_SpiUartEnableIntRx(intSourceMask);
 339              		.loc 1 398 0
 340 0018 104B     		ldr	r3, .L20
 341 001a BA68     		ldr	r2, [r7, #8]
 342 001c 1A60     		str	r2, [r3]
 399:.\Generated_Source\PSoC4/UART_UART.c **** 
ARM GAS  C:\Users\kevin\AppData\Local\Temp\ccTkXmFc.s 			page 14


 400:.\Generated_Source\PSoC4/UART_UART.c ****             /* Get received byte */
 401:.\Generated_Source\PSoC4/UART_UART.c ****             rxData = UART_SpiUartReadRxData();
 343              		.loc 1 401 0
 344 001e FFF7FEFF 		bl	UART_SpiUartReadRxData
 345 0022 031C     		mov	r3, r0
 346 0024 FB60     		str	r3, [r7, #12]
 347 0026 05E0     		b	.L18
 348              	.L17:
 402:.\Generated_Source\PSoC4/UART_UART.c ****         }
 403:.\Generated_Source\PSoC4/UART_UART.c ****         else
 404:.\Generated_Source\PSoC4/UART_UART.c ****         {
 405:.\Generated_Source\PSoC4/UART_UART.c ****             /*
 406:.\Generated_Source\PSoC4/UART_UART.c ****             * Read byte directly from RX FIFO: the underflow is raised in case
 407:.\Generated_Source\PSoC4/UART_UART.c ****             * of empty. In other case the first received byte will be read.
 408:.\Generated_Source\PSoC4/UART_UART.c ****             */
 409:.\Generated_Source\PSoC4/UART_UART.c ****             rxData = UART_RX_FIFO_RD_REG;
 349              		.loc 1 409 0
 350 0028 0D4B     		ldr	r3, .L20+4
 351 002a 1B68     		ldr	r3, [r3]
 352 002c FB60     		str	r3, [r7, #12]
 410:.\Generated_Source\PSoC4/UART_UART.c **** 
 411:.\Generated_Source\PSoC4/UART_UART.c ****             /*
 412:.\Generated_Source\PSoC4/UART_UART.c ****             * Enable interrupt to receive more bytes.
 413:.\Generated_Source\PSoC4/UART_UART.c ****             * The RX_NOT_EMPTY interrupt is cleared by the interrupt routine in case
 414:.\Generated_Source\PSoC4/UART_UART.c ****             * the byte was received and read above.
 415:.\Generated_Source\PSoC4/UART_UART.c ****             */
 416:.\Generated_Source\PSoC4/UART_UART.c ****             UART_SpiUartEnableIntRx(intSourceMask);
 353              		.loc 1 416 0
 354 002e 0B4B     		ldr	r3, .L20
 355 0030 BA68     		ldr	r2, [r7, #8]
 356 0032 1A60     		str	r2, [r3]
 357              	.L18:
 417:.\Generated_Source\PSoC4/UART_UART.c ****         }
 418:.\Generated_Source\PSoC4/UART_UART.c **** 
 419:.\Generated_Source\PSoC4/UART_UART.c ****         /* Get and clear RX error mask */
 420:.\Generated_Source\PSoC4/UART_UART.c ****         tmpStatus = (UART_GetRxInterruptSource() & UART_INTR_RX_ERR);
 358              		.loc 1 420 0
 359 0034 0B4B     		ldr	r3, .L20+8
 360 0036 1A68     		ldr	r2, [r3]
 361 0038 D823     		mov	r3, #216
 362 003a 9B00     		lsl	r3, r3, #2
 363 003c 1340     		and	r3, r2
 364 003e 7B60     		str	r3, [r7, #4]
 421:.\Generated_Source\PSoC4/UART_UART.c ****         UART_ClearRxInterruptSource(UART_INTR_RX_ERR);
 365              		.loc 1 421 0
 366 0040 084B     		ldr	r3, .L20+8
 367 0042 D822     		mov	r2, #216
 368 0044 9200     		lsl	r2, r2, #2
 369 0046 1A60     		str	r2, [r3]
 422:.\Generated_Source\PSoC4/UART_UART.c **** 
 423:.\Generated_Source\PSoC4/UART_UART.c ****         /*
 424:.\Generated_Source\PSoC4/UART_UART.c ****         * Put together data and error status:
 425:.\Generated_Source\PSoC4/UART_UART.c ****         * MP mode and accept address: the 9th bit is set to notify mark.
 426:.\Generated_Source\PSoC4/UART_UART.c ****         */
 427:.\Generated_Source\PSoC4/UART_UART.c ****         rxData |= ((uint32) (tmpStatus << 8u));
 370              		.loc 1 427 0
 371 0048 7B68     		ldr	r3, [r7, #4]
ARM GAS  C:\Users\kevin\AppData\Local\Temp\ccTkXmFc.s 			page 15


 372 004a 1B02     		lsl	r3, r3, #8
 373 004c FA68     		ldr	r2, [r7, #12]
 374 004e 1343     		orr	r3, r2
 375 0050 FB60     		str	r3, [r7, #12]
 428:.\Generated_Source\PSoC4/UART_UART.c **** 
 429:.\Generated_Source\PSoC4/UART_UART.c ****         return(rxData);
 376              		.loc 1 429 0
 377 0052 FB68     		ldr	r3, [r7, #12]
 430:.\Generated_Source\PSoC4/UART_UART.c ****     }
 378              		.loc 1 430 0
 379 0054 181C     		mov	r0, r3
 380 0056 BD46     		mov	sp, r7
 381 0058 04B0     		add	sp, sp, #16
 382              		@ sp needed for prologue
 383 005a 80BD     		pop	{r7, pc}
 384              	.L21:
 385              		.align	2
 386              	.L20:
 387 005c C80F0740 		.word	1074204616
 388 0060 40030740 		.word	1074201408
 389 0064 C00F0740 		.word	1074204608
 390              		.cfi_endproc
 391              	.LFE4:
 392              		.size	UART_UartGetByte, .-UART_UartGetByte
 393              		.section	.text.UART_UartPutString,"ax",%progbits
 394              		.align	2
 395              		.global	UART_UartPutString
 396              		.code	16
 397              		.thumb_func
 398              		.type	UART_UartPutString, %function
 399              	UART_UartPutString:
 400              	.LFB5:
 431:.\Generated_Source\PSoC4/UART_UART.c **** 
 432:.\Generated_Source\PSoC4/UART_UART.c **** #endif /* (UART_UART_RX_DIRECTION) */
 433:.\Generated_Source\PSoC4/UART_UART.c **** 
 434:.\Generated_Source\PSoC4/UART_UART.c **** 
 435:.\Generated_Source\PSoC4/UART_UART.c **** #if(UART_UART_TX_DIRECTION)
 436:.\Generated_Source\PSoC4/UART_UART.c ****     /*******************************************************************************
 437:.\Generated_Source\PSoC4/UART_UART.c ****     * Function Name: UART_UartPutString
 438:.\Generated_Source\PSoC4/UART_UART.c ****     ********************************************************************************
 439:.\Generated_Source\PSoC4/UART_UART.c ****     *
 440:.\Generated_Source\PSoC4/UART_UART.c ****     * Summary:
 441:.\Generated_Source\PSoC4/UART_UART.c ****     *  Places a NULL terminated string in the transmit buffer to be sent at the
 442:.\Generated_Source\PSoC4/UART_UART.c ****     *  next available bus time.
 443:.\Generated_Source\PSoC4/UART_UART.c ****     *  This function is blocking and waits until there is space available to put
 444:.\Generated_Source\PSoC4/UART_UART.c ****     *  all the requested data into the  transmit buffer.
 445:.\Generated_Source\PSoC4/UART_UART.c ****     *
 446:.\Generated_Source\PSoC4/UART_UART.c ****     * Parameters:
 447:.\Generated_Source\PSoC4/UART_UART.c ****     *  string: pointer to the null terminated string array to be placed in the
 448:.\Generated_Source\PSoC4/UART_UART.c ****     *          transmit buffer.
 449:.\Generated_Source\PSoC4/UART_UART.c ****     *
 450:.\Generated_Source\PSoC4/UART_UART.c ****     * Return:
 451:.\Generated_Source\PSoC4/UART_UART.c ****     *  None
 452:.\Generated_Source\PSoC4/UART_UART.c ****     *
 453:.\Generated_Source\PSoC4/UART_UART.c ****     *******************************************************************************/
 454:.\Generated_Source\PSoC4/UART_UART.c ****     void UART_UartPutString(const char8 string[])
 455:.\Generated_Source\PSoC4/UART_UART.c ****     {
ARM GAS  C:\Users\kevin\AppData\Local\Temp\ccTkXmFc.s 			page 16


 401              		.loc 1 455 0
 402              		.cfi_startproc
 403 0000 80B5     		push	{r7, lr}
 404              	.LCFI14:
 405              		.cfi_def_cfa_offset 8
 406              		.cfi_offset 7, -8
 407              		.cfi_offset 14, -4
 408 0002 84B0     		sub	sp, sp, #16
 409              	.LCFI15:
 410              		.cfi_def_cfa_offset 24
 411 0004 00AF     		add	r7, sp, #0
 412              	.LCFI16:
 413              		.cfi_def_cfa_register 7
 414 0006 7860     		str	r0, [r7, #4]
 456:.\Generated_Source\PSoC4/UART_UART.c ****         uint32 bufIndex;
 457:.\Generated_Source\PSoC4/UART_UART.c **** 
 458:.\Generated_Source\PSoC4/UART_UART.c ****         bufIndex = 0u;
 415              		.loc 1 458 0
 416 0008 0023     		mov	r3, #0
 417 000a FB60     		str	r3, [r7, #12]
 459:.\Generated_Source\PSoC4/UART_UART.c **** 
 460:.\Generated_Source\PSoC4/UART_UART.c ****         /* Block the control flow until all data has been sent */
 461:.\Generated_Source\PSoC4/UART_UART.c ****         while(string[bufIndex] != ((char8) 0))
 418              		.loc 1 461 0
 419 000c 09E0     		b	.L23
 420              	.L24:
 462:.\Generated_Source\PSoC4/UART_UART.c ****         {
 463:.\Generated_Source\PSoC4/UART_UART.c ****             UART_UartPutChar((uint32) string[bufIndex]);
 421              		.loc 1 463 0
 422 000e 7A68     		ldr	r2, [r7, #4]
 423 0010 FB68     		ldr	r3, [r7, #12]
 424 0012 D318     		add	r3, r2, r3
 425 0014 1B78     		ldrb	r3, [r3]
 426 0016 181C     		mov	r0, r3
 427 0018 FFF7FEFF 		bl	UART_SpiUartWriteTxData
 464:.\Generated_Source\PSoC4/UART_UART.c ****             bufIndex++;
 428              		.loc 1 464 0
 429 001c FB68     		ldr	r3, [r7, #12]
 430 001e 0133     		add	r3, r3, #1
 431 0020 FB60     		str	r3, [r7, #12]
 432              	.L23:
 461:.\Generated_Source\PSoC4/UART_UART.c ****         while(string[bufIndex] != ((char8) 0))
 433              		.loc 1 461 0 discriminator 1
 434 0022 7A68     		ldr	r2, [r7, #4]
 435 0024 FB68     		ldr	r3, [r7, #12]
 436 0026 D318     		add	r3, r2, r3
 437 0028 1B78     		ldrb	r3, [r3]
 438 002a 002B     		cmp	r3, #0
 439 002c EFD1     		bne	.L24
 465:.\Generated_Source\PSoC4/UART_UART.c ****         }
 466:.\Generated_Source\PSoC4/UART_UART.c ****     }
 440              		.loc 1 466 0
 441 002e BD46     		mov	sp, r7
 442 0030 04B0     		add	sp, sp, #16
 443              		@ sp needed for prologue
 444 0032 80BD     		pop	{r7, pc}
 445              		.cfi_endproc
ARM GAS  C:\Users\kevin\AppData\Local\Temp\ccTkXmFc.s 			page 17


 446              	.LFE5:
 447              		.size	UART_UartPutString, .-UART_UartPutString
 448              		.section	.text.UART_UartPutCRLF,"ax",%progbits
 449              		.align	2
 450              		.global	UART_UartPutCRLF
 451              		.code	16
 452              		.thumb_func
 453              		.type	UART_UartPutCRLF, %function
 454              	UART_UartPutCRLF:
 455              	.LFB6:
 467:.\Generated_Source\PSoC4/UART_UART.c **** 
 468:.\Generated_Source\PSoC4/UART_UART.c **** 
 469:.\Generated_Source\PSoC4/UART_UART.c ****     /*******************************************************************************
 470:.\Generated_Source\PSoC4/UART_UART.c ****     * Function Name: UART_UartPutCRLF
 471:.\Generated_Source\PSoC4/UART_UART.c ****     ********************************************************************************
 472:.\Generated_Source\PSoC4/UART_UART.c ****     *
 473:.\Generated_Source\PSoC4/UART_UART.c ****     * Summary:
 474:.\Generated_Source\PSoC4/UART_UART.c ****     *  Places a byte of data followed by a carriage return (0x0D) and line feed (0x0A)
 475:.\Generated_Source\PSoC4/UART_UART.c ****     *  into the transmit buffer.
 476:.\Generated_Source\PSoC4/UART_UART.c ****     *  This function is blocking and waits until there is space available to put
 477:.\Generated_Source\PSoC4/UART_UART.c ****     *  all the requested data into the  transmit buffer.
 478:.\Generated_Source\PSoC4/UART_UART.c ****     *
 479:.\Generated_Source\PSoC4/UART_UART.c ****     * Parameters:
 480:.\Generated_Source\PSoC4/UART_UART.c ****     *  txDataByte : the data to be transmitted.
 481:.\Generated_Source\PSoC4/UART_UART.c ****     *
 482:.\Generated_Source\PSoC4/UART_UART.c ****     * Return:
 483:.\Generated_Source\PSoC4/UART_UART.c ****     *  None
 484:.\Generated_Source\PSoC4/UART_UART.c ****     *
 485:.\Generated_Source\PSoC4/UART_UART.c ****     *******************************************************************************/
 486:.\Generated_Source\PSoC4/UART_UART.c ****     void UART_UartPutCRLF(uint32 txDataByte)
 487:.\Generated_Source\PSoC4/UART_UART.c ****     {
 456              		.loc 1 487 0
 457              		.cfi_startproc
 458 0000 80B5     		push	{r7, lr}
 459              	.LCFI17:
 460              		.cfi_def_cfa_offset 8
 461              		.cfi_offset 7, -8
 462              		.cfi_offset 14, -4
 463 0002 82B0     		sub	sp, sp, #8
 464              	.LCFI18:
 465              		.cfi_def_cfa_offset 16
 466 0004 00AF     		add	r7, sp, #0
 467              	.LCFI19:
 468              		.cfi_def_cfa_register 7
 469 0006 7860     		str	r0, [r7, #4]
 488:.\Generated_Source\PSoC4/UART_UART.c ****         UART_UartPutChar(txDataByte);  /* Blocks control flow until all data has been sent */
 470              		.loc 1 488 0
 471 0008 7B68     		ldr	r3, [r7, #4]
 472 000a 181C     		mov	r0, r3
 473 000c FFF7FEFF 		bl	UART_SpiUartWriteTxData
 489:.\Generated_Source\PSoC4/UART_UART.c ****         UART_UartPutChar(0x0Du);       /* Blocks control flow until all data has been sent */
 474              		.loc 1 489 0
 475 0010 0D20     		mov	r0, #13
 476 0012 FFF7FEFF 		bl	UART_SpiUartWriteTxData
 490:.\Generated_Source\PSoC4/UART_UART.c ****         UART_UartPutChar(0x0Au);       /* Blocks control flow until all data has been sent */
 477              		.loc 1 490 0
 478 0016 0A20     		mov	r0, #10
ARM GAS  C:\Users\kevin\AppData\Local\Temp\ccTkXmFc.s 			page 18


 479 0018 FFF7FEFF 		bl	UART_SpiUartWriteTxData
 491:.\Generated_Source\PSoC4/UART_UART.c ****     }
 480              		.loc 1 491 0
 481 001c BD46     		mov	sp, r7
 482 001e 02B0     		add	sp, sp, #8
 483              		@ sp needed for prologue
 484 0020 80BD     		pop	{r7, pc}
 485              		.cfi_endproc
 486              	.LFE6:
 487              		.size	UART_UartPutCRLF, .-UART_UartPutCRLF
 488 0022 C046     		.text
 489              	.Letext0:
 490              		.file 2 "./Generated_Source/PSoC4/cytypes.h"
 491              		.section	.debug_info,"",%progbits
 492              	.Ldebug_info0:
 493 0000 2B020000 		.4byte	0x22b
 494 0004 0200     		.2byte	0x2
 495 0006 00000000 		.4byte	.Ldebug_abbrev0
 496 000a 04       		.byte	0x4
 497 000b 01       		.uleb128 0x1
 498 000c CA010000 		.4byte	.LASF31
 499 0010 01       		.byte	0x1
 500 0011 96010000 		.4byte	.LASF32
 501 0015 C3000000 		.4byte	.LASF33
 502 0019 00000000 		.4byte	.Ldebug_ranges0+0
 503 001d 00000000 		.4byte	0
 504 0021 00000000 		.4byte	0
 505 0025 00000000 		.4byte	.Ldebug_line0
 506 0029 02       		.uleb128 0x2
 507 002a 01       		.byte	0x1
 508 002b 06       		.byte	0x6
 509 002c 2F020000 		.4byte	.LASF0
 510 0030 02       		.uleb128 0x2
 511 0031 01       		.byte	0x1
 512 0032 08       		.byte	0x8
 513 0033 7F000000 		.4byte	.LASF1
 514 0037 02       		.uleb128 0x2
 515 0038 02       		.byte	0x2
 516 0039 05       		.byte	0x5
 517 003a C0010000 		.4byte	.LASF2
 518 003e 02       		.uleb128 0x2
 519 003f 02       		.byte	0x2
 520 0040 07       		.byte	0x7
 521 0041 34000000 		.4byte	.LASF3
 522 0045 02       		.uleb128 0x2
 523 0046 04       		.byte	0x4
 524 0047 05       		.byte	0x5
 525 0048 13020000 		.4byte	.LASF4
 526 004c 02       		.uleb128 0x2
 527 004d 04       		.byte	0x4
 528 004e 07       		.byte	0x7
 529 004f 93000000 		.4byte	.LASF5
 530 0053 02       		.uleb128 0x2
 531 0054 08       		.byte	0x8
 532 0055 05       		.byte	0x5
 533 0056 00000000 		.4byte	.LASF6
 534 005a 02       		.uleb128 0x2
ARM GAS  C:\Users\kevin\AppData\Local\Temp\ccTkXmFc.s 			page 19


 535 005b 08       		.byte	0x8
 536 005c 07       		.byte	0x7
 537 005d 45010000 		.4byte	.LASF7
 538 0061 03       		.uleb128 0x3
 539 0062 04       		.byte	0x4
 540 0063 05       		.byte	0x5
 541 0064 696E7400 		.ascii	"int\000"
 542 0068 02       		.uleb128 0x2
 543 0069 04       		.byte	0x4
 544 006a 07       		.byte	0x7
 545 006b 47000000 		.4byte	.LASF8
 546 006f 04       		.uleb128 0x4
 547 0070 A5000000 		.4byte	.LASF9
 548 0074 02       		.byte	0x2
 549 0075 5B       		.byte	0x5b
 550 0076 30000000 		.4byte	0x30
 551 007a 04       		.uleb128 0x4
 552 007b 1A010000 		.4byte	.LASF10
 553 007f 02       		.byte	0x2
 554 0080 5D       		.byte	0x5d
 555 0081 4C000000 		.4byte	0x4c
 556 0085 02       		.uleb128 0x2
 557 0086 04       		.byte	0x4
 558 0087 04       		.byte	0x4
 559 0088 2E000000 		.4byte	.LASF11
 560 008c 02       		.uleb128 0x2
 561 008d 08       		.byte	0x8
 562 008e 04       		.byte	0x4
 563 008f FD000000 		.4byte	.LASF12
 564 0093 04       		.uleb128 0x4
 565 0094 8D000000 		.4byte	.LASF13
 566 0098 02       		.byte	0x2
 567 0099 6C       		.byte	0x6c
 568 009a 9E000000 		.4byte	0x9e
 569 009e 02       		.uleb128 0x2
 570 009f 01       		.byte	0x1
 571 00a0 08       		.byte	0x8
 572 00a1 BB010000 		.4byte	.LASF14
 573 00a5 04       		.uleb128 0x4
 574 00a6 0E000000 		.4byte	.LASF15
 575 00aa 02       		.byte	0x2
 576 00ab F2       		.byte	0xf2
 577 00ac B0000000 		.4byte	0xb0
 578 00b0 05       		.uleb128 0x5
 579 00b1 7A000000 		.4byte	0x7a
 580 00b5 02       		.uleb128 0x2
 581 00b6 04       		.byte	0x4
 582 00b7 07       		.byte	0x7
 583 00b8 82010000 		.4byte	.LASF16
 584 00bc 06       		.uleb128 0x6
 585 00bd 01       		.byte	0x1
 586 00be 2F010000 		.4byte	.LASF34
 587 00c2 01       		.byte	0x1
 588 00c3 D0       		.byte	0xd0
 589 00c4 01       		.byte	0x1
 590 00c5 00000000 		.4byte	.LFB0
 591 00c9 C4000000 		.4byte	.LFE0
ARM GAS  C:\Users\kevin\AppData\Local\Temp\ccTkXmFc.s 			page 20


 592 00cd 00000000 		.4byte	.LLST0
 593 00d1 01       		.byte	0x1
 594 00d2 07       		.uleb128 0x7
 595 00d3 01       		.byte	0x1
 596 00d4 04010000 		.4byte	.LASF17
 597 00d8 01       		.byte	0x1
 598 00d9 1601     		.2byte	0x116
 599 00db 01       		.byte	0x1
 600 00dc 00000000 		.4byte	.LFB1
 601 00e0 34000000 		.4byte	.LFE1
 602 00e4 2C000000 		.4byte	.LLST1
 603 00e8 01       		.byte	0x1
 604 00e9 0C010000 		.4byte	0x10c
 605 00ed 08       		.uleb128 0x8
 606 00ee 3D010000 		.4byte	.LASF19
 607 00f2 01       		.byte	0x1
 608 00f3 1601     		.2byte	0x116
 609 00f5 7A000000 		.4byte	0x7a
 610 00f9 02       		.byte	0x2
 611 00fa 91       		.byte	0x91
 612 00fb 6C       		.sleb128 -20
 613 00fc 09       		.uleb128 0x9
 614 00fd 26020000 		.4byte	.LASF21
 615 0101 01       		.byte	0x1
 616 0102 1801     		.2byte	0x118
 617 0104 7A000000 		.4byte	0x7a
 618 0108 02       		.byte	0x2
 619 0109 91       		.byte	0x91
 620 010a 74       		.sleb128 -12
 621 010b 00       		.byte	0
 622 010c 07       		.uleb128 0x7
 623 010d 01       		.byte	0x1
 624 010e 14000000 		.4byte	.LASF18
 625 0112 01       		.byte	0x1
 626 0113 3301     		.2byte	0x133
 627 0115 01       		.byte	0x1
 628 0116 00000000 		.4byte	.LFB2
 629 011a 34000000 		.4byte	.LFE2
 630 011e 64000000 		.4byte	.LLST2
 631 0122 01       		.byte	0x1
 632 0123 46010000 		.4byte	0x146
 633 0127 08       		.uleb128 0x8
 634 0128 5C010000 		.4byte	.LASF20
 635 012c 01       		.byte	0x1
 636 012d 3301     		.2byte	0x133
 637 012f 7A000000 		.4byte	0x7a
 638 0133 02       		.byte	0x2
 639 0134 91       		.byte	0x91
 640 0135 6C       		.sleb128 -20
 641 0136 09       		.uleb128 0x9
 642 0137 26020000 		.4byte	.LASF21
 643 013b 01       		.byte	0x1
 644 013c 3501     		.2byte	0x135
 645 013e 7A000000 		.4byte	0x7a
 646 0142 02       		.byte	0x2
 647 0143 91       		.byte	0x91
 648 0144 74       		.sleb128 -12
ARM GAS  C:\Users\kevin\AppData\Local\Temp\ccTkXmFc.s 			page 21


 649 0145 00       		.byte	0
 650 0146 0A       		.uleb128 0xa
 651 0147 01       		.byte	0x1
 652 0148 71010000 		.4byte	.LASF23
 653 014c 01       		.byte	0x1
 654 014d 5801     		.2byte	0x158
 655 014f 01       		.byte	0x1
 656 0150 7A000000 		.4byte	0x7a
 657 0154 00000000 		.4byte	.LFB3
 658 0158 44000000 		.4byte	.LFE3
 659 015c 9C000000 		.4byte	.LLST3
 660 0160 01       		.byte	0x1
 661 0161 75010000 		.4byte	0x175
 662 0165 09       		.uleb128 0x9
 663 0166 BC000000 		.4byte	.LASF22
 664 016a 01       		.byte	0x1
 665 016b 5A01     		.2byte	0x15a
 666 016d 7A000000 		.4byte	0x7a
 667 0171 02       		.byte	0x2
 668 0172 91       		.byte	0x91
 669 0173 74       		.sleb128 -12
 670 0174 00       		.byte	0
 671 0175 0A       		.uleb128 0xa
 672 0176 01       		.byte	0x1
 673 0177 6E000000 		.4byte	.LASF24
 674 017b 01       		.byte	0x1
 675 017c 8001     		.2byte	0x180
 676 017e 01       		.byte	0x1
 677 017f 7A000000 		.4byte	0x7a
 678 0183 00000000 		.4byte	.LFB4
 679 0187 68000000 		.4byte	.LFE4
 680 018b D4000000 		.4byte	.LLST4
 681 018f 01       		.byte	0x1
 682 0190 C2010000 		.4byte	0x1c2
 683 0194 09       		.uleb128 0x9
 684 0195 BC000000 		.4byte	.LASF22
 685 0199 01       		.byte	0x1
 686 019a 8201     		.2byte	0x182
 687 019c 7A000000 		.4byte	0x7a
 688 01a0 02       		.byte	0x2
 689 01a1 91       		.byte	0x91
 690 01a2 74       		.sleb128 -12
 691 01a3 09       		.uleb128 0x9
 692 01a4 1C020000 		.4byte	.LASF25
 693 01a8 01       		.byte	0x1
 694 01a9 8301     		.2byte	0x183
 695 01ab 7A000000 		.4byte	0x7a
 696 01af 02       		.byte	0x2
 697 01b0 91       		.byte	0x91
 698 01b1 6C       		.sleb128 -20
 699 01b2 09       		.uleb128 0x9
 700 01b3 21010000 		.4byte	.LASF26
 701 01b7 01       		.byte	0x1
 702 01b8 8401     		.2byte	0x184
 703 01ba 7A000000 		.4byte	0x7a
 704 01be 02       		.byte	0x2
 705 01bf 91       		.byte	0x91
ARM GAS  C:\Users\kevin\AppData\Local\Temp\ccTkXmFc.s 			page 22


 706 01c0 70       		.sleb128 -16
 707 01c1 00       		.byte	0
 708 01c2 0B       		.uleb128 0xb
 709 01c3 01       		.byte	0x1
 710 01c4 5B000000 		.4byte	.LASF27
 711 01c8 01       		.byte	0x1
 712 01c9 C601     		.2byte	0x1c6
 713 01cb 01       		.byte	0x1
 714 01cc 00000000 		.4byte	.LFB5
 715 01d0 34000000 		.4byte	.LFE5
 716 01d4 0C010000 		.4byte	.LLST5
 717 01d8 01       		.byte	0x1
 718 01d9 FC010000 		.4byte	0x1fc
 719 01dd 08       		.uleb128 0x8
 720 01de 54000000 		.4byte	.LASF28
 721 01e2 01       		.byte	0x1
 722 01e3 C601     		.2byte	0x1c6
 723 01e5 FC010000 		.4byte	0x1fc
 724 01e9 02       		.byte	0x2
 725 01ea 91       		.byte	0x91
 726 01eb 6C       		.sleb128 -20
 727 01ec 09       		.uleb128 0x9
 728 01ed 68010000 		.4byte	.LASF29
 729 01f1 01       		.byte	0x1
 730 01f2 C801     		.2byte	0x1c8
 731 01f4 7A000000 		.4byte	0x7a
 732 01f8 02       		.byte	0x2
 733 01f9 91       		.byte	0x91
 734 01fa 74       		.sleb128 -12
 735 01fb 00       		.byte	0
 736 01fc 0C       		.uleb128 0xc
 737 01fd 04       		.byte	0x4
 738 01fe 02020000 		.4byte	0x202
 739 0202 0D       		.uleb128 0xd
 740 0203 93000000 		.4byte	0x93
 741 0207 0E       		.uleb128 0xe
 742 0208 01       		.byte	0x1
 743 0209 AB000000 		.4byte	.LASF35
 744 020d 01       		.byte	0x1
 745 020e E601     		.2byte	0x1e6
 746 0210 01       		.byte	0x1
 747 0211 00000000 		.4byte	.LFB6
 748 0215 22000000 		.4byte	.LFE6
 749 0219 44010000 		.4byte	.LLST6
 750 021d 01       		.byte	0x1
 751 021e 08       		.uleb128 0x8
 752 021f 8B010000 		.4byte	.LASF30
 753 0223 01       		.byte	0x1
 754 0224 E601     		.2byte	0x1e6
 755 0226 7A000000 		.4byte	0x7a
 756 022a 02       		.byte	0x2
 757 022b 91       		.byte	0x91
 758 022c 74       		.sleb128 -12
 759 022d 00       		.byte	0
 760 022e 00       		.byte	0
 761              		.section	.debug_abbrev,"",%progbits
 762              	.Ldebug_abbrev0:
ARM GAS  C:\Users\kevin\AppData\Local\Temp\ccTkXmFc.s 			page 23


 763 0000 01       		.uleb128 0x1
 764 0001 11       		.uleb128 0x11
 765 0002 01       		.byte	0x1
 766 0003 25       		.uleb128 0x25
 767 0004 0E       		.uleb128 0xe
 768 0005 13       		.uleb128 0x13
 769 0006 0B       		.uleb128 0xb
 770 0007 03       		.uleb128 0x3
 771 0008 0E       		.uleb128 0xe
 772 0009 1B       		.uleb128 0x1b
 773 000a 0E       		.uleb128 0xe
 774 000b 55       		.uleb128 0x55
 775 000c 06       		.uleb128 0x6
 776 000d 11       		.uleb128 0x11
 777 000e 01       		.uleb128 0x1
 778 000f 52       		.uleb128 0x52
 779 0010 01       		.uleb128 0x1
 780 0011 10       		.uleb128 0x10
 781 0012 06       		.uleb128 0x6
 782 0013 00       		.byte	0
 783 0014 00       		.byte	0
 784 0015 02       		.uleb128 0x2
 785 0016 24       		.uleb128 0x24
 786 0017 00       		.byte	0
 787 0018 0B       		.uleb128 0xb
 788 0019 0B       		.uleb128 0xb
 789 001a 3E       		.uleb128 0x3e
 790 001b 0B       		.uleb128 0xb
 791 001c 03       		.uleb128 0x3
 792 001d 0E       		.uleb128 0xe
 793 001e 00       		.byte	0
 794 001f 00       		.byte	0
 795 0020 03       		.uleb128 0x3
 796 0021 24       		.uleb128 0x24
 797 0022 00       		.byte	0
 798 0023 0B       		.uleb128 0xb
 799 0024 0B       		.uleb128 0xb
 800 0025 3E       		.uleb128 0x3e
 801 0026 0B       		.uleb128 0xb
 802 0027 03       		.uleb128 0x3
 803 0028 08       		.uleb128 0x8
 804 0029 00       		.byte	0
 805 002a 00       		.byte	0
 806 002b 04       		.uleb128 0x4
 807 002c 16       		.uleb128 0x16
 808 002d 00       		.byte	0
 809 002e 03       		.uleb128 0x3
 810 002f 0E       		.uleb128 0xe
 811 0030 3A       		.uleb128 0x3a
 812 0031 0B       		.uleb128 0xb
 813 0032 3B       		.uleb128 0x3b
 814 0033 0B       		.uleb128 0xb
 815 0034 49       		.uleb128 0x49
 816 0035 13       		.uleb128 0x13
 817 0036 00       		.byte	0
 818 0037 00       		.byte	0
 819 0038 05       		.uleb128 0x5
ARM GAS  C:\Users\kevin\AppData\Local\Temp\ccTkXmFc.s 			page 24


 820 0039 35       		.uleb128 0x35
 821 003a 00       		.byte	0
 822 003b 49       		.uleb128 0x49
 823 003c 13       		.uleb128 0x13
 824 003d 00       		.byte	0
 825 003e 00       		.byte	0
 826 003f 06       		.uleb128 0x6
 827 0040 2E       		.uleb128 0x2e
 828 0041 00       		.byte	0
 829 0042 3F       		.uleb128 0x3f
 830 0043 0C       		.uleb128 0xc
 831 0044 03       		.uleb128 0x3
 832 0045 0E       		.uleb128 0xe
 833 0046 3A       		.uleb128 0x3a
 834 0047 0B       		.uleb128 0xb
 835 0048 3B       		.uleb128 0x3b
 836 0049 0B       		.uleb128 0xb
 837 004a 27       		.uleb128 0x27
 838 004b 0C       		.uleb128 0xc
 839 004c 11       		.uleb128 0x11
 840 004d 01       		.uleb128 0x1
 841 004e 12       		.uleb128 0x12
 842 004f 01       		.uleb128 0x1
 843 0050 40       		.uleb128 0x40
 844 0051 06       		.uleb128 0x6
 845 0052 9642     		.uleb128 0x2116
 846 0054 0C       		.uleb128 0xc
 847 0055 00       		.byte	0
 848 0056 00       		.byte	0
 849 0057 07       		.uleb128 0x7
 850 0058 2E       		.uleb128 0x2e
 851 0059 01       		.byte	0x1
 852 005a 3F       		.uleb128 0x3f
 853 005b 0C       		.uleb128 0xc
 854 005c 03       		.uleb128 0x3
 855 005d 0E       		.uleb128 0xe
 856 005e 3A       		.uleb128 0x3a
 857 005f 0B       		.uleb128 0xb
 858 0060 3B       		.uleb128 0x3b
 859 0061 05       		.uleb128 0x5
 860 0062 27       		.uleb128 0x27
 861 0063 0C       		.uleb128 0xc
 862 0064 11       		.uleb128 0x11
 863 0065 01       		.uleb128 0x1
 864 0066 12       		.uleb128 0x12
 865 0067 01       		.uleb128 0x1
 866 0068 40       		.uleb128 0x40
 867 0069 06       		.uleb128 0x6
 868 006a 9742     		.uleb128 0x2117
 869 006c 0C       		.uleb128 0xc
 870 006d 01       		.uleb128 0x1
 871 006e 13       		.uleb128 0x13
 872 006f 00       		.byte	0
 873 0070 00       		.byte	0
 874 0071 08       		.uleb128 0x8
 875 0072 05       		.uleb128 0x5
 876 0073 00       		.byte	0
ARM GAS  C:\Users\kevin\AppData\Local\Temp\ccTkXmFc.s 			page 25


 877 0074 03       		.uleb128 0x3
 878 0075 0E       		.uleb128 0xe
 879 0076 3A       		.uleb128 0x3a
 880 0077 0B       		.uleb128 0xb
 881 0078 3B       		.uleb128 0x3b
 882 0079 05       		.uleb128 0x5
 883 007a 49       		.uleb128 0x49
 884 007b 13       		.uleb128 0x13
 885 007c 02       		.uleb128 0x2
 886 007d 0A       		.uleb128 0xa
 887 007e 00       		.byte	0
 888 007f 00       		.byte	0
 889 0080 09       		.uleb128 0x9
 890 0081 34       		.uleb128 0x34
 891 0082 00       		.byte	0
 892 0083 03       		.uleb128 0x3
 893 0084 0E       		.uleb128 0xe
 894 0085 3A       		.uleb128 0x3a
 895 0086 0B       		.uleb128 0xb
 896 0087 3B       		.uleb128 0x3b
 897 0088 05       		.uleb128 0x5
 898 0089 49       		.uleb128 0x49
 899 008a 13       		.uleb128 0x13
 900 008b 02       		.uleb128 0x2
 901 008c 0A       		.uleb128 0xa
 902 008d 00       		.byte	0
 903 008e 00       		.byte	0
 904 008f 0A       		.uleb128 0xa
 905 0090 2E       		.uleb128 0x2e
 906 0091 01       		.byte	0x1
 907 0092 3F       		.uleb128 0x3f
 908 0093 0C       		.uleb128 0xc
 909 0094 03       		.uleb128 0x3
 910 0095 0E       		.uleb128 0xe
 911 0096 3A       		.uleb128 0x3a
 912 0097 0B       		.uleb128 0xb
 913 0098 3B       		.uleb128 0x3b
 914 0099 05       		.uleb128 0x5
 915 009a 27       		.uleb128 0x27
 916 009b 0C       		.uleb128 0xc
 917 009c 49       		.uleb128 0x49
 918 009d 13       		.uleb128 0x13
 919 009e 11       		.uleb128 0x11
 920 009f 01       		.uleb128 0x1
 921 00a0 12       		.uleb128 0x12
 922 00a1 01       		.uleb128 0x1
 923 00a2 40       		.uleb128 0x40
 924 00a3 06       		.uleb128 0x6
 925 00a4 9642     		.uleb128 0x2116
 926 00a6 0C       		.uleb128 0xc
 927 00a7 01       		.uleb128 0x1
 928 00a8 13       		.uleb128 0x13
 929 00a9 00       		.byte	0
 930 00aa 00       		.byte	0
 931 00ab 0B       		.uleb128 0xb
 932 00ac 2E       		.uleb128 0x2e
 933 00ad 01       		.byte	0x1
ARM GAS  C:\Users\kevin\AppData\Local\Temp\ccTkXmFc.s 			page 26


 934 00ae 3F       		.uleb128 0x3f
 935 00af 0C       		.uleb128 0xc
 936 00b0 03       		.uleb128 0x3
 937 00b1 0E       		.uleb128 0xe
 938 00b2 3A       		.uleb128 0x3a
 939 00b3 0B       		.uleb128 0xb
 940 00b4 3B       		.uleb128 0x3b
 941 00b5 05       		.uleb128 0x5
 942 00b6 27       		.uleb128 0x27
 943 00b7 0C       		.uleb128 0xc
 944 00b8 11       		.uleb128 0x11
 945 00b9 01       		.uleb128 0x1
 946 00ba 12       		.uleb128 0x12
 947 00bb 01       		.uleb128 0x1
 948 00bc 40       		.uleb128 0x40
 949 00bd 06       		.uleb128 0x6
 950 00be 9642     		.uleb128 0x2116
 951 00c0 0C       		.uleb128 0xc
 952 00c1 01       		.uleb128 0x1
 953 00c2 13       		.uleb128 0x13
 954 00c3 00       		.byte	0
 955 00c4 00       		.byte	0
 956 00c5 0C       		.uleb128 0xc
 957 00c6 0F       		.uleb128 0xf
 958 00c7 00       		.byte	0
 959 00c8 0B       		.uleb128 0xb
 960 00c9 0B       		.uleb128 0xb
 961 00ca 49       		.uleb128 0x49
 962 00cb 13       		.uleb128 0x13
 963 00cc 00       		.byte	0
 964 00cd 00       		.byte	0
 965 00ce 0D       		.uleb128 0xd
 966 00cf 26       		.uleb128 0x26
 967 00d0 00       		.byte	0
 968 00d1 49       		.uleb128 0x49
 969 00d2 13       		.uleb128 0x13
 970 00d3 00       		.byte	0
 971 00d4 00       		.byte	0
 972 00d5 0E       		.uleb128 0xe
 973 00d6 2E       		.uleb128 0x2e
 974 00d7 01       		.byte	0x1
 975 00d8 3F       		.uleb128 0x3f
 976 00d9 0C       		.uleb128 0xc
 977 00da 03       		.uleb128 0x3
 978 00db 0E       		.uleb128 0xe
 979 00dc 3A       		.uleb128 0x3a
 980 00dd 0B       		.uleb128 0xb
 981 00de 3B       		.uleb128 0x3b
 982 00df 05       		.uleb128 0x5
 983 00e0 27       		.uleb128 0x27
 984 00e1 0C       		.uleb128 0xc
 985 00e2 11       		.uleb128 0x11
 986 00e3 01       		.uleb128 0x1
 987 00e4 12       		.uleb128 0x12
 988 00e5 01       		.uleb128 0x1
 989 00e6 40       		.uleb128 0x40
 990 00e7 06       		.uleb128 0x6
ARM GAS  C:\Users\kevin\AppData\Local\Temp\ccTkXmFc.s 			page 27


 991 00e8 9642     		.uleb128 0x2116
 992 00ea 0C       		.uleb128 0xc
 993 00eb 00       		.byte	0
 994 00ec 00       		.byte	0
 995 00ed 00       		.byte	0
 996              		.section	.debug_loc,"",%progbits
 997              	.Ldebug_loc0:
 998              	.LLST0:
 999 0000 00000000 		.4byte	.LFB0
 1000 0004 02000000 		.4byte	.LCFI0
 1001 0008 0200     		.2byte	0x2
 1002 000a 7D       		.byte	0x7d
 1003 000b 00       		.sleb128 0
 1004 000c 02000000 		.4byte	.LCFI0
 1005 0010 04000000 		.4byte	.LCFI1
 1006 0014 0200     		.2byte	0x2
 1007 0016 7D       		.byte	0x7d
 1008 0017 08       		.sleb128 8
 1009 0018 04000000 		.4byte	.LCFI1
 1010 001c C4000000 		.4byte	.LFE0
 1011 0020 0200     		.2byte	0x2
 1012 0022 77       		.byte	0x77
 1013 0023 08       		.sleb128 8
 1014 0024 00000000 		.4byte	0
 1015 0028 00000000 		.4byte	0
 1016              	.LLST1:
 1017 002c 00000000 		.4byte	.LFB1
 1018 0030 02000000 		.4byte	.LCFI2
 1019 0034 0200     		.2byte	0x2
 1020 0036 7D       		.byte	0x7d
 1021 0037 00       		.sleb128 0
 1022 0038 02000000 		.4byte	.LCFI2
 1023 003c 04000000 		.4byte	.LCFI3
 1024 0040 0200     		.2byte	0x2
 1025 0042 7D       		.byte	0x7d
 1026 0043 08       		.sleb128 8
 1027 0044 04000000 		.4byte	.LCFI3
 1028 0048 06000000 		.4byte	.LCFI4
 1029 004c 0200     		.2byte	0x2
 1030 004e 7D       		.byte	0x7d
 1031 004f 18       		.sleb128 24
 1032 0050 06000000 		.4byte	.LCFI4
 1033 0054 34000000 		.4byte	.LFE1
 1034 0058 0200     		.2byte	0x2
 1035 005a 77       		.byte	0x77
 1036 005b 18       		.sleb128 24
 1037 005c 00000000 		.4byte	0
 1038 0060 00000000 		.4byte	0
 1039              	.LLST2:
 1040 0064 00000000 		.4byte	.LFB2
 1041 0068 02000000 		.4byte	.LCFI5
 1042 006c 0200     		.2byte	0x2
 1043 006e 7D       		.byte	0x7d
 1044 006f 00       		.sleb128 0
 1045 0070 02000000 		.4byte	.LCFI5
 1046 0074 04000000 		.4byte	.LCFI6
 1047 0078 0200     		.2byte	0x2
ARM GAS  C:\Users\kevin\AppData\Local\Temp\ccTkXmFc.s 			page 28


 1048 007a 7D       		.byte	0x7d
 1049 007b 08       		.sleb128 8
 1050 007c 04000000 		.4byte	.LCFI6
 1051 0080 06000000 		.4byte	.LCFI7
 1052 0084 0200     		.2byte	0x2
 1053 0086 7D       		.byte	0x7d
 1054 0087 18       		.sleb128 24
 1055 0088 06000000 		.4byte	.LCFI7
 1056 008c 34000000 		.4byte	.LFE2
 1057 0090 0200     		.2byte	0x2
 1058 0092 77       		.byte	0x77
 1059 0093 18       		.sleb128 24
 1060 0094 00000000 		.4byte	0
 1061 0098 00000000 		.4byte	0
 1062              	.LLST3:
 1063 009c 00000000 		.4byte	.LFB3
 1064 00a0 02000000 		.4byte	.LCFI8
 1065 00a4 0200     		.2byte	0x2
 1066 00a6 7D       		.byte	0x7d
 1067 00a7 00       		.sleb128 0
 1068 00a8 02000000 		.4byte	.LCFI8
 1069 00ac 04000000 		.4byte	.LCFI9
 1070 00b0 0200     		.2byte	0x2
 1071 00b2 7D       		.byte	0x7d
 1072 00b3 08       		.sleb128 8
 1073 00b4 04000000 		.4byte	.LCFI9
 1074 00b8 06000000 		.4byte	.LCFI10
 1075 00bc 0200     		.2byte	0x2
 1076 00be 7D       		.byte	0x7d
 1077 00bf 10       		.sleb128 16
 1078 00c0 06000000 		.4byte	.LCFI10
 1079 00c4 44000000 		.4byte	.LFE3
 1080 00c8 0200     		.2byte	0x2
 1081 00ca 77       		.byte	0x77
 1082 00cb 10       		.sleb128 16
 1083 00cc 00000000 		.4byte	0
 1084 00d0 00000000 		.4byte	0
 1085              	.LLST4:
 1086 00d4 00000000 		.4byte	.LFB4
 1087 00d8 02000000 		.4byte	.LCFI11
 1088 00dc 0200     		.2byte	0x2
 1089 00de 7D       		.byte	0x7d
 1090 00df 00       		.sleb128 0
 1091 00e0 02000000 		.4byte	.LCFI11
 1092 00e4 04000000 		.4byte	.LCFI12
 1093 00e8 0200     		.2byte	0x2
 1094 00ea 7D       		.byte	0x7d
 1095 00eb 08       		.sleb128 8
 1096 00ec 04000000 		.4byte	.LCFI12
 1097 00f0 06000000 		.4byte	.LCFI13
 1098 00f4 0200     		.2byte	0x2
 1099 00f6 7D       		.byte	0x7d
 1100 00f7 18       		.sleb128 24
 1101 00f8 06000000 		.4byte	.LCFI13
 1102 00fc 68000000 		.4byte	.LFE4
 1103 0100 0200     		.2byte	0x2
 1104 0102 77       		.byte	0x77
ARM GAS  C:\Users\kevin\AppData\Local\Temp\ccTkXmFc.s 			page 29


 1105 0103 18       		.sleb128 24
 1106 0104 00000000 		.4byte	0
 1107 0108 00000000 		.4byte	0
 1108              	.LLST5:
 1109 010c 00000000 		.4byte	.LFB5
 1110 0110 02000000 		.4byte	.LCFI14
 1111 0114 0200     		.2byte	0x2
 1112 0116 7D       		.byte	0x7d
 1113 0117 00       		.sleb128 0
 1114 0118 02000000 		.4byte	.LCFI14
 1115 011c 04000000 		.4byte	.LCFI15
 1116 0120 0200     		.2byte	0x2
 1117 0122 7D       		.byte	0x7d
 1118 0123 08       		.sleb128 8
 1119 0124 04000000 		.4byte	.LCFI15
 1120 0128 06000000 		.4byte	.LCFI16
 1121 012c 0200     		.2byte	0x2
 1122 012e 7D       		.byte	0x7d
 1123 012f 18       		.sleb128 24
 1124 0130 06000000 		.4byte	.LCFI16
 1125 0134 34000000 		.4byte	.LFE5
 1126 0138 0200     		.2byte	0x2
 1127 013a 77       		.byte	0x77
 1128 013b 18       		.sleb128 24
 1129 013c 00000000 		.4byte	0
 1130 0140 00000000 		.4byte	0
 1131              	.LLST6:
 1132 0144 00000000 		.4byte	.LFB6
 1133 0148 02000000 		.4byte	.LCFI17
 1134 014c 0200     		.2byte	0x2
 1135 014e 7D       		.byte	0x7d
 1136 014f 00       		.sleb128 0
 1137 0150 02000000 		.4byte	.LCFI17
 1138 0154 04000000 		.4byte	.LCFI18
 1139 0158 0200     		.2byte	0x2
 1140 015a 7D       		.byte	0x7d
 1141 015b 08       		.sleb128 8
 1142 015c 04000000 		.4byte	.LCFI18
 1143 0160 06000000 		.4byte	.LCFI19
 1144 0164 0200     		.2byte	0x2
 1145 0166 7D       		.byte	0x7d
 1146 0167 10       		.sleb128 16
 1147 0168 06000000 		.4byte	.LCFI19
 1148 016c 22000000 		.4byte	.LFE6
 1149 0170 0200     		.2byte	0x2
 1150 0172 77       		.byte	0x77
 1151 0173 10       		.sleb128 16
 1152 0174 00000000 		.4byte	0
 1153 0178 00000000 		.4byte	0
 1154              		.section	.debug_aranges,"",%progbits
 1155 0000 4C000000 		.4byte	0x4c
 1156 0004 0200     		.2byte	0x2
 1157 0006 00000000 		.4byte	.Ldebug_info0
 1158 000a 04       		.byte	0x4
 1159 000b 00       		.byte	0
 1160 000c 0000     		.2byte	0
 1161 000e 0000     		.2byte	0
ARM GAS  C:\Users\kevin\AppData\Local\Temp\ccTkXmFc.s 			page 30


 1162 0010 00000000 		.4byte	.LFB0
 1163 0014 C4000000 		.4byte	.LFE0-.LFB0
 1164 0018 00000000 		.4byte	.LFB1
 1165 001c 34000000 		.4byte	.LFE1-.LFB1
 1166 0020 00000000 		.4byte	.LFB2
 1167 0024 34000000 		.4byte	.LFE2-.LFB2
 1168 0028 00000000 		.4byte	.LFB3
 1169 002c 44000000 		.4byte	.LFE3-.LFB3
 1170 0030 00000000 		.4byte	.LFB4
 1171 0034 68000000 		.4byte	.LFE4-.LFB4
 1172 0038 00000000 		.4byte	.LFB5
 1173 003c 34000000 		.4byte	.LFE5-.LFB5
 1174 0040 00000000 		.4byte	.LFB6
 1175 0044 22000000 		.4byte	.LFE6-.LFB6
 1176 0048 00000000 		.4byte	0
 1177 004c 00000000 		.4byte	0
 1178              		.section	.debug_ranges,"",%progbits
 1179              	.Ldebug_ranges0:
 1180 0000 00000000 		.4byte	.LFB0
 1181 0004 C4000000 		.4byte	.LFE0
 1182 0008 00000000 		.4byte	.LFB1
 1183 000c 34000000 		.4byte	.LFE1
 1184 0010 00000000 		.4byte	.LFB2
 1185 0014 34000000 		.4byte	.LFE2
 1186 0018 00000000 		.4byte	.LFB3
 1187 001c 44000000 		.4byte	.LFE3
 1188 0020 00000000 		.4byte	.LFB4
 1189 0024 68000000 		.4byte	.LFE4
 1190 0028 00000000 		.4byte	.LFB5
 1191 002c 34000000 		.4byte	.LFE5
 1192 0030 00000000 		.4byte	.LFB6
 1193 0034 22000000 		.4byte	.LFE6
 1194 0038 00000000 		.4byte	0
 1195 003c 00000000 		.4byte	0
 1196              		.section	.debug_line,"",%progbits
 1197              	.Ldebug_line0:
 1198 0000 00010000 		.section	.debug_str,"MS",%progbits,1
 1198      02004800 
 1198      00000201 
 1198      FB0E0D00 
 1198      01010101 
 1199              	.LASF6:
 1200 0000 6C6F6E67 		.ascii	"long long int\000"
 1200      206C6F6E 
 1200      6720696E 
 1200      7400
 1201              	.LASF15:
 1202 000e 72656733 		.ascii	"reg32\000"
 1202      3200
 1203              	.LASF18:
 1204 0014 55415254 		.ascii	"UART_UartSetRxAddressMask\000"
 1204      5F556172 
 1204      74536574 
 1204      52784164 
 1204      64726573 
 1205              	.LASF11:
 1206 002e 666C6F61 		.ascii	"float\000"
ARM GAS  C:\Users\kevin\AppData\Local\Temp\ccTkXmFc.s 			page 31


 1206      7400
 1207              	.LASF3:
 1208 0034 73686F72 		.ascii	"short unsigned int\000"
 1208      7420756E 
 1208      7369676E 
 1208      65642069 
 1208      6E7400
 1209              	.LASF8:
 1210 0047 756E7369 		.ascii	"unsigned int\000"
 1210      676E6564 
 1210      20696E74 
 1210      00
 1211              	.LASF28:
 1212 0054 73747269 		.ascii	"string\000"
 1212      6E6700
 1213              	.LASF27:
 1214 005b 55415254 		.ascii	"UART_UartPutString\000"
 1214      5F556172 
 1214      74507574 
 1214      53747269 
 1214      6E6700
 1215              	.LASF24:
 1216 006e 55415254 		.ascii	"UART_UartGetByte\000"
 1216      5F556172 
 1216      74476574 
 1216      42797465 
 1216      00
 1217              	.LASF1:
 1218 007f 756E7369 		.ascii	"unsigned char\000"
 1218      676E6564 
 1218      20636861 
 1218      7200
 1219              	.LASF13:
 1220 008d 63686172 		.ascii	"char8\000"
 1220      3800
 1221              	.LASF5:
 1222 0093 6C6F6E67 		.ascii	"long unsigned int\000"
 1222      20756E73 
 1222      69676E65 
 1222      6420696E 
 1222      7400
 1223              	.LASF9:
 1224 00a5 75696E74 		.ascii	"uint8\000"
 1224      3800
 1225              	.LASF35:
 1226 00ab 55415254 		.ascii	"UART_UartPutCRLF\000"
 1226      5F556172 
 1226      74507574 
 1226      43524C46 
 1226      00
 1227              	.LASF22:
 1228 00bc 72784461 		.ascii	"rxData\000"
 1228      746100
 1229              	.LASF33:
 1230 00c3 443A5C55 		.ascii	"D:\\UartBootloader\\UART_Bootloader\\UART_Bootloada"
 1230      61727442 
 1230      6F6F746C 
ARM GAS  C:\Users\kevin\AppData\Local\Temp\ccTkXmFc.s 			page 32


 1230      6F616465 
 1230      725C5541 
 1231 00f3 626C652E 		.ascii	"ble.cydsn\000"
 1231      63796473 
 1231      6E00
 1232              	.LASF12:
 1233 00fd 646F7562 		.ascii	"double\000"
 1233      6C6500
 1234              	.LASF17:
 1235 0104 55415254 		.ascii	"UART_UartSetRxAddress\000"
 1235      5F556172 
 1235      74536574 
 1235      52784164 
 1235      64726573 
 1236              	.LASF10:
 1237 011a 75696E74 		.ascii	"uint32\000"
 1237      333200
 1238              	.LASF26:
 1239 0121 696E7453 		.ascii	"intSourceMask\000"
 1239      6F757263 
 1239      654D6173 
 1239      6B00
 1240              	.LASF34:
 1241 012f 55415254 		.ascii	"UART_UartInit\000"
 1241      5F556172 
 1241      74496E69 
 1241      7400
 1242              	.LASF19:
 1243 013d 61646472 		.ascii	"address\000"
 1243      65737300 
 1244              	.LASF7:
 1245 0145 6C6F6E67 		.ascii	"long long unsigned int\000"
 1245      206C6F6E 
 1245      6720756E 
 1245      7369676E 
 1245      65642069 
 1246              	.LASF20:
 1247 015c 61646472 		.ascii	"addressMask\000"
 1247      6573734D 
 1247      61736B00 
 1248              	.LASF29:
 1249 0168 62756649 		.ascii	"bufIndex\000"
 1249      6E646578 
 1249      00
 1250              	.LASF23:
 1251 0171 55415254 		.ascii	"UART_UartGetChar\000"
 1251      5F556172 
 1251      74476574 
 1251      43686172 
 1251      00
 1252              	.LASF16:
 1253 0182 73697A65 		.ascii	"sizetype\000"
 1253      74797065 
 1253      00
 1254              	.LASF30:
 1255 018b 74784461 		.ascii	"txDataByte\000"
 1255      74614279 
ARM GAS  C:\Users\kevin\AppData\Local\Temp\ccTkXmFc.s 			page 33


 1255      746500
 1256              	.LASF32:
 1257 0196 2E5C4765 		.ascii	".\\Generated_Source\\PSoC4\\UART_UART.c\000"
 1257      6E657261 
 1257      7465645F 
 1257      536F7572 
 1257      63655C50 
 1258              	.LASF14:
 1259 01bb 63686172 		.ascii	"char\000"
 1259      00
 1260              	.LASF2:
 1261 01c0 73686F72 		.ascii	"short int\000"
 1261      7420696E 
 1261      7400
 1262              	.LASF31:
 1263 01ca 474E5520 		.ascii	"GNU C 4.7.3 20130312 (release) [ARM/embedded-4_7-br"
 1263      4320342E 
 1263      372E3320 
 1263      32303133 
 1263      30333132 
 1264 01fd 616E6368 		.ascii	"anch revision 196615]\000"
 1264      20726576 
 1264      6973696F 
 1264      6E203139 
 1264      36363135 
 1265              	.LASF4:
 1266 0213 6C6F6E67 		.ascii	"long int\000"
 1266      20696E74 
 1266      00
 1267              	.LASF25:
 1268 021c 746D7053 		.ascii	"tmpStatus\000"
 1268      74617475 
 1268      7300
 1269              	.LASF21:
 1270 0226 6D617463 		.ascii	"matchReg\000"
 1270      68526567 
 1270      00
 1271              	.LASF0:
 1272 022f 7369676E 		.ascii	"signed char\000"
 1272      65642063 
 1272      68617200 
 1273              		.ident	"GCC: (GNU Tools for ARM Embedded Processors) 4.7.3 20130312 (release) [ARM/embedded-4_7-br
