ARM GAS  C:\Users\kevin\AppData\Local\Temp\ccBubIQo.s 			page 1


   1              		.cpu cortex-m0
   2              		.fpu softvfp
   3              		.eabi_attribute 20, 1
   4              		.eabi_attribute 21, 1
   5              		.eabi_attribute 23, 3
   6              		.eabi_attribute 24, 1
   7              		.eabi_attribute 25, 1
   8              		.eabi_attribute 26, 1
   9              		.eabi_attribute 30, 4
  10              		.eabi_attribute 34, 0
  11              		.eabi_attribute 18, 4
  12              		.code	16
  13              		.file	"CapSense_INT.c"
  14              		.text
  15              	.Ltext0:
  16              		.cfi_sections	.debug_frame
  17              		.section	.text.CapSense_ISR,"ax",%progbits
  18              		.align	1
  19              		.global	CapSense_ISR
  20              		.code	16
  21              		.thumb_func
  22              		.type	CapSense_ISR, %function
  23              	CapSense_ISR:
  24              	.LFB33:
  25              		.file 1 ".\\Generated_Source\\PSoC4\\CapSense_INT.c"
   1:.\Generated_Source\PSoC4/CapSense_INT.c **** /*******************************************************************************
   2:.\Generated_Source\PSoC4/CapSense_INT.c **** * File Name: CapSense_INT.c
   3:.\Generated_Source\PSoC4/CapSense_INT.c **** * Version 2.10
   4:.\Generated_Source\PSoC4/CapSense_INT.c **** *
   5:.\Generated_Source\PSoC4/CapSense_INT.c **** * Description:
   6:.\Generated_Source\PSoC4/CapSense_INT.c **** *  This file provides the source code of the  Interrupt Service Routine (ISR)
   7:.\Generated_Source\PSoC4/CapSense_INT.c **** *  for the CapSense CSD component.
   8:.\Generated_Source\PSoC4/CapSense_INT.c **** *
   9:.\Generated_Source\PSoC4/CapSense_INT.c **** * Note:
  10:.\Generated_Source\PSoC4/CapSense_INT.c **** *
  11:.\Generated_Source\PSoC4/CapSense_INT.c **** ********************************************************************************
  12:.\Generated_Source\PSoC4/CapSense_INT.c **** * Copyright 2014, Cypress Semiconductor Corporation.  All rights reserved.
  13:.\Generated_Source\PSoC4/CapSense_INT.c **** * You may use this file only in accordance with the license, terms, conditions,
  14:.\Generated_Source\PSoC4/CapSense_INT.c **** * disclaimers, and limitations in the end user license agreement accompanying
  15:.\Generated_Source\PSoC4/CapSense_INT.c **** * the software package with which this file was provided.
  16:.\Generated_Source\PSoC4/CapSense_INT.c **** *******************************************************************************/
  17:.\Generated_Source\PSoC4/CapSense_INT.c **** 
  18:.\Generated_Source\PSoC4/CapSense_INT.c **** #include "CapSense.h"
  19:.\Generated_Source\PSoC4/CapSense_INT.c **** #include "CapSense_PVT.h"
  20:.\Generated_Source\PSoC4/CapSense_INT.c **** 
  21:.\Generated_Source\PSoC4/CapSense_INT.c **** /*******************************************************************************
  22:.\Generated_Source\PSoC4/CapSense_INT.c **** *  Place your includes, defines and code here 
  23:.\Generated_Source\PSoC4/CapSense_INT.c **** ********************************************************************************/
  24:.\Generated_Source\PSoC4/CapSense_INT.c **** /* `#START CapSense_ISR_INTC` */
  25:.\Generated_Source\PSoC4/CapSense_INT.c **** 
  26:.\Generated_Source\PSoC4/CapSense_INT.c **** /* `#END` */
  27:.\Generated_Source\PSoC4/CapSense_INT.c **** 
  28:.\Generated_Source\PSoC4/CapSense_INT.c **** 
  29:.\Generated_Source\PSoC4/CapSense_INT.c **** /*******************************************************************************
  30:.\Generated_Source\PSoC4/CapSense_INT.c **** * Function Name: CapSense_ISR
  31:.\Generated_Source\PSoC4/CapSense_INT.c **** ********************************************************************************
  32:.\Generated_Source\PSoC4/CapSense_INT.c **** *
ARM GAS  C:\Users\kevin\AppData\Local\Temp\ccBubIQo.s 			page 2


  33:.\Generated_Source\PSoC4/CapSense_INT.c **** * Summary:
  34:.\Generated_Source\PSoC4/CapSense_INT.c **** *  This ISR is executed when the measure window is closed. The measure window 
  35:.\Generated_Source\PSoC4/CapSense_INT.c **** *  depends on the sensor scan resolution parameter. 
  36:.\Generated_Source\PSoC4/CapSense_INT.c **** *  The ISR has two modes: 
  37:.\Generated_Source\PSoC4/CapSense_INT.c **** *   1. Scans a single sensor and stores the measure result.
  38:.\Generated_Source\PSoC4/CapSense_INT.c **** *   2. Stores the result of the current measure and starts the next scan till all 
  39:.\Generated_Source\PSoC4/CapSense_INT.c **** *      the enabled sensors are scanned.
  40:.\Generated_Source\PSoC4/CapSense_INT.c **** *  This interrupt handler is only used in one channel designs.
  41:.\Generated_Source\PSoC4/CapSense_INT.c **** *
  42:.\Generated_Source\PSoC4/CapSense_INT.c **** * Parameters:
  43:.\Generated_Source\PSoC4/CapSense_INT.c **** *  None
  44:.\Generated_Source\PSoC4/CapSense_INT.c **** *
  45:.\Generated_Source\PSoC4/CapSense_INT.c **** * Return:
  46:.\Generated_Source\PSoC4/CapSense_INT.c **** *  None
  47:.\Generated_Source\PSoC4/CapSense_INT.c **** *
  48:.\Generated_Source\PSoC4/CapSense_INT.c **** * Global Variables:
  49:.\Generated_Source\PSoC4/CapSense_INT.c **** *  CapSense_csv - used to provide the status and mode of the scanning process.
  50:.\Generated_Source\PSoC4/CapSense_INT.c **** *   Mode - a single scan or scan of all the enabled sensors.
  51:.\Generated_Source\PSoC4/CapSense_INT.c **** *   Status - scan is in progress or ready for new scan.
  52:.\Generated_Source\PSoC4/CapSense_INT.c **** *  CapSense_sensorIndex - used to store a sensor scanning sensor number.
  53:.\Generated_Source\PSoC4/CapSense_INT.c **** *
  54:.\Generated_Source\PSoC4/CapSense_INT.c **** * Reentrant:
  55:.\Generated_Source\PSoC4/CapSense_INT.c **** *  No
  56:.\Generated_Source\PSoC4/CapSense_INT.c **** *
  57:.\Generated_Source\PSoC4/CapSense_INT.c **** *******************************************************************************/
  58:.\Generated_Source\PSoC4/CapSense_INT.c **** CY_ISR(CapSense_ISR)
  59:.\Generated_Source\PSoC4/CapSense_INT.c **** {
  26              		.loc 1 59 0
  27              		.cfi_startproc
  28 0000 70B5     		push	{r4, r5, r6, lr}
  29              		.cfi_def_cfa_offset 16
  30              		.cfi_offset 4, -16
  31              		.cfi_offset 5, -12
  32              		.cfi_offset 6, -8
  33              		.cfi_offset 14, -4
  60:.\Generated_Source\PSoC4/CapSense_INT.c ****     static uint8 CapSense_snsIndexTmp;
  61:.\Generated_Source\PSoC4/CapSense_INT.c **** 	/*  Place your Interrupt code here. */
  62:.\Generated_Source\PSoC4/CapSense_INT.c ****     /* `#START CapSense_ISR_ENTER` */
  63:.\Generated_Source\PSoC4/CapSense_INT.c **** 
  64:.\Generated_Source\PSoC4/CapSense_INT.c ****     /* `#END` */
  65:.\Generated_Source\PSoC4/CapSense_INT.c **** 
  66:.\Generated_Source\PSoC4/CapSense_INT.c **** 	CyIntDisable(CapSense_ISR_NUMBER);
  34              		.loc 1 66 0
  35 0002 0F20     		mov	r0, #15
  36 0004 FFF7FEFF 		bl	CyIntDisable
  37              	.LVL0:
  67:.\Generated_Source\PSoC4/CapSense_INT.c ****     
  68:.\Generated_Source\PSoC4/CapSense_INT.c ****     CapSense_CSD_INTR_REG = 1u;
  38              		.loc 1 68 0
  39 0008 164B     		ldr	r3, .L8
  69:.\Generated_Source\PSoC4/CapSense_INT.c **** 
  70:.\Generated_Source\PSoC4/CapSense_INT.c ****     CapSense_PostScan((uint32)CapSense_sensorIndex);
  40              		.loc 1 70 0
  41 000a 174D     		ldr	r5, .L8+4
  68:.\Generated_Source\PSoC4/CapSense_INT.c ****     CapSense_CSD_INTR_REG = 1u;
  42              		.loc 1 68 0
  43 000c 0126     		mov	r6, #1
ARM GAS  C:\Users\kevin\AppData\Local\Temp\ccBubIQo.s 			page 3


  44 000e 1E60     		str	r6, [r3]
  45              		.loc 1 70 0
  46 0010 2878     		ldrb	r0, [r5]
  47 0012 C0B2     		uxtb	r0, r0
  48 0014 FFF7FEFF 		bl	CapSense_PostScan
  49              	.LVL1:
  71:.\Generated_Source\PSoC4/CapSense_INT.c ****             
  72:.\Generated_Source\PSoC4/CapSense_INT.c ****     if ((CapSense_csdStatusVar & CapSense_SW_CTRL_SINGLE_SCAN) != 0u)
  50              		.loc 1 72 0
  51 0018 144C     		ldr	r4, .L8+8
  52 001a 2378     		ldrb	r3, [r4]
  53 001c 5BB2     		sxtb	r3, r3
  54 001e 002B     		cmp	r3, #0
  55 0020 03DA     		bge	.L2
  73:.\Generated_Source\PSoC4/CapSense_INT.c ****     {
  74:.\Generated_Source\PSoC4/CapSense_INT.c ****         CapSense_csdStatusVar &= (uint8)~CapSense_SW_STS_BUSY;
  56              		.loc 1 74 0
  57 0022 2378     		ldrb	r3, [r4]
  58 0024 B343     		bic	r3, r6
  59 0026 2370     		strb	r3, [r4]
  60 0028 18E0     		b	.L3
  61              	.L2:
  75:.\Generated_Source\PSoC4/CapSense_INT.c ****     }
  76:.\Generated_Source\PSoC4/CapSense_INT.c ****     else
  77:.\Generated_Source\PSoC4/CapSense_INT.c ****     {
  78:.\Generated_Source\PSoC4/CapSense_INT.c ****         /* Proceed scanning */
  79:.\Generated_Source\PSoC4/CapSense_INT.c ****         CapSense_sensorIndex = CapSense_FindNextSensor(CapSense_sensorIndex);
  62              		.loc 1 79 0
  63 002a 2878     		ldrb	r0, [r5]
  64 002c C0B2     		uxtb	r0, r0
  65 002e FFF7FEFF 		bl	CapSense_FindNextSensor
  66              	.LVL2:
  67 0032 2870     		strb	r0, [r5]
  80:.\Generated_Source\PSoC4/CapSense_INT.c ****         
  81:.\Generated_Source\PSoC4/CapSense_INT.c ****         /* Check end of scan */
  82:.\Generated_Source\PSoC4/CapSense_INT.c ****         if(CapSense_sensorIndex < CapSense_TOTAL_SENSOR_COUNT)
  68              		.loc 1 82 0
  69 0034 2B78     		ldrb	r3, [r5]
  70 0036 022B     		cmp	r3, #2
  71 0038 04D8     		bhi	.L4
  83:.\Generated_Source\PSoC4/CapSense_INT.c ****         {
  84:.\Generated_Source\PSoC4/CapSense_INT.c ****             CapSense_PreScan((uint32)CapSense_sensorIndex);
  72              		.loc 1 84 0
  73 003a 2878     		ldrb	r0, [r5]
  74 003c C0B2     		uxtb	r0, r0
  75 003e FFF7FEFF 		bl	CapSense_PreScan
  76              	.LVL3:
  77 0042 0BE0     		b	.L3
  78              	.L4:
  85:.\Generated_Source\PSoC4/CapSense_INT.c ****         }
  86:.\Generated_Source\PSoC4/CapSense_INT.c ****         else
  87:.\Generated_Source\PSoC4/CapSense_INT.c ****         {
  88:.\Generated_Source\PSoC4/CapSense_INT.c ****             CapSense_csdStatusVar &= (uint8)~CapSense_SW_STS_BUSY;
  79              		.loc 1 88 0
  80 0044 2378     		ldrb	r3, [r4]
  81 0046 B343     		bic	r3, r6
  82 0048 2370     		strb	r3, [r4]
ARM GAS  C:\Users\kevin\AppData\Local\Temp\ccBubIQo.s 			page 4


  89:.\Generated_Source\PSoC4/CapSense_INT.c **** 
  90:.\Generated_Source\PSoC4/CapSense_INT.c **** 			 /* Check if widget has been scanned */
  91:.\Generated_Source\PSoC4/CapSense_INT.c **** 			if((CapSense_csdStatusVar & CapSense_SW_CTRL_WIDGET_SCAN) != 0u)
  83              		.loc 1 91 0
  84 004a 2378     		ldrb	r3, [r4]
  85 004c 5A06     		lsl	r2, r3, #25
  86 004e 05D5     		bpl	.L3
  92:.\Generated_Source\PSoC4/CapSense_INT.c **** 			{
  93:.\Generated_Source\PSoC4/CapSense_INT.c **** 			    /* Restore sensorEnableMask array */
  94:.\Generated_Source\PSoC4/CapSense_INT.c **** 				for(CapSense_snsIndexTmp = 0u; 
  95:.\Generated_Source\PSoC4/CapSense_INT.c **** 				    CapSense_snsIndexTmp < CapSense_TOTAL_SENSOR_MASK; 
  96:.\Generated_Source\PSoC4/CapSense_INT.c **** 					CapSense_snsIndexTmp++)
  97:.\Generated_Source\PSoC4/CapSense_INT.c **** 				{
  98:.\Generated_Source\PSoC4/CapSense_INT.c **** 					/* Backup sensorEnableMask array */
  99:.\Generated_Source\PSoC4/CapSense_INT.c **** 					CapSense_sensorEnableMask[CapSense_snsIndexTmp] = CapSense_sensorEnableMaskBackup[CapSense_sns
  87              		.loc 1 99 0
  88 0050 074B     		ldr	r3, .L8+12
  89 0052 1A78     		ldrb	r2, [r3]
  90 0054 074B     		ldr	r3, .L8+16
  91 0056 1A70     		strb	r2, [r3]
  92 0058 074B     		ldr	r3, .L8+20
  93 005a 1E70     		strb	r6, [r3]
  94              	.L3:
 100:.\Generated_Source\PSoC4/CapSense_INT.c **** 				}
 101:.\Generated_Source\PSoC4/CapSense_INT.c **** 			}
 102:.\Generated_Source\PSoC4/CapSense_INT.c ****         } 
 103:.\Generated_Source\PSoC4/CapSense_INT.c ****     }
 104:.\Generated_Source\PSoC4/CapSense_INT.c ****     CyIntEnable(CapSense_ISR_NUMBER);
  95              		.loc 1 104 0
  96 005c 0F20     		mov	r0, #15
  97 005e FFF7FEFF 		bl	CyIntEnable
  98              	.LVL4:
 105:.\Generated_Source\PSoC4/CapSense_INT.c **** 	
 106:.\Generated_Source\PSoC4/CapSense_INT.c **** 	/*  Place your Interrupt code here. */
 107:.\Generated_Source\PSoC4/CapSense_INT.c ****     /* `#START CapSense_ISR_EXIT` */
 108:.\Generated_Source\PSoC4/CapSense_INT.c **** 
 109:.\Generated_Source\PSoC4/CapSense_INT.c ****     /* `#END` */
 110:.\Generated_Source\PSoC4/CapSense_INT.c **** }
  99              		.loc 1 110 0
 100              		@ sp needed
 101 0062 70BD     		pop	{r4, r5, r6, pc}
 102              	.L9:
 103              		.align	2
 104              	.L8:
 105 0064 14000840 		.word	1074266132
 106 0068 00000000 		.word	CapSense_sensorIndex
 107 006c 00000000 		.word	CapSense_csdStatusVar
 108 0070 00000000 		.word	CapSense_sensorEnableMaskBackup
 109 0074 00000000 		.word	CapSense_sensorEnableMask
 110 0078 00000000 		.word	.LANCHOR0
 111              		.cfi_endproc
 112              	.LFE33:
 113              		.size	CapSense_ISR, .-CapSense_ISR
 114              		.bss
 115              		.set	.LANCHOR0,. + 0
 116              		.type	CapSense_snsIndexTmp.5138, %object
 117              		.size	CapSense_snsIndexTmp.5138, 1
ARM GAS  C:\Users\kevin\AppData\Local\Temp\ccBubIQo.s 			page 5


 118              	CapSense_snsIndexTmp.5138:
 119 0000 00       		.space	1
 120              		.text
 121              	.Letext0:
 122              		.file 2 ".\\Generated_Source\\PSoC4\\cytypes.h"
 123              		.file 3 ".\\Generated_Source\\PSoC4\\CapSense.h"
 124              		.file 4 ".\\Generated_Source\\PSoC4\\CyLib.h"
 125              		.file 5 ".\\Generated_Source\\PSoC4\\CapSense_PVT.h"
 126              		.section	.debug_info,"",%progbits
 127              	.Ldebug_info0:
 128 0000 A9010000 		.4byte	0x1a9
 129 0004 0400     		.2byte	0x4
 130 0006 00000000 		.4byte	.Ldebug_abbrev0
 131 000a 04       		.byte	0x4
 132 000b 01       		.uleb128 0x1
 133 000c 5F000000 		.4byte	.LASF23
 134 0010 01       		.byte	0x1
 135 0011 19010000 		.4byte	.LASF24
 136 0015 B4010000 		.4byte	.LASF25
 137 0019 00000000 		.4byte	.Ldebug_ranges0+0
 138 001d 00000000 		.4byte	0
 139 0021 00000000 		.4byte	.Ldebug_line0
 140 0025 02       		.uleb128 0x2
 141 0026 01       		.byte	0x1
 142 0027 06       		.byte	0x6
 143 0028 4D020000 		.4byte	.LASF0
 144 002c 02       		.uleb128 0x2
 145 002d 01       		.byte	0x1
 146 002e 08       		.byte	0x8
 147 002f E1000000 		.4byte	.LASF1
 148 0033 02       		.uleb128 0x2
 149 0034 02       		.byte	0x2
 150 0035 05       		.byte	0x5
 151 0036 34020000 		.4byte	.LASF2
 152 003a 02       		.uleb128 0x2
 153 003b 02       		.byte	0x2
 154 003c 07       		.byte	0x7
 155 003d 25000000 		.4byte	.LASF3
 156 0041 02       		.uleb128 0x2
 157 0042 04       		.byte	0x4
 158 0043 05       		.byte	0x5
 159 0044 44020000 		.4byte	.LASF4
 160 0048 02       		.uleb128 0x2
 161 0049 04       		.byte	0x4
 162 004a 07       		.byte	0x7
 163 004b 07010000 		.4byte	.LASF5
 164 004f 02       		.uleb128 0x2
 165 0050 08       		.byte	0x8
 166 0051 05       		.byte	0x5
 167 0052 14020000 		.4byte	.LASF6
 168 0056 02       		.uleb128 0x2
 169 0057 08       		.byte	0x8
 170 0058 07       		.byte	0x7
 171 0059 9D010000 		.4byte	.LASF7
 172 005d 03       		.uleb128 0x3
 173 005e 04       		.byte	0x4
 174 005f 05       		.byte	0x5
ARM GAS  C:\Users\kevin\AppData\Local\Temp\ccBubIQo.s 			page 6


 175 0060 696E7400 		.ascii	"int\000"
 176 0064 02       		.uleb128 0x2
 177 0065 04       		.byte	0x4
 178 0066 07       		.byte	0x7
 179 0067 90010000 		.4byte	.LASF8
 180 006b 04       		.uleb128 0x4
 181 006c 3E020000 		.4byte	.LASF9
 182 0070 02       		.byte	0x2
 183 0071 A1       		.byte	0xa1
 184 0072 2C000000 		.4byte	0x2c
 185 0076 04       		.uleb128 0x4
 186 0077 89010000 		.4byte	.LASF10
 187 007b 02       		.byte	0x2
 188 007c A3       		.byte	0xa3
 189 007d 48000000 		.4byte	0x48
 190 0081 02       		.uleb128 0x2
 191 0082 04       		.byte	0x4
 192 0083 04       		.byte	0x4
 193 0084 DB000000 		.4byte	.LASF11
 194 0088 02       		.uleb128 0x2
 195 0089 08       		.byte	0x8
 196 008a 04       		.byte	0x4
 197 008b 76010000 		.4byte	.LASF12
 198 008f 02       		.uleb128 0x2
 199 0090 01       		.byte	0x1
 200 0091 08       		.byte	0x8
 201 0092 22020000 		.4byte	.LASF13
 202 0096 05       		.uleb128 0x5
 203 0097 6B000000 		.4byte	0x6b
 204 009b 06       		.uleb128 0x6
 205 009c 00000000 		.4byte	.LASF14
 206 00a0 02       		.byte	0x2
 207 00a1 4D01     		.2byte	0x14d
 208 00a3 A7000000 		.4byte	0xa7
 209 00a7 05       		.uleb128 0x5
 210 00a8 76000000 		.4byte	0x76
 211 00ac 02       		.uleb128 0x2
 212 00ad 04       		.byte	0x4
 213 00ae 07       		.byte	0x7
 214 00af 0B020000 		.4byte	.LASF15
 215 00b3 07       		.uleb128 0x7
 216 00b4 18000000 		.4byte	.LASF26
 217 00b8 01       		.byte	0x1
 218 00b9 3A       		.byte	0x3a
 219 00ba 00000000 		.4byte	.LFB33
 220 00be 7C000000 		.4byte	.LFE33-.LFB33
 221 00c2 01       		.uleb128 0x1
 222 00c3 9C       		.byte	0x9c
 223 00c4 17010000 		.4byte	0x117
 224 00c8 08       		.uleb128 0x8
 225 00c9 61010000 		.4byte	.LASF27
 226 00cd 01       		.byte	0x1
 227 00ce 3C       		.byte	0x3c
 228 00cf 6B000000 		.4byte	0x6b
 229 00d3 05       		.uleb128 0x5
 230 00d4 03       		.byte	0x3
 231 00d5 00000000 		.4byte	CapSense_snsIndexTmp.5138
ARM GAS  C:\Users\kevin\AppData\Local\Temp\ccBubIQo.s 			page 7


 232 00d9 09       		.uleb128 0x9
 233 00da 08000000 		.4byte	.LVL0
 234 00de 57010000 		.4byte	0x157
 235 00e2 EC000000 		.4byte	0xec
 236 00e6 0A       		.uleb128 0xa
 237 00e7 01       		.uleb128 0x1
 238 00e8 50       		.byte	0x50
 239 00e9 01       		.uleb128 0x1
 240 00ea 3F       		.byte	0x3f
 241 00eb 00       		.byte	0
 242 00ec 0B       		.uleb128 0xb
 243 00ed 18000000 		.4byte	.LVL1
 244 00f1 68010000 		.4byte	0x168
 245 00f5 0B       		.uleb128 0xb
 246 00f6 32000000 		.4byte	.LVL2
 247 00fa 79010000 		.4byte	0x179
 248 00fe 0B       		.uleb128 0xb
 249 00ff 42000000 		.4byte	.LVL3
 250 0103 8E010000 		.4byte	0x18e
 251 0107 0C       		.uleb128 0xc
 252 0108 62000000 		.4byte	.LVL4
 253 010c 9F010000 		.4byte	0x19f
 254 0110 0A       		.uleb128 0xa
 255 0111 01       		.uleb128 0x1
 256 0112 50       		.byte	0x50
 257 0113 01       		.uleb128 0x1
 258 0114 3F       		.byte	0x3f
 259 0115 00       		.byte	0
 260 0116 00       		.byte	0
 261 0117 0D       		.uleb128 0xd
 262 0118 38000000 		.4byte	.LASF16
 263 011c 03       		.byte	0x3
 264 011d 3203     		.2byte	0x332
 265 011f 96000000 		.4byte	0x96
 266 0123 0D       		.uleb128 0xd
 267 0124 F6010000 		.4byte	.LASF17
 268 0128 03       		.byte	0x3
 269 0129 3303     		.2byte	0x333
 270 012b 96000000 		.4byte	0x96
 271 012f 0E       		.uleb128 0xe
 272 0130 6B000000 		.4byte	0x6b
 273 0134 3F010000 		.4byte	0x13f
 274 0138 0F       		.uleb128 0xf
 275 0139 AC000000 		.4byte	0xac
 276 013d 00       		.byte	0
 277 013e 00       		.byte	0
 278 013f 0D       		.uleb128 0xd
 279 0140 41010000 		.4byte	.LASF18
 280 0144 03       		.byte	0x3
 281 0145 3603     		.2byte	0x336
 282 0147 2F010000 		.4byte	0x12f
 283 014b 0D       		.uleb128 0xd
 284 014c 59020000 		.4byte	.LASF19
 285 0150 03       		.byte	0x3
 286 0151 3703     		.2byte	0x337
 287 0153 2F010000 		.4byte	0x12f
 288 0157 10       		.uleb128 0x10
ARM GAS  C:\Users\kevin\AppData\Local\Temp\ccBubIQo.s 			page 8


 289 0158 27020000 		.4byte	.LASF20
 290 015c 04       		.byte	0x4
 291 015d 72       		.byte	0x72
 292 015e 68010000 		.4byte	0x168
 293 0162 11       		.uleb128 0x11
 294 0163 6B000000 		.4byte	0x6b
 295 0167 00       		.byte	0
 296 0168 10       		.uleb128 0x10
 297 0169 06000000 		.4byte	.LASF21
 298 016d 05       		.byte	0x5
 299 016e 52       		.byte	0x52
 300 016f 79010000 		.4byte	0x179
 301 0173 11       		.uleb128 0x11
 302 0174 76000000 		.4byte	0x76
 303 0178 00       		.byte	0
 304 0179 12       		.uleb128 0x12
 305 017a EF000000 		.4byte	.LASF28
 306 017e 05       		.byte	0x5
 307 017f 65       		.byte	0x65
 308 0180 6B000000 		.4byte	0x6b
 309 0184 8E010000 		.4byte	0x18e
 310 0188 11       		.uleb128 0x11
 311 0189 6B000000 		.4byte	0x6b
 312 018d 00       		.byte	0
 313 018e 10       		.uleb128 0x10
 314 018f 4E000000 		.4byte	.LASF22
 315 0193 05       		.byte	0x5
 316 0194 51       		.byte	0x51
 317 0195 9F010000 		.4byte	0x19f
 318 0199 11       		.uleb128 0x11
 319 019a 76000000 		.4byte	0x76
 320 019e 00       		.byte	0
 321 019f 13       		.uleb128 0x13
 322 01a0 7D010000 		.4byte	.LASF29
 323 01a4 04       		.byte	0x4
 324 01a5 70       		.byte	0x70
 325 01a6 11       		.uleb128 0x11
 326 01a7 6B000000 		.4byte	0x6b
 327 01ab 00       		.byte	0
 328 01ac 00       		.byte	0
 329              		.section	.debug_abbrev,"",%progbits
 330              	.Ldebug_abbrev0:
 331 0000 01       		.uleb128 0x1
 332 0001 11       		.uleb128 0x11
 333 0002 01       		.byte	0x1
 334 0003 25       		.uleb128 0x25
 335 0004 0E       		.uleb128 0xe
 336 0005 13       		.uleb128 0x13
 337 0006 0B       		.uleb128 0xb
 338 0007 03       		.uleb128 0x3
 339 0008 0E       		.uleb128 0xe
 340 0009 1B       		.uleb128 0x1b
 341 000a 0E       		.uleb128 0xe
 342 000b 55       		.uleb128 0x55
 343 000c 17       		.uleb128 0x17
 344 000d 11       		.uleb128 0x11
 345 000e 01       		.uleb128 0x1
ARM GAS  C:\Users\kevin\AppData\Local\Temp\ccBubIQo.s 			page 9


 346 000f 10       		.uleb128 0x10
 347 0010 17       		.uleb128 0x17
 348 0011 00       		.byte	0
 349 0012 00       		.byte	0
 350 0013 02       		.uleb128 0x2
 351 0014 24       		.uleb128 0x24
 352 0015 00       		.byte	0
 353 0016 0B       		.uleb128 0xb
 354 0017 0B       		.uleb128 0xb
 355 0018 3E       		.uleb128 0x3e
 356 0019 0B       		.uleb128 0xb
 357 001a 03       		.uleb128 0x3
 358 001b 0E       		.uleb128 0xe
 359 001c 00       		.byte	0
 360 001d 00       		.byte	0
 361 001e 03       		.uleb128 0x3
 362 001f 24       		.uleb128 0x24
 363 0020 00       		.byte	0
 364 0021 0B       		.uleb128 0xb
 365 0022 0B       		.uleb128 0xb
 366 0023 3E       		.uleb128 0x3e
 367 0024 0B       		.uleb128 0xb
 368 0025 03       		.uleb128 0x3
 369 0026 08       		.uleb128 0x8
 370 0027 00       		.byte	0
 371 0028 00       		.byte	0
 372 0029 04       		.uleb128 0x4
 373 002a 16       		.uleb128 0x16
 374 002b 00       		.byte	0
 375 002c 03       		.uleb128 0x3
 376 002d 0E       		.uleb128 0xe
 377 002e 3A       		.uleb128 0x3a
 378 002f 0B       		.uleb128 0xb
 379 0030 3B       		.uleb128 0x3b
 380 0031 0B       		.uleb128 0xb
 381 0032 49       		.uleb128 0x49
 382 0033 13       		.uleb128 0x13
 383 0034 00       		.byte	0
 384 0035 00       		.byte	0
 385 0036 05       		.uleb128 0x5
 386 0037 35       		.uleb128 0x35
 387 0038 00       		.byte	0
 388 0039 49       		.uleb128 0x49
 389 003a 13       		.uleb128 0x13
 390 003b 00       		.byte	0
 391 003c 00       		.byte	0
 392 003d 06       		.uleb128 0x6
 393 003e 16       		.uleb128 0x16
 394 003f 00       		.byte	0
 395 0040 03       		.uleb128 0x3
 396 0041 0E       		.uleb128 0xe
 397 0042 3A       		.uleb128 0x3a
 398 0043 0B       		.uleb128 0xb
 399 0044 3B       		.uleb128 0x3b
 400 0045 05       		.uleb128 0x5
 401 0046 49       		.uleb128 0x49
 402 0047 13       		.uleb128 0x13
ARM GAS  C:\Users\kevin\AppData\Local\Temp\ccBubIQo.s 			page 10


 403 0048 00       		.byte	0
 404 0049 00       		.byte	0
 405 004a 07       		.uleb128 0x7
 406 004b 2E       		.uleb128 0x2e
 407 004c 01       		.byte	0x1
 408 004d 3F       		.uleb128 0x3f
 409 004e 19       		.uleb128 0x19
 410 004f 03       		.uleb128 0x3
 411 0050 0E       		.uleb128 0xe
 412 0051 3A       		.uleb128 0x3a
 413 0052 0B       		.uleb128 0xb
 414 0053 3B       		.uleb128 0x3b
 415 0054 0B       		.uleb128 0xb
 416 0055 27       		.uleb128 0x27
 417 0056 19       		.uleb128 0x19
 418 0057 11       		.uleb128 0x11
 419 0058 01       		.uleb128 0x1
 420 0059 12       		.uleb128 0x12
 421 005a 06       		.uleb128 0x6
 422 005b 40       		.uleb128 0x40
 423 005c 18       		.uleb128 0x18
 424 005d 9742     		.uleb128 0x2117
 425 005f 19       		.uleb128 0x19
 426 0060 01       		.uleb128 0x1
 427 0061 13       		.uleb128 0x13
 428 0062 00       		.byte	0
 429 0063 00       		.byte	0
 430 0064 08       		.uleb128 0x8
 431 0065 34       		.uleb128 0x34
 432 0066 00       		.byte	0
 433 0067 03       		.uleb128 0x3
 434 0068 0E       		.uleb128 0xe
 435 0069 3A       		.uleb128 0x3a
 436 006a 0B       		.uleb128 0xb
 437 006b 3B       		.uleb128 0x3b
 438 006c 0B       		.uleb128 0xb
 439 006d 49       		.uleb128 0x49
 440 006e 13       		.uleb128 0x13
 441 006f 02       		.uleb128 0x2
 442 0070 18       		.uleb128 0x18
 443 0071 00       		.byte	0
 444 0072 00       		.byte	0
 445 0073 09       		.uleb128 0x9
 446 0074 898201   		.uleb128 0x4109
 447 0077 01       		.byte	0x1
 448 0078 11       		.uleb128 0x11
 449 0079 01       		.uleb128 0x1
 450 007a 31       		.uleb128 0x31
 451 007b 13       		.uleb128 0x13
 452 007c 01       		.uleb128 0x1
 453 007d 13       		.uleb128 0x13
 454 007e 00       		.byte	0
 455 007f 00       		.byte	0
 456 0080 0A       		.uleb128 0xa
 457 0081 8A8201   		.uleb128 0x410a
 458 0084 00       		.byte	0
 459 0085 02       		.uleb128 0x2
ARM GAS  C:\Users\kevin\AppData\Local\Temp\ccBubIQo.s 			page 11


 460 0086 18       		.uleb128 0x18
 461 0087 9142     		.uleb128 0x2111
 462 0089 18       		.uleb128 0x18
 463 008a 00       		.byte	0
 464 008b 00       		.byte	0
 465 008c 0B       		.uleb128 0xb
 466 008d 898201   		.uleb128 0x4109
 467 0090 00       		.byte	0
 468 0091 11       		.uleb128 0x11
 469 0092 01       		.uleb128 0x1
 470 0093 31       		.uleb128 0x31
 471 0094 13       		.uleb128 0x13
 472 0095 00       		.byte	0
 473 0096 00       		.byte	0
 474 0097 0C       		.uleb128 0xc
 475 0098 898201   		.uleb128 0x4109
 476 009b 01       		.byte	0x1
 477 009c 11       		.uleb128 0x11
 478 009d 01       		.uleb128 0x1
 479 009e 31       		.uleb128 0x31
 480 009f 13       		.uleb128 0x13
 481 00a0 00       		.byte	0
 482 00a1 00       		.byte	0
 483 00a2 0D       		.uleb128 0xd
 484 00a3 34       		.uleb128 0x34
 485 00a4 00       		.byte	0
 486 00a5 03       		.uleb128 0x3
 487 00a6 0E       		.uleb128 0xe
 488 00a7 3A       		.uleb128 0x3a
 489 00a8 0B       		.uleb128 0xb
 490 00a9 3B       		.uleb128 0x3b
 491 00aa 05       		.uleb128 0x5
 492 00ab 49       		.uleb128 0x49
 493 00ac 13       		.uleb128 0x13
 494 00ad 3F       		.uleb128 0x3f
 495 00ae 19       		.uleb128 0x19
 496 00af 3C       		.uleb128 0x3c
 497 00b0 19       		.uleb128 0x19
 498 00b1 00       		.byte	0
 499 00b2 00       		.byte	0
 500 00b3 0E       		.uleb128 0xe
 501 00b4 01       		.uleb128 0x1
 502 00b5 01       		.byte	0x1
 503 00b6 49       		.uleb128 0x49
 504 00b7 13       		.uleb128 0x13
 505 00b8 01       		.uleb128 0x1
 506 00b9 13       		.uleb128 0x13
 507 00ba 00       		.byte	0
 508 00bb 00       		.byte	0
 509 00bc 0F       		.uleb128 0xf
 510 00bd 21       		.uleb128 0x21
 511 00be 00       		.byte	0
 512 00bf 49       		.uleb128 0x49
 513 00c0 13       		.uleb128 0x13
 514 00c1 2F       		.uleb128 0x2f
 515 00c2 0B       		.uleb128 0xb
 516 00c3 00       		.byte	0
ARM GAS  C:\Users\kevin\AppData\Local\Temp\ccBubIQo.s 			page 12


 517 00c4 00       		.byte	0
 518 00c5 10       		.uleb128 0x10
 519 00c6 2E       		.uleb128 0x2e
 520 00c7 01       		.byte	0x1
 521 00c8 3F       		.uleb128 0x3f
 522 00c9 19       		.uleb128 0x19
 523 00ca 03       		.uleb128 0x3
 524 00cb 0E       		.uleb128 0xe
 525 00cc 3A       		.uleb128 0x3a
 526 00cd 0B       		.uleb128 0xb
 527 00ce 3B       		.uleb128 0x3b
 528 00cf 0B       		.uleb128 0xb
 529 00d0 27       		.uleb128 0x27
 530 00d1 19       		.uleb128 0x19
 531 00d2 3C       		.uleb128 0x3c
 532 00d3 19       		.uleb128 0x19
 533 00d4 01       		.uleb128 0x1
 534 00d5 13       		.uleb128 0x13
 535 00d6 00       		.byte	0
 536 00d7 00       		.byte	0
 537 00d8 11       		.uleb128 0x11
 538 00d9 05       		.uleb128 0x5
 539 00da 00       		.byte	0
 540 00db 49       		.uleb128 0x49
 541 00dc 13       		.uleb128 0x13
 542 00dd 00       		.byte	0
 543 00de 00       		.byte	0
 544 00df 12       		.uleb128 0x12
 545 00e0 2E       		.uleb128 0x2e
 546 00e1 01       		.byte	0x1
 547 00e2 3F       		.uleb128 0x3f
 548 00e3 19       		.uleb128 0x19
 549 00e4 03       		.uleb128 0x3
 550 00e5 0E       		.uleb128 0xe
 551 00e6 3A       		.uleb128 0x3a
 552 00e7 0B       		.uleb128 0xb
 553 00e8 3B       		.uleb128 0x3b
 554 00e9 0B       		.uleb128 0xb
 555 00ea 27       		.uleb128 0x27
 556 00eb 19       		.uleb128 0x19
 557 00ec 49       		.uleb128 0x49
 558 00ed 13       		.uleb128 0x13
 559 00ee 3C       		.uleb128 0x3c
 560 00ef 19       		.uleb128 0x19
 561 00f0 01       		.uleb128 0x1
 562 00f1 13       		.uleb128 0x13
 563 00f2 00       		.byte	0
 564 00f3 00       		.byte	0
 565 00f4 13       		.uleb128 0x13
 566 00f5 2E       		.uleb128 0x2e
 567 00f6 01       		.byte	0x1
 568 00f7 3F       		.uleb128 0x3f
 569 00f8 19       		.uleb128 0x19
 570 00f9 03       		.uleb128 0x3
 571 00fa 0E       		.uleb128 0xe
 572 00fb 3A       		.uleb128 0x3a
 573 00fc 0B       		.uleb128 0xb
ARM GAS  C:\Users\kevin\AppData\Local\Temp\ccBubIQo.s 			page 13


 574 00fd 3B       		.uleb128 0x3b
 575 00fe 0B       		.uleb128 0xb
 576 00ff 27       		.uleb128 0x27
 577 0100 19       		.uleb128 0x19
 578 0101 3C       		.uleb128 0x3c
 579 0102 19       		.uleb128 0x19
 580 0103 00       		.byte	0
 581 0104 00       		.byte	0
 582 0105 00       		.byte	0
 583              		.section	.debug_aranges,"",%progbits
 584 0000 1C000000 		.4byte	0x1c
 585 0004 0200     		.2byte	0x2
 586 0006 00000000 		.4byte	.Ldebug_info0
 587 000a 04       		.byte	0x4
 588 000b 00       		.byte	0
 589 000c 0000     		.2byte	0
 590 000e 0000     		.2byte	0
 591 0010 00000000 		.4byte	.LFB33
 592 0014 7C000000 		.4byte	.LFE33-.LFB33
 593 0018 00000000 		.4byte	0
 594 001c 00000000 		.4byte	0
 595              		.section	.debug_ranges,"",%progbits
 596              	.Ldebug_ranges0:
 597 0000 00000000 		.4byte	.LFB33
 598 0004 7C000000 		.4byte	.LFE33
 599 0008 00000000 		.4byte	0
 600 000c 00000000 		.4byte	0
 601              		.section	.debug_line,"",%progbits
 602              	.Ldebug_line0:
 603 0000 9A000000 		.section	.debug_str,"MS",%progbits,1
 603      02007600 
 603      00000201 
 603      FB0E0D00 
 603      01010101 
 604              	.LASF14:
 605 0000 72656733 		.ascii	"reg32\000"
 605      3200
 606              	.LASF21:
 607 0006 43617053 		.ascii	"CapSense_PostScan\000"
 607      656E7365 
 607      5F506F73 
 607      74536361 
 607      6E00
 608              	.LASF26:
 609 0018 43617053 		.ascii	"CapSense_ISR\000"
 609      656E7365 
 609      5F495352 
 609      00
 610              	.LASF3:
 611 0025 73686F72 		.ascii	"short unsigned int\000"
 611      7420756E 
 611      7369676E 
 611      65642069 
 611      6E7400
 612              	.LASF16:
 613 0038 43617053 		.ascii	"CapSense_csdStatusVar\000"
 613      656E7365 
ARM GAS  C:\Users\kevin\AppData\Local\Temp\ccBubIQo.s 			page 14


 613      5F637364 
 613      53746174 
 613      75735661 
 614              	.LASF22:
 615 004e 43617053 		.ascii	"CapSense_PreScan\000"
 615      656E7365 
 615      5F507265 
 615      5363616E 
 615      00
 616              	.LASF23:
 617 005f 474E5520 		.ascii	"GNU C 4.8.4 20140526 (release) [ARM/embedded-4_8-br"
 617      4320342E 
 617      382E3420 
 617      32303134 
 617      30353236 
 618 0092 616E6368 		.ascii	"anch revision 211358] -mcpu=cortex-m0 -mthumb -g -O"
 618      20726576 
 618      6973696F 
 618      6E203231 
 618      31333538 
 619 00c5 73202D66 		.ascii	"s -ffunction-sections\000"
 619      66756E63 
 619      74696F6E 
 619      2D736563 
 619      74696F6E 
 620              	.LASF11:
 621 00db 666C6F61 		.ascii	"float\000"
 621      7400
 622              	.LASF1:
 623 00e1 756E7369 		.ascii	"unsigned char\000"
 623      676E6564 
 623      20636861 
 623      7200
 624              	.LASF28:
 625 00ef 43617053 		.ascii	"CapSense_FindNextSensor\000"
 625      656E7365 
 625      5F46696E 
 625      644E6578 
 625      7453656E 
 626              	.LASF5:
 627 0107 6C6F6E67 		.ascii	"long unsigned int\000"
 627      20756E73 
 627      69676E65 
 627      6420696E 
 627      7400
 628              	.LASF24:
 629 0119 2E5C4765 		.ascii	".\\Generated_Source\\PSoC4\\CapSense_INT.c\000"
 629      6E657261 
 629      7465645F 
 629      536F7572 
 629      63655C50 
 630              	.LASF18:
 631 0141 43617053 		.ascii	"CapSense_sensorEnableMaskBackup\000"
 631      656E7365 
 631      5F73656E 
 631      736F7245 
 631      6E61626C 
ARM GAS  C:\Users\kevin\AppData\Local\Temp\ccBubIQo.s 			page 15


 632              	.LASF27:
 633 0161 43617053 		.ascii	"CapSense_snsIndexTmp\000"
 633      656E7365 
 633      5F736E73 
 633      496E6465 
 633      78546D70 
 634              	.LASF12:
 635 0176 646F7562 		.ascii	"double\000"
 635      6C6500
 636              	.LASF29:
 637 017d 4379496E 		.ascii	"CyIntEnable\000"
 637      74456E61 
 637      626C6500 
 638              	.LASF10:
 639 0189 75696E74 		.ascii	"uint32\000"
 639      333200
 640              	.LASF8:
 641 0190 756E7369 		.ascii	"unsigned int\000"
 641      676E6564 
 641      20696E74 
 641      00
 642              	.LASF7:
 643 019d 6C6F6E67 		.ascii	"long long unsigned int\000"
 643      206C6F6E 
 643      6720756E 
 643      7369676E 
 643      65642069 
 644              	.LASF25:
 645 01b4 443A5C77 		.ascii	"D:\\wifi_work\\new_board\\newboard_0521_boot\\UART_"
 645      6966695F 
 645      776F726B 
 645      5C6E6577 
 645      5F626F61 
 646 01e3 426F6F74 		.ascii	"Bootloadable.cydsn\000"
 646      6C6F6164 
 646      61626C65 
 646      2E637964 
 646      736E00
 647              	.LASF17:
 648 01f6 43617053 		.ascii	"CapSense_sensorIndex\000"
 648      656E7365 
 648      5F73656E 
 648      736F7249 
 648      6E646578 
 649              	.LASF15:
 650 020b 73697A65 		.ascii	"sizetype\000"
 650      74797065 
 650      00
 651              	.LASF6:
 652 0214 6C6F6E67 		.ascii	"long long int\000"
 652      206C6F6E 
 652      6720696E 
 652      7400
 653              	.LASF13:
 654 0222 63686172 		.ascii	"char\000"
 654      00
 655              	.LASF20:
ARM GAS  C:\Users\kevin\AppData\Local\Temp\ccBubIQo.s 			page 16


 656 0227 4379496E 		.ascii	"CyIntDisable\000"
 656      74446973 
 656      61626C65 
 656      00
 657              	.LASF2:
 658 0234 73686F72 		.ascii	"short int\000"
 658      7420696E 
 658      7400
 659              	.LASF9:
 660 023e 75696E74 		.ascii	"uint8\000"
 660      3800
 661              	.LASF4:
 662 0244 6C6F6E67 		.ascii	"long int\000"
 662      20696E74 
 662      00
 663              	.LASF0:
 664 024d 7369676E 		.ascii	"signed char\000"
 664      65642063 
 664      68617200 
 665              	.LASF19:
 666 0259 43617053 		.ascii	"CapSense_sensorEnableMask\000"
 666      656E7365 
 666      5F73656E 
 666      736F7245 
 666      6E61626C 
 667              		.ident	"GCC: (GNU Tools for ARM Embedded Processors) 4.8.4 20140526 (release) [ARM/embedded-4_8-br
