--------------- Rebuild Started: 05/14/2015 19:13:02 Project: UART_Bootloadable, Configuration: ARM GCC 4.8.4 Debug ---------------
Deleting file ".\CortexM0\ARM_GCC_484\Debug\main.o"
Deleting file ".\CortexM0\ARM_GCC_484\Debug\display.o"
Deleting file ".\CortexM0\ARM_GCC_484\Debug\flash_wr_rd.o"
Deleting file ".\CortexM0\ARM_GCC_484\Debug\fun.o"
Deleting file ".\CortexM0\ARM_GCC_484\Debug\module.o"
Deleting file ".\CortexM0\ARM_GCC_484\Debug\uart_wifi.o"
Deleting file ".\CortexM0\ARM_GCC_484\Debug\cyfitter_cfg.o"
Deleting file ".\CortexM0\ARM_GCC_484\Debug\cybootloader.o"
Deleting file ".\CortexM0\ARM_GCC_484\Debug\cymetadata.o"
Deleting file ".\CortexM0\ARM_GCC_484\Debug\Bootloadable.o"
Deleting file ".\CortexM0\ARM_GCC_484\Debug\Cm0Start.o"
Deleting file ".\CortexM0\ARM_GCC_484\Debug\CyBootAsmGnu.o"
Deleting file ".\CortexM0\ARM_GCC_484\Debug\CyFlash.o"
Deleting file ".\CortexM0\ARM_GCC_484\Debug\CyLib.o"
Deleting file ".\CortexM0\ARM_GCC_484\Debug\cyPm.o"
Deleting file ".\CortexM0\ARM_GCC_484\Debug\cyutils.o"
Deleting file ".\CortexM0\ARM_GCC_484\Debug\TestPort.o"
Deleting file ".\CortexM0\ARM_GCC_484\Debug\CC_ISR.o"
Deleting file ".\CortexM0\ARM_GCC_484\Debug\timer_clk.o"
Deleting file ".\CortexM0\ARM_GCC_484\Debug\CapSense.o"
Deleting file ".\CortexM0\ARM_GCC_484\Debug\CapSense_PM.o"
Deleting file ".\CortexM0\ARM_GCC_484\Debug\CapSense_CSHL.o"
Deleting file ".\CortexM0\ARM_GCC_484\Debug\CapSense_INT.o"
Deleting file ".\CortexM0\ARM_GCC_484\Debug\CapSense_TunerHelper.o"
Deleting file ".\CortexM0\ARM_GCC_484\Debug\V24V.o"
Deleting file ".\CortexM0\ARM_GCC_484\Debug\GYWD.o"
Deleting file ".\CortexM0\ARM_GCC_484\Debug\DYWD.o"
Deleting file ".\CortexM0\ARM_GCC_484\Debug\K1.o"
Deleting file ".\CortexM0\ARM_GCC_484\Debug\K2.o"
Deleting file ".\CortexM0\ARM_GCC_484\Debug\PWM.o"
Deleting file ".\CortexM0\ARM_GCC_484\Debug\PWM_PM.o"
Deleting file ".\CortexM0\ARM_GCC_484\Debug\PWM_CLK.o"
Deleting file ".\CortexM0\ARM_GCC_484\Debug\FMQ.o"
Deleting file ".\CortexM0\ARM_GCC_484\Debug\V24_IN_ISR.o"
Deleting file ".\CortexM0\ARM_GCC_484\Debug\Timer.o"
Deleting file ".\CortexM0\ARM_GCC_484\Debug\Timer_PM.o"
Deleting file ".\CortexM0\ARM_GCC_484\Debug\isr_lowpower_1.o"
Deleting file ".\CortexM0\ARM_GCC_484\Debug\UART_1.o"
Deleting file ".\CortexM0\ARM_GCC_484\Debug\UART_1_SPI_UART.o"
Deleting file ".\CortexM0\ARM_GCC_484\Debug\UART_1_SPI_UART_INT.o"
Deleting file ".\CortexM0\ARM_GCC_484\Debug\UART_1_PM.o"
Deleting file ".\CortexM0\ARM_GCC_484\Debug\UART_1_UART.o"
Deleting file ".\CortexM0\ARM_GCC_484\Debug\UART_1_BOOT.o"
Deleting file ".\CortexM0\ARM_GCC_484\Debug\UART_1_UART_BOOT.o"
Deleting file ".\CortexM0\ARM_GCC_484\Debug\UART_0.o"
Deleting file ".\CortexM0\ARM_GCC_484\Debug\UART_0_SPI_UART.o"
Deleting file ".\CortexM0\ARM_GCC_484\Debug\UART_0_SPI_UART_INT.o"
Deleting file ".\CortexM0\ARM_GCC_484\Debug\UART_0_PM.o"
Deleting file ".\CortexM0\ARM_GCC_484\Debug\UART_0_UART.o"
Deleting file ".\CortexM0\ARM_GCC_484\Debug\UART_0_BOOT.o"
Deleting file ".\CortexM0\ARM_GCC_484\Debug\UART_0_UART_BOOT.o"
Deleting file ".\CortexM0\ARM_GCC_484\Debug\CapSense_SampleClk.o"
Deleting file ".\CortexM0\ARM_GCC_484\Debug\CapSense_SenseClk.o"
Deleting file ".\CortexM0\ARM_GCC_484\Debug\UART_1_tx.o"
Deleting file ".\CortexM0\ARM_GCC_484\Debug\UART_1_rx.o"
Deleting file ".\CortexM0\ARM_GCC_484\Debug\UART_0_tx.o"
Deleting file ".\CortexM0\ARM_GCC_484\Debug\UART_0_rx.o"
Deleting file ".\CortexM0\ARM_GCC_484\Debug\EEPROM.o"
Deleting file ".\CortexM0\ARM_GCC_484\Debug\UART_1_SCBCLK.o"
Deleting file ".\CortexM0\ARM_GCC_484\Debug\UART_1_SCB_IRQ.o"
Deleting file ".\CortexM0\ARM_GCC_484\Debug\UART_0_SCBCLK.o"
Deleting file ".\CortexM0\ARM_GCC_484\Debug\UART_0_SCB_IRQ.o"
Deleting file ".\CortexM0\ARM_GCC_484\Debug\LED_RO3.o"
Deleting file ".\CortexM0\ARM_GCC_484\Debug\LED_RO2.o"
Deleting file ".\CortexM0\ARM_GCC_484\Debug\LED_RO1.o"
Deleting file ".\CortexM0\ARM_GCC_484\Debug\LED_FC.o"
Deleting file ".\CortexM0\ARM_GCC_484\Debug\LED_PP.o"
Deleting file ".\CortexM0\ARM_GCC_484\Debug\LED_BC.o"
Deleting file ".\CortexM0\ARM_GCC_484\Debug\LED_WIFI.o"
Deleting file ".\CortexM0\ARM_GCC_484\Debug\LED_KEY_WIFI.o"
Deleting file ".\CortexM0\ARM_GCC_484\Debug\LED_KEY_SETTING.o"
Deleting file ".\CortexM0\ARM_GCC_484\Debug\TEST.o"
Deleting file ".\CortexM0\ARM_GCC_484\Debug\UART_Bootloadable.hex"
Deleting file ".\CortexM0\ARM_GCC_484\Debug\UART_Bootloadable.elf"
Deleting file ".\CortexM0\ARM_GCC_484\Debug\UART_Bootloadable.map"
Deleting file ".\CortexM0\ARM_GCC_484\Debug\UART_Bootloadable.cyacd"
Deleting file ".\UART_Bootloadable.cycdx"
Deleting file ".\UART_Bootloadable.svd"
Deleting file ".\UART_Bootloadable.rpt"
Deleting file ".\UART_Bootloadable_timing.html"
Deleting file ".\CortexM0\ARM_GCC_484\Debug\.deps\C_FILE.P"
Deleting file ".\CortexM0\ARM_GCC_484\Debug\.deps\ARM_C_FILE.P"
Deleting file ".\CortexM0\ARM_GCC_484\Debug\.deps\GNU_ARM_ASM_FILE.P"
cydsfit.exe -.appdatapath "C:\Users\zhangmin2\AppData\Local\Cypress Semiconductor\PSoC Creator\3.1" -.fdsnotice -.fdswarpdepfile=warp_dependencies.txt -.fdselabdepfile=elab_dependencies.txt -.fdsbldfile=generated_files.txt -p E:\code\newboardwifi\newboard_0514_boot\UART_Bootloadable.cydsn\UART_Bootloadable.cyprj -d CY8C4125AXI-483 -s E:\code\newboardwifi\newboard_0514_boot\UART_Bootloadable.cydsn\Generated_Source\PSoC4 -- -yv2 -q10 -yga -o1 -v7 -.fftcfgtype=LE
Elaborating Design...
HDL Generation ...
Synthesis ...
Place and Route ...
Tech mapping ...
Analog Placement ...
Analog Routing ...
Analog Code Generation ...
Digital Placement ...
Digital Routing ...
Bitstream Generation ...
Static timing analysis ...
API Generation ...
Dependency Generation ...
Clean Temporary Files ...
arm-none-eabi-gcc.exe -mcpu=cortex-m0 -mthumb -Wno-main -I. -I.\Generated_Source\PSoC4 -Wa,-alh=.\CortexM0\ARM_GCC_484\Debug/main.lst -g -D DEBUG -Wall -ffunction-sections -Os -c .\main.c -o .\CortexM0\ARM_GCC_484\Debug\main.o
arm-none-eabi-gcc.exe -mcpu=cortex-m0 -mthumb -Wno-main -I. -I.\Generated_Source\PSoC4 -Wa,-alh=.\CortexM0\ARM_GCC_484\Debug/display.lst -g -D DEBUG -Wall -ffunction-sections -Os -c .\display.c -o .\CortexM0\ARM_GCC_484\Debug\display.o
arm-none-eabi-gcc.exe -mcpu=cortex-m0 -mthumb -Wno-main -I. -I.\Generated_Source\PSoC4 -Wa,-alh=.\CortexM0\ARM_GCC_484\Debug/flash_wr_rd.lst -g -D DEBUG -Wall -ffunction-sections -Os -c .\flash_wr_rd.c -o .\CortexM0\ARM_GCC_484\Debug\flash_wr_rd.o
.\flash_wr_rd.c: In function 'Flash_Read_aByte':
.\flash_wr_rd.c:36:8: warning: assignment makes pointer from integer without a cast [enabled by default]
     pp = FLASH_DATA_BASE_ROW_START_ADDRESS + offsetadr;   
        ^
.\flash_wr_rd.c: In function 'Flash_Read_aByte_Sys':
.\flash_wr_rd.c:44:8: warning: assignment makes pointer from integer without a cast [enabled by default]
     pp = FLASH_DATA_BASE_ROW_START_ADDRESS_SYS + offsetadr;   
        ^
arm-none-eabi-gcc.exe -mcpu=cortex-m0 -mthumb -Wno-main -I. -I.\Generated_Source\PSoC4 -Wa,-alh=.\CortexM0\ARM_GCC_484\Debug/fun.lst -g -D DEBUG -Wall -ffunction-sections -Os -c .\fun.c -o .\CortexM0\ARM_GCC_484\Debug\fun.o
arm-none-eabi-gcc.exe -mcpu=cortex-m0 -mthumb -Wno-main -I. -I.\Generated_Source\PSoC4 -Wa,-alh=.\CortexM0\ARM_GCC_484\Debug/module.lst -g -D DEBUG -Wall -ffunction-sections -Os -c .\module.c -o .\CortexM0\ARM_GCC_484\Debug\module.o
arm-none-eabi-gcc.exe -mcpu=cortex-m0 -mthumb -Wno-main -I. -I.\Generated_Source\PSoC4 -Wa,-alh=.\CortexM0\ARM_GCC_484\Debug/uart_wifi.lst -g -D DEBUG -Wall -ffunction-sections -Os -c .\uart_wifi.c -o .\CortexM0\ARM_GCC_484\Debug\uart_wifi.o
arm-none-eabi-gcc.exe -mcpu=cortex-m0 -mthumb -Wno-main -I. -I.\Generated_Source\PSoC4 -Wa,-alh=.\CortexM0\ARM_GCC_484\Debug/cyfitter_cfg.lst -g -D DEBUG -Wall -ffunction-sections -Os -c .\Generated_Source\PSoC4\cyfitter_cfg.c -o .\CortexM0\ARM_GCC_484\Debug\cyfitter_cfg.o
arm-none-eabi-gcc.exe -mcpu=cortex-m0 -mthumb -Wno-main -I. -I.\Generated_Source\PSoC4 -Wa,-alh=.\CortexM0\ARM_GCC_484\Debug/cybootloader.lst -g -D DEBUG -Wall -ffunction-sections -Os -c .\Generated_Source\PSoC4\cybootloader.c -o .\CortexM0\ARM_GCC_484\Debug\cybootloader.o
arm-none-eabi-gcc.exe -mcpu=cortex-m0 -mthumb -Wno-main -I. -I.\Generated_Source\PSoC4 -Wa,-alh=.\CortexM0\ARM_GCC_484\Debug/cymetadata.lst -g -D DEBUG -Wall -ffunction-sections -Os -c .\Generated_Source\PSoC4\cymetadata.c -o .\CortexM0\ARM_GCC_484\Debug\cymetadata.o
arm-none-eabi-gcc.exe -mcpu=cortex-m0 -mthumb -Wno-main -I. -I.\Generated_Source\PSoC4 -Wa,-alh=.\CortexM0\ARM_GCC_484\Debug/Bootloadable.lst -g -D DEBUG -Wall -ffunction-sections -Os -c .\Generated_Source\PSoC4\Bootloadable.c -o .\CortexM0\ARM_GCC_484\Debug\Bootloadable.o
arm-none-eabi-gcc.exe -mcpu=cortex-m0 -mthumb -Wno-main -I. -I.\Generated_Source\PSoC4 -Wa,-alh=.\CortexM0\ARM_GCC_484\Debug/Cm0Start.lst -g -D DEBUG -Wall -ffunction-sections -Os -c .\Generated_Source\PSoC4\Cm0Start.c -o .\CortexM0\ARM_GCC_484\Debug\Cm0Start.o
arm-none-eabi-as.exe -mcpu=cortex-m0 -mthumb -I. -I.\Generated_Source\PSoC4 -alh=.\CortexM0\ARM_GCC_484\Debug/CyBootAsmGnu.lst -g -o .\CortexM0\ARM_GCC_484\Debug\CyBootAsmGnu.o .\Generated_Source\PSoC4\CyBootAsmGnu.s
arm-none-eabi-gcc.exe -mcpu=cortex-m0 -mthumb -Wno-main -I. -I.\Generated_Source\PSoC4 -Wa,-alh=.\CortexM0\ARM_GCC_484\Debug/CyFlash.lst -g -D DEBUG -Wall -ffunction-sections -Os -c .\Generated_Source\PSoC4\CyFlash.c -o .\CortexM0\ARM_GCC_484\Debug\CyFlash.o
arm-none-eabi-gcc.exe -mcpu=cortex-m0 -mthumb -Wno-main -I. -I.\Generated_Source\PSoC4 -Wa,-alh=.\CortexM0\ARM_GCC_484\Debug/CyLib.lst -g -D DEBUG -Wall -ffunction-sections -Os -c .\Generated_Source\PSoC4\CyLib.c -o .\CortexM0\ARM_GCC_484\Debug\CyLib.o
arm-none-eabi-gcc.exe -mcpu=cortex-m0 -mthumb -Wno-main -I. -I.\Generated_Source\PSoC4 -Wa,-alh=.\CortexM0\ARM_GCC_484\Debug/cyPm.lst -g -D DEBUG -Wall -ffunction-sections -Os -c .\Generated_Source\PSoC4\cyPm.c -o .\CortexM0\ARM_GCC_484\Debug\cyPm.o
arm-none-eabi-gcc.exe -mcpu=cortex-m0 -mthumb -Wno-main -I. -I.\Generated_Source\PSoC4 -Wa,-alh=.\CortexM0\ARM_GCC_484\Debug/cyutils.lst -g -D DEBUG -Wall -ffunction-sections -Os -c .\Generated_Source\PSoC4\cyutils.c -o .\CortexM0\ARM_GCC_484\Debug\cyutils.o
arm-none-eabi-gcc.exe -mcpu=cortex-m0 -mthumb -Wno-main -I. -I.\Generated_Source\PSoC4 -Wa,-alh=.\CortexM0\ARM_GCC_484\Debug/TestPort.lst -g -D DEBUG -Wall -ffunction-sections -Os -c .\Generated_Source\PSoC4\TestPort.c -o .\CortexM0\ARM_GCC_484\Debug\TestPort.o
arm-none-eabi-gcc.exe -mcpu=cortex-m0 -mthumb -Wno-main -I. -I.\Generated_Source\PSoC4 -Wa,-alh=.\CortexM0\ARM_GCC_484\Debug/CC_ISR.lst -g -D DEBUG -Wall -ffunction-sections -Os -c .\Generated_Source\PSoC4\CC_ISR.c -o .\CortexM0\ARM_GCC_484\Debug\CC_ISR.o
arm-none-eabi-gcc.exe -mcpu=cortex-m0 -mthumb -Wno-main -I. -I.\Generated_Source\PSoC4 -Wa,-alh=.\CortexM0\ARM_GCC_484\Debug/timer_clk.lst -g -D DEBUG -Wall -ffunction-sections -Os -c .\Generated_Source\PSoC4\timer_clk.c -o .\CortexM0\ARM_GCC_484\Debug\timer_clk.o
arm-none-eabi-gcc.exe -mcpu=cortex-m0 -mthumb -Wno-main -I. -I.\Generated_Source\PSoC4 -Wa,-alh=.\CortexM0\ARM_GCC_484\Debug/CapSense.lst -g -D DEBUG -Wall -ffunction-sections -Os -c .\Generated_Source\PSoC4\CapSense.c -o .\CortexM0\ARM_GCC_484\Debug\CapSense.o
arm-none-eabi-gcc.exe -mcpu=cortex-m0 -mthumb -Wno-main -I. -I.\Generated_Source\PSoC4 -Wa,-alh=.\CortexM0\ARM_GCC_484\Debug/CapSense_PM.lst -g -D DEBUG -Wall -ffunction-sections -Os -c .\Generated_Source\PSoC4\CapSense_PM.c -o .\CortexM0\ARM_GCC_484\Debug\CapSense_PM.o
arm-none-eabi-gcc.exe -mcpu=cortex-m0 -mthumb -Wno-main -I. -I.\Generated_Source\PSoC4 -Wa,-alh=.\CortexM0\ARM_GCC_484\Debug/CapSense_CSHL.lst -g -D DEBUG -Wall -ffunction-sections -Os -c .\Generated_Source\PSoC4\CapSense_CSHL.c -o .\CortexM0\ARM_GCC_484\Debug\CapSense_CSHL.o
arm-none-eabi-gcc.exe -mcpu=cortex-m0 -mthumb -Wno-main -I. -I.\Generated_Source\PSoC4 -Wa,-alh=.\CortexM0\ARM_GCC_484\Debug/CapSense_INT.lst -g -D DEBUG -Wall -ffunction-sections -Os -c .\Generated_Source\PSoC4\CapSense_INT.c -o .\CortexM0\ARM_GCC_484\Debug\CapSense_INT.o
arm-none-eabi-gcc.exe -mcpu=cortex-m0 -mthumb -Wno-main -I. -I.\Generated_Source\PSoC4 -Wa,-alh=.\CortexM0\ARM_GCC_484\Debug/CapSense_TunerHelper.lst -g -D DEBUG -Wall -ffunction-sections -Os -c .\Generated_Source\PSoC4\CapSense_TunerHelper.c -o .\CortexM0\ARM_GCC_484\Debug\CapSense_TunerHelper.o
arm-none-eabi-gcc.exe -mcpu=cortex-m0 -mthumb -Wno-main -I. -I.\Generated_Source\PSoC4 -Wa,-alh=.\CortexM0\ARM_GCC_484\Debug/V24V.lst -g -D DEBUG -Wall -ffunction-sections -Os -c .\Generated_Source\PSoC4\V24V.c -o .\CortexM0\ARM_GCC_484\Debug\V24V.o
arm-none-eabi-gcc.exe -mcpu=cortex-m0 -mthumb -Wno-main -I. -I.\Generated_Source\PSoC4 -Wa,-alh=.\CortexM0\ARM_GCC_484\Debug/GYWD.lst -g -D DEBUG -Wall -ffunction-sections -Os -c .\Generated_Source\PSoC4\GYWD.c -o .\CortexM0\ARM_GCC_484\Debug\GYWD.o
arm-none-eabi-gcc.exe -mcpu=cortex-m0 -mthumb -Wno-main -I. -I.\Generated_Source\PSoC4 -Wa,-alh=.\CortexM0\ARM_GCC_484\Debug/DYWD.lst -g -D DEBUG -Wall -ffunction-sections -Os -c .\Generated_Source\PSoC4\DYWD.c -o .\CortexM0\ARM_GCC_484\Debug\DYWD.o
arm-none-eabi-gcc.exe -mcpu=cortex-m0 -mthumb -Wno-main -I. -I.\Generated_Source\PSoC4 -Wa,-alh=.\CortexM0\ARM_GCC_484\Debug/K1.lst -g -D DEBUG -Wall -ffunction-sections -Os -c .\Generated_Source\PSoC4\K1.c -o .\CortexM0\ARM_GCC_484\Debug\K1.o
arm-none-eabi-gcc.exe -mcpu=cortex-m0 -mthumb -Wno-main -I. -I.\Generated_Source\PSoC4 -Wa,-alh=.\CortexM0\ARM_GCC_484\Debug/K2.lst -g -D DEBUG -Wall -ffunction-sections -Os -c .\Generated_Source\PSoC4\K2.c -o .\CortexM0\ARM_GCC_484\Debug\K2.o
arm-none-eabi-gcc.exe -mcpu=cortex-m0 -mthumb -Wno-main -I. -I.\Generated_Source\PSoC4 -Wa,-alh=.\CortexM0\ARM_GCC_484\Debug/PWM.lst -g -D DEBUG -Wall -ffunction-sections -Os -c .\Generated_Source\PSoC4\PWM.c -o .\CortexM0\ARM_GCC_484\Debug\PWM.o
arm-none-eabi-gcc.exe -mcpu=cortex-m0 -mthumb -Wno-main -I. -I.\Generated_Source\PSoC4 -Wa,-alh=.\CortexM0\ARM_GCC_484\Debug/PWM_PM.lst -g -D DEBUG -Wall -ffunction-sections -Os -c .\Generated_Source\PSoC4\PWM_PM.c -o .\CortexM0\ARM_GCC_484\Debug\PWM_PM.o
arm-none-eabi-gcc.exe -mcpu=cortex-m0 -mthumb -Wno-main -I. -I.\Generated_Source\PSoC4 -Wa,-alh=.\CortexM0\ARM_GCC_484\Debug/PWM_CLK.lst -g -D DEBUG -Wall -ffunction-sections -Os -c .\Generated_Source\PSoC4\PWM_CLK.c -o .\CortexM0\ARM_GCC_484\Debug\PWM_CLK.o
arm-none-eabi-gcc.exe -mcpu=cortex-m0 -mthumb -Wno-main -I. -I.\Generated_Source\PSoC4 -Wa,-alh=.\CortexM0\ARM_GCC_484\Debug/FMQ.lst -g -D DEBUG -Wall -ffunction-sections -Os -c .\Generated_Source\PSoC4\FMQ.c -o .\CortexM0\ARM_GCC_484\Debug\FMQ.o
arm-none-eabi-gcc.exe -mcpu=cortex-m0 -mthumb -Wno-main -I. -I.\Generated_Source\PSoC4 -Wa,-alh=.\CortexM0\ARM_GCC_484\Debug/V24_IN_ISR.lst -g -D DEBUG -Wall -ffunction-sections -Os -c .\Generated_Source\PSoC4\V24_IN_ISR.c -o .\CortexM0\ARM_GCC_484\Debug\V24_IN_ISR.o
arm-none-eabi-gcc.exe -mcpu=cortex-m0 -mthumb -Wno-main -I. -I.\Generated_Source\PSoC4 -Wa,-alh=.\CortexM0\ARM_GCC_484\Debug/Timer.lst -g -D DEBUG -Wall -ffunction-sections -Os -c .\Generated_Source\PSoC4\Timer.c -o .\CortexM0\ARM_GCC_484\Debug\Timer.o
arm-none-eabi-gcc.exe -mcpu=cortex-m0 -mthumb -Wno-main -I. -I.\Generated_Source\PSoC4 -Wa,-alh=.\CortexM0\ARM_GCC_484\Debug/Timer_PM.lst -g -D DEBUG -Wall -ffunction-sections -Os -c .\Generated_Source\PSoC4\Timer_PM.c -o .\CortexM0\ARM_GCC_484\Debug\Timer_PM.o
arm-none-eabi-gcc.exe -mcpu=cortex-m0 -mthumb -Wno-main -I. -I.\Generated_Source\PSoC4 -Wa,-alh=.\CortexM0\ARM_GCC_484\Debug/isr_lowpower_1.lst -g -D DEBUG -Wall -ffunction-sections -Os -c .\Generated_Source\PSoC4\isr_lowpower_1.c -o .\CortexM0\ARM_GCC_484\Debug\isr_lowpower_1.o
arm-none-eabi-gcc.exe -mcpu=cortex-m0 -mthumb -Wno-main -I. -I.\Generated_Source\PSoC4 -Wa,-alh=.\CortexM0\ARM_GCC_484\Debug/UART_1.lst -g -D DEBUG -Wall -ffunction-sections -Os -c .\Generated_Source\PSoC4\UART_1.c -o .\CortexM0\ARM_GCC_484\Debug\UART_1.o
arm-none-eabi-gcc.exe -mcpu=cortex-m0 -mthumb -Wno-main -I. -I.\Generated_Source\PSoC4 -Wa,-alh=.\CortexM0\ARM_GCC_484\Debug/UART_1_SPI_UART.lst -g -D DEBUG -Wall -ffunction-sections -Os -c .\Generated_Source\PSoC4\UART_1_SPI_UART.c -o .\CortexM0\ARM_GCC_484\Debug\UART_1_SPI_UART.o
arm-none-eabi-gcc.exe -mcpu=cortex-m0 -mthumb -Wno-main -I. -I.\Generated_Source\PSoC4 -Wa,-alh=.\CortexM0\ARM_GCC_484\Debug/UART_1_SPI_UART_INT.lst -g -D DEBUG -Wall -ffunction-sections -Os -c .\Generated_Source\PSoC4\UART_1_SPI_UART_INT.c -o .\CortexM0\ARM_GCC_484\Debug\UART_1_SPI_UART_INT.o
arm-none-eabi-gcc.exe -mcpu=cortex-m0 -mthumb -Wno-main -I. -I.\Generated_Source\PSoC4 -Wa,-alh=.\CortexM0\ARM_GCC_484\Debug/UART_1_PM.lst -g -D DEBUG -Wall -ffunction-sections -Os -c .\Generated_Source\PSoC4\UART_1_PM.c -o .\CortexM0\ARM_GCC_484\Debug\UART_1_PM.o
arm-none-eabi-gcc.exe -mcpu=cortex-m0 -mthumb -Wno-main -I. -I.\Generated_Source\PSoC4 -Wa,-alh=.\CortexM0\ARM_GCC_484\Debug/UART_1_UART.lst -g -D DEBUG -Wall -ffunction-sections -Os -c .\Generated_Source\PSoC4\UART_1_UART.c -o .\CortexM0\ARM_GCC_484\Debug\UART_1_UART.o
arm-none-eabi-gcc.exe -mcpu=cortex-m0 -mthumb -Wno-main -I. -I.\Generated_Source\PSoC4 -Wa,-alh=.\CortexM0\ARM_GCC_484\Debug/UART_1_BOOT.lst -g -D DEBUG -Wall -ffunction-sections -Os -c .\Generated_Source\PSoC4\UART_1_BOOT.c -o .\CortexM0\ARM_GCC_484\Debug\UART_1_BOOT.o
arm-none-eabi-gcc.exe -mcpu=cortex-m0 -mthumb -Wno-main -I. -I.\Generated_Source\PSoC4 -Wa,-alh=.\CortexM0\ARM_GCC_484\Debug/UART_1_UART_BOOT.lst -g -D DEBUG -Wall -ffunction-sections -Os -c .\Generated_Source\PSoC4\UART_1_UART_BOOT.c -o .\CortexM0\ARM_GCC_484\Debug\UART_1_UART_BOOT.o
arm-none-eabi-gcc.exe -mcpu=cortex-m0 -mthumb -Wno-main -I. -I.\Generated_Source\PSoC4 -Wa,-alh=.\CortexM0\ARM_GCC_484\Debug/UART_0.lst -g -D DEBUG -Wall -ffunction-sections -Os -c .\Generated_Source\PSoC4\UART_0.c -o .\CortexM0\ARM_GCC_484\Debug\UART_0.o
arm-none-eabi-gcc.exe -mcpu=cortex-m0 -mthumb -Wno-main -I. -I.\Generated_Source\PSoC4 -Wa,-alh=.\CortexM0\ARM_GCC_484\Debug/UART_0_SPI_UART.lst -g -D DEBUG -Wall -ffunction-sections -Os -c .\Generated_Source\PSoC4\UART_0_SPI_UART.c -o .\CortexM0\ARM_GCC_484\Debug\UART_0_SPI_UART.o
arm-none-eabi-gcc.exe -mcpu=cortex-m0 -mthumb -Wno-main -I. -I.\Generated_Source\PSoC4 -Wa,-alh=.\CortexM0\ARM_GCC_484\Debug/UART_0_SPI_UART_INT.lst -g -D DEBUG -Wall -ffunction-sections -Os -c .\Generated_Source\PSoC4\UART_0_SPI_UART_INT.c -o .\CortexM0\ARM_GCC_484\Debug\UART_0_SPI_UART_INT.o
arm-none-eabi-gcc.exe -mcpu=cortex-m0 -mthumb -Wno-main -I. -I.\Generated_Source\PSoC4 -Wa,-alh=.\CortexM0\ARM_GCC_484\Debug/UART_0_PM.lst -g -D DEBUG -Wall -ffunction-sections -Os -c .\Generated_Source\PSoC4\UART_0_PM.c -o .\CortexM0\ARM_GCC_484\Debug\UART_0_PM.o
arm-none-eabi-gcc.exe -mcpu=cortex-m0 -mthumb -Wno-main -I. -I.\Generated_Source\PSoC4 -Wa,-alh=.\CortexM0\ARM_GCC_484\Debug/UART_0_UART.lst -g -D DEBUG -Wall -ffunction-sections -Os -c .\Generated_Source\PSoC4\UART_0_UART.c -o .\CortexM0\ARM_GCC_484\Debug\UART_0_UART.o
arm-none-eabi-gcc.exe -mcpu=cortex-m0 -mthumb -Wno-main -I. -I.\Generated_Source\PSoC4 -Wa,-alh=.\CortexM0\ARM_GCC_484\Debug/UART_0_BOOT.lst -g -D DEBUG -Wall -ffunction-sections -Os -c .\Generated_Source\PSoC4\UART_0_BOOT.c -o .\CortexM0\ARM_GCC_484\Debug\UART_0_BOOT.o
arm-none-eabi-gcc.exe -mcpu=cortex-m0 -mthumb -Wno-main -I. -I.\Generated_Source\PSoC4 -Wa,-alh=.\CortexM0\ARM_GCC_484\Debug/UART_0_UART_BOOT.lst -g -D DEBUG -Wall -ffunction-sections -Os -c .\Generated_Source\PSoC4\UART_0_UART_BOOT.c -o .\CortexM0\ARM_GCC_484\Debug\UART_0_UART_BOOT.o
arm-none-eabi-gcc.exe -mcpu=cortex-m0 -mthumb -Wno-main -I. -I.\Generated_Source\PSoC4 -Wa,-alh=.\CortexM0\ARM_GCC_484\Debug/CapSense_SampleClk.lst -g -D DEBUG -Wall -ffunction-sections -Os -c .\Generated_Source\PSoC4\CapSense_SampleClk.c -o .\CortexM0\ARM_GCC_484\Debug\CapSense_SampleClk.o
arm-none-eabi-gcc.exe -mcpu=cortex-m0 -mthumb -Wno-main -I. -I.\Generated_Source\PSoC4 -Wa,-alh=.\CortexM0\ARM_GCC_484\Debug/CapSense_SenseClk.lst -g -D DEBUG -Wall -ffunction-sections -Os -c .\Generated_Source\PSoC4\CapSense_SenseClk.c -o .\CortexM0\ARM_GCC_484\Debug\CapSense_SenseClk.o
arm-none-eabi-gcc.exe -mcpu=cortex-m0 -mthumb -Wno-main -I. -I.\Generated_Source\PSoC4 -Wa,-alh=.\CortexM0\ARM_GCC_484\Debug/UART_1_tx.lst -g -D DEBUG -Wall -ffunction-sections -Os -c .\Generated_Source\PSoC4\UART_1_tx.c -o .\CortexM0\ARM_GCC_484\Debug\UART_1_tx.o
arm-none-eabi-gcc.exe -mcpu=cortex-m0 -mthumb -Wno-main -I. -I.\Generated_Source\PSoC4 -Wa,-alh=.\CortexM0\ARM_GCC_484\Debug/UART_1_rx.lst -g -D DEBUG -Wall -ffunction-sections -Os -c .\Generated_Source\PSoC4\UART_1_rx.c -o .\CortexM0\ARM_GCC_484\Debug\UART_1_rx.o
arm-none-eabi-gcc.exe -mcpu=cortex-m0 -mthumb -Wno-main -I. -I.\Generated_Source\PSoC4 -Wa,-alh=.\CortexM0\ARM_GCC_484\Debug/UART_0_tx.lst -g -D DEBUG -Wall -ffunction-sections -Os -c .\Generated_Source\PSoC4\UART_0_tx.c -o .\CortexM0\ARM_GCC_484\Debug\UART_0_tx.o
arm-none-eabi-gcc.exe -mcpu=cortex-m0 -mthumb -Wno-main -I. -I.\Generated_Source\PSoC4 -Wa,-alh=.\CortexM0\ARM_GCC_484\Debug/UART_0_rx.lst -g -D DEBUG -Wall -ffunction-sections -Os -c .\Generated_Source\PSoC4\UART_0_rx.c -o .\CortexM0\ARM_GCC_484\Debug\UART_0_rx.o
arm-none-eabi-gcc.exe -mcpu=cortex-m0 -mthumb -Wno-main -I. -I.\Generated_Source\PSoC4 -Wa,-alh=.\CortexM0\ARM_GCC_484\Debug/EEPROM.lst -g -D DEBUG -Wall -ffunction-sections -Os -c .\Generated_Source\PSoC4\EEPROM.c -o .\CortexM0\ARM_GCC_484\Debug\EEPROM.o
arm-none-eabi-gcc.exe -mcpu=cortex-m0 -mthumb -Wno-main -I. -I.\Generated_Source\PSoC4 -Wa,-alh=.\CortexM0\ARM_GCC_484\Debug/UART_1_SCBCLK.lst -g -D DEBUG -Wall -ffunction-sections -Os -c .\Generated_Source\PSoC4\UART_1_SCBCLK.c -o .\CortexM0\ARM_GCC_484\Debug\UART_1_SCBCLK.o
arm-none-eabi-gcc.exe -mcpu=cortex-m0 -mthumb -Wno-main -I. -I.\Generated_Source\PSoC4 -Wa,-alh=.\CortexM0\ARM_GCC_484\Debug/UART_1_SCB_IRQ.lst -g -D DEBUG -Wall -ffunction-sections -Os -c .\Generated_Source\PSoC4\UART_1_SCB_IRQ.c -o .\CortexM0\ARM_GCC_484\Debug\UART_1_SCB_IRQ.o
arm-none-eabi-gcc.exe -mcpu=cortex-m0 -mthumb -Wno-main -I. -I.\Generated_Source\PSoC4 -Wa,-alh=.\CortexM0\ARM_GCC_484\Debug/UART_0_SCBCLK.lst -g -D DEBUG -Wall -ffunction-sections -Os -c .\Generated_Source\PSoC4\UART_0_SCBCLK.c -o .\CortexM0\ARM_GCC_484\Debug\UART_0_SCBCLK.o
arm-none-eabi-gcc.exe -mcpu=cortex-m0 -mthumb -Wno-main -I. -I.\Generated_Source\PSoC4 -Wa,-alh=.\CortexM0\ARM_GCC_484\Debug/UART_0_SCB_IRQ.lst -g -D DEBUG -Wall -ffunction-sections -Os -c .\Generated_Source\PSoC4\UART_0_SCB_IRQ.c -o .\CortexM0\ARM_GCC_484\Debug\UART_0_SCB_IRQ.o
arm-none-eabi-gcc.exe -mcpu=cortex-m0 -mthumb -Wno-main -I. -I.\Generated_Source\PSoC4 -Wa,-alh=.\CortexM0\ARM_GCC_484\Debug/LED_RO3.lst -g -D DEBUG -Wall -ffunction-sections -Os -c .\Generated_Source\PSoC4\LED_RO3.c -o .\CortexM0\ARM_GCC_484\Debug\LED_RO3.o
arm-none-eabi-gcc.exe -mcpu=cortex-m0 -mthumb -Wno-main -I. -I.\Generated_Source\PSoC4 -Wa,-alh=.\CortexM0\ARM_GCC_484\Debug/LED_RO2.lst -g -D DEBUG -Wall -ffunction-sections -Os -c .\Generated_Source\PSoC4\LED_RO2.c -o .\CortexM0\ARM_GCC_484\Debug\LED_RO2.o
arm-none-eabi-gcc.exe -mcpu=cortex-m0 -mthumb -Wno-main -I. -I.\Generated_Source\PSoC4 -Wa,-alh=.\CortexM0\ARM_GCC_484\Debug/LED_RO1.lst -g -D DEBUG -Wall -ffunction-sections -Os -c .\Generated_Source\PSoC4\LED_RO1.c -o .\CortexM0\ARM_GCC_484\Debug\LED_RO1.o
arm-none-eabi-gcc.exe -mcpu=cortex-m0 -mthumb -Wno-main -I. -I.\Generated_Source\PSoC4 -Wa,-alh=.\CortexM0\ARM_GCC_484\Debug/LED_FC.lst -g -D DEBUG -Wall -ffunction-sections -Os -c .\Generated_Source\PSoC4\LED_FC.c -o .\CortexM0\ARM_GCC_484\Debug\LED_FC.o
arm-none-eabi-gcc.exe -mcpu=cortex-m0 -mthumb -Wno-main -I. -I.\Generated_Source\PSoC4 -Wa,-alh=.\CortexM0\ARM_GCC_484\Debug/LED_PP.lst -g -D DEBUG -Wall -ffunction-sections -Os -c .\Generated_Source\PSoC4\LED_PP.c -o .\CortexM0\ARM_GCC_484\Debug\LED_PP.o
arm-none-eabi-gcc.exe -mcpu=cortex-m0 -mthumb -Wno-main -I. -I.\Generated_Source\PSoC4 -Wa,-alh=.\CortexM0\ARM_GCC_484\Debug/LED_BC.lst -g -D DEBUG -Wall -ffunction-sections -Os -c .\Generated_Source\PSoC4\LED_BC.c -o .\CortexM0\ARM_GCC_484\Debug\LED_BC.o
arm-none-eabi-gcc.exe -mcpu=cortex-m0 -mthumb -Wno-main -I. -I.\Generated_Source\PSoC4 -Wa,-alh=.\CortexM0\ARM_GCC_484\Debug/LED_WIFI.lst -g -D DEBUG -Wall -ffunction-sections -Os -c .\Generated_Source\PSoC4\LED_WIFI.c -o .\CortexM0\ARM_GCC_484\Debug\LED_WIFI.o
arm-none-eabi-gcc.exe -mcpu=cortex-m0 -mthumb -Wno-main -I. -I.\Generated_Source\PSoC4 -Wa,-alh=.\CortexM0\ARM_GCC_484\Debug/LED_KEY_WIFI.lst -g -D DEBUG -Wall -ffunction-sections -Os -c .\Generated_Source\PSoC4\LED_KEY_WIFI.c -o .\CortexM0\ARM_GCC_484\Debug\LED_KEY_WIFI.o
arm-none-eabi-gcc.exe -mcpu=cortex-m0 -mthumb -Wno-main -I. -I.\Generated_Source\PSoC4 -Wa,-alh=.\CortexM0\ARM_GCC_484\Debug/LED_KEY_SETTING.lst -g -D DEBUG -Wall -ffunction-sections -Os -c .\Generated_Source\PSoC4\LED_KEY_SETTING.c -o .\CortexM0\ARM_GCC_484\Debug\LED_KEY_SETTING.o
arm-none-eabi-gcc.exe -mcpu=cortex-m0 -mthumb -Wno-main -I. -I.\Generated_Source\PSoC4 -Wa,-alh=.\CortexM0\ARM_GCC_484\Debug/TEST.lst -g -D DEBUG -Wall -ffunction-sections -Os -c .\Generated_Source\PSoC4\TEST.c -o .\CortexM0\ARM_GCC_484\Debug\TEST.o
arm-none-eabi-ar.exe -rs .\CortexM0\ARM_GCC_484\Debug\UART_Bootloadable.a .\CortexM0\ARM_GCC_484\Debug\cyfitter_cfg.o .\CortexM0\ARM_GCC_484\Debug\Bootloadable.o .\CortexM0\ARM_GCC_484\Debug\CyBootAsmGnu.o .\CortexM0\ARM_GCC_484\Debug\CyFlash.o .\CortexM0\ARM_GCC_484\Debug\CyLib.o .\CortexM0\ARM_GCC_484\Debug\cyPm.o .\CortexM0\ARM_GCC_484\Debug\cyutils.o .\CortexM0\ARM_GCC_484\Debug\TestPort.o .\CortexM0\ARM_GCC_484\Debug\CC_ISR.o .\CortexM0\ARM_GCC_484\Debug\timer_clk.o .\CortexM0\ARM_GCC_484\Debug\CapSense.o .\CortexM0\ARM_GCC_484\Debug\CapSense_PM.o .\CortexM0\ARM_GCC_484\Debug\CapSense_CSHL.o .\CortexM0\ARM_GCC_484\Debug\CapSense_INT.o .\CortexM0\ARM_GCC_484\Debug\CapSense_TunerHelper.o .\CortexM0\ARM_GCC_484\Debug\V24V.o .\CortexM0\ARM_GCC_484\Debug\GYWD.o .\CortexM0\ARM_GCC_484\Debug\DYWD.o .\CortexM0\ARM_GCC_484\Debug\K1.o .\CortexM0\ARM_GCC_484\Debug\K2.o .\CortexM0\ARM_GCC_484\Debug\PWM.o .\CortexM0\ARM_GCC_484\Debug\PWM_PM.o .\CortexM0\ARM_GCC_484\Debug\PWM_CLK.o .\CortexM0\ARM_GCC_484\Debug\FMQ.o .\CortexM0\ARM_GCC_484\Debug\V24_IN_ISR.o .\CortexM0\ARM_GCC_484\Debug\Timer.o .\CortexM0\ARM_GCC_484\Debug\Timer_PM.o .\CortexM0\ARM_GCC_484\Debug\isr_lowpower_1.o .\CortexM0\ARM_GCC_484\Debug\UART_1.o .\CortexM0\ARM_GCC_484\Debug\UART_1_SPI_UART.o .\CortexM0\ARM_GCC_484\Debug\UART_1_SPI_UART_INT.o .\CortexM0\ARM_GCC_484\Debug\UART_1_PM.o .\CortexM0\ARM_GCC_484\Debug\UART_1_UART.o .\CortexM0\ARM_GCC_484\Debug\UART_1_BOOT.o .\CortexM0\ARM_GCC_484\Debug\UART_1_UART_BOOT.o .\CortexM0\ARM_GCC_484\Debug\UART_0.o .\CortexM0\ARM_GCC_484\Debug\UART_0_SPI_UART.o .\CortexM0\ARM_GCC_484\Debug\UART_0_SPI_UART_INT.o .\CortexM0\ARM_GCC_484\Debug\UART_0_PM.o .\CortexM0\ARM_GCC_484\Debug\UART_0_UART.o .\CortexM0\ARM_GCC_484\Debug\UART_0_BOOT.o .\CortexM0\ARM_GCC_484\Debug\UART_0_UART_BOOT.o .\CortexM0\ARM_GCC_484\Debug\CapSense_SampleClk.o .\CortexM0\ARM_GCC_484\Debug\CapSense_SenseClk.o .\CortexM0\ARM_GCC_484\Debug\UART_1_tx.o .\CortexM0\ARM_GCC_484\Debug\UART_1_rx.o .\CortexM0\ARM_GCC_484\Debug\UART_0_tx.o .\CortexM0\ARM_GCC_484\Debug\UART_0_rx.o .\CortexM0\ARM_GCC_484\Debug\EEPROM.o .\CortexM0\ARM_GCC_484\Debug\UART_1_SCBCLK.o .\CortexM0\ARM_GCC_484\Debug\UART_1_SCB_IRQ.o .\CortexM0\ARM_GCC_484\Debug\UART_0_SCBCLK.o .\CortexM0\ARM_GCC_484\Debug\UART_0_SCB_IRQ.o .\CortexM0\ARM_GCC_484\Debug\LED_RO3.o .\CortexM0\ARM_GCC_484\Debug\LED_RO2.o .\CortexM0\ARM_GCC_484\Debug\LED_RO1.o .\CortexM0\ARM_GCC_484\Debug\LED_FC.o .\CortexM0\ARM_GCC_484\Debug\LED_PP.o .\CortexM0\ARM_GCC_484\Debug\LED_BC.o .\CortexM0\ARM_GCC_484\Debug\LED_WIFI.o .\CortexM0\ARM_GCC_484\Debug\LED_KEY_WIFI.o .\CortexM0\ARM_GCC_484\Debug\LED_KEY_SETTING.o .\CortexM0\ARM_GCC_484\Debug\TEST.o
arm-none-eabi-ar.exe: creating .\CortexM0\ARM_GCC_484\Debug\UART_Bootloadable.a
arm-none-eabi-gcc.exe -Wl,--start-group -o .\CortexM0\ARM_GCC_484\Debug\UART_Bootloadable.elf .\CortexM0\ARM_GCC_484\Debug\main.o .\CortexM0\ARM_GCC_484\Debug\display.o .\CortexM0\ARM_GCC_484\Debug\flash_wr_rd.o .\CortexM0\ARM_GCC_484\Debug\fun.o .\CortexM0\ARM_GCC_484\Debug\module.o .\CortexM0\ARM_GCC_484\Debug\uart_wifi.o .\CortexM0\ARM_GCC_484\Debug\cybootloader.o .\CortexM0\ARM_GCC_484\Debug\cymetadata.o .\CortexM0\ARM_GCC_484\Debug\Cm0Start.o .\CortexM0\ARM_GCC_484\Debug\UART_Bootloadable.a "C:\Program Files\Cypress\PSoC Creator\3.1\PSoC Creator\psoc\content\cycomponentlibrary\CyComponentLibrary.cylib\CapSense_CSD_P4_v2_10\PSoC4\Library\CapsenseP4Library_GCC.a" "C:\Program Files\Cypress\PSoC Creator\3.1\PSoC Creator\psoc\content\cycomponentlibrary\CyComponentLibrary.cylib\CortexM0\ARM_GCC_484\Debug\CyComponentLibrary.a" -mthumb -march=armv6-m -Wl,-Map,.\CortexM0\ARM_GCC_484\Debug/UART_Bootloadable.map -T .\Generated_Source\PSoC4\cm0gcc.ld -g -specs=nano.specs "-u _printf_float" "" -Wl,--gc-sections -Wl,--end-group
cyelftool.exe -B E:\code\newboardwifi\newboard_0514_boot\UART_Bootloadable.cydsn\CortexM0\ARM_GCC_484\Debug\UART_Bootloadable.elf --flash_row_size 128 --flash_size 32768 --flash_array_size 32768
cyelftool.exe -S E:\code\newboardwifi\newboard_0514_boot\UART_Bootloadable.cydsn\CortexM0\ARM_GCC_484\Debug\UART_Bootloadable.elf
Flash used: 24246 of 32768 bytes (74.0%). Bootloader: 3200 bytes. Application: 21046 bytes
SRAM used: 2592 of 4096 bytes (63.3%). Stack: 1024 bytes. Heap: 256 bytes.
--------------- Rebuild Succeeded: 05/14/2015 19:13:59 ---------------
