--------------- Clean Started: 02/06/2015 17:03:48 Project: UART_Bootloadable, Configuration: ARM GCC 4.8.4 Debug ---------------
Deleting file ".\CortexM0\ARM_GCC_484\Debug\main.o"
Deleting file ".\CortexM0\ARM_GCC_484\Debug\display.o"
Deleting file ".\CortexM0\ARM_GCC_484\Debug\flash_wr_rd.o"
Deleting file ".\CortexM0\ARM_GCC_484\Debug\fun.o"
Deleting file ".\CortexM0\ARM_GCC_484\Debug\module.o"
Deleting file ".\CortexM0\ARM_GCC_484\Debug\uart_wifi.o"
Deleting file ".\CortexM0\ARM_GCC_484\Debug\cyfitter_cfg.o"
Deleting file ".\CortexM0\ARM_GCC_484\Debug\cybootloader.o"
Deleting file ".\CortexM0\ARM_GCC_484\Debug\cymetadata.o"
Deleting file ".\CortexM0\ARM_GCC_484\Debug\Bootloadable.o"
Deleting file ".\CortexM0\ARM_GCC_484\Debug\Cm0Start.o"
Deleting file ".\CortexM0\ARM_GCC_484\Debug\CyBootAsmGnu.o"
Deleting file ".\CortexM0\ARM_GCC_484\Debug\CyFlash.o"
Deleting file ".\CortexM0\ARM_GCC_484\Debug\CyLib.o"
Deleting file ".\CortexM0\ARM_GCC_484\Debug\cyPm.o"
Deleting file ".\CortexM0\ARM_GCC_484\Debug\cyutils.o"
Deleting file ".\CortexM0\ARM_GCC_484\Debug\TestPort.o"
Deleting file ".\CortexM0\ARM_GCC_484\Debug\CC_ISR.o"
Deleting file ".\CortexM0\ARM_GCC_484\Debug\timer_clk.o"
Deleting file ".\CortexM0\ARM_GCC_484\Debug\CapSense.o"
Deleting file ".\CortexM0\ARM_GCC_484\Debug\CapSense_PM.o"
Deleting file ".\CortexM0\ARM_GCC_484\Debug\CapSense_CSHL.o"
Deleting file ".\CortexM0\ARM_GCC_484\Debug\CapSense_INT.o"
Deleting file ".\CortexM0\ARM_GCC_484\Debug\CapSense_TunerHelper.o"
Deleting file ".\CortexM0\ARM_GCC_484\Debug\V24V.o"
Deleting file ".\CortexM0\ARM_GCC_484\Debug\GYWD.o"
Deleting file ".\CortexM0\ARM_GCC_484\Debug\DYWD.o"
Deleting file ".\CortexM0\ARM_GCC_484\Debug\K1.o"
Deleting file ".\CortexM0\ARM_GCC_484\Debug\K2.o"
Deleting file ".\CortexM0\ARM_GCC_484\Debug\JNTJL.o"
Deleting file ".\CortexM0\ARM_GCC_484\Debug\PWM.o"
Deleting file ".\CortexM0\ARM_GCC_484\Debug\PWM_PM.o"
Deleting file ".\CortexM0\ARM_GCC_484\Debug\PWM_CLK.o"
Deleting file ".\CortexM0\ARM_GCC_484\Debug\FMQ.o"
Deleting file ".\CortexM0\ARM_GCC_484\Debug\JS.o"
Deleting file ".\CortexM0\ARM_GCC_484\Debug\CX.o"
Deleting file ".\CortexM0\ARM_GCC_484\Debug\V24_IN_ISR.o"
Deleting file ".\CortexM0\ARM_GCC_484\Debug\Timer.o"
Deleting file ".\CortexM0\ARM_GCC_484\Debug\Timer_PM.o"
Deleting file ".\CortexM0\ARM_GCC_484\Debug\isr_lowpower_1.o"
Deleting file ".\CortexM0\ARM_GCC_484\Debug\UART_1.o"
Deleting file ".\CortexM0\ARM_GCC_484\Debug\UART_1_SPI_UART.o"
Deleting file ".\CortexM0\ARM_GCC_484\Debug\UART_1_SPI_UART_INT.o"
Deleting file ".\CortexM0\ARM_GCC_484\Debug\UART_1_PM.o"
Deleting file ".\CortexM0\ARM_GCC_484\Debug\UART_1_UART.o"
Deleting file ".\CortexM0\ARM_GCC_484\Debug\UART_1_BOOT.o"
Deleting file ".\CortexM0\ARM_GCC_484\Debug\UART_1_UART_BOOT.o"
Deleting file ".\CortexM0\ARM_GCC_484\Debug\UART_0.o"
Deleting file ".\CortexM0\ARM_GCC_484\Debug\UART_0_SPI_UART.o"
Deleting file ".\CortexM0\ARM_GCC_484\Debug\UART_0_SPI_UART_INT.o"
Deleting file ".\CortexM0\ARM_GCC_484\Debug\UART_0_PM.o"
Deleting file ".\CortexM0\ARM_GCC_484\Debug\UART_0_UART.o"
Deleting file ".\CortexM0\ARM_GCC_484\Debug\UART_0_BOOT.o"
Deleting file ".\CortexM0\ARM_GCC_484\Debug\UART_0_UART_BOOT.o"
Deleting file ".\CortexM0\ARM_GCC_484\Debug\CapSense_SampleClk.o"
Deleting file ".\CortexM0\ARM_GCC_484\Debug\CapSense_SenseClk.o"
Deleting file ".\CortexM0\ARM_GCC_484\Debug\UART_1_tx.o"
Deleting file ".\CortexM0\ARM_GCC_484\Debug\UART_1_rx.o"
Deleting file ".\CortexM0\ARM_GCC_484\Debug\UART_0_tx.o"
Deleting file ".\CortexM0\ARM_GCC_484\Debug\UART_0_rx.o"
Deleting file ".\CortexM0\ARM_GCC_484\Debug\HCLK.o"
Deleting file ".\CortexM0\ARM_GCC_484\Debug\HSDA.o"
Deleting file ".\CortexM0\ARM_GCC_484\Debug\COMN.o"
Deleting file ".\CortexM0\ARM_GCC_484\Debug\WIFIPOWER.o"
Deleting file ".\CortexM0\ARM_GCC_484\Debug\TDSPOWER.o"
Deleting file ".\CortexM0\ARM_GCC_484\Debug\EEPROM.o"
Deleting file ".\CortexM0\ARM_GCC_484\Debug\UART_1_SCBCLK.o"
Deleting file ".\CortexM0\ARM_GCC_484\Debug\UART_1_SCB_IRQ.o"
Deleting file ".\CortexM0\ARM_GCC_484\Debug\UART_0_SCBCLK.o"
Deleting file ".\CortexM0\ARM_GCC_484\Debug\UART_0_SCB_IRQ.o"
Deleting file ".\CortexM0\ARM_GCC_484\Debug\UART_Bootloadable.hex"
Deleting file ".\CortexM0\ARM_GCC_484\Debug\UART_Bootloadable.elf"
Deleting file ".\CortexM0\ARM_GCC_484\Debug\UART_Bootloadable.map"
Deleting file ".\CortexM0\ARM_GCC_484\Debug\UART_Bootloadable.cyacd"
Deleting file ".\UART_Bootloadable.cycdx"
Deleting file ".\UART_Bootloadable.svd"
Deleting file ".\UART_Bootloadable.rpt"
Deleting file ".\UART_Bootloadable_timing.html"
Deleting file ".\CortexM0\ARM_GCC_484\Debug\.deps\C_FILE.P"
Deleting file ".\CortexM0\ARM_GCC_484\Debug\.deps\ARM_C_FILE.P"
Deleting file ".\CortexM0\ARM_GCC_484\Debug\.deps\GNU_ARM_ASM_FILE.P"
--------------- Clean Succeeded: 02/06/2015 17:03:50 ---------------
