ARM GAS  C:\Users\ZHANGM~1\AppData\Local\Temp\ccsRTUYS.s 			page 1


   1              		.cpu cortex-m0
   2              		.fpu softvfp
   3              		.eabi_attribute 20, 1
   4              		.eabi_attribute 21, 1
   5              		.eabi_attribute 23, 3
   6              		.eabi_attribute 24, 1
   7              		.eabi_attribute 25, 1
   8              		.eabi_attribute 26, 1
   9              		.eabi_attribute 30, 4
  10              		.eabi_attribute 34, 0
  11              		.eabi_attribute 18, 4
  12              		.code	16
  13              		.file	"main.c"
  14              		.text
  15              	.Ltext0:
  16              		.cfi_sections	.debug_frame
  17              		.section	.text.startup.main,"ax",%progbits
  18              		.align	1
  19              		.global	main
  20              		.code	16
  21              		.thumb_func
  22              		.type	main, %function
  23              	main:
  24              	.LFB33:
  25              		.file 1 ".\\main.c"
   1:.\main.c      **** /* ========================================
   2:.\main.c      ****  *
   3:.\main.c      ****  * Copyright YOUR COMPANY, THE YEAR
   4:.\main.c      ****  * All Rights Reserved
   5:.\main.c      ****  * UNPUBLISHED, LICENSED SOFTWARE.
   6:.\main.c      ****  *
   7:.\main.c      ****  * CONFIDENTIAL AND PROPRIETARY INFORMATION
   8:.\main.c      ****  * WHICH IS THE PROPERTY OF your company.
   9:.\main.c      ****  *
  10:.\main.c      ****  * ========================================
  11:.\main.c      **** */
  12:.\main.c      **** #include <project.h>
  13:.\main.c      **** extern void LoadUARTData(uint8 UartData);
  14:.\main.c      **** 
  15:.\main.c      **** 
  16:.\main.c      **** 
  17:.\main.c      **** void main()
  18:.\main.c      **** {
  26              		.loc 1 18 0
  27              		.cfi_startproc
  28 0000 08B5     		push	{r3, lr}
  29              		.cfi_def_cfa_offset 8
  30              		.cfi_offset 3, -8
  31              		.cfi_offset 14, -4
  19:.\main.c      ****     //CyDelay(100);
  20:.\main.c      ****     /* Place your initialization/startup code here (e.g. MyInst_Start()) */
  21:.\main.c      ****     CyBtldr_Start();
  32              		.loc 1 21 0
  33 0002 FFF7FEFF 		bl	Bootloader_Start
  34              	.LVL0:
  35              	.L2:
  36 0006 FEE7     		b	.L2
ARM GAS  C:\Users\ZHANGM~1\AppData\Local\Temp\ccsRTUYS.s 			page 2


  37              		.cfi_endproc
  38              	.LFE33:
  39              		.size	main, .-main
  40              		.text
  41              	.Letext0:
  42              		.file 2 ".\\Generated_Source\\PSoC4/Bootloader.h"
  43              		.section	.debug_info,"",%progbits
  44              	.Ldebug_info0:
  45 0000 AA000000 		.4byte	0xaa
  46 0004 0400     		.2byte	0x4
  47 0006 00000000 		.4byte	.Ldebug_abbrev0
  48 000a 04       		.byte	0x4
  49 000b 01       		.uleb128 0x1
  50 000c E4000000 		.4byte	.LASF13
  51 0010 01       		.byte	0x1
  52 0011 66010000 		.4byte	.LASF14
  53 0015 87000000 		.4byte	.LASF15
  54 0019 00000000 		.4byte	.Ldebug_ranges0+0
  55 001d 00000000 		.4byte	0
  56 0021 00000000 		.4byte	.Ldebug_line0
  57 0025 02       		.uleb128 0x2
  58 0026 01       		.byte	0x1
  59 0027 06       		.byte	0x6
  60 0028 D8000000 		.4byte	.LASF0
  61 002c 02       		.uleb128 0x2
  62 002d 01       		.byte	0x1
  63 002e 08       		.byte	0x8
  64 002f 49000000 		.4byte	.LASF1
  65 0033 02       		.uleb128 0x2
  66 0034 02       		.byte	0x2
  67 0035 05       		.byte	0x5
  68 0036 65000000 		.4byte	.LASF2
  69 003a 02       		.uleb128 0x2
  70 003b 02       		.byte	0x2
  71 003c 07       		.byte	0x7
  72 003d C5000000 		.4byte	.LASF3
  73 0041 02       		.uleb128 0x2
  74 0042 04       		.byte	0x4
  75 0043 05       		.byte	0x5
  76 0044 5C000000 		.4byte	.LASF4
  77 0048 02       		.uleb128 0x2
  78 0049 04       		.byte	0x4
  79 004a 07       		.byte	0x7
  80 004b 20000000 		.4byte	.LASF5
  81 004f 02       		.uleb128 0x2
  82 0050 08       		.byte	0x8
  83 0051 05       		.byte	0x5
  84 0052 00000000 		.4byte	.LASF6
  85 0056 02       		.uleb128 0x2
  86 0057 08       		.byte	0x8
  87 0058 07       		.byte	0x7
  88 0059 32000000 		.4byte	.LASF7
  89 005d 03       		.uleb128 0x3
  90 005e 04       		.byte	0x4
  91 005f 05       		.byte	0x5
  92 0060 696E7400 		.ascii	"int\000"
  93 0064 02       		.uleb128 0x2
ARM GAS  C:\Users\ZHANGM~1\AppData\Local\Temp\ccsRTUYS.s 			page 3


  94 0065 04       		.byte	0x4
  95 0066 07       		.byte	0x7
  96 0067 0E000000 		.4byte	.LASF8
  97 006b 02       		.uleb128 0x2
  98 006c 04       		.byte	0x4
  99 006d 04       		.byte	0x4
 100 006e 60010000 		.4byte	.LASF9
 101 0072 02       		.uleb128 0x2
 102 0073 08       		.byte	0x8
 103 0074 04       		.byte	0x4
 104 0075 80000000 		.4byte	.LASF10
 105 0079 02       		.uleb128 0x2
 106 007a 01       		.byte	0x1
 107 007b 08       		.byte	0x8
 108 007c 57000000 		.4byte	.LASF11
 109 0080 02       		.uleb128 0x2
 110 0081 04       		.byte	0x4
 111 0082 07       		.byte	0x7
 112 0083 6F010000 		.4byte	.LASF12
 113 0087 04       		.uleb128 0x4
 114 0088 1B000000 		.4byte	.LASF16
 115 008c 01       		.byte	0x1
 116 008d 11       		.byte	0x11
 117 008e 00000000 		.4byte	.LFB33
 118 0092 08000000 		.4byte	.LFE33-.LFB33
 119 0096 01       		.uleb128 0x1
 120 0097 9C       		.byte	0x9c
 121 0098 A6000000 		.4byte	0xa6
 122 009c 05       		.uleb128 0x5
 123 009d 06000000 		.4byte	.LVL0
 124 00a1 A6000000 		.4byte	0xa6
 125 00a5 00       		.byte	0
 126 00a6 06       		.uleb128 0x6
 127 00a7 6F000000 		.4byte	.LASF17
 128 00ab 02       		.byte	0x2
 129 00ac 8D       		.byte	0x8d
 130 00ad 00       		.byte	0
 131              		.section	.debug_abbrev,"",%progbits
 132              	.Ldebug_abbrev0:
 133 0000 01       		.uleb128 0x1
 134 0001 11       		.uleb128 0x11
 135 0002 01       		.byte	0x1
 136 0003 25       		.uleb128 0x25
 137 0004 0E       		.uleb128 0xe
 138 0005 13       		.uleb128 0x13
 139 0006 0B       		.uleb128 0xb
 140 0007 03       		.uleb128 0x3
 141 0008 0E       		.uleb128 0xe
 142 0009 1B       		.uleb128 0x1b
 143 000a 0E       		.uleb128 0xe
 144 000b 55       		.uleb128 0x55
 145 000c 17       		.uleb128 0x17
 146 000d 11       		.uleb128 0x11
 147 000e 01       		.uleb128 0x1
 148 000f 10       		.uleb128 0x10
 149 0010 17       		.uleb128 0x17
 150 0011 00       		.byte	0
ARM GAS  C:\Users\ZHANGM~1\AppData\Local\Temp\ccsRTUYS.s 			page 4


 151 0012 00       		.byte	0
 152 0013 02       		.uleb128 0x2
 153 0014 24       		.uleb128 0x24
 154 0015 00       		.byte	0
 155 0016 0B       		.uleb128 0xb
 156 0017 0B       		.uleb128 0xb
 157 0018 3E       		.uleb128 0x3e
 158 0019 0B       		.uleb128 0xb
 159 001a 03       		.uleb128 0x3
 160 001b 0E       		.uleb128 0xe
 161 001c 00       		.byte	0
 162 001d 00       		.byte	0
 163 001e 03       		.uleb128 0x3
 164 001f 24       		.uleb128 0x24
 165 0020 00       		.byte	0
 166 0021 0B       		.uleb128 0xb
 167 0022 0B       		.uleb128 0xb
 168 0023 3E       		.uleb128 0x3e
 169 0024 0B       		.uleb128 0xb
 170 0025 03       		.uleb128 0x3
 171 0026 08       		.uleb128 0x8
 172 0027 00       		.byte	0
 173 0028 00       		.byte	0
 174 0029 04       		.uleb128 0x4
 175 002a 2E       		.uleb128 0x2e
 176 002b 01       		.byte	0x1
 177 002c 3F       		.uleb128 0x3f
 178 002d 19       		.uleb128 0x19
 179 002e 03       		.uleb128 0x3
 180 002f 0E       		.uleb128 0xe
 181 0030 3A       		.uleb128 0x3a
 182 0031 0B       		.uleb128 0xb
 183 0032 3B       		.uleb128 0x3b
 184 0033 0B       		.uleb128 0xb
 185 0034 11       		.uleb128 0x11
 186 0035 01       		.uleb128 0x1
 187 0036 12       		.uleb128 0x12
 188 0037 06       		.uleb128 0x6
 189 0038 40       		.uleb128 0x40
 190 0039 18       		.uleb128 0x18
 191 003a 9742     		.uleb128 0x2117
 192 003c 19       		.uleb128 0x19
 193 003d 01       		.uleb128 0x1
 194 003e 13       		.uleb128 0x13
 195 003f 00       		.byte	0
 196 0040 00       		.byte	0
 197 0041 05       		.uleb128 0x5
 198 0042 898201   		.uleb128 0x4109
 199 0045 00       		.byte	0
 200 0046 11       		.uleb128 0x11
 201 0047 01       		.uleb128 0x1
 202 0048 31       		.uleb128 0x31
 203 0049 13       		.uleb128 0x13
 204 004a 00       		.byte	0
 205 004b 00       		.byte	0
 206 004c 06       		.uleb128 0x6
 207 004d 2E       		.uleb128 0x2e
ARM GAS  C:\Users\ZHANGM~1\AppData\Local\Temp\ccsRTUYS.s 			page 5


 208 004e 00       		.byte	0
 209 004f 3F       		.uleb128 0x3f
 210 0050 19       		.uleb128 0x19
 211 0051 03       		.uleb128 0x3
 212 0052 0E       		.uleb128 0xe
 213 0053 3A       		.uleb128 0x3a
 214 0054 0B       		.uleb128 0xb
 215 0055 3B       		.uleb128 0x3b
 216 0056 0B       		.uleb128 0xb
 217 0057 27       		.uleb128 0x27
 218 0058 19       		.uleb128 0x19
 219 0059 3C       		.uleb128 0x3c
 220 005a 19       		.uleb128 0x19
 221 005b 00       		.byte	0
 222 005c 00       		.byte	0
 223 005d 00       		.byte	0
 224              		.section	.debug_aranges,"",%progbits
 225 0000 1C000000 		.4byte	0x1c
 226 0004 0200     		.2byte	0x2
 227 0006 00000000 		.4byte	.Ldebug_info0
 228 000a 04       		.byte	0x4
 229 000b 00       		.byte	0
 230 000c 0000     		.2byte	0
 231 000e 0000     		.2byte	0
 232 0010 00000000 		.4byte	.LFB33
 233 0014 08000000 		.4byte	.LFE33-.LFB33
 234 0018 00000000 		.4byte	0
 235 001c 00000000 		.4byte	0
 236              		.section	.debug_ranges,"",%progbits
 237              	.Ldebug_ranges0:
 238 0000 00000000 		.4byte	.LFB33
 239 0004 08000000 		.4byte	.LFE33
 240 0008 00000000 		.4byte	0
 241 000c 00000000 		.4byte	0
 242              		.section	.debug_line,"",%progbits
 243              	.Ldebug_line0:
 244 0000 5E000000 		.section	.debug_str,"MS",%progbits,1
 244      02004800 
 244      00000201 
 244      FB0E0D00 
 244      01010101 
 245              	.LASF6:
 246 0000 6C6F6E67 		.ascii	"long long int\000"
 246      206C6F6E 
 246      6720696E 
 246      7400
 247              	.LASF8:
 248 000e 756E7369 		.ascii	"unsigned int\000"
 248      676E6564 
 248      20696E74 
 248      00
 249              	.LASF16:
 250 001b 6D61696E 		.ascii	"main\000"
 250      00
 251              	.LASF5:
 252 0020 6C6F6E67 		.ascii	"long unsigned int\000"
 252      20756E73 
ARM GAS  C:\Users\ZHANGM~1\AppData\Local\Temp\ccsRTUYS.s 			page 6


 252      69676E65 
 252      6420696E 
 252      7400
 253              	.LASF7:
 254 0032 6C6F6E67 		.ascii	"long long unsigned int\000"
 254      206C6F6E 
 254      6720756E 
 254      7369676E 
 254      65642069 
 255              	.LASF1:
 256 0049 756E7369 		.ascii	"unsigned char\000"
 256      676E6564 
 256      20636861 
 256      7200
 257              	.LASF11:
 258 0057 63686172 		.ascii	"char\000"
 258      00
 259              	.LASF4:
 260 005c 6C6F6E67 		.ascii	"long int\000"
 260      20696E74 
 260      00
 261              	.LASF2:
 262 0065 73686F72 		.ascii	"short int\000"
 262      7420696E 
 262      7400
 263              	.LASF17:
 264 006f 426F6F74 		.ascii	"Bootloader_Start\000"
 264      6C6F6164 
 264      65725F53 
 264      74617274 
 264      00
 265              	.LASF10:
 266 0080 646F7562 		.ascii	"double\000"
 266      6C6500
 267              	.LASF15:
 268 0087 453A5C63 		.ascii	"E:\\code\\newboardwifi\\newboard_0514_boot\\UART_Bo"
 268      6F64655C 
 268      6E657762 
 268      6F617264 
 268      77696669 
 269 00b6 6F746C6F 		.ascii	"otloader.cydsn\000"
 269      61646572 
 269      2E637964 
 269      736E00
 270              	.LASF3:
 271 00c5 73686F72 		.ascii	"short unsigned int\000"
 271      7420756E 
 271      7369676E 
 271      65642069 
 271      6E7400
 272              	.LASF0:
 273 00d8 7369676E 		.ascii	"signed char\000"
 273      65642063 
 273      68617200 
 274              	.LASF13:
 275 00e4 474E5520 		.ascii	"GNU C 4.8.4 20140526 (release) [ARM/embedded-4_8-br"
 275      4320342E 
ARM GAS  C:\Users\ZHANGM~1\AppData\Local\Temp\ccsRTUYS.s 			page 7


 275      382E3420 
 275      32303134 
 275      30353236 
 276 0117 616E6368 		.ascii	"anch revision 211358] -mcpu=cortex-m0 -mthumb -g -O"
 276      20726576 
 276      6973696F 
 276      6E203231 
 276      31333538 
 277 014a 73202D66 		.ascii	"s -ffunction-sections\000"
 277      66756E63 
 277      74696F6E 
 277      2D736563 
 277      74696F6E 
 278              	.LASF9:
 279 0160 666C6F61 		.ascii	"float\000"
 279      7400
 280              	.LASF14:
 281 0166 2E5C6D61 		.ascii	".\\main.c\000"
 281      696E2E63 
 281      00
 282              	.LASF12:
 283 016f 73697A65 		.ascii	"sizetype\000"
 283      74797065 
 283      00
 284              		.ident	"GCC: (GNU Tools for ARM Embedded Processors) 4.8.4 20140526 (release) [ARM/embedded-4_8-br
