--------------- Clean Started: 05/14/2015 18:33:11 Project: UART_Bootloader, Configuration: ARM GCC 4.8.4 Debug ---------------
Deleting file ".\CortexM0\ARM_GCC_484\Debug\main.o"
Deleting file ".\CortexM0\ARM_GCC_484\Debug\UART_Btldr.o"
Deleting file ".\CortexM0\ARM_GCC_484\Debug\cyfitter_cfg.o"
Deleting file ".\CortexM0\ARM_GCC_484\Debug\cymetadata.o"
Deleting file ".\CortexM0\ARM_GCC_484\Debug\Bootloader.o"
Deleting file ".\CortexM0\ARM_GCC_484\Debug\Cm0Start.o"
Deleting file ".\CortexM0\ARM_GCC_484\Debug\CyBootAsmGnu.o"
Deleting file ".\CortexM0\ARM_GCC_484\Debug\CyFlash.o"
Deleting file ".\CortexM0\ARM_GCC_484\Debug\CyLib.o"
Deleting file ".\CortexM0\ARM_GCC_484\Debug\cyPm.o"
Deleting file ".\CortexM0\ARM_GCC_484\Debug\cyutils.o"
Deleting file ".\CortexM0\ARM_GCC_484\Debug\FMQ.o"
Deleting file ".\CortexM0\ARM_GCC_484\Debug\PWM_CLK.o"
Deleting file ".\CortexM0\ARM_GCC_484\Debug\PWM.o"
Deleting file ".\CortexM0\ARM_GCC_484\Debug\PWM_PM.o"
Deleting file ".\CortexM0\ARM_GCC_484\Debug\UART_0.o"
Deleting file ".\CortexM0\ARM_GCC_484\Debug\UART_0_SPI_UART.o"
Deleting file ".\CortexM0\ARM_GCC_484\Debug\UART_0_SPI_UART_INT.o"
Deleting file ".\CortexM0\ARM_GCC_484\Debug\UART_0_PM.o"
Deleting file ".\CortexM0\ARM_GCC_484\Debug\UART_0_UART.o"
Deleting file ".\CortexM0\ARM_GCC_484\Debug\UART_0_BOOT.o"
Deleting file ".\CortexM0\ARM_GCC_484\Debug\UART_0_UART_BOOT.o"
Deleting file ".\CortexM0\ARM_GCC_484\Debug\UART_0_SCBCLK.o"
Deleting file ".\CortexM0\ARM_GCC_484\Debug\UART_0_tx.o"
Deleting file ".\CortexM0\ARM_GCC_484\Debug\UART_0_SCB_IRQ.o"
Deleting file ".\CortexM0\ARM_GCC_484\Debug\UART_0_rx.o"
Deleting file ".\CortexM0\ARM_GCC_484\Debug\UART_Bootloader.hex"
Deleting file ".\CortexM0\ARM_GCC_484\Debug\UART_Bootloader.elf"
Deleting file ".\CortexM0\ARM_GCC_484\Debug\UART_Bootloader.map"
Deleting file ".\CortexM0\ARM_GCC_484\Debug\.deps\C_FILE.P"
Deleting file ".\CortexM0\ARM_GCC_484\Debug\.deps\ARM_C_FILE.P"
Deleting file ".\CortexM0\ARM_GCC_484\Debug\.deps\GNU_ARM_ASM_FILE.P"
--------------- Clean Succeeded: 05/14/2015 18:33:12 ---------------
