--------------- Rebuild Started: 05/14/2015 19:31:39 Project: UART_Bootloader, Configuration: ARM GCC 4.8.4 Debug ---------------
Deleting file ".\CortexM0\ARM_GCC_484\Debug\main.o"
Deleting file ".\CortexM0\ARM_GCC_484\Debug\UART_Btldr.o"
Deleting file ".\CortexM0\ARM_GCC_484\Debug\cyfitter_cfg.o"
Deleting file ".\CortexM0\ARM_GCC_484\Debug\cymetadata.o"
Deleting file ".\CortexM0\ARM_GCC_484\Debug\Bootloader.o"
Deleting file ".\CortexM0\ARM_GCC_484\Debug\Cm0Start.o"
Deleting file ".\CortexM0\ARM_GCC_484\Debug\CyBootAsmGnu.o"
Deleting file ".\CortexM0\ARM_GCC_484\Debug\CyFlash.o"
Deleting file ".\CortexM0\ARM_GCC_484\Debug\CyLib.o"
Deleting file ".\CortexM0\ARM_GCC_484\Debug\cyPm.o"
Deleting file ".\CortexM0\ARM_GCC_484\Debug\cyutils.o"
Deleting file ".\CortexM0\ARM_GCC_484\Debug\FMQ.o"
Deleting file ".\CortexM0\ARM_GCC_484\Debug\PWM_CLK.o"
Deleting file ".\CortexM0\ARM_GCC_484\Debug\PWM.o"
Deleting file ".\CortexM0\ARM_GCC_484\Debug\PWM_PM.o"
Deleting file ".\CortexM0\ARM_GCC_484\Debug\UART_0.o"
Deleting file ".\CortexM0\ARM_GCC_484\Debug\UART_0_SPI_UART.o"
Deleting file ".\CortexM0\ARM_GCC_484\Debug\UART_0_SPI_UART_INT.o"
Deleting file ".\CortexM0\ARM_GCC_484\Debug\UART_0_PM.o"
Deleting file ".\CortexM0\ARM_GCC_484\Debug\UART_0_UART.o"
Deleting file ".\CortexM0\ARM_GCC_484\Debug\UART_0_BOOT.o"
Deleting file ".\CortexM0\ARM_GCC_484\Debug\UART_0_UART_BOOT.o"
Deleting file ".\CortexM0\ARM_GCC_484\Debug\UART_0_SCBCLK.o"
Deleting file ".\CortexM0\ARM_GCC_484\Debug\UART_0_tx.o"
Deleting file ".\CortexM0\ARM_GCC_484\Debug\UART_0_SCB_IRQ.o"
Deleting file ".\CortexM0\ARM_GCC_484\Debug\UART_0_rx.o"
Deleting file ".\CortexM0\ARM_GCC_484\Debug\UART_Bootloader.hex"
Deleting file ".\CortexM0\ARM_GCC_484\Debug\UART_Bootloader.elf"
Deleting file ".\CortexM0\ARM_GCC_484\Debug\UART_Bootloader.map"
Deleting file ".\CortexM0\ARM_GCC_484\Debug\.deps\C_FILE.P"
Deleting file ".\CortexM0\ARM_GCC_484\Debug\.deps\ARM_C_FILE.P"
Deleting file ".\CortexM0\ARM_GCC_484\Debug\.deps\GNU_ARM_ASM_FILE.P"
arm-none-eabi-gcc.exe -mcpu=cortex-m0 -mthumb -Wno-main -I. -I.\Generated_Source\PSoC4 -Wa,-alh=.\CortexM0\ARM_GCC_484\Debug/main.lst -g -D DEBUG -Wall -ffunction-sections -Os -c .\main.c -o .\CortexM0\ARM_GCC_484\Debug\main.o
arm-none-eabi-gcc.exe -mcpu=cortex-m0 -mthumb -Wno-main -I. -I.\Generated_Source\PSoC4 -Wa,-alh=.\CortexM0\ARM_GCC_484\Debug/UART_Btldr.lst -g -D DEBUG -Wall -ffunction-sections -Os -c .\UART_Btldr.c -o .\CortexM0\ARM_GCC_484\Debug\UART_Btldr.o
arm-none-eabi-gcc.exe -mcpu=cortex-m0 -mthumb -Wno-main -I. -I.\Generated_Source\PSoC4 -Wa,-alh=.\CortexM0\ARM_GCC_484\Debug/cyfitter_cfg.lst -g -D DEBUG -Wall -ffunction-sections -Os -c .\Generated_Source\PSoC4\cyfitter_cfg.c -o .\CortexM0\ARM_GCC_484\Debug\cyfitter_cfg.o
arm-none-eabi-gcc.exe -mcpu=cortex-m0 -mthumb -Wno-main -I. -I.\Generated_Source\PSoC4 -Wa,-alh=.\CortexM0\ARM_GCC_484\Debug/cymetadata.lst -g -D DEBUG -Wall -ffunction-sections -Os -c .\Generated_Source\PSoC4\cymetadata.c -o .\CortexM0\ARM_GCC_484\Debug\cymetadata.o
arm-none-eabi-gcc.exe -mcpu=cortex-m0 -mthumb -Wno-main -I. -I.\Generated_Source\PSoC4 -Wa,-alh=.\CortexM0\ARM_GCC_484\Debug/Bootloader.lst -g -D DEBUG -Wall -ffunction-sections -Os -c .\Generated_Source\PSoC4\Bootloader.c -o .\CortexM0\ARM_GCC_484\Debug\Bootloader.o
.\Generated_Source\PSoC4\Bootloader.c: In function 'Bootloader_HostLink':
.\Generated_Source\PSoC4\Bootloader.c:818:18: warning: unused variable 'readStat' [-Wunused-variable]
     CYBIT F_send,readStat;  ;
                  ^
.\Generated_Source\PSoC4\Bootloader.c:815:15: warning: unused variable 'timeOut' [-Wunused-variable]
     uint8     timeOut=20,iicount,itotalcount;
               ^
.\Generated_Source\PSoC4\Bootloader.c:814:16: warning: unused variable 'numberRead' [-Wunused-variable]
     uint16 row,numberRead;
                ^
.\Generated_Source\PSoC4\Bootloader.c:809:22: warning: variable 'ackCode' set but not used [-Wunused-but-set-variable]
     uint8     CYDATA ackCode;
                      ^
.\Generated_Source\PSoC4\Bootloader.c: At top level:
.\Generated_Source\PSoC4\Bootloader.c:992:1: warning: multi-line comment [-Wcomment]
 //                        ackCode = (CYRET_SUCCESS != CySysFlashWriteRow((uint32) row, dataBuffer)) \
 ^
arm-none-eabi-gcc.exe -mcpu=cortex-m0 -mthumb -Wno-main -I. -I.\Generated_Source\PSoC4 -Wa,-alh=.\CortexM0\ARM_GCC_484\Debug/Cm0Start.lst -g -D DEBUG -Wall -ffunction-sections -Os -c .\Generated_Source\PSoC4\Cm0Start.c -o .\CortexM0\ARM_GCC_484\Debug\Cm0Start.o
arm-none-eabi-as.exe -mcpu=cortex-m0 -mthumb -I. -I.\Generated_Source\PSoC4 -alh=.\CortexM0\ARM_GCC_484\Debug/CyBootAsmGnu.lst -g -o .\CortexM0\ARM_GCC_484\Debug\CyBootAsmGnu.o .\Generated_Source\PSoC4\CyBootAsmGnu.s
arm-none-eabi-gcc.exe -mcpu=cortex-m0 -mthumb -Wno-main -I. -I.\Generated_Source\PSoC4 -Wa,-alh=.\CortexM0\ARM_GCC_484\Debug/CyFlash.lst -g -D DEBUG -Wall -ffunction-sections -Os -c .\Generated_Source\PSoC4\CyFlash.c -o .\CortexM0\ARM_GCC_484\Debug\CyFlash.o
arm-none-eabi-gcc.exe -mcpu=cortex-m0 -mthumb -Wno-main -I. -I.\Generated_Source\PSoC4 -Wa,-alh=.\CortexM0\ARM_GCC_484\Debug/CyLib.lst -g -D DEBUG -Wall -ffunction-sections -Os -c .\Generated_Source\PSoC4\CyLib.c -o .\CortexM0\ARM_GCC_484\Debug\CyLib.o
arm-none-eabi-gcc.exe -mcpu=cortex-m0 -mthumb -Wno-main -I. -I.\Generated_Source\PSoC4 -Wa,-alh=.\CortexM0\ARM_GCC_484\Debug/cyPm.lst -g -D DEBUG -Wall -ffunction-sections -Os -c .\Generated_Source\PSoC4\cyPm.c -o .\CortexM0\ARM_GCC_484\Debug\cyPm.o
arm-none-eabi-gcc.exe -mcpu=cortex-m0 -mthumb -Wno-main -I. -I.\Generated_Source\PSoC4 -Wa,-alh=.\CortexM0\ARM_GCC_484\Debug/cyutils.lst -g -D DEBUG -Wall -ffunction-sections -Os -c .\Generated_Source\PSoC4\cyutils.c -o .\CortexM0\ARM_GCC_484\Debug\cyutils.o
arm-none-eabi-gcc.exe -mcpu=cortex-m0 -mthumb -Wno-main -I. -I.\Generated_Source\PSoC4 -Wa,-alh=.\CortexM0\ARM_GCC_484\Debug/FMQ.lst -g -D DEBUG -Wall -ffunction-sections -Os -c .\Generated_Source\PSoC4\FMQ.c -o .\CortexM0\ARM_GCC_484\Debug\FMQ.o
arm-none-eabi-gcc.exe -mcpu=cortex-m0 -mthumb -Wno-main -I. -I.\Generated_Source\PSoC4 -Wa,-alh=.\CortexM0\ARM_GCC_484\Debug/PWM_CLK.lst -g -D DEBUG -Wall -ffunction-sections -Os -c .\Generated_Source\PSoC4\PWM_CLK.c -o .\CortexM0\ARM_GCC_484\Debug\PWM_CLK.o
arm-none-eabi-gcc.exe -mcpu=cortex-m0 -mthumb -Wno-main -I. -I.\Generated_Source\PSoC4 -Wa,-alh=.\CortexM0\ARM_GCC_484\Debug/PWM.lst -g -D DEBUG -Wall -ffunction-sections -Os -c .\Generated_Source\PSoC4\PWM.c -o .\CortexM0\ARM_GCC_484\Debug\PWM.o
arm-none-eabi-gcc.exe -mcpu=cortex-m0 -mthumb -Wno-main -I. -I.\Generated_Source\PSoC4 -Wa,-alh=.\CortexM0\ARM_GCC_484\Debug/PWM_PM.lst -g -D DEBUG -Wall -ffunction-sections -Os -c .\Generated_Source\PSoC4\PWM_PM.c -o .\CortexM0\ARM_GCC_484\Debug\PWM_PM.o
arm-none-eabi-gcc.exe -mcpu=cortex-m0 -mthumb -Wno-main -I. -I.\Generated_Source\PSoC4 -Wa,-alh=.\CortexM0\ARM_GCC_484\Debug/UART_0.lst -g -D DEBUG -Wall -ffunction-sections -Os -c .\Generated_Source\PSoC4\UART_0.c -o .\CortexM0\ARM_GCC_484\Debug\UART_0.o
arm-none-eabi-gcc.exe -mcpu=cortex-m0 -mthumb -Wno-main -I. -I.\Generated_Source\PSoC4 -Wa,-alh=.\CortexM0\ARM_GCC_484\Debug/UART_0_SPI_UART.lst -g -D DEBUG -Wall -ffunction-sections -Os -c .\Generated_Source\PSoC4\UART_0_SPI_UART.c -o .\CortexM0\ARM_GCC_484\Debug\UART_0_SPI_UART.o
arm-none-eabi-gcc.exe -mcpu=cortex-m0 -mthumb -Wno-main -I. -I.\Generated_Source\PSoC4 -Wa,-alh=.\CortexM0\ARM_GCC_484\Debug/UART_0_SPI_UART_INT.lst -g -D DEBUG -Wall -ffunction-sections -Os -c .\Generated_Source\PSoC4\UART_0_SPI_UART_INT.c -o .\CortexM0\ARM_GCC_484\Debug\UART_0_SPI_UART_INT.o
arm-none-eabi-gcc.exe -mcpu=cortex-m0 -mthumb -Wno-main -I. -I.\Generated_Source\PSoC4 -Wa,-alh=.\CortexM0\ARM_GCC_484\Debug/UART_0_PM.lst -g -D DEBUG -Wall -ffunction-sections -Os -c .\Generated_Source\PSoC4\UART_0_PM.c -o .\CortexM0\ARM_GCC_484\Debug\UART_0_PM.o
arm-none-eabi-gcc.exe -mcpu=cortex-m0 -mthumb -Wno-main -I. -I.\Generated_Source\PSoC4 -Wa,-alh=.\CortexM0\ARM_GCC_484\Debug/UART_0_UART.lst -g -D DEBUG -Wall -ffunction-sections -Os -c .\Generated_Source\PSoC4\UART_0_UART.c -o .\CortexM0\ARM_GCC_484\Debug\UART_0_UART.o
arm-none-eabi-gcc.exe -mcpu=cortex-m0 -mthumb -Wno-main -I. -I.\Generated_Source\PSoC4 -Wa,-alh=.\CortexM0\ARM_GCC_484\Debug/UART_0_BOOT.lst -g -D DEBUG -Wall -ffunction-sections -Os -c .\Generated_Source\PSoC4\UART_0_BOOT.c -o .\CortexM0\ARM_GCC_484\Debug\UART_0_BOOT.o
arm-none-eabi-gcc.exe -mcpu=cortex-m0 -mthumb -Wno-main -I. -I.\Generated_Source\PSoC4 -Wa,-alh=.\CortexM0\ARM_GCC_484\Debug/UART_0_UART_BOOT.lst -g -D DEBUG -Wall -ffunction-sections -Os -c .\Generated_Source\PSoC4\UART_0_UART_BOOT.c -o .\CortexM0\ARM_GCC_484\Debug\UART_0_UART_BOOT.o
arm-none-eabi-gcc.exe -mcpu=cortex-m0 -mthumb -Wno-main -I. -I.\Generated_Source\PSoC4 -Wa,-alh=.\CortexM0\ARM_GCC_484\Debug/UART_0_SCBCLK.lst -g -D DEBUG -Wall -ffunction-sections -Os -c .\Generated_Source\PSoC4\UART_0_SCBCLK.c -o .\CortexM0\ARM_GCC_484\Debug\UART_0_SCBCLK.o
arm-none-eabi-gcc.exe -mcpu=cortex-m0 -mthumb -Wno-main -I. -I.\Generated_Source\PSoC4 -Wa,-alh=.\CortexM0\ARM_GCC_484\Debug/UART_0_tx.lst -g -D DEBUG -Wall -ffunction-sections -Os -c .\Generated_Source\PSoC4\UART_0_tx.c -o .\CortexM0\ARM_GCC_484\Debug\UART_0_tx.o
arm-none-eabi-gcc.exe -mcpu=cortex-m0 -mthumb -Wno-main -I. -I.\Generated_Source\PSoC4 -Wa,-alh=.\CortexM0\ARM_GCC_484\Debug/UART_0_SCB_IRQ.lst -g -D DEBUG -Wall -ffunction-sections -Os -c .\Generated_Source\PSoC4\UART_0_SCB_IRQ.c -o .\CortexM0\ARM_GCC_484\Debug\UART_0_SCB_IRQ.o
arm-none-eabi-gcc.exe -mcpu=cortex-m0 -mthumb -Wno-main -I. -I.\Generated_Source\PSoC4 -Wa,-alh=.\CortexM0\ARM_GCC_484\Debug/UART_0_rx.lst -g -D DEBUG -Wall -ffunction-sections -Os -c .\Generated_Source\PSoC4\UART_0_rx.c -o .\CortexM0\ARM_GCC_484\Debug\UART_0_rx.o
arm-none-eabi-ar.exe -rs .\CortexM0\ARM_GCC_484\Debug\UART_Bootloader.a .\CortexM0\ARM_GCC_484\Debug\cyfitter_cfg.o .\CortexM0\ARM_GCC_484\Debug\Bootloader.o .\CortexM0\ARM_GCC_484\Debug\CyBootAsmGnu.o .\CortexM0\ARM_GCC_484\Debug\CyFlash.o .\CortexM0\ARM_GCC_484\Debug\CyLib.o .\CortexM0\ARM_GCC_484\Debug\cyPm.o .\CortexM0\ARM_GCC_484\Debug\cyutils.o .\CortexM0\ARM_GCC_484\Debug\FMQ.o .\CortexM0\ARM_GCC_484\Debug\PWM_CLK.o .\CortexM0\ARM_GCC_484\Debug\PWM.o .\CortexM0\ARM_GCC_484\Debug\PWM_PM.o .\CortexM0\ARM_GCC_484\Debug\UART_0.o .\CortexM0\ARM_GCC_484\Debug\UART_0_SPI_UART.o .\CortexM0\ARM_GCC_484\Debug\UART_0_SPI_UART_INT.o .\CortexM0\ARM_GCC_484\Debug\UART_0_PM.o .\CortexM0\ARM_GCC_484\Debug\UART_0_UART.o .\CortexM0\ARM_GCC_484\Debug\UART_0_BOOT.o .\CortexM0\ARM_GCC_484\Debug\UART_0_UART_BOOT.o .\CortexM0\ARM_GCC_484\Debug\UART_0_SCBCLK.o .\CortexM0\ARM_GCC_484\Debug\UART_0_tx.o .\CortexM0\ARM_GCC_484\Debug\UART_0_SCB_IRQ.o .\CortexM0\ARM_GCC_484\Debug\UART_0_rx.o
arm-none-eabi-ar.exe: creating .\CortexM0\ARM_GCC_484\Debug\UART_Bootloader.a
arm-none-eabi-gcc.exe -Wl,--start-group -o .\CortexM0\ARM_GCC_484\Debug\UART_Bootloader.elf .\CortexM0\ARM_GCC_484\Debug\main.o .\CortexM0\ARM_GCC_484\Debug\UART_Btldr.o .\CortexM0\ARM_GCC_484\Debug\cymetadata.o .\CortexM0\ARM_GCC_484\Debug\Cm0Start.o .\CortexM0\ARM_GCC_484\Debug\UART_Bootloader.a "C:\Program Files\Cypress\PSoC Creator\3.1\PSoC Creator\psoc\content\cycomponentlibrary\CyComponentLibrary.cylib\CortexM0\ARM_GCC_484\Debug\CyComponentLibrary.a" -mthumb -march=armv6-m -Wl,-Map,.\CortexM0\ARM_GCC_484\Debug/UART_Bootloader.map -T .\Generated_Source\PSoC4\cm0gcc.ld -g -specs=nano.specs "-u _printf_float" "" -Wl,--gc-sections -Wl,--end-group
cyelftool.exe -P E:\code\newboardwifi\newboard_0514_boot\UART_Bootloader.cydsn\CortexM0\ARM_GCC_484\Debug\UART_Bootloader.elf --flash_row_size 128 --flash_size 32768 --size_var_name Bootloader_SizeBytes --checksum_var_name Bootloader_Checksum --ignore 0xC0
cyelftool.exe -S E:\code\newboardwifi\newboard_0514_boot\UART_Bootloader.cydsn\CortexM0\ARM_GCC_484\Debug\UART_Bootloader.elf
Flash used: 4352 of 32768 bytes (13.3%).
SRAM used: 2704 of 4096 bytes (66.0%). Stack: 1024 bytes. Heap: 256 bytes.
--------------- Rebuild Succeeded: 05/14/2015 19:31:55 ---------------
