 Memory Usage: 

	Ram

Section0 used  67 bytes of total 128 ( 52.343750  %) 
Section1 used   5 bytes of total 128 (  3.906250  %) 
Section2 used  10 bytes of total 128 (  7.812500  %) 
Section3 used  24 bytes of total 128 ( 18.750000  %) 
Section4 used   0 bytes of total 128 (  0.000000  %) 
Section5 used   0 bytes of total 128 (  0.000000  %) 
Section6 used   0 bytes of total 128 (  0.000000  %) 
Section7 used   0 bytes of total 128 (  0.000000  %) 
Section8 used 128 bytes of total 128 (100.000000  %) 
Ram      used 234 bytes of total 1152 ( 20.312500  %) 
Detail Message About Ram Spaces: 

Name: SECTION0	Start: 0	Size: 80	#: Used	-: UnUsed

0-F:	----------------

10-1F:	----------------

20-2F:	----------------

30-3F:	----------------

40-4F:	----------------

50-5F:	----------------

60-6F:	----------------

70-7F:	----------------

Name: SECTION1	Start: 80	Size: 80	#: Used	-: UnUsed

80-8F:	----------------

90-9F:	----------------

A0-AF:	----------------

B0-BF:	----------------

C0-CF:	----------------

D0-DF:	----------------

E0-EF:	----------------

F0-FF:	----------------

Name: SECTION2	Start: 100	Size: 80	#: Used	-: UnUsed

100-10F:	----------------

110-11F:	----------------

120-12F:	----------------

130-13F:	----------------

140-14F:	----------------

150-15F:	----------------

160-16F:	----------------

170-17F:	----------------

Name: SECTION3	Start: 180	Size: 80	#: Used	-: UnUsed

180-18F:	----------------

190-19F:	----------------

1A0-1AF:	----------------

1B0-1BF:	----------------

1C0-1CF:	----------------

1D0-1DF:	----------------

1E0-1EF:	----------------

1F0-1FF:	----------------

Name: SECTION4	Start: 200	Size: 80	#: Used	-: UnUsed

200-20F:	----------------

210-21F:	----------------

220-22F:	----------------

230-23F:	----------------

240-24F:	----------------

250-25F:	----------------

260-26F:	----------------

270-27F:	----------------

Name: SECTION5	Start: 280	Size: 80	#: Used	-: UnUsed

280-28F:	----------------

290-29F:	----------------

2A0-2AF:	----------------

2B0-2BF:	----------------

2C0-2CF:	----------------

2D0-2DF:	----------------

2E0-2EF:	----------------

2F0-2FF:	----------------

Name: SECTION6	Start: 300	Size: 80	#: Used	-: UnUsed

300-30F:	----------------

310-31F:	----------------

320-32F:	----------------

330-33F:	----------------

340-34F:	----------------

350-35F:	----------------

360-36F:	----------------

370-37F:	----------------

Name: SECTION7	Start: 380	Size: 80	#: Used	-: UnUsed

380-38F:	----------------

390-39F:	----------------

3A0-3AF:	----------------

3B0-3BF:	----------------

3C0-3CF:	----------------

3D0-3DF:	----------------

3E0-3EF:	----------------

3F0-3FF:	----------------

Name: SECTION8	Start: FF80	Size: 80	#: Used	-: UnUsed

FF80-FF8F:	----------------

FF90-FF9F:	----------------

FFA0-FFAF:	----------------

FFB0-FFBF:	----------------

FFC0-FFCF:	----------------

FFD0-FFDF:	----------------

FFE0-FFEF:	----------------

FFF0-FFFF:	----------------


	Rom

SEGMENT0 used    814 words of total   2048 ( 39.746094  %) 
SEGMENT1 used      0 words of total   2048 (  0.000000  %) 
SEGMENT2 used      0 words of total   2048 (  0.000000  %) 
SEGMENT3 used      0 words of total   2048 (  0.000000  %) 
SEGMENT4 used      0 words of total   2048 (  0.000000  %) 
SEGMENT5 used      0 words of total   2048 (  0.000000  %) 
SEGMENT6 used      0 words of total   2048 (  0.000000  %) 
SEGMENT7 used      0 words of total   2048 (  0.000000  %) 
Rom      used    814 words of total  16384 (  4.968262  %) 
